{"C:\\sviluppo\\~codeRepo\\OSM\\config.js": {"path":"C:\\sviluppo\\~codeRepo\\OSM\\config.js","statementMap":{"0":{"start":{"line":1,"column":0},"end":{"line":1,"column":27}},"1":{"start":{"line":2,"column":20},"end":{"line":2,"column":45}},"2":{"start":{"line":3,"column":15},"end":{"line":3,"column":32}},"3":{"start":{"line":4,"column":19},"end":{"line":4,"column":40}},"4":{"start":{"line":5,"column":13},"end":{"line":5,"column":28}},"5":{"start":{"line":7,"column":17},"end":{"line":7,"column":63}},"6":{"start":{"line":8,"column":15},"end":{"line":8,"column":48}},"7":{"start":{"line":10,"column":16},"end":{"line":10,"column":52}},"8":{"start":{"line":12,"column":13},"end":{"line":21,"column":1}},"9":{"start":{"line":23,"column":0},"end":{"line":29,"column":1}},"10":{"start":{"line":24,"column":2},"end":{"line":24,"column":65}},"11":{"start":{"line":25,"column":2},"end":{"line":25,"column":65}},"12":{"start":{"line":27,"column":2},"end":{"line":27,"column":43}},"13":{"start":{"line":28,"column":2},"end":{"line":28,"column":43}},"14":{"start":{"line":31,"column":11},"end":{"line":41,"column":1}},"15":{"start":{"line":44,"column":0},"end":{"line":52,"column":1}},"16":{"start":{"line":45,"column":2},"end":{"line":45,"column":67}},"17":{"start":{"line":47,"column":22},"end":{"line":47,"column":57}},"18":{"start":{"line":48,"column":15},"end":{"line":48,"column":51}},"19":{"start":{"line":49,"column":2},"end":{"line":51,"column":77}},"20":{"start":{"line":54,"column":25},"end":{"line":54,"column":70}},"21":{"start":{"line":58,"column":25},"end":{"line":58,"column":72}},"22":{"start":{"line":60,"column":20},"end":{"line":66,"column":2}},"23":{"start":{"line":68,"column":18},"end":{"line":68,"column":50}},"24":{"start":{"line":69,"column":22},"end":{"line":69,"column":51}},"25":{"start":{"line":70,"column":27},"end":{"line":70,"column":67}},"26":{"start":{"line":72,"column":23},"end":{"line":72,"column":61}},"27":{"start":{"line":75,"column":18},"end":{"line":78,"column":1}},"28":{"start":{"line":80,"column":28},"end":{"line":80,"column":79}},"29":{"start":{"line":82,"column":18},"end":{"line":96,"column":1}},"30":{"start":{"line":99,"column":15},"end":{"line":107,"column":3}},"31":{"start":{"line":108,"column":16},"end":{"line":108,"column":66}},"32":{"start":{"line":109,"column":2},"end":{"line":109,"column":37}},"33":{"start":{"line":113,"column":2},"end":{"line":113,"column":59}},"34":{"start":{"line":115,"column":24},"end":{"line":115,"column":71}},"35":{"start":{"line":116,"column":28},"end":{"line":116,"column":78}},"36":{"start":{"line":117,"column":24},"end":{"line":117,"column":68}},"37":{"start":{"line":119,"column":19},"end":{"line":125,"column":1}},"38":{"start":{"line":129,"column":21},"end":{"line":129,"column":58}},"39":{"start":{"line":133,"column":19},"end":{"line":133,"column":50}},"40":{"start":{"line":135,"column":17},"end":{"line":141,"column":1}},"41":{"start":{"line":146,"column":23},"end":{"line":146,"column":61}},"42":{"start":{"line":147,"column":29},"end":{"line":147,"column":67}},"43":{"start":{"line":148,"column":33},"end":{"line":148,"column":79}},"44":{"start":{"line":150,"column":0},"end":{"line":177,"column":2}}},"fnMap":{"0":{"name":"getDayIndex","decl":{"start":{"line":98,"column":9},"end":{"line":98,"column":20}},"loc":{"start":{"line":98,"column":30},"end":{"line":110,"column":1}},"line":98}},"branchMap":{"0":{"loc":{"start":{"line":7,"column":17},"end":{"line":7,"column":63}},"type":"binary-expr","locations":[{"start":{"line":7,"column":17},"end":{"line":7,"column":41}},{"start":{"line":7,"column":45},"end":{"line":7,"column":63}}],"line":7},"1":{"loc":{"start":{"line":8,"column":15},"end":{"line":8,"column":48}},"type":"binary-expr","locations":[{"start":{"line":8,"column":15},"end":{"line":8,"column":37}},{"start":{"line":8,"column":41},"end":{"line":8,"column":48}}],"line":8},"2":{"loc":{"start":{"line":10,"column":16},"end":{"line":10,"column":52}},"type":"binary-expr","locations":[{"start":{"line":10,"column":16},"end":{"line":10,"column":36}},{"start":{"line":10,"column":40},"end":{"line":10,"column":52}}],"line":10},"3":{"loc":{"start":{"line":17,"column":17},"end":{"line":18,"column":77}},"type":"binary-expr","locations":[{"start":{"line":17,"column":17},"end":{"line":17,"column":43}},{"start":{"line":18,"column":5},"end":{"line":18,"column":76}}],"line":17},"4":{"loc":{"start":{"line":18,"column":5},"end":{"line":18,"column":76}},"type":"cond-expr","locations":[{"start":{"line":18,"column":26},"end":{"line":18,"column":64}},{"start":{"line":18,"column":67},"end":{"line":18,"column":76}}],"line":18},"5":{"loc":{"start":{"line":19,"column":20},"end":{"line":19,"column":65}},"type":"binary-expr","locations":[{"start":{"line":19,"column":20},"end":{"line":19,"column":60}},{"start":{"line":19,"column":64},"end":{"line":19,"column":65}}],"line":19},"6":{"loc":{"start":{"line":23,"column":0},"end":{"line":29,"column":1}},"type":"if","locations":[{"start":{"line":23,"column":0},"end":{"line":29,"column":1}},{"start":{"line":26,"column":7},"end":{"line":29,"column":1}}],"line":23},"7":{"loc":{"start":{"line":24,"column":18},"end":{"line":24,"column":64}},"type":"binary-expr","locations":[{"start":{"line":24,"column":18},"end":{"line":24,"column":54}},{"start":{"line":24,"column":58},"end":{"line":24,"column":64}}],"line":24},"8":{"loc":{"start":{"line":25,"column":18},"end":{"line":25,"column":64}},"type":"binary-expr","locations":[{"start":{"line":25,"column":18},"end":{"line":25,"column":54}},{"start":{"line":25,"column":58},"end":{"line":25,"column":64}}],"line":25},"9":{"loc":{"start":{"line":32,"column":17},"end":{"line":32,"column":76}},"type":"binary-expr","locations":[{"start":{"line":32,"column":17},"end":{"line":32,"column":46}},{"start":{"line":32,"column":50},"end":{"line":32,"column":76}}],"line":32},"10":{"loc":{"start":{"line":33,"column":13},"end":{"line":33,"column":60}},"type":"binary-expr","locations":[{"start":{"line":33,"column":13},"end":{"line":33,"column":36}},{"start":{"line":33,"column":40},"end":{"line":33,"column":60}}],"line":33},"11":{"loc":{"start":{"line":34,"column":14},"end":{"line":34,"column":53}},"type":"binary-expr","locations":[{"start":{"line":34,"column":14},"end":{"line":34,"column":40}},{"start":{"line":34,"column":44},"end":{"line":34,"column":53}}],"line":34},"12":{"loc":{"start":{"line":38,"column":19},"end":{"line":38,"column":63}},"type":"binary-expr","locations":[{"start":{"line":38,"column":19},"end":{"line":38,"column":51}},{"start":{"line":38,"column":55},"end":{"line":38,"column":63}}],"line":38},"13":{"loc":{"start":{"line":44,"column":0},"end":{"line":52,"column":1}},"type":"if","locations":[{"start":{"line":44,"column":0},"end":{"line":52,"column":1}},{"start":{"line":46,"column":7},"end":{"line":52,"column":1}}],"line":44},"14":{"loc":{"start":{"line":48,"column":15},"end":{"line":48,"column":51}},"type":"binary-expr","locations":[{"start":{"line":48,"column":15},"end":{"line":48,"column":36}},{"start":{"line":48,"column":40},"end":{"line":48,"column":51}}],"line":48},"15":{"loc":{"start":{"line":50,"column":4},"end":{"line":51,"column":76}},"type":"binary-expr","locations":[{"start":{"line":50,"column":4},"end":{"line":50,"column":29}},{"start":{"line":51,"column":4},"end":{"line":51,"column":76}}],"line":50},"16":{"loc":{"start":{"line":54,"column":25},"end":{"line":54,"column":70}},"type":"binary-expr","locations":[{"start":{"line":54,"column":25},"end":{"line":54,"column":64}},{"start":{"line":54,"column":68},"end":{"line":54,"column":70}}],"line":54},"17":{"loc":{"start":{"line":58,"column":25},"end":{"line":58,"column":72}},"type":"binary-expr","locations":[{"start":{"line":58,"column":25},"end":{"line":58,"column":54}},{"start":{"line":58,"column":58},"end":{"line":58,"column":72}}],"line":58},"18":{"loc":{"start":{"line":61,"column":11},"end":{"line":61,"column":46}},"type":"binary-expr","locations":[{"start":{"line":61,"column":11},"end":{"line":61,"column":35}},{"start":{"line":61,"column":39},"end":{"line":61,"column":46}}],"line":61},"19":{"loc":{"start":{"line":68,"column":18},"end":{"line":68,"column":50}},"type":"binary-expr","locations":[{"start":{"line":68,"column":18},"end":{"line":68,"column":40}},{"start":{"line":68,"column":44},"end":{"line":68,"column":50}}],"line":68},"20":{"loc":{"start":{"line":69,"column":22},"end":{"line":69,"column":51}},"type":"binary-expr","locations":[{"start":{"line":69,"column":22},"end":{"line":69,"column":43}},{"start":{"line":69,"column":47},"end":{"line":69,"column":51}}],"line":69},"21":{"loc":{"start":{"line":70,"column":27},"end":{"line":70,"column":67}},"type":"binary-expr","locations":[{"start":{"line":70,"column":27},"end":{"line":70,"column":59}},{"start":{"line":70,"column":63},"end":{"line":70,"column":67}}],"line":70},"22":{"loc":{"start":{"line":76,"column":14},"end":{"line":76,"column":49}},"type":"binary-expr","locations":[{"start":{"line":76,"column":14},"end":{"line":76,"column":41}},{"start":{"line":76,"column":45},"end":{"line":76,"column":49}}],"line":76},"23":{"loc":{"start":{"line":77,"column":16},"end":{"line":77,"column":76}},"type":"binary-expr","locations":[{"start":{"line":77,"column":16},"end":{"line":77,"column":45}},{"start":{"line":77,"column":49},"end":{"line":77,"column":76}}],"line":77},"24":{"loc":{"start":{"line":80,"column":28},"end":{"line":80,"column":79}},"type":"binary-expr","locations":[{"start":{"line":80,"column":28},"end":{"line":80,"column":72}},{"start":{"line":80,"column":76},"end":{"line":80,"column":79}}],"line":80},"25":{"loc":{"start":{"line":83,"column":13},"end":{"line":83,"column":51}},"type":"binary-expr","locations":[{"start":{"line":83,"column":13},"end":{"line":83,"column":40}},{"start":{"line":83,"column":44},"end":{"line":83,"column":51}}],"line":83},"26":{"loc":{"start":{"line":84,"column":13},"end":{"line":84,"column":92}},"type":"binary-expr","locations":[{"start":{"line":84,"column":13},"end":{"line":84,"column":38}},{"start":{"line":84,"column":44},"end":{"line":84,"column":92}}],"line":84},"27":{"loc":{"start":{"line":86,"column":21},"end":{"line":86,"column":62}},"type":"binary-expr","locations":[{"start":{"line":86,"column":21},"end":{"line":86,"column":45}},{"start":{"line":86,"column":60},"end":{"line":86,"column":62}}],"line":86},"28":{"loc":{"start":{"line":87,"column":21},"end":{"line":87,"column":71}},"type":"binary-expr","locations":[{"start":{"line":87,"column":21},"end":{"line":87,"column":45}},{"start":{"line":87,"column":60},"end":{"line":87,"column":71}}],"line":87},"29":{"loc":{"start":{"line":88,"column":21},"end":{"line":88,"column":62}},"type":"binary-expr","locations":[{"start":{"line":88,"column":21},"end":{"line":88,"column":52}},{"start":{"line":88,"column":60},"end":{"line":88,"column":62}}],"line":88},"30":{"loc":{"start":{"line":89,"column":21},"end":{"line":89,"column":62}},"type":"binary-expr","locations":[{"start":{"line":89,"column":21},"end":{"line":89,"column":56}},{"start":{"line":89,"column":60},"end":{"line":89,"column":62}}],"line":89},"31":{"loc":{"start":{"line":90,"column":21},"end":{"line":90,"column":62}},"type":"binary-expr","locations":[{"start":{"line":90,"column":21},"end":{"line":90,"column":47}},{"start":{"line":90,"column":60},"end":{"line":90,"column":62}}],"line":90},"32":{"loc":{"start":{"line":93,"column":17},"end":{"line":93,"column":50}},"type":"binary-expr","locations":[{"start":{"line":93,"column":17},"end":{"line":93,"column":42}},{"start":{"line":93,"column":48},"end":{"line":93,"column":50}}],"line":93},"33":{"loc":{"start":{"line":94,"column":17},"end":{"line":94,"column":50}},"type":"binary-expr","locations":[{"start":{"line":94,"column":17},"end":{"line":94,"column":44}},{"start":{"line":94,"column":48},"end":{"line":94,"column":50}}],"line":94},"34":{"loc":{"start":{"line":108,"column":30},"end":{"line":108,"column":43}},"type":"binary-expr","locations":[{"start":{"line":108,"column":30},"end":{"line":108,"column":37}},{"start":{"line":108,"column":41},"end":{"line":108,"column":43}}],"line":108},"35":{"loc":{"start":{"line":109,"column":9},"end":{"line":109,"column":36}},"type":"cond-expr","locations":[{"start":{"line":109,"column":24},"end":{"line":109,"column":28}},{"start":{"line":109,"column":31},"end":{"line":109,"column":36}}],"line":109},"36":{"loc":{"start":{"line":113,"column":2},"end":{"line":113,"column":59}},"type":"binary-expr","locations":[{"start":{"line":113,"column":2},"end":{"line":113,"column":53}},{"start":{"line":113,"column":57},"end":{"line":113,"column":59}}],"line":113},"37":{"loc":{"start":{"line":115,"column":24},"end":{"line":115,"column":71}},"type":"binary-expr","locations":[{"start":{"line":115,"column":24},"end":{"line":115,"column":65}},{"start":{"line":115,"column":69},"end":{"line":115,"column":71}}],"line":115},"38":{"loc":{"start":{"line":116,"column":28},"end":{"line":116,"column":78}},"type":"binary-expr","locations":[{"start":{"line":116,"column":28},"end":{"line":116,"column":62}},{"start":{"line":116,"column":66},"end":{"line":116,"column":78}}],"line":116},"39":{"loc":{"start":{"line":117,"column":24},"end":{"line":117,"column":68}},"type":"binary-expr","locations":[{"start":{"line":117,"column":24},"end":{"line":117,"column":63}},{"start":{"line":117,"column":67},"end":{"line":117,"column":68}}],"line":117},"40":{"loc":{"start":{"line":120,"column":30},"end":{"line":120,"column":94}},"type":"binary-expr","locations":[{"start":{"line":120,"column":30},"end":{"line":120,"column":79}},{"start":{"line":120,"column":92},"end":{"line":120,"column":94}}],"line":120},"41":{"loc":{"start":{"line":120,"column":102},"end":{"line":120,"column":159}},"type":"binary-expr","locations":[{"start":{"line":120,"column":102},"end":{"line":120,"column":144}},{"start":{"line":120,"column":157},"end":{"line":120,"column":159}}],"line":120},"42":{"loc":{"start":{"line":121,"column":30},"end":{"line":121,"column":93}},"type":"binary-expr","locations":[{"start":{"line":121,"column":30},"end":{"line":121,"column":77}},{"start":{"line":121,"column":92},"end":{"line":121,"column":93}}],"line":121},"43":{"loc":{"start":{"line":121,"column":102},"end":{"line":121,"column":158}},"type":"binary-expr","locations":[{"start":{"line":121,"column":102},"end":{"line":121,"column":142}},{"start":{"line":121,"column":157},"end":{"line":121,"column":158}}],"line":121},"44":{"loc":{"start":{"line":122,"column":30},"end":{"line":122,"column":94}},"type":"binary-expr","locations":[{"start":{"line":122,"column":30},"end":{"line":122,"column":80}},{"start":{"line":122,"column":92},"end":{"line":122,"column":94}}],"line":122},"45":{"loc":{"start":{"line":122,"column":102},"end":{"line":122,"column":158}},"type":"binary-expr","locations":[{"start":{"line":122,"column":102},"end":{"line":122,"column":145}},{"start":{"line":122,"column":157},"end":{"line":122,"column":158}}],"line":122},"46":{"loc":{"start":{"line":123,"column":30},"end":{"line":123,"column":93}},"type":"binary-expr","locations":[{"start":{"line":123,"column":30},"end":{"line":123,"column":77}},{"start":{"line":123,"column":92},"end":{"line":123,"column":93}}],"line":123},"47":{"loc":{"start":{"line":123,"column":102},"end":{"line":123,"column":160}},"type":"binary-expr","locations":[{"start":{"line":123,"column":102},"end":{"line":123,"column":142}},{"start":{"line":123,"column":157},"end":{"line":123,"column":160}}],"line":123},"48":{"loc":{"start":{"line":124,"column":30},"end":{"line":124,"column":93}},"type":"binary-expr","locations":[{"start":{"line":124,"column":30},"end":{"line":124,"column":87}},{"start":{"line":124,"column":92},"end":{"line":124,"column":93}}],"line":124},"49":{"loc":{"start":{"line":124,"column":102},"end":{"line":124,"column":159}},"type":"binary-expr","locations":[{"start":{"line":124,"column":102},"end":{"line":124,"column":152}},{"start":{"line":124,"column":157},"end":{"line":124,"column":159}}],"line":124},"50":{"loc":{"start":{"line":133,"column":19},"end":{"line":133,"column":50}},"type":"binary-expr","locations":[{"start":{"line":133,"column":19},"end":{"line":133,"column":42}},{"start":{"line":133,"column":46},"end":{"line":133,"column":50}}],"line":133},"51":{"loc":{"start":{"line":137,"column":12},"end":{"line":137,"column":47}},"type":"binary-expr","locations":[{"start":{"line":137,"column":12},"end":{"line":137,"column":35}},{"start":{"line":137,"column":39},"end":{"line":137,"column":47}}],"line":137},"52":{"loc":{"start":{"line":138,"column":9},"end":{"line":138,"column":49}},"type":"binary-expr","locations":[{"start":{"line":138,"column":9},"end":{"line":138,"column":29}},{"start":{"line":138,"column":33},"end":{"line":138,"column":49}}],"line":138},"53":{"loc":{"start":{"line":140,"column":13},"end":{"line":140,"column":68}},"type":"binary-expr","locations":[{"start":{"line":140,"column":13},"end":{"line":140,"column":40}},{"start":{"line":140,"column":44},"end":{"line":140,"column":68}}],"line":140},"54":{"loc":{"start":{"line":146,"column":23},"end":{"line":146,"column":61}},"type":"binary-expr","locations":[{"start":{"line":146,"column":23},"end":{"line":146,"column":50}},{"start":{"line":146,"column":54},"end":{"line":146,"column":61}}],"line":146}},"s":{"0":7,"1":7,"2":7,"3":7,"4":7,"5":7,"6":7,"7":7,"8":7,"9":7,"10":0,"11":0,"12":7,"13":7,"14":7,"15":7,"16":0,"17":7,"18":7,"19":7,"20":7,"21":7,"22":7,"23":7,"24":7,"25":7,"26":7,"27":7,"28":7,"29":7,"30":7,"31":7,"32":7,"33":7,"34":7,"35":7,"36":7,"37":7,"38":7,"39":7,"40":7,"41":7,"42":7,"43":7,"44":7},"f":{"0":7},"b":{"0":[7,0],"1":[7,0],"2":[7,7],"3":[7,0],"4":[0,0],"5":[7,0],"6":[0,7],"7":[0,0],"8":[0,0],"9":[7,7],"10":[7,7],"11":[7,0],"12":[7,0],"13":[0,7],"14":[7,0],"15":[7,7],"16":[7,0],"17":[7,7],"18":[7,0],"19":[7,0],"20":[7,0],"21":[7,7],"22":[7,7],"23":[7,7],"24":[7,7],"25":[7,7],"26":[7,7],"27":[7,7],"28":[7,7],"29":[7,7],"30":[7,7],"31":[7,7],"32":[7,7],"33":[7,7],"34":[7,0],"35":[0,7],"36":[7,0],"37":[7,0],"38":[7,0],"39":[7,0],"40":[7,7],"41":[7,7],"42":[7,7],"43":[7,7],"44":[7,7],"45":[7,7],"46":[7,7],"47":[7,7],"48":[7,7],"49":[7,7],"50":[7,7],"51":[7,0],"52":[7,0],"53":[7,0],"54":[7,7]},"_coverageSchema":"1a1c01bbd47fc00a2c39e90264f33305004495a9","hash":"43a4ca9296514e1b8c6781b97e075b18a3a913a1"}
,"C:\\sviluppo\\~codeRepo\\OSM\\server.js": {"path":"C:\\sviluppo\\~codeRepo\\OSM\\server.js","statementMap":{"0":{"start":{"line":1,"column":16},"end":{"line":1,"column":34}},"1":{"start":{"line":2,"column":13},"end":{"line":2,"column":28}},"2":{"start":{"line":3,"column":13},"end":{"line":3,"column":28}},"3":{"start":{"line":4,"column":19},"end":{"line":4,"column":39}},"4":{"start":{"line":5,"column":16},"end":{"line":5,"column":42}},"5":{"start":{"line":6,"column":20},"end":{"line":6,"column":55}},"6":{"start":{"line":7,"column":15},"end":{"line":7,"column":37}},"7":{"start":{"line":8,"column":11},"end":{"line":8,"column":35}},"8":{"start":{"line":9,"column":25},"end":{"line":9,"column":64}},"9":{"start":{"line":10,"column":29},"end":{"line":10,"column":62}},"10":{"start":{"line":11,"column":32},"end":{"line":11,"column":68}},"11":{"start":{"line":12,"column":24},"end":{"line":12,"column":62}},"12":{"start":{"line":13,"column":21},"end":{"line":13,"column":56}},"13":{"start":{"line":14,"column":29},"end":{"line":14,"column":57}},"14":{"start":{"line":15,"column":63},"end":{"line":15,"column":98}},"15":{"start":{"line":16,"column":28},"end":{"line":16,"column":56}},"16":{"start":{"line":17,"column":26},"end":{"line":17,"column":61}},"17":{"start":{"line":18,"column":31},"end":{"line":18,"column":77}},"18":{"start":{"line":19,"column":30},"end":{"line":19,"column":73}},"19":{"start":{"line":20,"column":18},"end":{"line":20,"column":46}},"20":{"start":{"line":21,"column":23},"end":{"line":21,"column":59}},"21":{"start":{"line":22,"column":27},"end":{"line":22,"column":55}},"22":{"start":{"line":23,"column":15},"end":{"line":23,"column":43}},"23":{"start":{"line":24,"column":15},"end":{"line":24,"column":32}},"24":{"start":{"line":25,"column":22},"end":{"line":25,"column":60}},"25":{"start":{"line":27,"column":21},"end":{"line":27,"column":52}},"26":{"start":{"line":28,"column":20},"end":{"line":28,"column":50}},"27":{"start":{"line":29,"column":19},"end":{"line":29,"column":48}},"28":{"start":{"line":30,"column":23},"end":{"line":30,"column":57}},"29":{"start":{"line":31,"column":21},"end":{"line":31,"column":52}},"30":{"start":{"line":32,"column":25},"end":{"line":32,"column":61}},"31":{"start":{"line":33,"column":21},"end":{"line":33,"column":52}},"32":{"start":{"line":34,"column":19},"end":{"line":34,"column":48}},"33":{"start":{"line":35,"column":22},"end":{"line":35,"column":53}},"34":{"start":{"line":36,"column":21},"end":{"line":36,"column":51}},"35":{"start":{"line":37,"column":23},"end":{"line":37,"column":55}},"36":{"start":{"line":38,"column":25},"end":{"line":38,"column":59}},"37":{"start":{"line":39,"column":19},"end":{"line":39,"column":47}},"38":{"start":{"line":40,"column":21},"end":{"line":40,"column":53}},"39":{"start":{"line":41,"column":28},"end":{"line":41,"column":65}},"40":{"start":{"line":42,"column":28},"end":{"line":42,"column":65}},"41":{"start":{"line":43,"column":19},"end":{"line":43,"column":43}},"42":{"start":{"line":44,"column":19},"end":{"line":44,"column":44}},"43":{"start":{"line":46,"column":12},"end":{"line":46,"column":21}},"44":{"start":{"line":47,"column":15},"end":{"line":47,"column":37}},"45":{"start":{"line":49,"column":0},"end":{"line":49,"column":26}},"46":{"start":{"line":55,"column":0},"end":{"line":75,"column":4}},"47":{"start":{"line":77,"column":0},"end":{"line":77,"column":23}},"48":{"start":{"line":80,"column":0},"end":{"line":85,"column":3}},"49":{"start":{"line":81,"column":2},"end":{"line":81,"column":58}},"50":{"start":{"line":82,"column":2},"end":{"line":82,"column":47}},"51":{"start":{"line":83,"column":2},"end":{"line":83,"column":72}},"52":{"start":{"line":84,"column":2},"end":{"line":84,"column":56}},"53":{"start":{"line":88,"column":0},"end":{"line":122,"column":3}},"54":{"start":{"line":89,"column":18},"end":{"line":89,"column":52}},"55":{"start":{"line":90,"column":19},"end":{"line":118,"column":3}},"56":{"start":{"line":119,"column":2},"end":{"line":119,"column":61}},"57":{"start":{"line":120,"column":2},"end":{"line":120,"column":45}},"58":{"start":{"line":121,"column":2},"end":{"line":121,"column":21}},"59":{"start":{"line":124,"column":0},"end":{"line":124,"column":34}},"60":{"start":{"line":126,"column":11},"end":{"line":132,"column":2}},"61":{"start":{"line":135,"column":26},"end":{"line":149,"column":2}},"62":{"start":{"line":151,"column":0},"end":{"line":151,"column":27}},"63":{"start":{"line":152,"column":0},"end":{"line":152,"column":41}},"64":{"start":{"line":153,"column":0},"end":{"line":153,"column":63}},"65":{"start":{"line":156,"column":0},"end":{"line":156,"column":25}},"66":{"start":{"line":157,"column":0},"end":{"line":157,"column":24}},"67":{"start":{"line":158,"column":0},"end":{"line":158,"column":28}},"68":{"start":{"line":161,"column":19},"end":{"line":161,"column":23}},"69":{"start":{"line":162,"column":2},"end":{"line":164,"column":68}},"70":{"start":{"line":162,"column":36},"end":{"line":162,"column":70}},"71":{"start":{"line":163,"column":7},"end":{"line":164,"column":68}},"72":{"start":{"line":164,"column":4},"end":{"line":164,"column":68}},"73":{"start":{"line":166,"column":2},"end":{"line":166,"column":29}},"74":{"start":{"line":168,"column":2},"end":{"line":171,"column":5}},"75":{"start":{"line":174,"column":0},"end":{"line":174,"column":25}},"76":{"start":{"line":175,"column":0},"end":{"line":175,"column":25}},"77":{"start":{"line":177,"column":0},"end":{"line":177,"column":38}},"78":{"start":{"line":178,"column":0},"end":{"line":178,"column":36}},"79":{"start":{"line":179,"column":0},"end":{"line":179,"column":34}},"80":{"start":{"line":180,"column":0},"end":{"line":180,"column":43}},"81":{"start":{"line":181,"column":0},"end":{"line":181,"column":38}},"82":{"start":{"line":182,"column":0},"end":{"line":182,"column":47}},"83":{"start":{"line":183,"column":0},"end":{"line":183,"column":38}},"84":{"start":{"line":184,"column":0},"end":{"line":184,"column":34}},"85":{"start":{"line":185,"column":0},"end":{"line":185,"column":39}},"86":{"start":{"line":186,"column":0},"end":{"line":186,"column":30}},"87":{"start":{"line":187,"column":0},"end":{"line":187,"column":50}},"88":{"start":{"line":188,"column":0},"end":{"line":188,"column":45}},"89":{"start":{"line":189,"column":0},"end":{"line":189,"column":33}},"90":{"start":{"line":190,"column":0},"end":{"line":190,"column":39}},"91":{"start":{"line":191,"column":0},"end":{"line":191,"column":40}},"92":{"start":{"line":192,"column":0},"end":{"line":192,"column":57}},"93":{"start":{"line":196,"column":13},"end":{"line":197,"column":38}},"94":{"start":{"line":196,"column":29},"end":{"line":197,"column":38}},"95":{"start":{"line":197,"column":2},"end":{"line":197,"column":38}},"96":{"start":{"line":198,"column":0},"end":{"line":198,"column":32}},"97":{"start":{"line":199,"column":0},"end":{"line":202,"column":3}},"98":{"start":{"line":200,"column":2},"end":{"line":201,"column":39}},"99":{"start":{"line":200,"column":65},"end":{"line":200,"column":72}},"100":{"start":{"line":201,"column":7},"end":{"line":201,"column":39}},"101":{"start":{"line":204,"column":0},"end":{"line":307,"column":3}},"102":{"start":{"line":205,"column":17},"end":{"line":208,"column":3}},"103":{"start":{"line":206,"column":4},"end":{"line":206,"column":37}},"104":{"start":{"line":207,"column":4},"end":{"line":207,"column":47}},"105":{"start":{"line":209,"column":19},"end":{"line":209,"column":63}},"106":{"start":{"line":210,"column":20},"end":{"line":210,"column":40}},"107":{"start":{"line":212,"column":2},"end":{"line":216,"column":5}},"108":{"start":{"line":213,"column":4},"end":{"line":215,"column":64}},"109":{"start":{"line":214,"column":6},"end":{"line":214,"column":107}},"110":{"start":{"line":215,"column":18},"end":{"line":215,"column":62}},"111":{"start":{"line":218,"column":2},"end":{"line":223,"column":5}},"112":{"start":{"line":219,"column":4},"end":{"line":219,"column":96}},"113":{"start":{"line":219,"column":34},"end":{"line":219,"column":96}},"114":{"start":{"line":220,"column":4},"end":{"line":222,"column":66}},"115":{"start":{"line":221,"column":6},"end":{"line":221,"column":83}},"116":{"start":{"line":222,"column":18},"end":{"line":222,"column":64}},"117":{"start":{"line":225,"column":2},"end":{"line":229,"column":5}},"118":{"start":{"line":226,"column":4},"end":{"line":228,"column":62}},"119":{"start":{"line":227,"column":6},"end":{"line":227,"column":96}},"120":{"start":{"line":227,"column":37},"end":{"line":227,"column":96}},"121":{"start":{"line":228,"column":18},"end":{"line":228,"column":60}},"122":{"start":{"line":231,"column":2},"end":{"line":237,"column":5}},"123":{"start":{"line":232,"column":4},"end":{"line":232,"column":40}},"124":{"start":{"line":232,"column":33},"end":{"line":232,"column":40}},"125":{"start":{"line":233,"column":4},"end":{"line":236,"column":59}},"126":{"start":{"line":234,"column":6},"end":{"line":234,"column":60}},"127":{"start":{"line":234,"column":30},"end":{"line":234,"column":60}},"128":{"start":{"line":235,"column":6},"end":{"line":235,"column":54}},"129":{"start":{"line":235,"column":29},"end":{"line":235,"column":54}},"130":{"start":{"line":236,"column":18},"end":{"line":236,"column":57}},"131":{"start":{"line":239,"column":2},"end":{"line":254,"column":5}},"132":{"start":{"line":240,"column":4},"end":{"line":240,"column":40}},"133":{"start":{"line":240,"column":33},"end":{"line":240,"column":40}},"134":{"start":{"line":241,"column":24},"end":{"line":241,"column":87}},"135":{"start":{"line":242,"column":4},"end":{"line":253,"column":5}},"136":{"start":{"line":243,"column":6},"end":{"line":243,"column":69}},"137":{"start":{"line":244,"column":6},"end":{"line":244,"column":67}},"138":{"start":{"line":245,"column":6},"end":{"line":247,"column":9}},"139":{"start":{"line":248,"column":6},"end":{"line":248,"column":99}},"140":{"start":{"line":250,"column":6},"end":{"line":250,"column":55}},"141":{"start":{"line":251,"column":6},"end":{"line":251,"column":117}},"142":{"start":{"line":252,"column":6},"end":{"line":252,"column":76}},"143":{"start":{"line":256,"column":2},"end":{"line":301,"column":5}},"144":{"start":{"line":257,"column":21},"end":{"line":257,"column":126}},"145":{"start":{"line":258,"column":17},"end":{"line":258,"column":46}},"146":{"start":{"line":259,"column":27},"end":{"line":259,"column":50}},"147":{"start":{"line":260,"column":4},"end":{"line":300,"column":5}},"148":{"start":{"line":261,"column":28},"end":{"line":261,"column":48}},"149":{"start":{"line":263,"column":6},"end":{"line":263,"column":126}},"150":{"start":{"line":265,"column":24},"end":{"line":265,"column":45}},"151":{"start":{"line":266,"column":23},"end":{"line":266,"column":43}},"152":{"start":{"line":267,"column":22},"end":{"line":267,"column":117}},"153":{"start":{"line":268,"column":26},"end":{"line":268,"column":48}},"154":{"start":{"line":269,"column":24},"end":{"line":269,"column":98}},"155":{"start":{"line":270,"column":27},"end":{"line":270,"column":29}},"156":{"start":{"line":272,"column":6},"end":{"line":272,"column":98}},"157":{"start":{"line":272,"column":33},"end":{"line":272,"column":94}},"158":{"start":{"line":274,"column":31},"end":{"line":274,"column":138}},"159":{"start":{"line":276,"column":22},"end":{"line":294,"column":9}},"160":{"start":{"line":276,"column":51},"end":{"line":294,"column":7}},"161":{"start":{"line":285,"column":45},"end":{"line":292,"column":9}},"162":{"start":{"line":296,"column":6},"end":{"line":296,"column":51}},"163":{"start":{"line":298,"column":6},"end":{"line":298,"column":36}},"164":{"start":{"line":299,"column":6},"end":{"line":299,"column":54}},"165":{"start":{"line":303,"column":2},"end":{"line":306,"column":5}},"166":{"start":{"line":304,"column":4},"end":{"line":304,"column":103}},"167":{"start":{"line":304,"column":36},"end":{"line":304,"column":93}},"168":{"start":{"line":304,"column":94},"end":{"line":304,"column":101}},"169":{"start":{"line":305,"column":4},"end":{"line":305,"column":79}},"170":{"start":{"line":310,"column":19},"end":{"line":310,"column":124}},"171":{"start":{"line":311,"column":15},"end":{"line":311,"column":44}},"172":{"start":{"line":312,"column":25},"end":{"line":312,"column":48}},"173":{"start":{"line":313,"column":17},"end":{"line":313,"column":42}},"174":{"start":{"line":314,"column":22},"end":{"line":314,"column":66}},"175":{"start":{"line":316,"column":2},"end":{"line":316,"column":77}},"176":{"start":{"line":318,"column":2},"end":{"line":437,"column":3}},"177":{"start":{"line":319,"column":22},"end":{"line":319,"column":43}},"178":{"start":{"line":320,"column":21},"end":{"line":320,"column":41}},"179":{"start":{"line":321,"column":20},"end":{"line":321,"column":73}},"180":{"start":{"line":322,"column":18},"end":{"line":322,"column":43}},"181":{"start":{"line":323,"column":29},"end":{"line":323,"column":105}},"182":{"start":{"line":323,"column":53},"end":{"line":323,"column":104}},"183":{"start":{"line":323,"column":73},"end":{"line":323,"column":103}},"184":{"start":{"line":324,"column":24},"end":{"line":324,"column":46}},"185":{"start":{"line":325,"column":29},"end":{"line":325,"column":124}},"186":{"start":{"line":327,"column":20},"end":{"line":327,"column":21}},"187":{"start":{"line":329,"column":24},"end":{"line":332,"column":13}},"188":{"start":{"line":330,"column":16},"end":{"line":330,"column":54}},"189":{"start":{"line":330,"column":36},"end":{"line":330,"column":53}},"190":{"start":{"line":331,"column":6},"end":{"line":331,"column":95}},"191":{"start":{"line":334,"column":4},"end":{"line":431,"column":5}},"192":{"start":{"line":335,"column":25},"end":{"line":335,"column":68}},"193":{"start":{"line":335,"column":45},"end":{"line":335,"column":67}},"194":{"start":{"line":336,"column":6},"end":{"line":336,"column":81}},"195":{"start":{"line":336,"column":72},"end":{"line":336,"column":81}},"196":{"start":{"line":337,"column":6},"end":{"line":337,"column":81}},"197":{"start":{"line":337,"column":72},"end":{"line":337,"column":81}},"198":{"start":{"line":339,"column":32},"end":{"line":339,"column":111}},"199":{"start":{"line":343,"column":6},"end":{"line":349,"column":9}},"200":{"start":{"line":343,"column":28},"end":{"line":349,"column":9}},"201":{"start":{"line":351,"column":6},"end":{"line":351,"column":45}},"202":{"start":{"line":353,"column":6},"end":{"line":370,"column":7}},"203":{"start":{"line":354,"column":28},"end":{"line":354,"column":72}},"204":{"start":{"line":354,"column":49},"end":{"line":354,"column":71}},"205":{"start":{"line":355,"column":8},"end":{"line":369,"column":9}},"206":{"start":{"line":356,"column":10},"end":{"line":368,"column":98}},"207":{"start":{"line":357,"column":32},"end":{"line":357,"column":98}},"208":{"start":{"line":358,"column":12},"end":{"line":367,"column":13}},"209":{"start":{"line":359,"column":14},"end":{"line":359,"column":39}},"210":{"start":{"line":360,"column":14},"end":{"line":360,"column":31}},"211":{"start":{"line":361,"column":14},"end":{"line":361,"column":90}},"212":{"start":{"line":363,"column":33},"end":{"line":363,"column":125}},"213":{"start":{"line":364,"column":32},"end":{"line":364,"column":67}},"214":{"start":{"line":365,"column":14},"end":{"line":365,"column":71}},"215":{"start":{"line":366,"column":14},"end":{"line":366,"column":65}},"216":{"start":{"line":368,"column":24},"end":{"line":368,"column":96}},"217":{"start":{"line":372,"column":6},"end":{"line":381,"column":7}},"218":{"start":{"line":373,"column":8},"end":{"line":380,"column":9}},"219":{"start":{"line":374,"column":10},"end":{"line":374,"column":106}},"220":{"start":{"line":375,"column":10},"end":{"line":376,"column":82}},"221":{"start":{"line":375,"column":22},"end":{"line":375,"column":105}},"222":{"start":{"line":376,"column":15},"end":{"line":376,"column":82}},"223":{"start":{"line":378,"column":10},"end":{"line":378,"column":51}},"224":{"start":{"line":379,"column":10},"end":{"line":379,"column":63}},"225":{"start":{"line":383,"column":6},"end":{"line":421,"column":7}},"226":{"start":{"line":384,"column":8},"end":{"line":420,"column":68}},"227":{"start":{"line":385,"column":29},"end":{"line":385,"column":139}},"228":{"start":{"line":387,"column":20},"end":{"line":389,"column":57}},"229":{"start":{"line":390,"column":26},"end":{"line":390,"column":31}},"230":{"start":{"line":392,"column":10},"end":{"line":404,"column":13}},"231":{"start":{"line":393,"column":12},"end":{"line":393,"column":81}},"232":{"start":{"line":393,"column":74},"end":{"line":393,"column":81}},"233":{"start":{"line":394,"column":12},"end":{"line":394,"column":29}},"234":{"start":{"line":395,"column":22},"end":{"line":395,"column":24}},"235":{"start":{"line":397,"column":12},"end":{"line":402,"column":13}},"236":{"start":{"line":398,"column":14},"end":{"line":398,"column":74}},"237":{"start":{"line":400,"column":26},"end":{"line":400,"column":112}},"238":{"start":{"line":401,"column":14},"end":{"line":401,"column":166}},"239":{"start":{"line":403,"column":12},"end":{"line":403,"column":30}},"240":{"start":{"line":406,"column":10},"end":{"line":419,"column":11}},"241":{"start":{"line":407,"column":12},"end":{"line":411,"column":13}},"242":{"start":{"line":407,"column":24},"end":{"line":407,"column":84}},"243":{"start":{"line":409,"column":14},"end":{"line":409,"column":68}},"244":{"start":{"line":410,"column":14},"end":{"line":410,"column":62}},"245":{"start":{"line":412,"column":12},"end":{"line":418,"column":15}},"246":{"start":{"line":416,"column":55},"end":{"line":416,"column":62}},"247":{"start":{"line":420,"column":22},"end":{"line":420,"column":66}},"248":{"start":{"line":422,"column":6},"end":{"line":422,"column":18}},"249":{"start":{"line":424,"column":6},"end":{"line":430,"column":9}},"250":{"start":{"line":424,"column":28},"end":{"line":430,"column":9}},"251":{"start":{"line":432,"column":4},"end":{"line":432,"column":60}},"252":{"start":{"line":433,"column":4},"end":{"line":433,"column":38}},"253":{"start":{"line":435,"column":4},"end":{"line":435,"column":43}},"254":{"start":{"line":436,"column":4},"end":{"line":436,"column":38}},"255":{"start":{"line":441,"column":19},"end":{"line":441,"column":58}},"256":{"start":{"line":442,"column":14},"end":{"line":442,"column":16}},"257":{"start":{"line":443,"column":2},"end":{"line":446,"column":5}},"258":{"start":{"line":444,"column":4},"end":{"line":444,"column":51}},"259":{"start":{"line":444,"column":28},"end":{"line":444,"column":51}},"260":{"start":{"line":445,"column":4},"end":{"line":445,"column":35}},"261":{"start":{"line":447,"column":2},"end":{"line":447,"column":13}},"262":{"start":{"line":451,"column":2},"end":{"line":451,"column":74}},"263":{"start":{"line":452,"column":2},"end":{"line":452,"column":17}},"264":{"start":{"line":453,"column":2},"end":{"line":453,"column":13}},"265":{"start":{"line":454,"column":2},"end":{"line":460,"column":3}},"266":{"start":{"line":455,"column":4},"end":{"line":459,"column":5}},"267":{"start":{"line":456,"column":6},"end":{"line":456,"column":37}},"268":{"start":{"line":458,"column":6},"end":{"line":458,"column":71}},"269":{"start":{"line":461,"column":2},"end":{"line":465,"column":3}},"270":{"start":{"line":462,"column":4},"end":{"line":462,"column":23}},"271":{"start":{"line":464,"column":4},"end":{"line":464,"column":62}},"272":{"start":{"line":466,"column":2},"end":{"line":466,"column":18}},"273":{"start":{"line":469,"column":0},"end":{"line":507,"column":1}},"274":{"start":{"line":470,"column":2},"end":{"line":473,"column":5}},"275":{"start":{"line":471,"column":4},"end":{"line":471,"column":90}},"276":{"start":{"line":472,"column":4},"end":{"line":472,"column":20}},"277":{"start":{"line":475,"column":2},"end":{"line":478,"column":5}},"278":{"start":{"line":476,"column":4},"end":{"line":476,"column":85}},"279":{"start":{"line":477,"column":4},"end":{"line":477,"column":20}},"280":{"start":{"line":480,"column":2},"end":{"line":506,"column":7}},"281":{"start":{"line":481,"column":4},"end":{"line":505,"column":5}},"282":{"start":{"line":482,"column":6},"end":{"line":482,"column":28}},"283":{"start":{"line":483,"column":6},"end":{"line":483,"column":24}},"284":{"start":{"line":485,"column":6},"end":{"line":485,"column":44}},"285":{"start":{"line":486,"column":6},"end":{"line":488,"column":7}},"286":{"start":{"line":487,"column":8},"end":{"line":487,"column":38}},"287":{"start":{"line":490,"column":6},"end":{"line":490,"column":42}},"288":{"start":{"line":491,"column":6},"end":{"line":491,"column":39}},"289":{"start":{"line":493,"column":6},"end":{"line":493,"column":30}},"290":{"start":{"line":495,"column":19},"end":{"line":495,"column":58}},"291":{"start":{"line":496,"column":6},"end":{"line":499,"column":9}},"292":{"start":{"line":497,"column":8},"end":{"line":497,"column":65}},"293":{"start":{"line":498,"column":8},"end":{"line":498,"column":83}},"294":{"start":{"line":501,"column":6},"end":{"line":501,"column":55}},"295":{"start":{"line":501,"column":34},"end":{"line":501,"column":53}},"296":{"start":{"line":502,"column":6},"end":{"line":502,"column":54}},"297":{"start":{"line":502,"column":34},"end":{"line":502,"column":52}},"298":{"start":{"line":504,"column":6},"end":{"line":504,"column":87}},"299":{"start":{"line":509,"column":0},"end":{"line":509,"column":21}}},"fnMap":{"0":{"name":"(anonymous_0)","decl":{"start":{"line":80,"column":18},"end":{"line":80,"column":19}},"loc":{"start":{"line":80,"column":32},"end":{"line":85,"column":1}},"line":80},"1":{"name":"(anonymous_1)","decl":{"start":{"line":88,"column":26},"end":{"line":88,"column":27}},"loc":{"start":{"line":88,"column":40},"end":{"line":122,"column":1}},"line":88},"2":{"name":"initializeProxy","decl":{"start":{"line":160,"column":15},"end":{"line":160,"column":30}},"loc":{"start":{"line":160,"column":33},"end":{"line":172,"column":1}},"line":160},"3":{"name":"(anonymous_3)","decl":{"start":{"line":196,"column":13},"end":{"line":196,"column":14}},"loc":{"start":{"line":196,"column":29},"end":{"line":197,"column":38}},"line":196},"4":{"name":"(anonymous_4)","decl":{"start":{"line":196,"column":29},"end":{"line":196,"column":30}},"loc":{"start":{"line":197,"column":2},"end":{"line":197,"column":38}},"line":197},"5":{"name":"(anonymous_5)","decl":{"start":{"line":199,"column":7},"end":{"line":199,"column":8}},"loc":{"start":{"line":199,"column":25},"end":{"line":202,"column":1}},"line":199},"6":{"name":"(anonymous_6)","decl":{"start":{"line":204,"column":20},"end":{"line":204,"column":21}},"loc":{"start":{"line":204,"column":32},"end":{"line":307,"column":1}},"line":204},"7":{"name":"(anonymous_7)","decl":{"start":{"line":205,"column":17},"end":{"line":205,"column":18}},"loc":{"start":{"line":205,"column":26},"end":{"line":208,"column":3}},"line":205},"8":{"name":"(anonymous_8)","decl":{"start":{"line":212,"column":31},"end":{"line":212,"column":32}},"loc":{"start":{"line":212,"column":43},"end":{"line":216,"column":3}},"line":212},"9":{"name":"(anonymous_9)","decl":{"start":{"line":218,"column":33},"end":{"line":218,"column":34}},"loc":{"start":{"line":218,"column":59},"end":{"line":223,"column":3}},"line":218},"10":{"name":"(anonymous_10)","decl":{"start":{"line":225,"column":29},"end":{"line":225,"column":30}},"loc":{"start":{"line":225,"column":35},"end":{"line":229,"column":3}},"line":225},"11":{"name":"(anonymous_11)","decl":{"start":{"line":231,"column":26},"end":{"line":231,"column":27}},"loc":{"start":{"line":231,"column":38},"end":{"line":237,"column":3}},"line":231},"12":{"name":"(anonymous_12)","decl":{"start":{"line":239,"column":28},"end":{"line":239,"column":29}},"loc":{"start":{"line":239,"column":44},"end":{"line":254,"column":3}},"line":239},"13":{"name":"(anonymous_13)","decl":{"start":{"line":256,"column":36},"end":{"line":256,"column":37}},"loc":{"start":{"line":256,"column":66},"end":{"line":301,"column":3}},"line":256},"14":{"name":"(anonymous_14)","decl":{"start":{"line":272,"column":24},"end":{"line":272,"column":25}},"loc":{"start":{"line":272,"column":31},"end":{"line":272,"column":96}},"line":272},"15":{"name":"(anonymous_15)","decl":{"start":{"line":276,"column":43},"end":{"line":276,"column":44}},"loc":{"start":{"line":276,"column":51},"end":{"line":294,"column":7}},"line":276},"16":{"name":"(anonymous_16)","decl":{"start":{"line":285,"column":37},"end":{"line":285,"column":38}},"loc":{"start":{"line":285,"column":45},"end":{"line":292,"column":9}},"line":285},"17":{"name":"(anonymous_17)","decl":{"start":{"line":303,"column":33},"end":{"line":303,"column":34}},"loc":{"start":{"line":303,"column":58},"end":{"line":306,"column":3}},"line":303},"18":{"name":"handleQueueProcessing","decl":{"start":{"line":309,"column":15},"end":{"line":309,"column":36}},"loc":{"start":{"line":309,"column":68},"end":{"line":438,"column":1}},"line":309},"19":{"name":"(anonymous_19)","decl":{"start":{"line":323,"column":46},"end":{"line":323,"column":47}},"loc":{"start":{"line":323,"column":53},"end":{"line":323,"column":104}},"line":323},"20":{"name":"(anonymous_20)","decl":{"start":{"line":323,"column":66},"end":{"line":323,"column":67}},"loc":{"start":{"line":323,"column":73},"end":{"line":323,"column":103}},"line":323},"21":{"name":"(anonymous_21)","decl":{"start":{"line":329,"column":48},"end":{"line":329,"column":49}},"loc":{"start":{"line":329,"column":55},"end":{"line":332,"column":5}},"line":329},"22":{"name":"(anonymous_22)","decl":{"start":{"line":330,"column":29},"end":{"line":330,"column":30}},"loc":{"start":{"line":330,"column":36},"end":{"line":330,"column":53}},"line":330},"23":{"name":"(anonymous_23)","decl":{"start":{"line":335,"column":38},"end":{"line":335,"column":39}},"loc":{"start":{"line":335,"column":45},"end":{"line":335,"column":67}},"line":335},"24":{"name":"(anonymous_24)","decl":{"start":{"line":354,"column":42},"end":{"line":354,"column":43}},"loc":{"start":{"line":354,"column":49},"end":{"line":354,"column":71}},"line":354},"25":{"name":"(anonymous_25)","decl":{"start":{"line":392,"column":40},"end":{"line":392,"column":41}},"loc":{"start":{"line":392,"column":47},"end":{"line":404,"column":11}},"line":392},"26":{"name":"(anonymous_26)","decl":{"start":{"line":416,"column":48},"end":{"line":416,"column":49}},"loc":{"start":{"line":416,"column":55},"end":{"line":416,"column":62}},"line":416},"27":{"name":"getTrainingMap","decl":{"start":{"line":440,"column":15},"end":{"line":440,"column":29}},"loc":{"start":{"line":440,"column":32},"end":{"line":448,"column":1}},"line":440},"28":{"name":"(anonymous_28)","decl":{"start":{"line":443,"column":19},"end":{"line":443,"column":20}},"loc":{"start":{"line":443,"column":26},"end":{"line":446,"column":3}},"line":443},"29":{"name":"shutdown","decl":{"start":{"line":450,"column":15},"end":{"line":450,"column":23}},"loc":{"start":{"line":450,"column":32},"end":{"line":467,"column":1}},"line":450},"30":{"name":"(anonymous_30)","decl":{"start":{"line":470,"column":34},"end":{"line":470,"column":35}},"loc":{"start":{"line":470,"column":43},"end":{"line":473,"column":3}},"line":470},"31":{"name":"(anonymous_31)","decl":{"start":{"line":475,"column":35},"end":{"line":475,"column":36}},"loc":{"start":{"line":475,"column":47},"end":{"line":478,"column":3}},"line":475},"32":{"name":"(anonymous_32)","decl":{"start":{"line":480,"column":3},"end":{"line":480,"column":4}},"loc":{"start":{"line":480,"column":15},"end":{"line":506,"column":3}},"line":480},"33":{"name":"(anonymous_33)","decl":{"start":{"line":496,"column":37},"end":{"line":496,"column":38}},"loc":{"start":{"line":496,"column":43},"end":{"line":499,"column":7}},"line":496},"34":{"name":"(anonymous_34)","decl":{"start":{"line":501,"column":28},"end":{"line":501,"column":29}},"loc":{"start":{"line":501,"column":34},"end":{"line":501,"column":53}},"line":501},"35":{"name":"(anonymous_35)","decl":{"start":{"line":502,"column":28},"end":{"line":502,"column":29}},"loc":{"start":{"line":502,"column":34},"end":{"line":502,"column":52}},"line":502}},"branchMap":{"0":{"loc":{"start":{"line":89,"column":18},"end":{"line":89,"column":52}},"type":"binary-expr","locations":[{"start":{"line":89,"column":18},"end":{"line":89,"column":39}},{"start":{"line":89,"column":43},"end":{"line":89,"column":52}}],"line":89},"1":{"loc":{"start":{"line":129,"column":8},"end":{"line":131,"column":23}},"type":"cond-expr","locations":[{"start":{"line":130,"column":6},"end":{"line":130,"column":80}},{"start":{"line":131,"column":6},"end":{"line":131,"column":23}}],"line":129},"2":{"loc":{"start":{"line":162,"column":2},"end":{"line":164,"column":68}},"type":"if","locations":[{"start":{"line":162,"column":2},"end":{"line":164,"column":68}},{"start":{"line":163,"column":7},"end":{"line":164,"column":68}}],"line":162},"3":{"loc":{"start":{"line":163,"column":7},"end":{"line":164,"column":68}},"type":"if","locations":[{"start":{"line":163,"column":7},"end":{"line":164,"column":68}},{"start":{},"end":{}}],"line":163},"4":{"loc":{"start":{"line":170,"column":14},"end":{"line":170,"column":55}},"type":"cond-expr","locations":[{"start":{"line":170,"column":27},"end":{"line":170,"column":39}},{"start":{"line":170,"column":42},"end":{"line":170,"column":55}}],"line":170},"5":{"loc":{"start":{"line":200,"column":2},"end":{"line":201,"column":39}},"type":"if","locations":[{"start":{"line":200,"column":2},"end":{"line":201,"column":39}},{"start":{"line":201,"column":7},"end":{"line":201,"column":39}}],"line":200},"6":{"loc":{"start":{"line":200,"column":6},"end":{"line":200,"column":63}},"type":"binary-expr","locations":[{"start":{"line":200,"column":6},"end":{"line":200,"column":28}},{"start":{"line":200,"column":32},"end":{"line":200,"column":63}}],"line":200},"7":{"loc":{"start":{"line":209,"column":19},"end":{"line":209,"column":63}},"type":"binary-expr","locations":[{"start":{"line":209,"column":19},"end":{"line":209,"column":52}},{"start":{"line":209,"column":56},"end":{"line":209,"column":63}}],"line":209},"8":{"loc":{"start":{"line":210,"column":20},"end":{"line":210,"column":40}},"type":"binary-expr","locations":[{"start":{"line":210,"column":20},"end":{"line":210,"column":35}},{"start":{"line":210,"column":39},"end":{"line":210,"column":40}}],"line":210},"9":{"loc":{"start":{"line":214,"column":69},"end":{"line":214,"column":104}},"type":"binary-expr","locations":[{"start":{"line":214,"column":69},"end":{"line":214,"column":99}},{"start":{"line":214,"column":103},"end":{"line":214,"column":104}}],"line":214},"10":{"loc":{"start":{"line":219,"column":4},"end":{"line":219,"column":96}},"type":"if","locations":[{"start":{"line":219,"column":4},"end":{"line":219,"column":96}},{"start":{},"end":{}}],"line":219},"11":{"loc":{"start":{"line":221,"column":34},"end":{"line":221,"column":69}},"type":"binary-expr","locations":[{"start":{"line":221,"column":34},"end":{"line":221,"column":64}},{"start":{"line":221,"column":68},"end":{"line":221,"column":69}}],"line":221},"12":{"loc":{"start":{"line":227,"column":6},"end":{"line":227,"column":96}},"type":"if","locations":[{"start":{"line":227,"column":6},"end":{"line":227,"column":96}},{"start":{},"end":{}}],"line":227},"13":{"loc":{"start":{"line":232,"column":4},"end":{"line":232,"column":40}},"type":"if","locations":[{"start":{"line":232,"column":4},"end":{"line":232,"column":40}},{"start":{},"end":{}}],"line":232},"14":{"loc":{"start":{"line":234,"column":6},"end":{"line":234,"column":60}},"type":"if","locations":[{"start":{"line":234,"column":6},"end":{"line":234,"column":60}},{"start":{},"end":{}}],"line":234},"15":{"loc":{"start":{"line":235,"column":6},"end":{"line":235,"column":54}},"type":"if","locations":[{"start":{"line":235,"column":6},"end":{"line":235,"column":54}},{"start":{},"end":{}}],"line":235},"16":{"loc":{"start":{"line":240,"column":4},"end":{"line":240,"column":40}},"type":"if","locations":[{"start":{"line":240,"column":4},"end":{"line":240,"column":40}},{"start":{},"end":{}}],"line":240},"17":{"loc":{"start":{"line":241,"column":24},"end":{"line":241,"column":87}},"type":"binary-expr","locations":[{"start":{"line":241,"column":24},"end":{"line":241,"column":56}},{"start":{"line":241,"column":60},"end":{"line":241,"column":87}}],"line":241},"18":{"loc":{"start":{"line":257,"column":21},"end":{"line":257,"column":126}},"type":"binary-expr","locations":[{"start":{"line":257,"column":21},"end":{"line":257,"column":66}},{"start":{"line":257,"column":71},"end":{"line":257,"column":125}}],"line":257},"19":{"loc":{"start":{"line":257,"column":71},"end":{"line":257,"column":125}},"type":"cond-expr","locations":[{"start":{"line":257,"column":109},"end":{"line":257,"column":116}},{"start":{"line":257,"column":119},"end":{"line":257,"column":125}}],"line":257},"20":{"loc":{"start":{"line":261,"column":28},"end":{"line":261,"column":48}},"type":"binary-expr","locations":[{"start":{"line":261,"column":28},"end":{"line":261,"column":42}},{"start":{"line":261,"column":46},"end":{"line":261,"column":48}}],"line":261},"21":{"loc":{"start":{"line":263,"column":70},"end":{"line":263,"column":118}},"type":"cond-expr","locations":[{"start":{"line":263,"column":85},"end":{"line":263,"column":102}},{"start":{"line":263,"column":105},"end":{"line":263,"column":118}}],"line":263},"22":{"loc":{"start":{"line":279,"column":19},"end":{"line":279,"column":39}},"type":"binary-expr","locations":[{"start":{"line":279,"column":19},"end":{"line":279,"column":25}},{"start":{"line":279,"column":35},"end":{"line":279,"column":39}}],"line":279},"23":{"loc":{"start":{"line":280,"column":19},"end":{"line":280,"column":39}},"type":"binary-expr","locations":[{"start":{"line":280,"column":19},"end":{"line":280,"column":30}},{"start":{"line":280,"column":35},"end":{"line":280,"column":39}}],"line":280},"24":{"loc":{"start":{"line":281,"column":19},"end":{"line":281,"column":39}},"type":"binary-expr","locations":[{"start":{"line":281,"column":19},"end":{"line":281,"column":31}},{"start":{"line":281,"column":35},"end":{"line":281,"column":39}}],"line":281},"25":{"loc":{"start":{"line":304,"column":4},"end":{"line":304,"column":103}},"type":"if","locations":[{"start":{"line":304,"column":4},"end":{"line":304,"column":103}},{"start":{},"end":{}}],"line":304},"26":{"loc":{"start":{"line":305,"column":49},"end":{"line":305,"column":69}},"type":"binary-expr","locations":[{"start":{"line":305,"column":49},"end":{"line":305,"column":63}},{"start":{"line":305,"column":67},"end":{"line":305,"column":69}}],"line":305},"27":{"loc":{"start":{"line":310,"column":19},"end":{"line":310,"column":124}},"type":"binary-expr","locations":[{"start":{"line":310,"column":19},"end":{"line":310,"column":64}},{"start":{"line":310,"column":69},"end":{"line":310,"column":123}}],"line":310},"28":{"loc":{"start":{"line":310,"column":69},"end":{"line":310,"column":123}},"type":"cond-expr","locations":[{"start":{"line":310,"column":107},"end":{"line":310,"column":114}},{"start":{"line":310,"column":117},"end":{"line":310,"column":123}}],"line":310},"29":{"loc":{"start":{"line":314,"column":22},"end":{"line":314,"column":66}},"type":"binary-expr","locations":[{"start":{"line":314,"column":22},"end":{"line":314,"column":54}},{"start":{"line":314,"column":58},"end":{"line":314,"column":66}}],"line":314},"30":{"loc":{"start":{"line":323,"column":73},"end":{"line":323,"column":103}},"type":"binary-expr","locations":[{"start":{"line":323,"column":73},"end":{"line":323,"column":90}},{"start":{"line":323,"column":94},"end":{"line":323,"column":103}}],"line":323},"31":{"loc":{"start":{"line":331,"column":13},"end":{"line":331,"column":94}},"type":"binary-expr","locations":[{"start":{"line":331,"column":13},"end":{"line":331,"column":14}},{"start":{"line":331,"column":19},"end":{"line":331,"column":30}},{"start":{"line":331,"column":34},"end":{"line":331,"column":42}},{"start":{"line":331,"column":47},"end":{"line":331,"column":63}},{"start":{"line":331,"column":67},"end":{"line":331,"column":94}}],"line":331},"32":{"loc":{"start":{"line":336,"column":6},"end":{"line":336,"column":81}},"type":"if","locations":[{"start":{"line":336,"column":6},"end":{"line":336,"column":81}},{"start":{},"end":{}}],"line":336},"33":{"loc":{"start":{"line":336,"column":10},"end":{"line":336,"column":70}},"type":"binary-expr","locations":[{"start":{"line":336,"column":10},"end":{"line":336,"column":21}},{"start":{"line":336,"column":26},"end":{"line":336,"column":47}},{"start":{"line":336,"column":51},"end":{"line":336,"column":69}}],"line":336},"34":{"loc":{"start":{"line":337,"column":6},"end":{"line":337,"column":81}},"type":"if","locations":[{"start":{"line":337,"column":6},"end":{"line":337,"column":81}},{"start":{},"end":{}}],"line":337},"35":{"loc":{"start":{"line":337,"column":10},"end":{"line":337,"column":70}},"type":"binary-expr","locations":[{"start":{"line":337,"column":10},"end":{"line":337,"column":32}},{"start":{"line":337,"column":36},"end":{"line":337,"column":70}}],"line":337},"36":{"loc":{"start":{"line":343,"column":6},"end":{"line":349,"column":9}},"type":"if","locations":[{"start":{"line":343,"column":6},"end":{"line":349,"column":9}},{"start":{},"end":{}}],"line":343},"37":{"loc":{"start":{"line":355,"column":8},"end":{"line":369,"column":9}},"type":"if","locations":[{"start":{"line":355,"column":8},"end":{"line":369,"column":9}},{"start":{},"end":{}}],"line":355},"38":{"loc":{"start":{"line":355,"column":12},"end":{"line":355,"column":81}},"type":"binary-expr","locations":[{"start":{"line":355,"column":12},"end":{"line":355,"column":23}},{"start":{"line":355,"column":27},"end":{"line":355,"column":62}},{"start":{"line":355,"column":66},"end":{"line":355,"column":81}}],"line":355},"39":{"loc":{"start":{"line":358,"column":12},"end":{"line":367,"column":13}},"type":"if","locations":[{"start":{"line":358,"column":12},"end":{"line":367,"column":13}},{"start":{"line":362,"column":19},"end":{"line":367,"column":13}}],"line":358},"40":{"loc":{"start":{"line":364,"column":32},"end":{"line":364,"column":67}},"type":"cond-expr","locations":[{"start":{"line":364,"column":58},"end":{"line":364,"column":61}},{"start":{"line":364,"column":64},"end":{"line":364,"column":67}}],"line":364},"41":{"loc":{"start":{"line":372,"column":6},"end":{"line":381,"column":7}},"type":"if","locations":[{"start":{"line":372,"column":6},"end":{"line":381,"column":7}},{"start":{},"end":{}}],"line":372},"42":{"loc":{"start":{"line":372,"column":10},"end":{"line":372,"column":46}},"type":"binary-expr","locations":[{"start":{"line":372,"column":10},"end":{"line":372,"column":30}},{"start":{"line":372,"column":34},"end":{"line":372,"column":46}}],"line":372},"43":{"loc":{"start":{"line":375,"column":10},"end":{"line":376,"column":82}},"type":"if","locations":[{"start":{"line":375,"column":10},"end":{"line":376,"column":82}},{"start":{"line":376,"column":15},"end":{"line":376,"column":82}}],"line":375},"44":{"loc":{"start":{"line":383,"column":6},"end":{"line":421,"column":7}},"type":"if","locations":[{"start":{"line":383,"column":6},"end":{"line":421,"column":7}},{"start":{},"end":{}}],"line":383},"45":{"loc":{"start":{"line":383,"column":10},"end":{"line":383,"column":69}},"type":"binary-expr","locations":[{"start":{"line":383,"column":10},"end":{"line":383,"column":27}},{"start":{"line":383,"column":31},"end":{"line":383,"column":44}},{"start":{"line":383,"column":48},"end":{"line":383,"column":69}}],"line":383},"46":{"loc":{"start":{"line":387,"column":21},"end":{"line":387,"column":43}},"type":"binary-expr","locations":[{"start":{"line":387,"column":21},"end":{"line":387,"column":37}},{"start":{"line":387,"column":41},"end":{"line":387,"column":43}}],"line":387},"47":{"loc":{"start":{"line":393,"column":12},"end":{"line":393,"column":81}},"type":"if","locations":[{"start":{"line":393,"column":12},"end":{"line":393,"column":81}},{"start":{},"end":{}}],"line":393},"48":{"loc":{"start":{"line":393,"column":16},"end":{"line":393,"column":72}},"type":"binary-expr","locations":[{"start":{"line":393,"column":16},"end":{"line":393,"column":44}},{"start":{"line":393,"column":48},"end":{"line":393,"column":54}},{"start":{"line":393,"column":58},"end":{"line":393,"column":72}}],"line":393},"49":{"loc":{"start":{"line":397,"column":12},"end":{"line":402,"column":13}},"type":"if","locations":[{"start":{"line":397,"column":12},"end":{"line":402,"column":13}},{"start":{"line":399,"column":19},"end":{"line":402,"column":13}}],"line":397},"50":{"loc":{"start":{"line":400,"column":26},"end":{"line":400,"column":112}},"type":"cond-expr","locations":[{"start":{"line":400,"column":34},"end":{"line":400,"column":73}},{"start":{"line":400,"column":76},"end":{"line":400,"column":112}}],"line":400},"51":{"loc":{"start":{"line":400,"column":34},"end":{"line":400,"column":73}},"type":"binary-expr","locations":[{"start":{"line":400,"column":34},"end":{"line":400,"column":48}},{"start":{"line":400,"column":52},"end":{"line":400,"column":73}}],"line":400},"52":{"loc":{"start":{"line":400,"column":76},"end":{"line":400,"column":112}},"type":"binary-expr","locations":[{"start":{"line":400,"column":76},"end":{"line":400,"column":95}},{"start":{"line":400,"column":99},"end":{"line":400,"column":112}}],"line":400},"53":{"loc":{"start":{"line":401,"column":104},"end":{"line":401,"column":115}},"type":"binary-expr","locations":[{"start":{"line":401,"column":104},"end":{"line":401,"column":109}},{"start":{"line":401,"column":113},"end":{"line":401,"column":115}}],"line":401},"54":{"loc":{"start":{"line":401,"column":141},"end":{"line":401,"column":164}},"type":"cond-expr","locations":[{"start":{"line":401,"column":156},"end":{"line":401,"column":159}},{"start":{"line":401,"column":162},"end":{"line":401,"column":164}}],"line":401},"55":{"loc":{"start":{"line":406,"column":10},"end":{"line":419,"column":11}},"type":"if","locations":[{"start":{"line":406,"column":10},"end":{"line":419,"column":11}},{"start":{},"end":{}}],"line":406},"56":{"loc":{"start":{"line":407,"column":12},"end":{"line":411,"column":13}},"type":"if","locations":[{"start":{"line":407,"column":12},"end":{"line":411,"column":13}},{"start":{"line":408,"column":17},"end":{"line":411,"column":13}}],"line":407},"57":{"loc":{"start":{"line":412,"column":55},"end":{"line":412,"column":110}},"type":"cond-expr","locations":[{"start":{"line":412,"column":64},"end":{"line":412,"column":88}},{"start":{"line":412,"column":91},"end":{"line":412,"column":110}}],"line":412},"58":{"loc":{"start":{"line":424,"column":6},"end":{"line":430,"column":9}},"type":"if","locations":[{"start":{"line":424,"column":6},"end":{"line":430,"column":9}},{"start":{},"end":{}}],"line":424},"59":{"loc":{"start":{"line":444,"column":4},"end":{"line":444,"column":51}},"type":"if","locations":[{"start":{"line":444,"column":4},"end":{"line":444,"column":51}},{"start":{},"end":{}}],"line":444},"60":{"loc":{"start":{"line":454,"column":2},"end":{"line":460,"column":3}},"type":"if","locations":[{"start":{"line":454,"column":2},"end":{"line":460,"column":3}},{"start":{},"end":{}}],"line":454},"61":{"loc":{"start":{"line":469,"column":0},"end":{"line":507,"column":1}},"type":"if","locations":[{"start":{"line":469,"column":0},"end":{"line":507,"column":1}},{"start":{},"end":{}}],"line":469},"62":{"loc":{"start":{"line":486,"column":6},"end":{"line":488,"column":7}},"type":"if","locations":[{"start":{"line":486,"column":6},"end":{"line":488,"column":7}},{"start":{},"end":{}}],"line":486},"63":{"loc":{"start":{"line":495,"column":19},"end":{"line":495,"column":58}},"type":"binary-expr","locations":[{"start":{"line":495,"column":19},"end":{"line":495,"column":35}},{"start":{"line":495,"column":39},"end":{"line":495,"column":50}},{"start":{"line":495,"column":54},"end":{"line":495,"column":58}}],"line":495},"64":{"loc":{"start":{"line":498,"column":34},"end":{"line":498,"column":64}},"type":"binary-expr","locations":[{"start":{"line":498,"column":34},"end":{"line":498,"column":48}},{"start":{"line":498,"column":52},"end":{"line":498,"column":64}}],"line":498}},"s":{"0":1,"1":1,"2":1,"3":1,"4":1,"5":1,"6":1,"7":1,"8":1,"9":1,"10":1,"11":1,"12":1,"13":1,"14":1,"15":1,"16":1,"17":1,"18":1,"19":1,"20":1,"21":1,"22":1,"23":1,"24":1,"25":1,"26":1,"27":1,"28":1,"29":1,"30":1,"31":1,"32":1,"33":1,"34":1,"35":1,"36":1,"37":1,"38":1,"39":1,"40":1,"41":1,"42":1,"43":1,"44":1,"45":1,"46":1,"47":1,"48":1,"49":0,"50":0,"51":0,"52":0,"53":1,"54":0,"55":0,"56":0,"57":0,"58":0,"59":1,"60":1,"61":1,"62":1,"63":1,"64":1,"65":1,"66":1,"67":1,"68":0,"69":0,"70":0,"71":0,"72":0,"73":0,"74":0,"75":1,"76":1,"77":1,"78":1,"79":1,"80":1,"81":1,"82":1,"83":1,"84":1,"85":1,"86":1,"87":1,"88":1,"89":1,"90":1,"91":1,"92":1,"93":1,"94":1,"95":0,"96":1,"97":1,"98":0,"99":0,"100":0,"101":1,"102":0,"103":0,"104":0,"105":0,"106":0,"107":0,"108":0,"109":0,"110":0,"111":0,"112":0,"113":0,"114":0,"115":0,"116":0,"117":0,"118":0,"119":0,"120":0,"121":0,"122":0,"123":0,"124":0,"125":0,"126":0,"127":0,"128":0,"129":0,"130":0,"131":0,"132":0,"133":0,"134":0,"135":0,"136":0,"137":0,"138":0,"139":0,"140":0,"141":0,"142":0,"143":0,"144":0,"145":0,"146":0,"147":0,"148":0,"149":0,"150":0,"151":0,"152":0,"153":0,"154":0,"155":0,"156":0,"157":0,"158":0,"159":0,"160":0,"161":0,"162":0,"163":0,"164":0,"165":0,"166":0,"167":0,"168":0,"169":0,"170":0,"171":0,"172":0,"173":0,"174":0,"175":0,"176":0,"177":0,"178":0,"179":0,"180":0,"181":0,"182":0,"183":0,"184":0,"185":0,"186":0,"187":0,"188":0,"189":0,"190":0,"191":0,"192":0,"193":0,"194":0,"195":0,"196":0,"197":0,"198":0,"199":0,"200":0,"201":0,"202":0,"203":0,"204":0,"205":0,"206":0,"207":0,"208":0,"209":0,"210":0,"211":0,"212":0,"213":0,"214":0,"215":0,"216":0,"217":0,"218":0,"219":0,"220":0,"221":0,"222":0,"223":0,"224":0,"225":0,"226":0,"227":0,"228":0,"229":0,"230":0,"231":0,"232":0,"233":0,"234":0,"235":0,"236":0,"237":0,"238":0,"239":0,"240":0,"241":0,"242":0,"243":0,"244":0,"245":0,"246":0,"247":0,"248":0,"249":0,"250":0,"251":0,"252":0,"253":0,"254":0,"255":0,"256":0,"257":0,"258":0,"259":0,"260":0,"261":0,"262":0,"263":0,"264":0,"265":0,"266":0,"267":0,"268":0,"269":0,"270":0,"271":0,"272":0,"273":1,"274":0,"275":0,"276":0,"277":0,"278":0,"279":0,"280":0,"281":0,"282":0,"283":0,"284":0,"285":0,"286":0,"287":0,"288":0,"289":0,"290":0,"291":0,"292":0,"293":0,"294":0,"295":0,"296":0,"297":0,"298":0,"299":1},"f":{"0":0,"1":0,"2":0,"3":1,"4":0,"5":0,"6":0,"7":0,"8":0,"9":0,"10":0,"11":0,"12":0,"13":0,"14":0,"15":0,"16":0,"17":0,"18":0,"19":0,"20":0,"21":0,"22":0,"23":0,"24":0,"25":0,"26":0,"27":0,"28":0,"29":0,"30":0,"31":0,"32":0,"33":0,"34":0,"35":0},"b":{"0":[0,0],"1":[0,1],"2":[0,0],"3":[0,0],"4":[0,0],"5":[0,0],"6":[0,0],"7":[0,0],"8":[0,0],"9":[0,0],"10":[0,0],"11":[0,0],"12":[0,0],"13":[0,0],"14":[0,0],"15":[0,0],"16":[0,0],"17":[0,0],"18":[0,0],"19":[0,0],"20":[0,0],"21":[0,0],"22":[0,0],"23":[0,0],"24":[0,0],"25":[0,0],"26":[0,0],"27":[0,0],"28":[0,0],"29":[0,0],"30":[0,0],"31":[0,0,0,0,0],"32":[0,0],"33":[0,0,0],"34":[0,0],"35":[0,0],"36":[0,0],"37":[0,0],"38":[0,0,0],"39":[0,0],"40":[0,0],"41":[0,0],"42":[0,0],"43":[0,0],"44":[0,0],"45":[0,0,0],"46":[0,0],"47":[0,0],"48":[0,0,0],"49":[0,0],"50":[0,0],"51":[0,0],"52":[0,0],"53":[0,0],"54":[0,0],"55":[0,0],"56":[0,0],"57":[0,0],"58":[0,0],"59":[0,0],"60":[0,0],"61":[0,1],"62":[0,0],"63":[0,0,0],"64":[0,0]},"_coverageSchema":"1a1c01bbd47fc00a2c39e90264f33305004495a9","hash":"14f179d062f05327562c56693f86f83f30f32040"}
,"C:\\sviluppo\\~codeRepo\\OSM\\middleware\\auth.js": {"path":"C:\\sviluppo\\~codeRepo\\OSM\\middleware\\auth.js","statementMap":{"0":{"start":{"line":1,"column":62},"end":{"line":1,"column":96}},"1":{"start":{"line":4,"column":18},"end":{"line":4,"column":103}},"2":{"start":{"line":7,"column":4},"end":{"line":7,"column":52}},"3":{"start":{"line":7,"column":41},"end":{"line":7,"column":52}},"4":{"start":{"line":8,"column":4},"end":{"line":8,"column":72}},"5":{"start":{"line":8,"column":28},"end":{"line":8,"column":72}},"6":{"start":{"line":8,"column":51},"end":{"line":8,"column":70}},"7":{"start":{"line":9,"column":16},"end":{"line":9,"column":18}},"8":{"start":{"line":10,"column":4},"end":{"line":12,"column":5}},"9":{"start":{"line":11,"column":8},"end":{"line":11,"column":97}},"10":{"start":{"line":13,"column":4},"end":{"line":13,"column":15}},"11":{"start":{"line":17,"column":4},"end":{"line":17,"column":81}},"12":{"start":{"line":17,"column":69},"end":{"line":17,"column":81}},"13":{"start":{"line":18,"column":17},"end":{"line":18,"column":51}},"14":{"start":{"line":20,"column":4},"end":{"line":20,"column":104}},"15":{"start":{"line":23,"column":14},"end":{"line":23,"column":62}},"16":{"start":{"line":25,"column":16},"end":{"line":33,"column":1}},"17":{"start":{"line":25,"column":34},"end":{"line":33,"column":1}},"18":{"start":{"line":26,"column":15},"end":{"line":26,"column":50}},"19":{"start":{"line":27,"column":22},"end":{"line":27,"column":43}},"20":{"start":{"line":28,"column":20},"end":{"line":28,"column":77}},"21":{"start":{"line":29,"column":24},"end":{"line":29,"column":43}},"22":{"start":{"line":31,"column":2},"end":{"line":32,"column":86}},"23":{"start":{"line":31,"column":34},"end":{"line":31,"column":41}},"24":{"start":{"line":32,"column":7},"end":{"line":32,"column":86}},"25":{"start":{"line":35,"column":24},"end":{"line":111,"column":1}},"26":{"start":{"line":36,"column":2},"end":{"line":110,"column":3}},"27":{"start":{"line":37,"column":24},"end":{"line":59,"column":5}},"28":{"start":{"line":61,"column":4},"end":{"line":75,"column":5}},"29":{"start":{"line":74,"column":6},"end":{"line":74,"column":20}},"30":{"start":{"line":78,"column":19},"end":{"line":78,"column":43}},"31":{"start":{"line":79,"column":4},"end":{"line":100,"column":5}},"32":{"start":{"line":80,"column":21},"end":{"line":80,"column":59}},"33":{"start":{"line":81,"column":6},"end":{"line":98,"column":7}},"34":{"start":{"line":82,"column":8},"end":{"line":88,"column":10}},"35":{"start":{"line":90,"column":8},"end":{"line":90,"column":47}},"36":{"start":{"line":91,"column":25},"end":{"line":91,"column":93}},"37":{"start":{"line":92,"column":26},"end":{"line":92,"column":57}},"38":{"start":{"line":93,"column":8},"end":{"line":96,"column":11}},"39":{"start":{"line":94,"column":10},"end":{"line":95,"column":80}},"40":{"start":{"line":97,"column":8},"end":{"line":97,"column":22}},"41":{"start":{"line":99,"column":6},"end":{"line":99,"column":77}},"42":{"start":{"line":102,"column":4},"end":{"line":102,"column":59}},"43":{"start":{"line":102,"column":45},"end":{"line":102,"column":59}},"44":{"start":{"line":104,"column":4},"end":{"line":105,"column":61}},"45":{"start":{"line":105,"column":6},"end":{"line":105,"column":61}},"46":{"start":{"line":107,"column":4},"end":{"line":107,"column":39}},"47":{"start":{"line":109,"column":4},"end":{"line":109,"column":14}},"48":{"start":{"line":113,"column":0},"end":{"line":113,"column":53}}},"fnMap":{"0":{"name":"maskSensitive","decl":{"start":{"line":6,"column":9},"end":{"line":6,"column":22}},"loc":{"start":{"line":6,"column":28},"end":{"line":14,"column":1}},"line":6},"1":{"name":"(anonymous_1)","decl":{"start":{"line":8,"column":43},"end":{"line":8,"column":44}},"loc":{"start":{"line":8,"column":51},"end":{"line":8,"column":70}},"line":8},"2":{"name":"toLogJson","decl":{"start":{"line":16,"column":9},"end":{"line":16,"column":18}},"loc":{"start":{"line":16,"column":24},"end":{"line":21,"column":1}},"line":16},"3":{"name":"(anonymous_3)","decl":{"start":{"line":25,"column":16},"end":{"line":25,"column":17}},"loc":{"start":{"line":25,"column":34},"end":{"line":33,"column":1}},"line":25},"4":{"name":"(anonymous_4)","decl":{"start":{"line":25,"column":34},"end":{"line":25,"column":35}},"loc":{"start":{"line":25,"column":54},"end":{"line":33,"column":1}},"line":25},"5":{"name":"(anonymous_5)","decl":{"start":{"line":35,"column":24},"end":{"line":35,"column":25}},"loc":{"start":{"line":35,"column":50},"end":{"line":111,"column":1}},"line":35},"6":{"name":"(anonymous_6)","decl":{"start":{"line":90,"column":37},"end":{"line":90,"column":38}},"loc":{"start":{"line":90,"column":43},"end":{"line":90,"column":45}},"line":90},"7":{"name":"(anonymous_7)","decl":{"start":{"line":93,"column":25},"end":{"line":93,"column":26}},"loc":{"start":{"line":93,"column":31},"end":{"line":96,"column":9}},"line":93}},"branchMap":{"0":{"loc":{"start":{"line":7,"column":4},"end":{"line":7,"column":52}},"type":"if","locations":[{"start":{"line":7,"column":4},"end":{"line":7,"column":52}},{"start":{},"end":{}}],"line":7},"1":{"loc":{"start":{"line":7,"column":8},"end":{"line":7,"column":39}},"type":"binary-expr","locations":[{"start":{"line":7,"column":8},"end":{"line":7,"column":12}},{"start":{"line":7,"column":16},"end":{"line":7,"column":39}}],"line":7},"2":{"loc":{"start":{"line":8,"column":4},"end":{"line":8,"column":72}},"type":"if","locations":[{"start":{"line":8,"column":4},"end":{"line":8,"column":72}},{"start":{},"end":{}}],"line":8},"3":{"loc":{"start":{"line":11,"column":17},"end":{"line":11,"column":96}},"type":"cond-expr","locations":[{"start":{"line":11,"column":37},"end":{"line":11,"column":42}},{"start":{"line":11,"column":46},"end":{"line":11,"column":95}}],"line":11},"4":{"loc":{"start":{"line":11,"column":46},"end":{"line":11,"column":95}},"type":"cond-expr","locations":[{"start":{"line":11,"column":75},"end":{"line":11,"column":91}},{"start":{"line":11,"column":94},"end":{"line":11,"column":95}}],"line":11},"5":{"loc":{"start":{"line":11,"column":46},"end":{"line":11,"column":72}},"type":"binary-expr","locations":[{"start":{"line":11,"column":46},"end":{"line":11,"column":47}},{"start":{"line":11,"column":51},"end":{"line":11,"column":72}}],"line":11},"6":{"loc":{"start":{"line":17,"column":4},"end":{"line":17,"column":81}},"type":"if","locations":[{"start":{"line":17,"column":4},"end":{"line":17,"column":81}},{"start":{},"end":{}}],"line":17},"7":{"loc":{"start":{"line":17,"column":8},"end":{"line":17,"column":67}},"type":"binary-expr","locations":[{"start":{"line":17,"column":8},"end":{"line":17,"column":12}},{"start":{"line":17,"column":16},"end":{"line":17,"column":39}},{"start":{"line":17,"column":43},"end":{"line":17,"column":67}}],"line":17},"8":{"loc":{"start":{"line":20,"column":11},"end":{"line":20,"column":103}},"type":"cond-expr","locations":[{"start":{"line":20,"column":32},"end":{"line":20,"column":96}},{"start":{"line":20,"column":99},"end":{"line":20,"column":103}}],"line":20},"9":{"loc":{"start":{"line":26,"column":15},"end":{"line":26,"column":50}},"type":"binary-expr","locations":[{"start":{"line":26,"column":15},"end":{"line":26,"column":29}},{"start":{"line":26,"column":33},"end":{"line":26,"column":50}}],"line":26},"10":{"loc":{"start":{"line":27,"column":22},"end":{"line":27,"column":43}},"type":"binary-expr","locations":[{"start":{"line":27,"column":22},"end":{"line":27,"column":32}},{"start":{"line":27,"column":36},"end":{"line":27,"column":43}}],"line":27},"11":{"loc":{"start":{"line":28,"column":20},"end":{"line":28,"column":77}},"type":"cond-expr","locations":[{"start":{"line":28,"column":55},"end":{"line":28,"column":73}},{"start":{"line":28,"column":76},"end":{"line":28,"column":77}}],"line":28},"12":{"loc":{"start":{"line":31,"column":2},"end":{"line":32,"column":86}},"type":"if","locations":[{"start":{"line":31,"column":2},"end":{"line":32,"column":86}},{"start":{"line":32,"column":7},"end":{"line":32,"column":86}}],"line":31},"13":{"loc":{"start":{"line":61,"column":4},"end":{"line":75,"column":5}},"type":"if","locations":[{"start":{"line":61,"column":4},"end":{"line":75,"column":5}},{"start":{},"end":{}}],"line":61},"14":{"loc":{"start":{"line":62,"column":6},"end":{"line":72,"column":44}},"type":"binary-expr","locations":[{"start":{"line":62,"column":6},"end":{"line":62,"column":36}},{"start":{"line":63,"column":6},"end":{"line":63,"column":40}},{"start":{"line":64,"column":6},"end":{"line":64,"column":40}},{"start":{"line":65,"column":6},"end":{"line":65,"column":35}},{"start":{"line":66,"column":6},"end":{"line":66,"column":52}},{"start":{"line":67,"column":6},"end":{"line":67,"column":52}},{"start":{"line":68,"column":6},"end":{"line":68,"column":47}},{"start":{"line":69,"column":6},"end":{"line":69,"column":53}},{"start":{"line":70,"column":6},"end":{"line":70,"column":56}},{"start":{"line":71,"column":6},"end":{"line":71,"column":52}},{"start":{"line":72,"column":6},"end":{"line":72,"column":44}}],"line":62},"15":{"loc":{"start":{"line":79,"column":4},"end":{"line":100,"column":5}},"type":"if","locations":[{"start":{"line":79,"column":4},"end":{"line":100,"column":5}},{"start":{},"end":{}}],"line":79},"16":{"loc":{"start":{"line":79,"column":8},"end":{"line":79,"column":46}},"type":"binary-expr","locations":[{"start":{"line":79,"column":8},"end":{"line":79,"column":14}},{"start":{"line":79,"column":18},"end":{"line":79,"column":46}}],"line":79},"17":{"loc":{"start":{"line":81,"column":6},"end":{"line":98,"column":7}},"type":"if","locations":[{"start":{"line":81,"column":6},"end":{"line":98,"column":7}},{"start":{},"end":{}}],"line":81},"18":{"loc":{"start":{"line":81,"column":10},"end":{"line":81,"column":33}},"type":"binary-expr","locations":[{"start":{"line":81,"column":10},"end":{"line":81,"column":16}},{"start":{"line":81,"column":20},"end":{"line":81,"column":33}}],"line":81},"19":{"loc":{"start":{"line":91,"column":25},"end":{"line":91,"column":93}},"type":"binary-expr","locations":[{"start":{"line":91,"column":25},"end":{"line":91,"column":77}},{"start":{"line":91,"column":81},"end":{"line":91,"column":87}},{"start":{"line":91,"column":91},"end":{"line":91,"column":93}}],"line":91},"20":{"loc":{"start":{"line":92,"column":26},"end":{"line":92,"column":57}},"type":"binary-expr","locations":[{"start":{"line":92,"column":26},"end":{"line":92,"column":51}},{"start":{"line":92,"column":55},"end":{"line":92,"column":57}}],"line":92},"21":{"loc":{"start":{"line":102,"column":4},"end":{"line":102,"column":59}},"type":"if","locations":[{"start":{"line":102,"column":4},"end":{"line":102,"column":59}},{"start":{},"end":{}}],"line":102},"22":{"loc":{"start":{"line":102,"column":8},"end":{"line":102,"column":43}},"type":"binary-expr","locations":[{"start":{"line":102,"column":8},"end":{"line":102,"column":19}},{"start":{"line":102,"column":23},"end":{"line":102,"column":43}}],"line":102},"23":{"loc":{"start":{"line":104,"column":4},"end":{"line":105,"column":61}},"type":"if","locations":[{"start":{"line":104,"column":4},"end":{"line":105,"column":61}},{"start":{},"end":{}}],"line":104}},"s":{"0":2,"1":2,"2":0,"3":0,"4":0,"5":0,"6":0,"7":0,"8":0,"9":0,"10":0,"11":0,"12":0,"13":0,"14":0,"15":2,"16":2,"17":133,"18":4,"19":4,"20":4,"21":4,"22":4,"23":1,"24":3,"25":2,"26":10,"27":10,"28":10,"29":1,"30":9,"31":9,"32":0,"33":0,"34":0,"35":0,"36":0,"37":0,"38":0,"39":0,"40":0,"41":0,"42":9,"43":0,"44":9,"45":9,"46":0,"47":0,"48":2},"f":{"0":0,"1":0,"2":0,"3":133,"4":4,"5":10,"6":0,"7":0},"b":{"0":[0,0],"1":[0,0],"2":[0,0],"3":[0,0],"4":[0,0],"5":[0,0],"6":[0,0],"7":[0,0,0],"8":[0,0],"9":[4,4],"10":[4,0],"11":[4,0],"12":[1,3],"13":[1,9],"14":[10,9,9,9,9,9,9,9,9,9,9],"15":[0,9],"16":[9,0],"17":[0,0],"18":[0,0],"19":[0,0,0],"20":[0,0],"21":[0,9],"22":[9,9],"23":[9,0]},"_coverageSchema":"1a1c01bbd47fc00a2c39e90264f33305004495a9","hash":"3b034073ec07aa682a5ca71106c4d727d3dcdbb6"}
,"C:\\sviluppo\\~codeRepo\\OSM\\middleware\\correlation-id.js": {"path":"C:\\sviluppo\\~codeRepo\\OSM\\middleware\\correlation-id.js","statementMap":{"0":{"start":{"line":1,"column":15},"end":{"line":1,"column":32}},"1":{"start":{"line":4,"column":13},"end":{"line":4,"column":63}},"2":{"start":{"line":5,"column":2},"end":{"line":5,"column":14}},"3":{"start":{"line":6,"column":2},"end":{"line":6,"column":36}},"4":{"start":{"line":7,"column":2},"end":{"line":7,"column":9}},"5":{"start":{"line":10,"column":0},"end":{"line":10,"column":31}}},"fnMap":{"0":{"name":"correlationId","decl":{"start":{"line":3,"column":9},"end":{"line":3,"column":22}},"loc":{"start":{"line":3,"column":39},"end":{"line":8,"column":1}},"line":3}},"branchMap":{"0":{"loc":{"start":{"line":4,"column":13},"end":{"line":4,"column":63}},"type":"binary-expr","locations":[{"start":{"line":4,"column":13},"end":{"line":4,"column":40}},{"start":{"line":4,"column":44},"end":{"line":4,"column":63}}],"line":4}},"s":{"0":2,"1":14,"2":14,"3":14,"4":14,"5":2},"f":{"0":14},"b":{"0":[14,13]},"_coverageSchema":"1a1c01bbd47fc00a2c39e90264f33305004495a9","hash":"83ea7a9a514b1d9554f55b1d0f09f0dac07c4cc6"}
[...]
,"C:\\sviluppo\\~codeRepo\\OSM\\services\\plugins\\html-scraper.plugin.js": {"path":"C:\\sviluppo\\~codeRepo\\OSM\\services\\plugins\\html-scraper.plugin.js","statementMap":{"0":{"start":{"line":14,"column":14},"end":{"line":14,"column":30}},"1":{"start":{"line":15,"column":16},"end":{"line":15,"column":34}},"2":{"start":{"line":16,"column":14},"end":{"line":16,"column":30}},"3":{"start":{"line":17,"column":11},"end":{"line":17,"column":33}},"4":{"start":{"line":18,"column":28},"end":{"line":18,"column":56}},"5":{"start":{"line":19,"column":20},"end":{"line":19,"column":52}},"6":{"start":{"line":20,"column":28},"end":{"line":20,"column":52}},"7":{"start":{"line":22,"column":16},"end":{"line":22,"column":29}},"8":{"start":{"line":25,"column":14},"end":{"line":25,"column":35}},"9":{"start":{"line":26,"column":14},"end":{"line":26,"column":61}},"10":{"start":{"line":27,"column":14},"end":{"line":27,"column":56}},"11":{"start":{"line":28,"column":4},"end":{"line":28,"column":28}},"12":{"start":{"line":34,"column":29},"end":{"line":52,"column":1}},"13":{"start":{"line":55,"column":4},"end":{"line":55,"column":37}},"14":{"start":{"line":55,"column":20},"end":{"line":55,"column":37}},"15":{"start":{"line":56,"column":4},"end":{"line":58,"column":5}},"16":{"start":{"line":57,"column":8},"end":{"line":57,"column":53}},"17":{"start":{"line":57,"column":37},"end":{"line":57,"column":53}},"18":{"start":{"line":60,"column":20},"end":{"line":60,"column":44}},"19":{"start":{"line":61,"column":4},"end":{"line":61,"column":63}},"20":{"start":{"line":61,"column":21},"end":{"line":61,"column":63}},"21":{"start":{"line":62,"column":4},"end":{"line":62,"column":21}},"22":{"start":{"line":65,"column":15},"end":{"line":206,"column":1}},"23":{"start":{"line":75,"column":23},"end":{"line":75,"column":25}},"24":{"start":{"line":76,"column":8},"end":{"line":79,"column":9}},"25":{"start":{"line":77,"column":12},"end":{"line":77,"column":108}},"26":{"start":{"line":77,"column":47},"end":{"line":77,"column":108}},"27":{"start":{"line":78,"column":12},"end":{"line":78,"column":112}},"28":{"start":{"line":78,"column":49},"end":{"line":78,"column":112}},"29":{"start":{"line":80,"column":8},"end":{"line":82,"column":9}},"30":{"start":{"line":81,"column":12},"end":{"line":81,"column":93}},"31":{"start":{"line":83,"column":8},"end":{"line":83,"column":54}},"32":{"start":{"line":96,"column":36},"end":{"line":96,"column":43}},"33":{"start":{"line":97,"column":24},"end":{"line":98,"column":87}},"34":{"start":{"line":98,"column":12},"end":{"line":98,"column":87}},"35":{"start":{"line":100,"column":27},"end":{"line":100,"column":29}},"36":{"start":{"line":102,"column":8},"end":{"line":139,"column":9}},"37":{"start":{"line":103,"column":12},"end":{"line":103,"column":92}},"38":{"start":{"line":104,"column":12},"end":{"line":104,"column":65}},"39":{"start":{"line":106,"column":15},"end":{"line":139,"column":9}},"40":{"start":{"line":107,"column":12},"end":{"line":107,"column":108}},"41":{"start":{"line":108,"column":12},"end":{"line":110,"column":13}},"42":{"start":{"line":109,"column":16},"end":{"line":109,"column":103}},"43":{"start":{"line":111,"column":27},"end":{"line":111,"column":70}},"44":{"start":{"line":112,"column":25},"end":{"line":112,"column":67}},"45":{"start":{"line":113,"column":31},"end":{"line":113,"column":52}},"46":{"start":{"line":114,"column":12},"end":{"line":114,"column":53}},"47":{"start":{"line":117,"column":12},"end":{"line":117,"column":86}},"48":{"start":{"line":118,"column":32},"end":{"line":125,"column":13}},"49":{"start":{"line":126,"column":12},"end":{"line":136,"column":13}},"50":{"start":{"line":127,"column":16},"end":{"line":133,"column":17}},"51":{"start":{"line":128,"column":20},"end":{"line":128,"column":75}},"52":{"start":{"line":129,"column":20},"end":{"line":129,"column":46}},"53":{"start":{"line":130,"column":20},"end":{"line":130,"column":95}},"54":{"start":{"line":132,"column":20},"end":{"line":132,"column":83}},"55":{"start":{"line":135,"column":16},"end":{"line":135,"column":88}},"56":{"start":{"line":137,"column":29},"end":{"line":137,"column":69}},"57":{"start":{"line":138,"column":12},"end":{"line":138,"column":41}},"58":{"start":{"line":141,"column":8},"end":{"line":144,"column":9}},"59":{"start":{"line":142,"column":12},"end":{"line":142,"column":81}},"60":{"start":{"line":143,"column":12},"end":{"line":143,"column":22}},"61":{"start":{"line":146,"column":18},"end":{"line":146,"column":44}},"62":{"start":{"line":147,"column":31},"end":{"line":147,"column":41}},"63":{"start":{"line":149,"column":8},"end":{"line":152,"column":9}},"64":{"start":{"line":150,"column":12},"end":{"line":150,"column":91}},"65":{"start":{"line":151,"column":12},"end":{"line":151,"column":22}},"66":{"start":{"line":154,"column":22},"end":{"line":154,"column":24}},"67":{"start":{"line":155,"column":8},"end":{"line":174,"column":11}},"68":{"start":{"line":156,"column":25},"end":{"line":156,"column":27}},"69":{"start":{"line":157,"column":12},"end":{"line":157,"column":80}},"70":{"start":{"line":157,"column":47},"end":{"line":157,"column":78}},"71":{"start":{"line":158,"column":12},"end":{"line":173,"column":13}},"72":{"start":{"line":159,"column":32},"end":{"line":159,"column":39}},"73":{"start":{"line":160,"column":33},"end":{"line":160,"column":40}},"74":{"start":{"line":161,"column":54},"end":{"line":161,"column":78}},"75":{"start":{"line":162,"column":16},"end":{"line":172,"column":19}},"76":{"start":{"line":179,"column":8},"end":{"line":201,"column":9}},"77":{"start":{"line":180,"column":31},"end":{"line":180,"column":82}},"78":{"start":{"line":181,"column":12},"end":{"line":200,"column":13}},"79":{"start":{"line":182,"column":38},"end":{"line":182,"column":58}},"80":{"start":{"line":183,"column":16},"end":{"line":197,"column":17}},"81":{"start":{"line":184,"column":20},"end":{"line":184,"column":97}},"82":{"start":{"line":185,"column":34},"end":{"line":185,"column":44}},"83":{"start":{"line":186,"column":20},"end":{"line":186,"column":47}},"84":{"start":{"line":187,"column":20},"end":{"line":187,"column":55}},"85":{"start":{"line":188,"column":20},"end":{"line":193,"column":23}},"86":{"start":{"line":189,"column":37},"end":{"line":189,"column":61}},"87":{"start":{"line":190,"column":24},"end":{"line":190,"column":65}},"88":{"start":{"line":190,"column":51},"end":{"line":190,"column":65}},"89":{"start":{"line":191,"column":37},"end":{"line":191,"column":77}},"90":{"start":{"line":192,"column":24},"end":{"line":192,"column":105}},"91":{"start":{"line":194,"column":20},"end":{"line":194,"column":94}},"92":{"start":{"line":196,"column":20},"end":{"line":196,"column":110}},"93":{"start":{"line":199,"column":16},"end":{"line":199,"column":96}},"94":{"start":{"line":203,"column":8},"end":{"line":203,"column":77}},"95":{"start":{"line":204,"column":8},"end":{"line":204,"column":23}},"96":{"start":{"line":208,"column":0},"end":{"line":208,"column":24}},"97":{"start":{"line":211,"column":0},"end":{"line":211,"column":49}}},"fnMap":{"0":{"name":"formatDateToISO","decl":{"start":{"line":24,"column":9},"end":{"line":24,"column":24}},"loc":{"start":{"line":24,"column":34},"end":{"line":29,"column":1}},"line":24},"1":{"name":"categoriseSkill","decl":{"start":{"line":54,"column":9},"end":{"line":54,"column":24}},"loc":{"start":{"line":54,"column":36},"end":{"line":63,"column":1}},"line":54},"2":{"name":"(anonymous_2)","decl":{"start":{"line":74,"column":4},"end":{"line":74,"column":5}},"loc":{"start":{"line":74,"column":27},"end":{"line":84,"column":5}},"line":74},"3":{"name":"(anonymous_3)","decl":{"start":{"line":95,"column":4},"end":{"line":95,"column":5}},"loc":{"start":{"line":95,"column":45},"end":{"line":205,"column":5}},"line":95},"4":{"name":"(anonymous_4)","decl":{"start":{"line":97,"column":24},"end":{"line":97,"column":25}},"loc":{"start":{"line":98,"column":12},"end":{"line":98,"column":87}},"line":98},"5":{"name":"(anonymous_5)","decl":{"start":{"line":155,"column":39},"end":{"line":155,"column":40}},"loc":{"start":{"line":155,"column":51},"end":{"line":174,"column":9}},"line":155},"6":{"name":"(anonymous_6)","decl":{"start":{"line":157,"column":35},"end":{"line":157,"column":36}},"loc":{"start":{"line":157,"column":47},"end":{"line":157,"column":78}},"line":157},"7":{"name":"(anonymous_7)","decl":{"start":{"line":188,"column":42},"end":{"line":188,"column":43}},"loc":{"start":{"line":188,"column":54},"end":{"line":193,"column":21}},"line":188}},"branchMap":{"0":{"loc":{"start":{"line":55,"column":4},"end":{"line":55,"column":37}},"type":"if","locations":[{"start":{"line":55,"column":4},"end":{"line":55,"column":37}},{"start":{},"end":{}}],"line":55},"1":{"loc":{"start":{"line":57,"column":8},"end":{"line":57,"column":53}},"type":"if","locations":[{"start":{"line":57,"column":8},"end":{"line":57,"column":53}},{"start":{},"end":{}}],"line":57},"2":{"loc":{"start":{"line":61,"column":4},"end":{"line":61,"column":63}},"type":"if","locations":[{"start":{"line":61,"column":4},"end":{"line":61,"column":63}},{"start":{},"end":{}}],"line":61},"3":{"loc":{"start":{"line":76,"column":8},"end":{"line":79,"column":9}},"type":"if","locations":[{"start":{"line":76,"column":8},"end":{"line":79,"column":9}},{"start":{},"end":{}}],"line":76},"4":{"loc":{"start":{"line":77,"column":12},"end":{"line":77,"column":108}},"type":"if","locations":[{"start":{"line":77,"column":12},"end":{"line":77,"column":108}},{"start":{},"end":{}}],"line":77},"5":{"loc":{"start":{"line":78,"column":12},"end":{"line":78,"column":112}},"type":"if","locations":[{"start":{"line":78,"column":12},"end":{"line":78,"column":112}},{"start":{},"end":{}}],"line":78},"6":{"loc":{"start":{"line":80,"column":8},"end":{"line":82,"column":9}},"type":"if","locations":[{"start":{"line":80,"column":8},"end":{"line":82,"column":9}},{"start":{},"end":{}}],"line":80},"7":{"loc":{"start":{"line":80,"column":12},"end":{"line":80,"column":80}},"type":"binary-expr","locations":[{"start":{"line":80,"column":12},"end":{"line":80,"column":37}},{"start":{"line":80,"column":41},"end":{"line":80,"column":65}},{"start":{"line":80,"column":69},"end":{"line":80,"column":80}}],"line":80},"8":{"loc":{"start":{"line":95,"column":31},"end":{"line":95,"column":43}},"type":"default-arg","locations":[{"start":{"line":95,"column":41},"end":{"line":95,"column":43}}],"line":95},"9":{"loc":{"start":{"line":96,"column":16},"end":{"line":96,"column":31}},"type":"default-arg","locations":[{"start":{"line":96,"column":27},"end":{"line":96,"column":31}}],"line":96},"10":{"loc":{"start":{"line":102,"column":8},"end":{"line":139,"column":9}},"type":"if","locations":[{"start":{"line":102,"column":8},"end":{"line":139,"column":9}},{"start":{"line":106,"column":15},"end":{"line":139,"column":9}}],"line":102},"11":{"loc":{"start":{"line":106,"column":15},"end":{"line":139,"column":9}},"type":"if","locations":[{"start":{"line":106,"column":15},"end":{"line":139,"column":9}},{"start":{"line":116,"column":15},"end":{"line":139,"column":9}}],"line":106},"12":{"loc":{"start":{"line":108,"column":12},"end":{"line":110,"column":13}},"type":"if","locations":[{"start":{"line":108,"column":12},"end":{"line":110,"column":13}},{"start":{},"end":{}}],"line":108},"13":{"loc":{"start":{"line":108,"column":16},"end":{"line":108,"column":78}},"type":"binary-expr","locations":[{"start":{"line":108,"column":16},"end":{"line":108,"column":44}},{"start":{"line":108,"column":48},"end":{"line":108,"column":78}}],"line":108},"14":{"loc":{"start":{"line":126,"column":12},"end":{"line":136,"column":13}},"type":"if","locations":[{"start":{"line":126,"column":12},"end":{"line":136,"column":13}},{"start":{"line":134,"column":19},"end":{"line":136,"column":13}}],"line":126},"15":{"loc":{"start":{"line":141,"column":8},"end":{"line":144,"column":9}},"type":"if","locations":[{"start":{"line":141,"column":8},"end":{"line":144,"column":9}},{"start":{},"end":{}}],"line":141},"16":{"loc":{"start":{"line":149,"column":8},"end":{"line":152,"column":9}},"type":"if","locations":[{"start":{"line":149,"column":8},"end":{"line":152,"column":9}},{"start":{},"end":{}}],"line":149},"17":{"loc":{"start":{"line":158,"column":12},"end":{"line":173,"column":13}},"type":"if","locations":[{"start":{"line":158,"column":12},"end":{"line":173,"column":13}},{"start":{},"end":{}}],"line":158},"18":{"loc":{"start":{"line":179,"column":8},"end":{"line":201,"column":9}},"type":"if","locations":[{"start":{"line":179,"column":8},"end":{"line":201,"column":9}},{"start":{},"end":{}}],"line":179},"19":{"loc":{"start":{"line":181,"column":12},"end":{"line":200,"column":13}},"type":"if","locations":[{"start":{"line":181,"column":12},"end":{"line":200,"column":13}},{"start":{"line":198,"column":19},"end":{"line":200,"column":13}}],"line":181},"20":{"loc":{"start":{"line":183,"column":16},"end":{"line":197,"column":17}},"type":"if","locations":[{"start":{"line":183,"column":16},"end":{"line":197,"column":17}},{"start":{"line":195,"column":23},"end":{"line":197,"column":17}}],"line":183},"21":{"loc":{"start":{"line":190,"column":24},"end":{"line":190,"column":65}},"type":"if","locations":[{"start":{"line":190,"column":24},"end":{"line":190,"column":65}},{"start":{},"end":{}}],"line":190}},"s":{"0":3,"1":3,"2":3,"3":3,"4":3,"5":3,"6":3,"7":3,"8":0,"9":0,"10":0,"11":0,"12":3,"13":17,"14":0,"15":17,"16":132,"17":15,"18":2,"19":2,"20":1,"21":1,"22":3,"23":4,"24":4,"25":1,"26":1,"27":1,"28":0,"29":4,"30":0,"31":4,"32":19,"33":19,"34":19,"35":19,"36":19,"37":0,"38":0,"39":19,"40":0,"41":0,"42":0,"43":0,"44":0,"45":0,"46":0,"47":19,"48":19,"49":19,"50":0,"51":0,"52":0,"53":0,"54":0,"55":19,"56":19,"57":18,"58":18,"59":1,"60":1,"61":17,"62":17,"63":17,"64":1,"65":1,"66":16,"67":16,"68":17,"69":17,"70":51,"71":17,"72":17,"73":17,"74":17,"75":17,"76":16,"77":0,"78":0,"79":0,"80":0,"81":0,"82":0,"83":0,"84":0,"85":0,"86":0,"87":0,"88":0,"89":0,"90":0,"91":0,"92":0,"93":0,"94":16,"95":16,"96":3,"97":3},"f":{"0":0,"1":17,"2":4,"3":19,"4":19,"5":17,"6":51,"7":0},"b":{"0":[0,17],"1":[15,117],"2":[1,1],"3":[1,3],"4":[1,0],"5":[0,1],"6":[0,4],"7":[4,4,3],"8":[19],"9":[19],"10":[0,19],"11":[0,19],"12":[0,0],"13":[0,0],"14":[0,19],"15":[1,17],"16":[1,16],"17":[17,0],"18":[0,16],"19":[0,0],"20":[0,0],"21":[0,0]},"_coverageSchema":"1a1c01bbd47fc00a2c39e90264f33305004495a9","hash":"e4962af4d8ad3ea83621f6a62a8001bc8b3eec44"}
,"C:\\sviluppo\\~codeRepo\\OSM\\services\\plugins\\name-parser.js": {"path":"C:\\sviluppo\\~codeRepo\\OSM\\services\\plugins\\name-parser.js","statementMap":{"0":{"start":{"line":17,"column":16},"end":{"line":17,"column":34}},"1":{"start":{"line":26,"column":4},"end":{"line":26,"column":67}},"2":{"start":{"line":26,"column":18},"end":{"line":26,"column":67}},"3":{"start":{"line":28,"column":20},"end":{"line":28,"column":34}},"4":{"start":{"line":30,"column":15},"end":{"line":30,"column":17}},"5":{"start":{"line":31,"column":18},"end":{"line":31,"column":25}},"6":{"start":{"line":34,"column":22},"end":{"line":34,"column":44}},"7":{"start":{"line":35,"column":4},"end":{"line":38,"column":5}},"8":{"start":{"line":36,"column":8},"end":{"line":36,"column":28}},"9":{"start":{"line":37,"column":8},"end":{"line":37,"column":60}},"10":{"start":{"line":41,"column":21},"end":{"line":41,"column":41}},"11":{"start":{"line":42,"column":4},"end":{"line":48,"column":5}},"12":{"start":{"line":43,"column":8},"end":{"line":47,"column":10}},"13":{"start":{"line":51,"column":18},"end":{"line":51,"column":38}},"14":{"start":{"line":52,"column":4},"end":{"line":56,"column":6}},"15":{"start":{"line":59,"column":0},"end":{"line":59,"column":37}}},"fnMap":{"0":{"name":"parseMemberName","decl":{"start":{"line":25,"column":9},"end":{"line":25,"column":24}},"loc":{"start":{"line":25,"column":34},"end":{"line":57,"column":1}},"line":25}},"branchMap":{"0":{"loc":{"start":{"line":26,"column":4},"end":{"line":26,"column":67}},"type":"if","locations":[{"start":{"line":26,"column":4},"end":{"line":26,"column":67}},{"start":{},"end":{}}],"line":26},"1":{"loc":{"start":{"line":35,"column":4},"end":{"line":38,"column":5}},"type":"if","locations":[{"start":{"line":35,"column":4},"end":{"line":38,"column":5}},{"start":{},"end":{}}],"line":35},"2":{"loc":{"start":{"line":42,"column":4},"end":{"line":48,"column":5}},"type":"if","locations":[{"start":{"line":42,"column":4},"end":{"line":48,"column":5}},{"start":{},"end":{}}],"line":42},"3":{"loc":{"start":{"line":54,"column":18},"end":{"line":54,"column":32}},"type":"binary-expr","locations":[{"start":{"line":54,"column":18},"end":{"line":54,"column":26}},{"start":{"line":54,"column":30},"end":{"line":54,"column":32}}],"line":54},"4":{"loc":{"start":{"line":55,"column":19},"end":{"line":55,"column":49}},"type":"binary-expr","locations":[{"start":{"line":55,"column":19},"end":{"line":55,"column":43}},{"start":{"line":55,"column":47},"end":{"line":55,"column":49}}],"line":55}},"s":{"0":3,"1":24,"2":2,"3":22,"4":22,"5":22,"6":22,"7":22,"8":21,"9":21,"10":22,"11":22,"12":21,"13":1,"14":1,"15":3},"f":{"0":24},"b":{"0":[2,22],"1":[21,1],"2":[21,1],"3":[1,0],"4":[1,1]},"_coverageSchema":"1a1c01bbd47fc00a2c39e90264f33305004495a9","hash":"dc4c5efa7a67d5fc9f4d5f67c7ab4d15aaed18ee"}
,"C:\\sviluppo\\~codeRepo\\OSM\\tests\\test-utils.js": {"path":"C:\\sviluppo\\~codeRepo\\OSM\\tests\\test-utils.js","statementMap":{"0":{"start":{"line":2,"column":16},"end":{"line":2,"column":34}},"1":{"start":{"line":13,"column":16},"end":{"line":13,"column":25}},"2":{"start":{"line":14,"column":4},"end":{"line":14,"column":28}},"3":{"start":{"line":17,"column":27},"end":{"line":19,"column":5}},"4":{"start":{"line":22,"column":4},"end":{"line":25,"column":7}},"5":{"start":{"line":23,"column":8},"end":{"line":23,"column":52}},"6":{"start":{"line":24,"column":8},"end":{"line":24,"column":15}},"7":{"start":{"line":28,"column":23},"end":{"line":28,"column":64}},"8":{"start":{"line":31,"column":4},"end":{"line":33,"column":7}},"9":{"start":{"line":32,"column":8},"end":{"line":32,"column":42}},"10":{"start":{"line":35,"column":4},"end":{"line":35,"column":15}},"11":{"start":{"line":38,"column":0},"end":{"line":38,"column":35}}},"fnMap":{"0":{"name":"createTestApp","decl":{"start":{"line":12,"column":9},"end":{"line":12,"column":22}},"loc":{"start":{"line":12,"column":51},"end":{"line":36,"column":1}},"line":12},"1":{"name":"(anonymous_1)","decl":{"start":{"line":22,"column":12},"end":{"line":22,"column":13}},"loc":{"start":{"line":22,"column":32},"end":{"line":25,"column":5}},"line":22},"2":{"name":"(anonymous_2)","decl":{"start":{"line":31,"column":23},"end":{"line":31,"column":24}},"loc":{"start":{"line":31,"column":32},"end":{"line":33,"column":5}},"line":31}},"branchMap":{"0":{"loc":{"start":{"line":12,"column":31},"end":{"line":12,"column":49}},"type":"default-arg","locations":[{"start":{"line":12,"column":45},"end":{"line":12,"column":49}}],"line":12},"1":{"loc":{"start":{"line":23,"column":22},"end":{"line":23,"column":51}},"type":"binary-expr","locations":[{"start":{"line":23,"column":22},"end":{"line":23,"column":33}},{"start":{"line":23,"column":37},"end":{"line":23,"column":51}}],"line":23},"2":{"loc":{"start":{"line":28,"column":23},"end":{"line":28,"column":64}},"type":"cond-expr","locations":[{"start":{"line":28,"column":47},"end":{"line":28,"column":53}},{"start":{"line":28,"column":56},"end":{"line":28,"column":64}}],"line":28}},"s":{"0":11,"1":13,"2":13,"3":13,"4":13,"5":129,"6":129,"7":13,"8":13,"9":15,"10":13,"11":11},"f":{"0":13,"1":129,"2":15},"b":{"0":[10],"1":[129,124],"2":[6,7]},"_coverageSchema":"1a1c01bbd47fc00a2c39e90264f33305004495a9","hash":"9ea4b979434acbdf6aab452117a5a115955def45"}
}
