{"C:\\sviluppo\\~codeRepo\\OSM\\config.js": {"path":"C:\\sviluppo\\~codeRepo\\OSM\\config.js","statementMap":{"0":{"start":{"line":1,"column":0},"end":{"line":1,"column":27}},"1":{"start":{"line":2,"column":20},"end":{"line":2,"column":45}},"2":{"start":{"line":3,"column":15},"end":{"line":3,"column":32}},"3":{"start":{"line":4,"column":19},"end":{"line":4,"column":40}},"4":{"start":{"line":5,"column":13},"end":{"line":5,"column":28}},"5":{"start":{"line":7,"column":17},"end":{"line":7,"column":63}},"6":{"start":{"line":8,"column":15},"end":{"line":8,"column":48}},"7":{"start":{"line":10,"column":16},"end":{"line":10,"column":52}},"8":{"start":{"line":12,"column":13},"end":{"line":21,"column":1}},"9":{"start":{"line":23,"column":0},"end":{"line":29,"column":1}},"10":{"start":{"line":24,"column":2},"end":{"line":24,"column":65}},"11":{"start":{"line":25,"column":2},"end":{"line":25,"column":65}},"12":{"start":{"line":27,"column":2},"end":{"line":27,"column":43}},"13":{"start":{"line":28,"column":2},"end":{"line":28,"column":43}},"14":{"start":{"line":31,"column":11},"end":{"line":41,"column":1}},"15":{"start":{"line":44,"column":0},"end":{"line":52,"column":1}},"16":{"start":{"line":45,"column":2},"end":{"line":45,"column":67}},"17":{"start":{"line":47,"column":22},"end":{"line":47,"column":57}},"18":{"start":{"line":48,"column":15},"end":{"line":48,"column":51}},"19":{"start":{"line":49,"column":2},"end":{"line":51,"column":77}},"20":{"start":{"line":54,"column":25},"end":{"line":54,"column":70}},"21":{"start":{"line":58,"column":25},"end":{"line":58,"column":72}},"22":{"start":{"line":60,"column":20},"end":{"line":66,"column":2}},"23":{"start":{"line":68,"column":18},"end":{"line":68,"column":50}},"24":{"start":{"line":69,"column":22},"end":{"line":69,"column":51}},"25":{"start":{"line":70,"column":27},"end":{"line":70,"column":67}},"26":{"start":{"line":72,"column":23},"end":{"line":72,"column":61}},"27":{"start":{"line":75,"column":18},"end":{"line":78,"column":1}},"28":{"start":{"line":80,"column":28},"end":{"line":80,"column":79}},"29":{"start":{"line":82,"column":18},"end":{"line":96,"column":1}},"30":{"start":{"line":99,"column":15},"end":{"line":107,"column":3}},"31":{"start":{"line":108,"column":16},"end":{"line":108,"column":66}},"32":{"start":{"line":109,"column":2},"end":{"line":109,"column":37}},"33":{"start":{"line":113,"column":2},"end":{"line":113,"column":59}},"34":{"start":{"line":115,"column":24},"end":{"line":115,"column":71}},"35":{"start":{"line":116,"column":28},"end":{"line":116,"column":78}},"36":{"start":{"line":117,"column":24},"end":{"line":117,"column":68}},"37":{"start":{"line":119,"column":19},"end":{"line":125,"column":1}},"38":{"start":{"line":129,"column":21},"end":{"line":129,"column":58}},"39":{"start":{"line":133,"column":19},"end":{"line":133,"column":50}},"40":{"start":{"line":135,"column":17},"end":{"line":141,"column":1}},"41":{"start":{"line":146,"column":23},"end":{"line":146,"column":61}},"42":{"start":{"line":147,"column":29},"end":{"line":147,"column":67}},"43":{"start":{"line":148,"column":33},"end":{"line":148,"column":79}},"44":{"start":{"line":150,"column":0},"end":{"line":177,"column":2}}},"fnMap":{"0":{"name":"getDayIndex","decl":{"start":{"line":98,"column":9},"end":{"line":98,"column":20}},"loc":{"start":{"line":98,"column":30},"end":{"line":110,"column":1}},"line":98}},"branchMap":{"0":{"loc":{"start":{"line":7,"column":17},"end":{"line":7,"column":63}},"type":"binary-expr","locations":[{"start":{"line":7,"column":17},"end":{"line":7,"column":41}},{"start":{"line":7,"column":45},"end":{"line":7,"column":63}}],"line":7},"1":{"loc":{"start":{"line":8,"column":15},"end":{"line":8,"column":48}},"type":"binary-expr","locations":[{"start":{"line":8,"column":15},"end":{"line":8,"column":37}},{"start":{"line":8,"column":41},"end":{"line":8,"column":48}}],"line":8},"2":{"loc":{"start":{"line":10,"column":16},"end":{"line":10,"column":52}},"type":"binary-expr","locations":[{"start":{"line":10,"column":16},"end":{"line":10,"column":36}},{"start":{"line":10,"column":40},"end":{"line":10,"column":52}}],"line":10},"3":{"loc":{"start":{"line":17,"column":17},"end":{"line":18,"column":77}},"type":"binary-expr","locations":[{"start":{"line":17,"column":17},"end":{"line":17,"column":43}},{"start":{"line":18,"column":5},"end":{"line":18,"column":76}}],"line":17},"4":{"loc":{"start":{"line":18,"column":5},"end":{"line":18,"column":76}},"type":"cond-expr","locations":[{"start":{"line":18,"column":26},"end":{"line":18,"column":64}},{"start":{"line":18,"column":67},"end":{"line":18,"column":76}}],"line":18},"5":{"loc":{"start":{"line":19,"column":20},"end":{"line":19,"column":65}},"type":"binary-expr","locations":[{"start":{"line":19,"column":20},"end":{"line":19,"column":60}},{"start":{"line":19,"column":64},"end":{"line":19,"column":65}}],"line":19},"6":{"loc":{"start":{"line":23,"column":0},"end":{"line":29,"column":1}},"type":"if","locations":[{"start":{"line":23,"column":0},"end":{"line":29,"column":1}},{"start":{"line":26,"column":7},"end":{"line":29,"column":1}}],"line":23},"7":{"loc":{"start":{"line":24,"column":18},"end":{"line":24,"column":64}},"type":"binary-expr","locations":[{"start":{"line":24,"column":18},"end":{"line":24,"column":54}},{"start":{"line":24,"column":58},"end":{"line":24,"column":64}}],"line":24},"8":{"loc":{"start":{"line":25,"column":18},"end":{"line":25,"column":64}},"type":"binary-expr","locations":[{"start":{"line":25,"column":18},"end":{"line":25,"column":54}},{"start":{"line":25,"column":58},"end":{"line":25,"column":64}}],"line":25},"9":{"loc":{"start":{"line":32,"column":17},"end":{"line":32,"column":76}},"type":"binary-expr","locations":[{"start":{"line":32,"column":17},"end":{"line":32,"column":46}},{"start":{"line":32,"column":50},"end":{"line":32,"column":76}}],"line":32},"10":{"loc":{"start":{"line":33,"column":13},"end":{"line":33,"column":60}},"type":"binary-expr","locations":[{"start":{"line":33,"column":13},"end":{"line":33,"column":36}},{"start":{"line":33,"column":40},"end":{"line":33,"column":60}}],"line":33},"11":{"loc":{"start":{"line":34,"column":14},"end":{"line":34,"column":53}},"type":"binary-expr","locations":[{"start":{"line":34,"column":14},"end":{"line":34,"column":40}},{"start":{"line":34,"column":44},"end":{"line":34,"column":53}}],"line":34},"12":{"loc":{"start":{"line":38,"column":19},"end":{"line":38,"column":63}},"type":"binary-expr","locations":[{"start":{"line":38,"column":19},"end":{"line":38,"column":51}},{"start":{"line":38,"column":55},"end":{"line":38,"column":63}}],"line":38},"13":{"loc":{"start":{"line":44,"column":0},"end":{"line":52,"column":1}},"type":"if","locations":[{"start":{"line":44,"column":0},"end":{"line":52,"column":1}},{"start":{"line":46,"column":7},"end":{"line":52,"column":1}}],"line":44},"14":{"loc":{"start":{"line":48,"column":15},"end":{"line":48,"column":51}},"type":"binary-expr","locations":[{"start":{"line":48,"column":15},"end":{"line":48,"column":36}},{"start":{"line":48,"column":40},"end":{"line":48,"column":51}}],"line":48},"15":{"loc":{"start":{"line":50,"column":4},"end":{"line":51,"column":76}},"type":"binary-expr","locations":[{"start":{"line":50,"column":4},"end":{"line":50,"column":29}},{"start":{"line":51,"column":4},"end":{"line":51,"column":76}}],"line":50},"16":{"loc":{"start":{"line":54,"column":25},"end":{"line":54,"column":70}},"type":"binary-expr","locations":[{"start":{"line":54,"column":25},"end":{"line":54,"column":64}},{"start":{"line":54,"column":68},"end":{"line":54,"column":70}}],"line":54},"17":{"loc":{"start":{"line":58,"column":25},"end":{"line":58,"column":72}},"type":"binary-expr","locations":[{"start":{"line":58,"column":25},"end":{"line":58,"column":54}},{"start":{"line":58,"column":58},"end":{"line":58,"column":72}}],"line":58},"18":{"loc":{"start":{"line":61,"column":11},"end":{"line":61,"column":46}},"type":"binary-expr","locations":[{"start":{"line":61,"column":11},"end":{"line":61,"column":35}},{"start":{"line":61,"column":39},"end":{"line":61,"column":46}}],"line":61},"19":{"loc":{"start":{"line":68,"column":18},"end":{"line":68,"column":50}},"type":"binary-expr","locations":[{"start":{"line":68,"column":18},"end":{"line":68,"column":40}},{"start":{"line":68,"column":44},"end":{"line":68,"column":50}}],"line":68},"20":{"loc":{"start":{"line":69,"column":22},"end":{"line":69,"column":51}},"type":"binary-expr","locations":[{"start":{"line":69,"column":22},"end":{"line":69,"column":43}},{"start":{"line":69,"column":47},"end":{"line":69,"column":51}}],"line":69},"21":{"loc":{"start":{"line":70,"column":27},"end":{"line":70,"column":67}},"type":"binary-expr","locations":[{"start":{"line":70,"column":27},"end":{"line":70,"column":59}},{"start":{"line":70,"column":63},"end":{"line":70,"column":67}}],"line":70},"22":{"loc":{"start":{"line":76,"column":14},"end":{"line":76,"column":49}},"type":"binary-expr","locations":[{"start":{"line":76,"column":14},"end":{"line":76,"column":41}},{"start":{"line":76,"column":45},"end":{"line":76,"column":49}}],"line":76},"23":{"loc":{"start":{"line":77,"column":16},"end":{"line":77,"column":76}},"type":"binary-expr","locations":[{"start":{"line":77,"column":16},"end":{"line":77,"column":45}},{"start":{"line":77,"column":49},"end":{"line":77,"column":76}}],"line":77},"24":{"loc":{"start":{"line":80,"column":28},"end":{"line":80,"column":79}},"type":"binary-expr","locations":[{"start":{"line":80,"column":28},"end":{"line":80,"column":72}},{"start":{"line":80,"column":76},"end":{"line":80,"column":79}}],"line":80},"25":{"loc":{"start":{"line":83,"column":13},"end":{"line":83,"column":51}},"type":"binary-expr","locations":[{"start":{"line":83,"column":13},"end":{"line":83,"column":40}},{"start":{"line":83,"column":44},"end":{"line":83,"column":51}}],"line":83},"26":{"loc":{"start":{"line":84,"column":13},"end":{"line":84,"column":92}},"type":"binary-expr","locations":[{"start":{"line":84,"column":13},"end":{"line":84,"column":38}},{"start":{"line":84,"column":44},"end":{"line":84,"column":92}}],"line":84},"27":{"loc":{"start":{"line":86,"column":21},"end":{"line":86,"column":62}},"type":"binary-expr","locations":[{"start":{"line":86,"column":21},"end":{"line":86,"column":45}},{"start":{"line":86,"column":60},"end":{"line":86,"column":62}}],"line":86},"28":{"loc":{"start":{"line":87,"column":21},"end":{"line":87,"column":71}},"type":"binary-expr","locations":[{"start":{"line":87,"column":21},"end":{"line":87,"column":45}},{"start":{"line":87,"column":60},"end":{"line":87,"column":71}}],"line":87},"29":{"loc":{"start":{"line":88,"column":21},"end":{"line":88,"column":62}},"type":"binary-expr","locations":[{"start":{"line":88,"column":21},"end":{"line":88,"column":52}},{"start":{"line":88,"column":60},"end":{"line":88,"column":62}}],"line":88},"30":{"loc":{"start":{"line":89,"column":21},"end":{"line":89,"column":62}},"type":"binary-expr","locations":[{"start":{"line":89,"column":21},"end":{"line":89,"column":56}},{"start":{"line":89,"column":60},"end":{"line":89,"column":62}}],"line":89},"31":{"loc":{"start":{"line":90,"column":21},"end":{"line":90,"column":62}},"type":"binary-expr","locations":[{"start":{"line":90,"column":21},"end":{"line":90,"column":47}},{"start":{"line":90,"column":60},"end":{"line":90,"column":62}}],"line":90},"32":{"loc":{"start":{"line":93,"column":17},"end":{"line":93,"column":50}},"type":"binary-expr","locations":[{"start":{"line":93,"column":17},"end":{"line":93,"column":42}},{"start":{"line":93,"column":48},"end":{"line":93,"column":50}}],"line":93},"33":{"loc":{"start":{"line":94,"column":17},"end":{"line":94,"column":50}},"type":"binary-expr","locations":[{"start":{"line":94,"column":17},"end":{"line":94,"column":44}},{"start":{"line":94,"column":48},"end":{"line":94,"column":50}}],"line":94},"34":{"loc":{"start":{"line":108,"column":30},"end":{"line":108,"column":43}},"type":"binary-expr","locations":[{"start":{"line":108,"column":30},"end":{"line":108,"column":37}},{"start":{"line":108,"column":41},"end":{"line":108,"column":43}}],"line":108},"35":{"loc":{"start":{"line":109,"column":9},"end":{"line":109,"column":36}},"type":"cond-expr","locations":[{"start":{"line":109,"column":24},"end":{"line":109,"column":28}},{"start":{"line":109,"column":31},"end":{"line":109,"column":36}}],"line":109},"36":{"loc":{"start":{"line":113,"column":2},"end":{"line":113,"column":59}},"type":"binary-expr","locations":[{"start":{"line":113,"column":2},"end":{"line":113,"column":53}},{"start":{"line":113,"column":57},"end":{"line":113,"column":59}}],"line":113},"37":{"loc":{"start":{"line":115,"column":24},"end":{"line":115,"column":71}},"type":"binary-expr","locations":[{"start":{"line":115,"column":24},"end":{"line":115,"column":65}},{"start":{"line":115,"column":69},"end":{"line":115,"column":71}}],"line":115},"38":{"loc":{"start":{"line":116,"column":28},"end":{"line":116,"column":78}},"type":"binary-expr","locations":[{"start":{"line":116,"column":28},"end":{"line":116,"column":62}},{"start":{"line":116,"column":66},"end":{"line":116,"column":78}}],"line":116},"39":{"loc":{"start":{"line":117,"column":24},"end":{"line":117,"column":68}},"type":"binary-expr","locations":[{"start":{"line":117,"column":24},"end":{"line":117,"column":63}},{"start":{"line":117,"column":67},"end":{"line":117,"column":68}}],"line":117},"40":{"loc":{"start":{"line":120,"column":30},"end":{"line":120,"column":94}},"type":"binary-expr","locations":[{"start":{"line":120,"column":30},"end":{"line":120,"column":79}},{"start":{"line":120,"column":92},"end":{"line":120,"column":94}}],"line":120},"41":{"loc":{"start":{"line":120,"column":102},"end":{"line":120,"column":159}},"type":"binary-expr","locations":[{"start":{"line":120,"column":102},"end":{"line":120,"column":144}},{"start":{"line":120,"column":157},"end":{"line":120,"column":159}}],"line":120},"42":{"loc":{"start":{"line":121,"column":30},"end":{"line":121,"column":93}},"type":"binary-expr","locations":[{"start":{"line":121,"column":30},"end":{"line":121,"column":77}},{"start":{"line":121,"column":92},"end":{"line":121,"column":93}}],"line":121},"43":{"loc":{"start":{"line":121,"column":102},"end":{"line":121,"column":158}},"type":"binary-expr","locations":[{"start":{"line":121,"column":102},"end":{"line":121,"column":142}},{"start":{"line":121,"column":157},"end":{"line":121,"column":158}}],"line":121},"44":{"loc":{"start":{"line":122,"column":30},"end":{"line":122,"column":94}},"type":"binary-expr","locations":[{"start":{"line":122,"column":30},"end":{"line":122,"column":80}},{"start":{"line":122,"column":92},"end":{"line":122,"column":94}}],"line":122},"45":{"loc":{"start":{"line":122,"column":102},"end":{"line":122,"column":158}},"type":"binary-expr","locations":[{"start":{"line":122,"column":102},"end":{"line":122,"column":145}},{"start":{"line":122,"column":157},"end":{"line":122,"column":158}}],"line":122},"46":{"loc":{"start":{"line":123,"column":30},"end":{"line":123,"column":93}},"type":"binary-expr","locations":[{"start":{"line":123,"column":30},"end":{"line":123,"column":77}},{"start":{"line":123,"column":92},"end":{"line":123,"column":93}}],"line":123},"47":{"loc":{"start":{"line":123,"column":102},"end":{"line":123,"column":160}},"type":"binary-expr","locations":[{"start":{"line":123,"column":102},"end":{"line":123,"column":142}},{"start":{"line":123,"column":157},"end":{"line":123,"column":160}}],"line":123},"48":{"loc":{"start":{"line":124,"column":30},"end":{"line":124,"column":93}},"type":"binary-expr","locations":[{"start":{"line":124,"column":30},"end":{"line":124,"column":87}},{"start":{"line":124,"column":92},"end":{"line":124,"column":93}}],"line":124},"49":{"loc":{"start":{"line":124,"column":102},"end":{"line":124,"column":159}},"type":"binary-expr","locations":[{"start":{"line":124,"column":102},"end":{"line":124,"column":152}},{"start":{"line":124,"column":157},"end":{"line":124,"column":159}}],"line":124},"50":{"loc":{"start":{"line":133,"column":19},"end":{"line":133,"column":50}},"type":"binary-expr","locations":[{"start":{"line":133,"column":19},"end":{"line":133,"column":42}},{"start":{"line":133,"column":46},"end":{"line":133,"column":50}}],"line":133},"51":{"loc":{"start":{"line":137,"column":12},"end":{"line":137,"column":47}},"type":"binary-expr","locations":[{"start":{"line":137,"column":12},"end":{"line":137,"column":35}},{"start":{"line":137,"column":39},"end":{"line":137,"column":47}}],"line":137},"52":{"loc":{"start":{"line":138,"column":9},"end":{"line":138,"column":49}},"type":"binary-expr","locations":[{"start":{"line":138,"column":9},"end":{"line":138,"column":29}},{"start":{"line":138,"column":33},"end":{"line":138,"column":49}}],"line":138},"53":{"loc":{"start":{"line":140,"column":13},"end":{"line":140,"column":68}},"type":"binary-expr","locations":[{"start":{"line":140,"column":13},"end":{"line":140,"column":40}},{"start":{"line":140,"column":44},"end":{"line":140,"column":68}}],"line":140},"54":{"loc":{"start":{"line":146,"column":23},"end":{"line":146,"column":61}},"type":"binary-expr","locations":[{"start":{"line":146,"column":23},"end":{"line":146,"column":50}},{"start":{"line":146,"column":54},"end":{"line":146,"column":61}}],"line":146}},"s":{"0":9,"1":9,"2":9,"3":9,"4":9,"5":9,"6":9,"7":9,"8":9,"9":9,"10":0,"11":0,"12":9,"13":9,"14":9,"15":9,"16":0,"17":9,"18":9,"19":9,"20":9,"21":9,"22":9,"23":9,"24":9,"25":9,"26":9,"27":9,"28":9,"29":9,"30":9,"31":9,"32":9,"33":9,"34":9,"35":9,"36":9,"37":9,"38":9,"39":9,"40":9,"41":9,"42":9,"43":9,"44":9},"f":{"0":9},"b":{"0":[9,0],"1":[9,0],"2":[9,0],"3":[9,0],"4":[0,0],"5":[9,0],"6":[0,9],"7":[0,0],"8":[0,0],"9":[9,0],"10":[9,0],"11":[9,0],"12":[9,0],"13":[0,9],"14":[9,0],"15":[9,9],"16":[9,0],"17":[9,9],"18":[9,0],"19":[9,9],"20":[9,9],"21":[9,9],"22":[9,9],"23":[9,9],"24":[9,9],"25":[9,9],"26":[9,9],"27":[9,9],"28":[9,9],"29":[9,9],"30":[9,9],"31":[9,9],"32":[9,9],"33":[9,9],"34":[9,0],"35":[0,9],"36":[9,9],"37":[9,0],"38":[9,9],"39":[9,0],"40":[9,9],"41":[9,9],"42":[9,9],"43":[9,9],"44":[9,9],"45":[9,9],"46":[9,9],"47":[9,9],"48":[9,9],"49":[9,9],"50":[9,9],"51":[9,0],"52":[9,0],"53":[9,0],"54":[9,0]},"_coverageSchema":"1a1c01bbd47fc00a2c39e90264f33305004495a9","hash":"43a4ca9296514e1b8c6781b97e075b18a3a913a1"}
,"C:\\sviluppo\\~codeRepo\\OSM\\server.js": {"path":"C:\\sviluppo\\~codeRepo\\OSM\\server.js","statementMap":{"0":{"start":{"line":1,"column":16},"end":{"line":1,"column":34}},"1":{"start":{"line":2,"column":13},"end":{"line":2,"column":28}},"2":{"start":{"line":3,"column":13},"end":{"line":3,"column":28}},"3":{"start":{"line":4,"column":19},"end":{"line":4,"column":39}},"4":{"start":{"line":5,"column":16},"end":{"line":5,"column":42}},"5":{"start":{"line":6,"column":20},"end":{"line":6,"column":55}},"6":{"start":{"line":7,"column":15},"end":{"line":7,"column":37}},"7":{"start":{"line":8,"column":11},"end":{"line":8,"column":35}},"8":{"start":{"line":9,"column":25},"end":{"line":9,"column":64}},"9":{"start":{"line":10,"column":29},"end":{"line":10,"column":62}},"10":{"start":{"line":11,"column":32},"end":{"line":11,"column":68}},"11":{"start":{"line":12,"column":24},"end":{"line":12,"column":62}},"12":{"start":{"line":13,"column":21},"end":{"line":13,"column":56}},"13":{"start":{"line":14,"column":29},"end":{"line":14,"column":57}},"14":{"start":{"line":15,"column":63},"end":{"line":15,"column":98}},"15":{"start":{"line":16,"column":28},"end":{"line":16,"column":56}},"16":{"start":{"line":17,"column":26},"end":{"line":17,"column":61}},"17":{"start":{"line":18,"column":31},"end":{"line":18,"column":77}},"18":{"start":{"line":19,"column":30},"end":{"line":19,"column":73}},"19":{"start":{"line":20,"column":18},"end":{"line":20,"column":46}},"20":{"start":{"line":21,"column":23},"end":{"line":21,"column":59}},"21":{"start":{"line":22,"column":27},"end":{"line":22,"column":55}},"22":{"start":{"line":23,"column":15},"end":{"line":23,"column":43}},"23":{"start":{"line":24,"column":15},"end":{"line":24,"column":32}},"24":{"start":{"line":25,"column":22},"end":{"line":25,"column":60}},"25":{"start":{"line":27,"column":21},"end":{"line":27,"column":52}},"26":{"start":{"line":28,"column":20},"end":{"line":28,"column":50}},"27":{"start":{"line":29,"column":19},"end":{"line":29,"column":48}},"28":{"start":{"line":30,"column":23},"end":{"line":30,"column":57}},"29":{"start":{"line":31,"column":21},"end":{"line":31,"column":52}},"30":{"start":{"line":32,"column":25},"end":{"line":32,"column":61}},"31":{"start":{"line":33,"column":21},"end":{"line":33,"column":52}},"32":{"start":{"line":34,"column":19},"end":{"line":34,"column":48}},"33":{"start":{"line":35,"column":22},"end":{"line":35,"column":53}},"34":{"start":{"line":36,"column":21},"end":{"line":36,"column":51}},"35":{"start":{"line":37,"column":23},"end":{"line":37,"column":55}},"36":{"start":{"line":38,"column":25},"end":{"line":38,"column":59}},"37":{"start":{"line":39,"column":19},"end":{"line":39,"column":47}},"38":{"start":{"line":40,"column":21},"end":{"line":40,"column":53}},"39":{"start":{"line":41,"column":28},"end":{"line":41,"column":65}},"40":{"start":{"line":42,"column":28},"end":{"line":42,"column":65}},"41":{"start":{"line":43,"column":19},"end":{"line":43,"column":43}},"42":{"start":{"line":44,"column":19},"end":{"line":44,"column":44}},"43":{"start":{"line":46,"column":12},"end":{"line":46,"column":21}},"44":{"start":{"line":47,"column":15},"end":{"line":47,"column":37}},"45":{"start":{"line":49,"column":0},"end":{"line":49,"column":26}},"46":{"start":{"line":55,"column":0},"end":{"line":77,"column":4}},"47":{"start":{"line":79,"column":0},"end":{"line":79,"column":23}},"48":{"start":{"line":82,"column":0},"end":{"line":87,"column":3}},"49":{"start":{"line":83,"column":2},"end":{"line":83,"column":58}},"50":{"start":{"line":84,"column":2},"end":{"line":84,"column":47}},"51":{"start":{"line":85,"column":2},"end":{"line":85,"column":72}},"52":{"start":{"line":86,"column":2},"end":{"line":86,"column":56}},"53":{"start":{"line":90,"column":0},"end":{"line":124,"column":3}},"54":{"start":{"line":91,"column":18},"end":{"line":91,"column":52}},"55":{"start":{"line":92,"column":19},"end":{"line":120,"column":3}},"56":{"start":{"line":121,"column":2},"end":{"line":121,"column":61}},"57":{"start":{"line":122,"column":2},"end":{"line":122,"column":45}},"58":{"start":{"line":123,"column":2},"end":{"line":123,"column":21}},"59":{"start":{"line":126,"column":0},"end":{"line":126,"column":34}},"60":{"start":{"line":128,"column":11},"end":{"line":134,"column":2}},"61":{"start":{"line":137,"column":26},"end":{"line":151,"column":2}},"62":{"start":{"line":153,"column":0},"end":{"line":153,"column":27}},"63":{"start":{"line":154,"column":0},"end":{"line":154,"column":41}},"64":{"start":{"line":155,"column":0},"end":{"line":155,"column":63}},"65":{"start":{"line":158,"column":0},"end":{"line":158,"column":25}},"66":{"start":{"line":159,"column":0},"end":{"line":159,"column":24}},"67":{"start":{"line":160,"column":0},"end":{"line":160,"column":28}},"68":{"start":{"line":163,"column":19},"end":{"line":163,"column":23}},"69":{"start":{"line":164,"column":2},"end":{"line":166,"column":68}},"70":{"start":{"line":164,"column":36},"end":{"line":164,"column":70}},"71":{"start":{"line":165,"column":7},"end":{"line":166,"column":68}},"72":{"start":{"line":166,"column":4},"end":{"line":166,"column":68}},"73":{"start":{"line":168,"column":2},"end":{"line":168,"column":29}},"74":{"start":{"line":170,"column":2},"end":{"line":173,"column":5}},"75":{"start":{"line":176,"column":0},"end":{"line":176,"column":25}},"76":{"start":{"line":177,"column":0},"end":{"line":177,"column":25}},"77":{"start":{"line":179,"column":0},"end":{"line":179,"column":38}},"78":{"start":{"line":180,"column":0},"end":{"line":180,"column":36}},"79":{"start":{"line":181,"column":0},"end":{"line":181,"column":34}},"80":{"start":{"line":182,"column":0},"end":{"line":182,"column":43}},"81":{"start":{"line":183,"column":0},"end":{"line":183,"column":38}},"82":{"start":{"line":184,"column":0},"end":{"line":184,"column":47}},"83":{"start":{"line":185,"column":0},"end":{"line":185,"column":38}},"84":{"start":{"line":186,"column":0},"end":{"line":186,"column":34}},"85":{"start":{"line":187,"column":0},"end":{"line":187,"column":39}},"86":{"start":{"line":188,"column":0},"end":{"line":188,"column":30}},"87":{"start":{"line":189,"column":0},"end":{"line":189,"column":50}},"88":{"start":{"line":190,"column":0},"end":{"line":190,"column":45}},"89":{"start":{"line":191,"column":0},"end":{"line":191,"column":33}},"90":{"start":{"line":192,"column":0},"end":{"line":192,"column":39}},"91":{"start":{"line":193,"column":0},"end":{"line":193,"column":40}},"92":{"start":{"line":194,"column":0},"end":{"line":194,"column":57}},"93":{"start":{"line":198,"column":13},"end":{"line":199,"column":38}},"94":{"start":{"line":198,"column":29},"end":{"line":199,"column":38}},"95":{"start":{"line":199,"column":2},"end":{"line":199,"column":38}},"96":{"start":{"line":200,"column":0},"end":{"line":200,"column":32}},"97":{"start":{"line":201,"column":0},"end":{"line":204,"column":3}},"98":{"start":{"line":202,"column":2},"end":{"line":203,"column":39}},"99":{"start":{"line":202,"column":65},"end":{"line":202,"column":72}},"100":{"start":{"line":203,"column":7},"end":{"line":203,"column":39}},"101":{"start":{"line":206,"column":0},"end":{"line":309,"column":3}},"102":{"start":{"line":207,"column":17},"end":{"line":210,"column":3}},"103":{"start":{"line":208,"column":4},"end":{"line":208,"column":37}},"104":{"start":{"line":209,"column":4},"end":{"line":209,"column":47}},"105":{"start":{"line":211,"column":19},"end":{"line":211,"column":63}},"106":{"start":{"line":212,"column":20},"end":{"line":212,"column":40}},"107":{"start":{"line":214,"column":2},"end":{"line":218,"column":5}},"108":{"start":{"line":215,"column":4},"end":{"line":217,"column":64}},"109":{"start":{"line":216,"column":6},"end":{"line":216,"column":107}},"110":{"start":{"line":217,"column":18},"end":{"line":217,"column":62}},"111":{"start":{"line":220,"column":2},"end":{"line":225,"column":5}},"112":{"start":{"line":221,"column":4},"end":{"line":221,"column":96}},"113":{"start":{"line":221,"column":34},"end":{"line":221,"column":96}},"114":{"start":{"line":222,"column":4},"end":{"line":224,"column":66}},"115":{"start":{"line":223,"column":6},"end":{"line":223,"column":83}},"116":{"start":{"line":224,"column":18},"end":{"line":224,"column":64}},"117":{"start":{"line":227,"column":2},"end":{"line":231,"column":5}},"118":{"start":{"line":228,"column":4},"end":{"line":230,"column":62}},"119":{"start":{"line":229,"column":6},"end":{"line":229,"column":96}},"120":{"start":{"line":229,"column":37},"end":{"line":229,"column":96}},"121":{"start":{"line":230,"column":18},"end":{"line":230,"column":60}},"122":{"start":{"line":233,"column":2},"end":{"line":239,"column":5}},"123":{"start":{"line":234,"column":4},"end":{"line":234,"column":40}},"124":{"start":{"line":234,"column":33},"end":{"line":234,"column":40}},"125":{"start":{"line":235,"column":4},"end":{"line":238,"column":59}},"126":{"start":{"line":236,"column":6},"end":{"line":236,"column":60}},"127":{"start":{"line":236,"column":30},"end":{"line":236,"column":60}},"128":{"start":{"line":237,"column":6},"end":{"line":237,"column":54}},"129":{"start":{"line":237,"column":29},"end":{"line":237,"column":54}},"130":{"start":{"line":238,"column":18},"end":{"line":238,"column":57}},"131":{"start":{"line":241,"column":2},"end":{"line":256,"column":5}},"132":{"start":{"line":242,"column":4},"end":{"line":242,"column":40}},"133":{"start":{"line":242,"column":33},"end":{"line":242,"column":40}},"134":{"start":{"line":243,"column":24},"end":{"line":243,"column":87}},"135":{"start":{"line":244,"column":4},"end":{"line":255,"column":5}},"136":{"start":{"line":245,"column":6},"end":{"line":245,"column":69}},"137":{"start":{"line":246,"column":6},"end":{"line":246,"column":67}},"138":{"start":{"line":247,"column":6},"end":{"line":249,"column":9}},"139":{"start":{"line":250,"column":6},"end":{"line":250,"column":99}},"140":{"start":{"line":252,"column":6},"end":{"line":252,"column":55}},"141":{"start":{"line":253,"column":6},"end":{"line":253,"column":117}},"142":{"start":{"line":254,"column":6},"end":{"line":254,"column":76}},"143":{"start":{"line":258,"column":2},"end":{"line":303,"column":5}},"144":{"start":{"line":259,"column":21},"end":{"line":259,"column":126}},"145":{"start":{"line":260,"column":17},"end":{"line":260,"column":46}},"146":{"start":{"line":261,"column":27},"end":{"line":261,"column":50}},"147":{"start":{"line":262,"column":4},"end":{"line":302,"column":5}},"148":{"start":{"line":263,"column":28},"end":{"line":263,"column":48}},"149":{"start":{"line":265,"column":6},"end":{"line":265,"column":126}},"150":{"start":{"line":267,"column":24},"end":{"line":267,"column":45}},"151":{"start":{"line":268,"column":23},"end":{"line":268,"column":43}},"152":{"start":{"line":269,"column":22},"end":{"line":269,"column":117}},"153":{"start":{"line":270,"column":26},"end":{"line":270,"column":48}},"154":{"start":{"line":271,"column":24},"end":{"line":271,"column":98}},"155":{"start":{"line":272,"column":27},"end":{"line":272,"column":29}},"156":{"start":{"line":274,"column":6},"end":{"line":274,"column":98}},"157":{"start":{"line":274,"column":33},"end":{"line":274,"column":94}},"158":{"start":{"line":276,"column":31},"end":{"line":276,"column":138}},"159":{"start":{"line":278,"column":22},"end":{"line":296,"column":9}},"160":{"start":{"line":278,"column":51},"end":{"line":296,"column":7}},"161":{"start":{"line":287,"column":45},"end":{"line":294,"column":9}},"162":{"start":{"line":298,"column":6},"end":{"line":298,"column":51}},"163":{"start":{"line":300,"column":6},"end":{"line":300,"column":36}},"164":{"start":{"line":301,"column":6},"end":{"line":301,"column":54}},"165":{"start":{"line":305,"column":2},"end":{"line":308,"column":5}},"166":{"start":{"line":306,"column":4},"end":{"line":306,"column":103}},"167":{"start":{"line":306,"column":36},"end":{"line":306,"column":93}},"168":{"start":{"line":306,"column":94},"end":{"line":306,"column":101}},"169":{"start":{"line":307,"column":4},"end":{"line":307,"column":79}},"170":{"start":{"line":312,"column":19},"end":{"line":312,"column":124}},"171":{"start":{"line":313,"column":15},"end":{"line":313,"column":44}},"172":{"start":{"line":314,"column":25},"end":{"line":314,"column":48}},"173":{"start":{"line":315,"column":17},"end":{"line":315,"column":42}},"174":{"start":{"line":316,"column":22},"end":{"line":316,"column":66}},"175":{"start":{"line":318,"column":2},"end":{"line":318,"column":77}},"176":{"start":{"line":320,"column":2},"end":{"line":439,"column":3}},"177":{"start":{"line":321,"column":22},"end":{"line":321,"column":43}},"178":{"start":{"line":322,"column":21},"end":{"line":322,"column":41}},"179":{"start":{"line":323,"column":20},"end":{"line":323,"column":73}},"180":{"start":{"line":324,"column":18},"end":{"line":324,"column":43}},"181":{"start":{"line":325,"column":29},"end":{"line":325,"column":105}},"182":{"start":{"line":325,"column":53},"end":{"line":325,"column":104}},"183":{"start":{"line":325,"column":73},"end":{"line":325,"column":103}},"184":{"start":{"line":326,"column":24},"end":{"line":326,"column":46}},"185":{"start":{"line":327,"column":29},"end":{"line":327,"column":124}},"186":{"start":{"line":329,"column":20},"end":{"line":329,"column":21}},"187":{"start":{"line":331,"column":24},"end":{"line":334,"column":13}},"188":{"start":{"line":332,"column":16},"end":{"line":332,"column":54}},"189":{"start":{"line":332,"column":36},"end":{"line":332,"column":53}},"190":{"start":{"line":333,"column":6},"end":{"line":333,"column":95}},"191":{"start":{"line":336,"column":4},"end":{"line":433,"column":5}},"192":{"start":{"line":337,"column":25},"end":{"line":337,"column":68}},"193":{"start":{"line":337,"column":45},"end":{"line":337,"column":67}},"194":{"start":{"line":338,"column":6},"end":{"line":338,"column":81}},"195":{"start":{"line":338,"column":72},"end":{"line":338,"column":81}},"196":{"start":{"line":339,"column":6},"end":{"line":339,"column":81}},"197":{"start":{"line":339,"column":72},"end":{"line":339,"column":81}},"198":{"start":{"line":341,"column":32},"end":{"line":341,"column":111}},"199":{"start":{"line":345,"column":6},"end":{"line":351,"column":9}},"200":{"start":{"line":345,"column":28},"end":{"line":351,"column":9}},"201":{"start":{"line":353,"column":6},"end":{"line":353,"column":45}},"202":{"start":{"line":355,"column":6},"end":{"line":372,"column":7}},"203":{"start":{"line":356,"column":28},"end":{"line":356,"column":72}},"204":{"start":{"line":356,"column":49},"end":{"line":356,"column":71}},"205":{"start":{"line":357,"column":8},"end":{"line":371,"column":9}},"206":{"start":{"line":358,"column":10},"end":{"line":370,"column":98}},"207":{"start":{"line":359,"column":32},"end":{"line":359,"column":98}},"208":{"start":{"line":360,"column":12},"end":{"line":369,"column":13}},"209":{"start":{"line":361,"column":14},"end":{"line":361,"column":39}},"210":{"start":{"line":362,"column":14},"end":{"line":362,"column":31}},"211":{"start":{"line":363,"column":14},"end":{"line":363,"column":90}},"212":{"start":{"line":365,"column":33},"end":{"line":365,"column":125}},"213":{"start":{"line":366,"column":32},"end":{"line":366,"column":67}},"214":{"start":{"line":367,"column":14},"end":{"line":367,"column":71}},"215":{"start":{"line":368,"column":14},"end":{"line":368,"column":65}},"216":{"start":{"line":370,"column":24},"end":{"line":370,"column":96}},"217":{"start":{"line":374,"column":6},"end":{"line":383,"column":7}},"218":{"start":{"line":375,"column":8},"end":{"line":382,"column":9}},"219":{"start":{"line":376,"column":10},"end":{"line":376,"column":106}},"220":{"start":{"line":377,"column":10},"end":{"line":378,"column":82}},"221":{"start":{"line":377,"column":22},"end":{"line":377,"column":105}},"222":{"start":{"line":378,"column":15},"end":{"line":378,"column":82}},"223":{"start":{"line":380,"column":10},"end":{"line":380,"column":51}},"224":{"start":{"line":381,"column":10},"end":{"line":381,"column":63}},"225":{"start":{"line":385,"column":6},"end":{"line":423,"column":7}},"226":{"start":{"line":386,"column":8},"end":{"line":422,"column":68}},"227":{"start":{"line":387,"column":29},"end":{"line":387,"column":139}},"228":{"start":{"line":389,"column":20},"end":{"line":391,"column":57}},"229":{"start":{"line":392,"column":26},"end":{"line":392,"column":31}},"230":{"start":{"line":394,"column":10},"end":{"line":406,"column":13}},"231":{"start":{"line":395,"column":12},"end":{"line":395,"column":81}},"232":{"start":{"line":395,"column":74},"end":{"line":395,"column":81}},"233":{"start":{"line":396,"column":12},"end":{"line":396,"column":29}},"234":{"start":{"line":397,"column":22},"end":{"line":397,"column":24}},"235":{"start":{"line":399,"column":12},"end":{"line":404,"column":13}},"236":{"start":{"line":400,"column":14},"end":{"line":400,"column":74}},"237":{"start":{"line":402,"column":26},"end":{"line":402,"column":112}},"238":{"start":{"line":403,"column":14},"end":{"line":403,"column":166}},"239":{"start":{"line":405,"column":12},"end":{"line":405,"column":30}},"240":{"start":{"line":408,"column":10},"end":{"line":421,"column":11}},"241":{"start":{"line":409,"column":12},"end":{"line":413,"column":13}},"242":{"start":{"line":409,"column":24},"end":{"line":409,"column":84}},"243":{"start":{"line":411,"column":14},"end":{"line":411,"column":68}},"244":{"start":{"line":412,"column":14},"end":{"line":412,"column":62}},"245":{"start":{"line":414,"column":12},"end":{"line":420,"column":15}},"246":{"start":{"line":418,"column":55},"end":{"line":418,"column":62}},"247":{"start":{"line":422,"column":22},"end":{"line":422,"column":66}},"248":{"start":{"line":424,"column":6},"end":{"line":424,"column":18}},"249":{"start":{"line":426,"column":6},"end":{"line":432,"column":9}},"250":{"start":{"line":426,"column":28},"end":{"line":432,"column":9}},"251":{"start":{"line":434,"column":4},"end":{"line":434,"column":60}},"252":{"start":{"line":435,"column":4},"end":{"line":435,"column":38}},"253":{"start":{"line":437,"column":4},"end":{"line":437,"column":43}},"254":{"start":{"line":438,"column":4},"end":{"line":438,"column":38}},"255":{"start":{"line":443,"column":19},"end":{"line":443,"column":58}},"256":{"start":{"line":444,"column":14},"end":{"line":444,"column":16}},"257":{"start":{"line":445,"column":2},"end":{"line":448,"column":5}},"258":{"start":{"line":446,"column":4},"end":{"line":446,"column":51}},"259":{"start":{"line":446,"column":28},"end":{"line":446,"column":51}},"260":{"start":{"line":447,"column":4},"end":{"line":447,"column":35}},"261":{"start":{"line":449,"column":2},"end":{"line":449,"column":13}},"262":{"start":{"line":453,"column":2},"end":{"line":453,"column":74}},"263":{"start":{"line":454,"column":2},"end":{"line":454,"column":17}},"264":{"start":{"line":455,"column":2},"end":{"line":455,"column":13}},"265":{"start":{"line":456,"column":2},"end":{"line":462,"column":3}},"266":{"start":{"line":457,"column":4},"end":{"line":461,"column":5}},"267":{"start":{"line":458,"column":6},"end":{"line":458,"column":37}},"268":{"start":{"line":460,"column":6},"end":{"line":460,"column":71}},"269":{"start":{"line":463,"column":2},"end":{"line":467,"column":3}},"270":{"start":{"line":464,"column":4},"end":{"line":464,"column":23}},"271":{"start":{"line":466,"column":4},"end":{"line":466,"column":62}},"272":{"start":{"line":468,"column":2},"end":{"line":468,"column":18}},"273":{"start":{"line":471,"column":0},"end":{"line":509,"column":1}},"274":{"start":{"line":472,"column":2},"end":{"line":475,"column":5}},"275":{"start":{"line":473,"column":4},"end":{"line":473,"column":90}},"276":{"start":{"line":474,"column":4},"end":{"line":474,"column":20}},"277":{"start":{"line":477,"column":2},"end":{"line":480,"column":5}},"278":{"start":{"line":478,"column":4},"end":{"line":478,"column":85}},"279":{"start":{"line":479,"column":4},"end":{"line":479,"column":20}},"280":{"start":{"line":482,"column":2},"end":{"line":508,"column":7}},"281":{"start":{"line":483,"column":4},"end":{"line":507,"column":5}},"282":{"start":{"line":484,"column":6},"end":{"line":484,"column":28}},"283":{"start":{"line":485,"column":6},"end":{"line":485,"column":24}},"284":{"start":{"line":487,"column":6},"end":{"line":487,"column":44}},"285":{"start":{"line":488,"column":6},"end":{"line":490,"column":7}},"286":{"start":{"line":489,"column":8},"end":{"line":489,"column":38}},"287":{"start":{"line":492,"column":6},"end":{"line":492,"column":42}},"288":{"start":{"line":493,"column":6},"end":{"line":493,"column":39}},"289":{"start":{"line":495,"column":6},"end":{"line":495,"column":30}},"290":{"start":{"line":497,"column":19},"end":{"line":497,"column":58}},"291":{"start":{"line":498,"column":6},"end":{"line":501,"column":9}},"292":{"start":{"line":499,"column":8},"end":{"line":499,"column":65}},"293":{"start":{"line":500,"column":8},"end":{"line":500,"column":83}},"294":{"start":{"line":503,"column":6},"end":{"line":503,"column":55}},"295":{"start":{"line":503,"column":34},"end":{"line":503,"column":53}},"296":{"start":{"line":504,"column":6},"end":{"line":504,"column":54}},"297":{"start":{"line":504,"column":34},"end":{"line":504,"column":52}},"298":{"start":{"line":506,"column":6},"end":{"line":506,"column":87}},"299":{"start":{"line":511,"column":0},"end":{"line":511,"column":21}}},"fnMap":{"0":{"name":"(anonymous_0)","decl":{"start":{"line":82,"column":18},"end":{"line":82,"column":19}},"loc":{"start":{"line":82,"column":32},"end":{"line":87,"column":1}},"line":82},"1":{"name":"(anonymous_1)","decl":{"start":{"line":90,"column":26},"end":{"line":90,"column":27}},"loc":{"start":{"line":90,"column":40},"end":{"line":124,"column":1}},"line":90},"2":{"name":"initializeProxy","decl":{"start":{"line":162,"column":15},"end":{"line":162,"column":30}},"loc":{"start":{"line":162,"column":33},"end":{"line":174,"column":1}},"line":162},"3":{"name":"(anonymous_3)","decl":{"start":{"line":198,"column":13},"end":{"line":198,"column":14}},"loc":{"start":{"line":198,"column":29},"end":{"line":199,"column":38}},"line":198},"4":{"name":"(anonymous_4)","decl":{"start":{"line":198,"column":29},"end":{"line":198,"column":30}},"loc":{"start":{"line":199,"column":2},"end":{"line":199,"column":38}},"line":199},"5":{"name":"(anonymous_5)","decl":{"start":{"line":201,"column":7},"end":{"line":201,"column":8}},"loc":{"start":{"line":201,"column":25},"end":{"line":204,"column":1}},"line":201},"6":{"name":"(anonymous_6)","decl":{"start":{"line":206,"column":20},"end":{"line":206,"column":21}},"loc":{"start":{"line":206,"column":32},"end":{"line":309,"column":1}},"line":206},"7":{"name":"(anonymous_7)","decl":{"start":{"line":207,"column":17},"end":{"line":207,"column":18}},"loc":{"start":{"line":207,"column":26},"end":{"line":210,"column":3}},"line":207},"8":{"name":"(anonymous_8)","decl":{"start":{"line":214,"column":31},"end":{"line":214,"column":32}},"loc":{"start":{"line":214,"column":43},"end":{"line":218,"column":3}},"line":214},"9":{"name":"(anonymous_9)","decl":{"start":{"line":220,"column":33},"end":{"line":220,"column":34}},"loc":{"start":{"line":220,"column":59},"end":{"line":225,"column":3}},"line":220},"10":{"name":"(anonymous_10)","decl":{"start":{"line":227,"column":29},"end":{"line":227,"column":30}},"loc":{"start":{"line":227,"column":35},"end":{"line":231,"column":3}},"line":227},"11":{"name":"(anonymous_11)","decl":{"start":{"line":233,"column":26},"end":{"line":233,"column":27}},"loc":{"start":{"line":233,"column":38},"end":{"line":239,"column":3}},"line":233},"12":{"name":"(anonymous_12)","decl":{"start":{"line":241,"column":28},"end":{"line":241,"column":29}},"loc":{"start":{"line":241,"column":44},"end":{"line":256,"column":3}},"line":241},"13":{"name":"(anonymous_13)","decl":{"start":{"line":258,"column":36},"end":{"line":258,"column":37}},"loc":{"start":{"line":258,"column":66},"end":{"line":303,"column":3}},"line":258},"14":{"name":"(anonymous_14)","decl":{"start":{"line":274,"column":24},"end":{"line":274,"column":25}},"loc":{"start":{"line":274,"column":31},"end":{"line":274,"column":96}},"line":274},"15":{"name":"(anonymous_15)","decl":{"start":{"line":278,"column":43},"end":{"line":278,"column":44}},"loc":{"start":{"line":278,"column":51},"end":{"line":296,"column":7}},"line":278},"16":{"name":"(anonymous_16)","decl":{"start":{"line":287,"column":37},"end":{"line":287,"column":38}},"loc":{"start":{"line":287,"column":45},"end":{"line":294,"column":9}},"line":287},"17":{"name":"(anonymous_17)","decl":{"start":{"line":305,"column":33},"end":{"line":305,"column":34}},"loc":{"start":{"line":305,"column":58},"end":{"line":308,"column":3}},"line":305},"18":{"name":"handleQueueProcessing","decl":{"start":{"line":311,"column":15},"end":{"line":311,"column":36}},"loc":{"start":{"line":311,"column":68},"end":{"line":440,"column":1}},"line":311},"19":{"name":"(anonymous_19)","decl":{"start":{"line":325,"column":46},"end":{"line":325,"column":47}},"loc":{"start":{"line":325,"column":53},"end":{"line":325,"column":104}},"line":325},"20":{"name":"(anonymous_20)","decl":{"start":{"line":325,"column":66},"end":{"line":325,"column":67}},"loc":{"start":{"line":325,"column":73},"end":{"line":325,"column":103}},"line":325},"21":{"name":"(anonymous_21)","decl":{"start":{"line":331,"column":48},"end":{"line":331,"column":49}},"loc":{"start":{"line":331,"column":55},"end":{"line":334,"column":5}},"line":331},"22":{"name":"(anonymous_22)","decl":{"start":{"line":332,"column":29},"end":{"line":332,"column":30}},"loc":{"start":{"line":332,"column":36},"end":{"line":332,"column":53}},"line":332},"23":{"name":"(anonymous_23)","decl":{"start":{"line":337,"column":38},"end":{"line":337,"column":39}},"loc":{"start":{"line":337,"column":45},"end":{"line":337,"column":67}},"line":337},"24":{"name":"(anonymous_24)","decl":{"start":{"line":356,"column":42},"end":{"line":356,"column":43}},"loc":{"start":{"line":356,"column":49},"end":{"line":356,"column":71}},"line":356},"25":{"name":"(anonymous_25)","decl":{"start":{"line":394,"column":40},"end":{"line":394,"column":41}},"loc":{"start":{"line":394,"column":47},"end":{"line":406,"column":11}},"line":394},"26":{"name":"(anonymous_26)","decl":{"start":{"line":418,"column":48},"end":{"line":418,"column":49}},"loc":{"start":{"line":418,"column":55},"end":{"line":418,"column":62}},"line":418},"27":{"name":"getTrainingMap","decl":{"start":{"line":442,"column":15},"end":{"line":442,"column":29}},"loc":{"start":{"line":442,"column":32},"end":{"line":450,"column":1}},"line":442},"28":{"name":"(anonymous_28)","decl":{"start":{"line":445,"column":19},"end":{"line":445,"column":20}},"loc":{"start":{"line":445,"column":26},"end":{"line":448,"column":3}},"line":445},"29":{"name":"shutdown","decl":{"start":{"line":452,"column":15},"end":{"line":452,"column":23}},"loc":{"start":{"line":452,"column":32},"end":{"line":469,"column":1}},"line":452},"30":{"name":"(anonymous_30)","decl":{"start":{"line":472,"column":34},"end":{"line":472,"column":35}},"loc":{"start":{"line":472,"column":43},"end":{"line":475,"column":3}},"line":472},"31":{"name":"(anonymous_31)","decl":{"start":{"line":477,"column":35},"end":{"line":477,"column":36}},"loc":{"start":{"line":477,"column":47},"end":{"line":480,"column":3}},"line":477},"32":{"name":"(anonymous_32)","decl":{"start":{"line":482,"column":3},"end":{"line":482,"column":4}},"loc":{"start":{"line":482,"column":15},"end":{"line":508,"column":3}},"line":482},"33":{"name":"(anonymous_33)","decl":{"start":{"line":498,"column":37},"end":{"line":498,"column":38}},"loc":{"start":{"line":498,"column":43},"end":{"line":501,"column":7}},"line":498},"34":{"name":"(anonymous_34)","decl":{"start":{"line":503,"column":28},"end":{"line":503,"column":29}},"loc":{"start":{"line":503,"column":34},"end":{"line":503,"column":53}},"line":503},"35":{"name":"(anonymous_35)","decl":{"start":{"line":504,"column":28},"end":{"line":504,"column":29}},"loc":{"start":{"line":504,"column":34},"end":{"line":504,"column":52}},"line":504}},"branchMap":{"0":{"loc":{"start":{"line":91,"column":18},"end":{"line":91,"column":52}},"type":"binary-expr","locations":[{"start":{"line":91,"column":18},"end":{"line":91,"column":39}},{"start":{"line":91,"column":43},"end":{"line":91,"column":52}}],"line":91},"1":{"loc":{"start":{"line":131,"column":8},"end":{"line":133,"column":23}},"type":"cond-expr","locations":[{"start":{"line":132,"column":6},"end":{"line":132,"column":80}},{"start":{"line":133,"column":6},"end":{"line":133,"column":23}}],"line":131},"2":{"loc":{"start":{"line":164,"column":2},"end":{"line":166,"column":68}},"type":"if","locations":[{"start":{"line":164,"column":2},"end":{"line":166,"column":68}},{"start":{"line":165,"column":7},"end":{"line":166,"column":68}}],"line":164},"3":{"loc":{"start":{"line":165,"column":7},"end":{"line":166,"column":68}},"type":"if","locations":[{"start":{"line":165,"column":7},"end":{"line":166,"column":68}},{"start":{},"end":{}}],"line":165},"4":{"loc":{"start":{"line":172,"column":14},"end":{"line":172,"column":55}},"type":"cond-expr","locations":[{"start":{"line":172,"column":27},"end":{"line":172,"column":39}},{"start":{"line":172,"column":42},"end":{"line":172,"column":55}}],"line":172},"5":{"loc":{"start":{"line":202,"column":2},"end":{"line":203,"column":39}},"type":"if","locations":[{"start":{"line":202,"column":2},"end":{"line":203,"column":39}},{"start":{"line":203,"column":7},"end":{"line":203,"column":39}}],"line":202},"6":{"loc":{"start":{"line":202,"column":6},"end":{"line":202,"column":63}},"type":"binary-expr","locations":[{"start":{"line":202,"column":6},"end":{"line":202,"column":28}},{"start":{"line":202,"column":32},"end":{"line":202,"column":63}}],"line":202},"7":{"loc":{"start":{"line":211,"column":19},"end":{"line":211,"column":63}},"type":"binary-expr","locations":[{"start":{"line":211,"column":19},"end":{"line":211,"column":52}},{"start":{"line":211,"column":56},"end":{"line":211,"column":63}}],"line":211},"8":{"loc":{"start":{"line":212,"column":20},"end":{"line":212,"column":40}},"type":"binary-expr","locations":[{"start":{"line":212,"column":20},"end":{"line":212,"column":35}},{"start":{"line":212,"column":39},"end":{"line":212,"column":40}}],"line":212},"9":{"loc":{"start":{"line":216,"column":69},"end":{"line":216,"column":104}},"type":"binary-expr","locations":[{"start":{"line":216,"column":69},"end":{"line":216,"column":99}},{"start":{"line":216,"column":103},"end":{"line":216,"column":104}}],"line":216},"10":{"loc":{"start":{"line":221,"column":4},"end":{"line":221,"column":96}},"type":"if","locations":[{"start":{"line":221,"column":4},"end":{"line":221,"column":96}},{"start":{},"end":{}}],"line":221},"11":{"loc":{"start":{"line":223,"column":34},"end":{"line":223,"column":69}},"type":"binary-expr","locations":[{"start":{"line":223,"column":34},"end":{"line":223,"column":64}},{"start":{"line":223,"column":68},"end":{"line":223,"column":69}}],"line":223},"12":{"loc":{"start":{"line":229,"column":6},"end":{"line":229,"column":96}},"type":"if","locations":[{"start":{"line":229,"column":6},"end":{"line":229,"column":96}},{"start":{},"end":{}}],"line":229},"13":{"loc":{"start":{"line":234,"column":4},"end":{"line":234,"column":40}},"type":"if","locations":[{"start":{"line":234,"column":4},"end":{"line":234,"column":40}},{"start":{},"end":{}}],"line":234},"14":{"loc":{"start":{"line":236,"column":6},"end":{"line":236,"column":60}},"type":"if","locations":[{"start":{"line":236,"column":6},"end":{"line":236,"column":60}},{"start":{},"end":{}}],"line":236},"15":{"loc":{"start":{"line":237,"column":6},"end":{"line":237,"column":54}},"type":"if","locations":[{"start":{"line":237,"column":6},"end":{"line":237,"column":54}},{"start":{},"end":{}}],"line":237},"16":{"loc":{"start":{"line":242,"column":4},"end":{"line":242,"column":40}},"type":"if","locations":[{"start":{"line":242,"column":4},"end":{"line":242,"column":40}},{"start":{},"end":{}}],"line":242},"17":{"loc":{"start":{"line":243,"column":24},"end":{"line":243,"column":87}},"type":"binary-expr","locations":[{"start":{"line":243,"column":24},"end":{"line":243,"column":56}},{"start":{"line":243,"column":60},"end":{"line":243,"column":87}}],"line":243},"18":{"loc":{"start":{"line":259,"column":21},"end":{"line":259,"column":126}},"type":"binary-expr","locations":[{"start":{"line":259,"column":21},"end":{"line":259,"column":66}},{"start":{"line":259,"column":71},"end":{"line":259,"column":125}}],"line":259},"19":{"loc":{"start":{"line":259,"column":71},"end":{"line":259,"column":125}},"type":"cond-expr","locations":[{"start":{"line":259,"column":109},"end":{"line":259,"column":116}},{"start":{"line":259,"column":119},"end":{"line":259,"column":125}}],"line":259},"20":{"loc":{"start":{"line":263,"column":28},"end":{"line":263,"column":48}},"type":"binary-expr","locations":[{"start":{"line":263,"column":28},"end":{"line":263,"column":42}},{"start":{"line":263,"column":46},"end":{"line":263,"column":48}}],"line":263},"21":{"loc":{"start":{"line":265,"column":70},"end":{"line":265,"column":118}},"type":"cond-expr","locations":[{"start":{"line":265,"column":85},"end":{"line":265,"column":102}},{"start":{"line":265,"column":105},"end":{"line":265,"column":118}}],"line":265},"22":{"loc":{"start":{"line":281,"column":19},"end":{"line":281,"column":39}},"type":"binary-expr","locations":[{"start":{"line":281,"column":19},"end":{"line":281,"column":25}},{"start":{"line":281,"column":35},"end":{"line":281,"column":39}}],"line":281},"23":{"loc":{"start":{"line":282,"column":19},"end":{"line":282,"column":39}},"type":"binary-expr","locations":[{"start":{"line":282,"column":19},"end":{"line":282,"column":30}},{"start":{"line":282,"column":35},"end":{"line":282,"column":39}}],"line":282},"24":{"loc":{"start":{"line":283,"column":19},"end":{"line":283,"column":39}},"type":"binary-expr","locations":[{"start":{"line":283,"column":19},"end":{"line":283,"column":31}},{"start":{"line":283,"column":35},"end":{"line":283,"column":39}}],"line":283},"25":{"loc":{"start":{"line":306,"column":4},"end":{"line":306,"column":103}},"type":"if","locations":[{"start":{"line":306,"column":4},"end":{"line":306,"column":103}},{"start":{},"end":{}}],"line":306},"26":{"loc":{"start":{"line":307,"column":49},"end":{"line":307,"column":69}},"type":"binary-expr","locations":[{"start":{"line":307,"column":49},"end":{"line":307,"column":63}},{"start":{"line":307,"column":67},"end":{"line":307,"column":69}}],"line":307},"27":{"loc":{"start":{"line":312,"column":19},"end":{"line":312,"column":124}},"type":"binary-expr","locations":[{"start":{"line":312,"column":19},"end":{"line":312,"column":64}},{"start":{"line":312,"column":69},"end":{"line":312,"column":123}}],"line":312},"28":{"loc":{"start":{"line":312,"column":69},"end":{"line":312,"column":123}},"type":"cond-expr","locations":[{"start":{"line":312,"column":107},"end":{"line":312,"column":114}},{"start":{"line":312,"column":117},"end":{"line":312,"column":123}}],"line":312},"29":{"loc":{"start":{"line":316,"column":22},"end":{"line":316,"column":66}},"type":"binary-expr","locations":[{"start":{"line":316,"column":22},"end":{"line":316,"column":54}},{"start":{"line":316,"column":58},"end":{"line":316,"column":66}}],"line":316},"30":{"loc":{"start":{"line":325,"column":73},"end":{"line":325,"column":103}},"type":"binary-expr","locations":[{"start":{"line":325,"column":73},"end":{"line":325,"column":90}},{"start":{"line":325,"column":94},"end":{"line":325,"column":103}}],"line":325},"31":{"loc":{"start":{"line":333,"column":13},"end":{"line":333,"column":94}},"type":"binary-expr","locations":[{"start":{"line":333,"column":13},"end":{"line":333,"column":14}},{"start":{"line":333,"column":19},"end":{"line":333,"column":30}},{"start":{"line":333,"column":34},"end":{"line":333,"column":42}},{"start":{"line":333,"column":47},"end":{"line":333,"column":63}},{"start":{"line":333,"column":67},"end":{"line":333,"column":94}}],"line":333},"32":{"loc":{"start":{"line":338,"column":6},"end":{"line":338,"column":81}},"type":"if","locations":[{"start":{"line":338,"column":6},"end":{"line":338,"column":81}},{"start":{},"end":{}}],"line":338},"33":{"loc":{"start":{"line":338,"column":10},"end":{"line":338,"column":70}},"type":"binary-expr","locations":[{"start":{"line":338,"column":10},"end":{"line":338,"column":21}},{"start":{"line":338,"column":26},"end":{"line":338,"column":47}},{"start":{"line":338,"column":51},"end":{"line":338,"column":69}}],"line":338},"34":{"loc":{"start":{"line":339,"column":6},"end":{"line":339,"column":81}},"type":"if","locations":[{"start":{"line":339,"column":6},"end":{"line":339,"column":81}},{"start":{},"end":{}}],"line":339},"35":{"loc":{"start":{"line":339,"column":10},"end":{"line":339,"column":70}},"type":"binary-expr","locations":[{"start":{"line":339,"column":10},"end":{"line":339,"column":32}},{"start":{"line":339,"column":36},"end":{"line":339,"column":70}}],"line":339},"36":{"loc":{"start":{"line":345,"column":6},"end":{"line":351,"column":9}},"type":"if","locations":[{"start":{"line":345,"column":6},"end":{"line":351,"column":9}},{"start":{},"end":{}}],"line":345},"37":{"loc":{"start":{"line":357,"column":8},"end":{"line":371,"column":9}},"type":"if","locations":[{"start":{"line":357,"column":8},"end":{"line":371,"column":9}},{"start":{},"end":{}}],"line":357},"38":{"loc":{"start":{"line":357,"column":12},"end":{"line":357,"column":81}},"type":"binary-expr","locations":[{"start":{"line":357,"column":12},"end":{"line":357,"column":23}},{"start":{"line":357,"column":27},"end":{"line":357,"column":62}},{"start":{"line":357,"column":66},"end":{"line":357,"column":81}}],"line":357},"39":{"loc":{"start":{"line":360,"column":12},"end":{"line":369,"column":13}},"type":"if","locations":[{"start":{"line":360,"column":12},"end":{"line":369,"column":13}},{"start":{"line":364,"column":19},"end":{"line":369,"column":13}}],"line":360},"40":{"loc":{"start":{"line":366,"column":32},"end":{"line":366,"column":67}},"type":"cond-expr","locations":[{"start":{"line":366,"column":58},"end":{"line":366,"column":61}},{"start":{"line":366,"column":64},"end":{"line":366,"column":67}}],"line":366},"41":{"loc":{"start":{"line":374,"column":6},"end":{"line":383,"column":7}},"type":"if","locations":[{"start":{"line":374,"column":6},"end":{"line":383,"column":7}},{"start":{},"end":{}}],"line":374},"42":{"loc":{"start":{"line":374,"column":10},"end":{"line":374,"column":46}},"type":"binary-expr","locations":[{"start":{"line":374,"column":10},"end":{"line":374,"column":30}},{"start":{"line":374,"column":34},"end":{"line":374,"column":46}}],"line":374},"43":{"loc":{"start":{"line":377,"column":10},"end":{"line":378,"column":82}},"type":"if","locations":[{"start":{"line":377,"column":10},"end":{"line":378,"column":82}},{"start":{"line":378,"column":15},"end":{"line":378,"column":82}}],"line":377},"44":{"loc":{"start":{"line":385,"column":6},"end":{"line":423,"column":7}},"type":"if","locations":[{"start":{"line":385,"column":6},"end":{"line":423,"column":7}},{"start":{},"end":{}}],"line":385},"45":{"loc":{"start":{"line":385,"column":10},"end":{"line":385,"column":69}},"type":"binary-expr","locations":[{"start":{"line":385,"column":10},"end":{"line":385,"column":27}},{"start":{"line":385,"column":31},"end":{"line":385,"column":44}},{"start":{"line":385,"column":48},"end":{"line":385,"column":69}}],"line":385},"46":{"loc":{"start":{"line":389,"column":21},"end":{"line":389,"column":43}},"type":"binary-expr","locations":[{"start":{"line":389,"column":21},"end":{"line":389,"column":37}},{"start":{"line":389,"column":41},"end":{"line":389,"column":43}}],"line":389},"47":{"loc":{"start":{"line":395,"column":12},"end":{"line":395,"column":81}},"type":"if","locations":[{"start":{"line":395,"column":12},"end":{"line":395,"column":81}},{"start":{},"end":{}}],"line":395},"48":{"loc":{"start":{"line":395,"column":16},"end":{"line":395,"column":72}},"type":"binary-expr","locations":[{"start":{"line":395,"column":16},"end":{"line":395,"column":44}},{"start":{"line":395,"column":48},"end":{"line":395,"column":54}},{"start":{"line":395,"column":58},"end":{"line":395,"column":72}}],"line":395},"49":{"loc":{"start":{"line":399,"column":12},"end":{"line":404,"column":13}},"type":"if","locations":[{"start":{"line":399,"column":12},"end":{"line":404,"column":13}},{"start":{"line":401,"column":19},"end":{"line":404,"column":13}}],"line":399},"50":{"loc":{"start":{"line":402,"column":26},"end":{"line":402,"column":112}},"type":"cond-expr","locations":[{"start":{"line":402,"column":34},"end":{"line":402,"column":73}},{"start":{"line":402,"column":76},"end":{"line":402,"column":112}}],"line":402},"51":{"loc":{"start":{"line":402,"column":34},"end":{"line":402,"column":73}},"type":"binary-expr","locations":[{"start":{"line":402,"column":34},"end":{"line":402,"column":48}},{"start":{"line":402,"column":52},"end":{"line":402,"column":73}}],"line":402},"52":{"loc":{"start":{"line":402,"column":76},"end":{"line":402,"column":112}},"type":"binary-expr","locations":[{"start":{"line":402,"column":76},"end":{"line":402,"column":95}},{"start":{"line":402,"column":99},"end":{"line":402,"column":112}}],"line":402},"53":{"loc":{"start":{"line":403,"column":104},"end":{"line":403,"column":115}},"type":"binary-expr","locations":[{"start":{"line":403,"column":104},"end":{"line":403,"column":109}},{"start":{"line":403,"column":113},"end":{"line":403,"column":115}}],"line":403},"54":{"loc":{"start":{"line":403,"column":141},"end":{"line":403,"column":164}},"type":"cond-expr","locations":[{"start":{"line":403,"column":156},"end":{"line":403,"column":159}},{"start":{"line":403,"column":162},"end":{"line":403,"column":164}}],"line":403},"55":{"loc":{"start":{"line":408,"column":10},"end":{"line":421,"column":11}},"type":"if","locations":[{"start":{"line":408,"column":10},"end":{"line":421,"column":11}},{"start":{},"end":{}}],"line":408},"56":{"loc":{"start":{"line":409,"column":12},"end":{"line":413,"column":13}},"type":"if","locations":[{"start":{"line":409,"column":12},"end":{"line":413,"column":13}},{"start":{"line":410,"column":17},"end":{"line":413,"column":13}}],"line":409},"57":{"loc":{"start":{"line":414,"column":55},"end":{"line":414,"column":110}},"type":"cond-expr","locations":[{"start":{"line":414,"column":64},"end":{"line":414,"column":88}},{"start":{"line":414,"column":91},"end":{"line":414,"column":110}}],"line":414},"58":{"loc":{"start":{"line":426,"column":6},"end":{"line":432,"column":9}},"type":"if","locations":[{"start":{"line":426,"column":6},"end":{"line":432,"column":9}},{"start":{},"end":{}}],"line":426},"59":{"loc":{"start":{"line":446,"column":4},"end":{"line":446,"column":51}},"type":"if","locations":[{"start":{"line":446,"column":4},"end":{"line":446,"column":51}},{"start":{},"end":{}}],"line":446},"60":{"loc":{"start":{"line":456,"column":2},"end":{"line":462,"column":3}},"type":"if","locations":[{"start":{"line":456,"column":2},"end":{"line":462,"column":3}},{"start":{},"end":{}}],"line":456},"61":{"loc":{"start":{"line":471,"column":0},"end":{"line":509,"column":1}},"type":"if","locations":[{"start":{"line":471,"column":0},"end":{"line":509,"column":1}},{"start":{},"end":{}}],"line":471},"62":{"loc":{"start":{"line":488,"column":6},"end":{"line":490,"column":7}},"type":"if","locations":[{"start":{"line":488,"column":6},"end":{"line":490,"column":7}},{"start":{},"end":{}}],"line":488},"63":{"loc":{"start":{"line":497,"column":19},"end":{"line":497,"column":58}},"type":"binary-expr","locations":[{"start":{"line":497,"column":19},"end":{"line":497,"column":35}},{"start":{"line":497,"column":39},"end":{"line":497,"column":50}},{"start":{"line":497,"column":54},"end":{"line":497,"column":58}}],"line":497},"64":{"loc":{"start":{"line":500,"column":34},"end":{"line":500,"column":64}},"type":"binary-expr","locations":[{"start":{"line":500,"column":34},"end":{"line":500,"column":48}},{"start":{"line":500,"column":52},"end":{"line":500,"column":64}}],"line":500}},"s":{"0":1,"1":1,"2":1,"3":1,"4":1,"5":1,"6":1,"7":1,"8":1,"9":1,"10":1,"11":1,"12":1,"13":1,"14":1,"15":1,"16":1,"17":1,"18":1,"19":1,"20":1,"21":1,"22":1,"23":1,"24":1,"25":1,"26":1,"27":1,"28":1,"29":1,"30":1,"31":1,"32":1,"33":1,"34":1,"35":1,"36":1,"37":1,"38":1,"39":1,"40":1,"41":1,"42":1,"43":1,"44":1,"45":1,"46":1,"47":1,"48":1,"49":0,"50":0,"51":0,"52":0,"53":1,"54":0,"55":0,"56":0,"57":0,"58":0,"59":1,"60":1,"61":1,"62":1,"63":1,"64":1,"65":1,"66":1,"67":1,"68":0,"69":0,"70":0,"71":0,"72":0,"73":0,"74":0,"75":1,"76":1,"77":1,"78":1,"79":1,"80":1,"81":1,"82":1,"83":1,"84":1,"85":1,"86":1,"87":1,"88":1,"89":1,"90":1,"91":1,"92":1,"93":1,"94":1,"95":0,"96":1,"97":1,"98":0,"99":0,"100":0,"101":1,"102":0,"103":0,"104":0,"105":0,"106":0,"107":0,"108":0,"109":0,"110":0,"111":0,"112":0,"113":0,"114":0,"115":0,"116":0,"117":0,"118":0,"119":0,"120":0,"121":0,"122":0,"123":0,"124":0,"125":0,"126":0,"127":0,"128":0,"129":0,"130":0,"131":0,"132":0,"133":0,"134":0,"135":0,"136":0,"137":0,"138":0,"139":0,"140":0,"141":0,"142":0,"143":0,"144":0,"145":0,"146":0,"147":0,"148":0,"149":0,"150":0,"151":0,"152":0,"153":0,"154":0,"155":0,"156":0,"157":0,"158":0,"159":0,"160":0,"161":0,"162":0,"163":0,"164":0,"165":0,"166":0,"167":0,"168":0,"169":0,"170":0,"171":0,"172":0,"173":0,"174":0,"175":0,"176":0,"177":0,"178":0,"179":0,"180":0,"181":0,"182":0,"183":0,"184":0,"185":0,"186":0,"187":0,"188":0,"189":0,"190":0,"191":0,"192":0,"193":0,"194":0,"195":0,"196":0,"197":0,"198":0,"199":0,"200":0,"201":0,"202":0,"203":0,"204":0,"205":0,"206":0,"207":0,"208":0,"209":0,"210":0,"211":0,"212":0,"213":0,"214":0,"215":0,"216":0,"217":0,"218":0,"219":0,"220":0,"221":0,"222":0,"223":0,"224":0,"225":0,"226":0,"227":0,"228":0,"229":0,"230":0,"231":0,"232":0,"233":0,"234":0,"235":0,"236":0,"237":0,"238":0,"239":0,"240":0,"241":0,"242":0,"243":0,"244":0,"245":0,"246":0,"247":0,"248":0,"249":0,"250":0,"251":0,"252":0,"253":0,"254":0,"255":0,"256":0,"257":0,"258":0,"259":0,"260":0,"261":0,"262":0,"263":0,"264":0,"265":0,"266":0,"267":0,"268":0,"269":0,"270":0,"271":0,"272":0,"273":1,"274":0,"275":0,"276":0,"277":0,"278":0,"279":0,"280":0,"281":0,"282":0,"283":0,"284":0,"285":0,"286":0,"287":0,"288":0,"289":0,"290":0,"291":0,"292":0,"293":0,"294":0,"295":0,"296":0,"297":0,"298":0,"299":1},"f":{"0":0,"1":0,"2":0,"3":1,"4":0,"5":0,"6":0,"7":0,"8":0,"9":0,"10":0,"11":0,"12":0,"13":0,"14":0,"15":0,"16":0,"17":0,"18":0,"19":0,"20":0,"21":0,"22":0,"23":0,"24":0,"25":0,"26":0,"27":0,"28":0,"29":0,"30":0,"31":0,"32":0,"33":0,"34":0,"35":0},"b":{"0":[0,0],"1":[0,1],"2":[0,0],"3":[0,0],"4":[0,0],"5":[0,0],"6":[0,0],"7":[0,0],"8":[0,0],"9":[0,0],"10":[0,0],"11":[0,0],"12":[0,0],"13":[0,0],"14":[0,0],"15":[0,0],"16":[0,0],"17":[0,0],"18":[0,0],"19":[0,0],"20":[0,0],"21":[0,0],"22":[0,0],"23":[0,0],"24":[0,0],"25":[0,0],"26":[0,0],"27":[0,0],"28":[0,0],"29":[0,0],"30":[0,0],"31":[0,0,0,0,0],"32":[0,0],"33":[0,0,0],"34":[0,0],"35":[0,0],"36":[0,0],"37":[0,0],"38":[0,0,0],"39":[0,0],"40":[0,0],"41":[0,0],"42":[0,0],"43":[0,0],"44":[0,0],"45":[0,0,0],"46":[0,0],"47":[0,0],"48":[0,0,0],"49":[0,0],"50":[0,0],"51":[0,0],"52":[0,0],"53":[0,0],"54":[0,0],"55":[0,0],"56":[0,0],"57":[0,0],"58":[0,0],"59":[0,0],"60":[0,0],"61":[0,1],"62":[0,0],"63":[0,0,0],"64":[0,0]},"_coverageSchema":"1a1c01bbd47fc00a2c39e90264f33305004495a9","hash":"3d627ff0d81a3df6afff192633ed7c0df710fba9"}
,"C:\\sviluppo\\~codeRepo\\OSM\\middleware\\auth.js": {"path":"C:\\sviluppo\\~codeRepo\\OSM\\middleware\\auth.js","statementMap":{"0":{"start":{"line":1,"column":62},"end":{"line":1,"column":96}},"1":{"start":{"line":2,"column":21},"end":{"line":2,"column":50}},"2":{"start":{"line":5,"column":18},"end":{"line":5,"column":103}},"3":{"start":{"line":8,"column":4},"end":{"line":8,"column":52}},"4":{"start":{"line":8,"column":41},"end":{"line":8,"column":52}},"5":{"start":{"line":9,"column":4},"end":{"line":9,"column":72}},"6":{"start":{"line":9,"column":28},"end":{"line":9,"column":72}},"7":{"start":{"line":9,"column":51},"end":{"line":9,"column":70}},"8":{"start":{"line":10,"column":16},"end":{"line":10,"column":18}},"9":{"start":{"line":11,"column":4},"end":{"line":13,"column":5}},"10":{"start":{"line":12,"column":8},"end":{"line":12,"column":97}},"11":{"start":{"line":14,"column":4},"end":{"line":14,"column":15}},"12":{"start":{"line":18,"column":4},"end":{"line":18,"column":81}},"13":{"start":{"line":18,"column":69},"end":{"line":18,"column":81}},"14":{"start":{"line":19,"column":17},"end":{"line":19,"column":51}},"15":{"start":{"line":21,"column":4},"end":{"line":21,"column":104}},"16":{"start":{"line":24,"column":14},"end":{"line":24,"column":62}},"17":{"start":{"line":26,"column":16},"end":{"line":34,"column":1}},"18":{"start":{"line":26,"column":34},"end":{"line":34,"column":1}},"19":{"start":{"line":27,"column":15},"end":{"line":27,"column":50}},"20":{"start":{"line":28,"column":22},"end":{"line":28,"column":43}},"21":{"start":{"line":29,"column":20},"end":{"line":29,"column":77}},"22":{"start":{"line":30,"column":24},"end":{"line":30,"column":43}},"23":{"start":{"line":32,"column":2},"end":{"line":33,"column":86}},"24":{"start":{"line":32,"column":34},"end":{"line":32,"column":41}},"25":{"start":{"line":33,"column":7},"end":{"line":33,"column":86}},"26":{"start":{"line":36,"column":24},"end":{"line":115,"column":1}},"27":{"start":{"line":37,"column":2},"end":{"line":114,"column":3}},"28":{"start":{"line":38,"column":24},"end":{"line":62,"column":5}},"29":{"start":{"line":64,"column":4},"end":{"line":78,"column":5}},"30":{"start":{"line":77,"column":6},"end":{"line":77,"column":20}},"31":{"start":{"line":81,"column":19},"end":{"line":81,"column":43}},"32":{"start":{"line":82,"column":4},"end":{"line":104,"column":5}},"33":{"start":{"line":83,"column":21},"end":{"line":83,"column":59}},"34":{"start":{"line":84,"column":6},"end":{"line":102,"column":7}},"35":{"start":{"line":85,"column":8},"end":{"line":91,"column":10}},"36":{"start":{"line":93,"column":8},"end":{"line":93,"column":47}},"37":{"start":{"line":94,"column":25},"end":{"line":94,"column":93}},"38":{"start":{"line":95,"column":26},"end":{"line":95,"column":57}},"39":{"start":{"line":96,"column":28},"end":{"line":96,"column":46}},"40":{"start":{"line":97,"column":8},"end":{"line":100,"column":11}},"41":{"start":{"line":98,"column":10},"end":{"line":99,"column":93}},"42":{"start":{"line":101,"column":8},"end":{"line":101,"column":22}},"43":{"start":{"line":103,"column":6},"end":{"line":103,"column":77}},"44":{"start":{"line":106,"column":4},"end":{"line":106,"column":59}},"45":{"start":{"line":106,"column":45},"end":{"line":106,"column":59}},"46":{"start":{"line":108,"column":4},"end":{"line":109,"column":61}},"47":{"start":{"line":109,"column":6},"end":{"line":109,"column":61}},"48":{"start":{"line":111,"column":4},"end":{"line":111,"column":39}},"49":{"start":{"line":113,"column":4},"end":{"line":113,"column":14}},"50":{"start":{"line":117,"column":0},"end":{"line":117,"column":53}}},"fnMap":{"0":{"name":"maskSensitive","decl":{"start":{"line":7,"column":9},"end":{"line":7,"column":22}},"loc":{"start":{"line":7,"column":28},"end":{"line":15,"column":1}},"line":7},"1":{"name":"(anonymous_1)","decl":{"start":{"line":9,"column":43},"end":{"line":9,"column":44}},"loc":{"start":{"line":9,"column":51},"end":{"line":9,"column":70}},"line":9},"2":{"name":"toLogJson","decl":{"start":{"line":17,"column":9},"end":{"line":17,"column":18}},"loc":{"start":{"line":17,"column":24},"end":{"line":22,"column":1}},"line":17},"3":{"name":"(anonymous_3)","decl":{"start":{"line":26,"column":16},"end":{"line":26,"column":17}},"loc":{"start":{"line":26,"column":34},"end":{"line":34,"column":1}},"line":26},"4":{"name":"(anonymous_4)","decl":{"start":{"line":26,"column":34},"end":{"line":26,"column":35}},"loc":{"start":{"line":26,"column":54},"end":{"line":34,"column":1}},"line":26},"5":{"name":"(anonymous_5)","decl":{"start":{"line":36,"column":24},"end":{"line":36,"column":25}},"loc":{"start":{"line":36,"column":50},"end":{"line":115,"column":1}},"line":36},"6":{"name":"(anonymous_6)","decl":{"start":{"line":93,"column":37},"end":{"line":93,"column":38}},"loc":{"start":{"line":93,"column":43},"end":{"line":93,"column":45}},"line":93},"7":{"name":"(anonymous_7)","decl":{"start":{"line":97,"column":25},"end":{"line":97,"column":26}},"loc":{"start":{"line":97,"column":31},"end":{"line":100,"column":9}},"line":97}},"branchMap":{"0":{"loc":{"start":{"line":8,"column":4},"end":{"line":8,"column":52}},"type":"if","locations":[{"start":{"line":8,"column":4},"end":{"line":8,"column":52}},{"start":{},"end":{}}],"line":8},"1":{"loc":{"start":{"line":8,"column":8},"end":{"line":8,"column":39}},"type":"binary-expr","locations":[{"start":{"line":8,"column":8},"end":{"line":8,"column":12}},{"start":{"line":8,"column":16},"end":{"line":8,"column":39}}],"line":8},"2":{"loc":{"start":{"line":9,"column":4},"end":{"line":9,"column":72}},"type":"if","locations":[{"start":{"line":9,"column":4},"end":{"line":9,"column":72}},{"start":{},"end":{}}],"line":9},"3":{"loc":{"start":{"line":12,"column":17},"end":{"line":12,"column":96}},"type":"cond-expr","locations":[{"start":{"line":12,"column":37},"end":{"line":12,"column":42}},{"start":{"line":12,"column":46},"end":{"line":12,"column":95}}],"line":12},"4":{"loc":{"start":{"line":12,"column":46},"end":{"line":12,"column":95}},"type":"cond-expr","locations":[{"start":{"line":12,"column":75},"end":{"line":12,"column":91}},{"start":{"line":12,"column":94},"end":{"line":12,"column":95}}],"line":12},"5":{"loc":{"start":{"line":12,"column":46},"end":{"line":12,"column":72}},"type":"binary-expr","locations":[{"start":{"line":12,"column":46},"end":{"line":12,"column":47}},{"start":{"line":12,"column":51},"end":{"line":12,"column":72}}],"line":12},"6":{"loc":{"start":{"line":18,"column":4},"end":{"line":18,"column":81}},"type":"if","locations":[{"start":{"line":18,"column":4},"end":{"line":18,"column":81}},{"start":{},"end":{}}],"line":18},"7":{"loc":{"start":{"line":18,"column":8},"end":{"line":18,"column":67}},"type":"binary-expr","locations":[{"start":{"line":18,"column":8},"end":{"line":18,"column":12}},{"start":{"line":18,"column":16},"end":{"line":18,"column":39}},{"start":{"line":18,"column":43},"end":{"line":18,"column":67}}],"line":18},"8":{"loc":{"start":{"line":21,"column":11},"end":{"line":21,"column":103}},"type":"cond-expr","locations":[{"start":{"line":21,"column":32},"end":{"line":21,"column":96}},{"start":{"line":21,"column":99},"end":{"line":21,"column":103}}],"line":21},"9":{"loc":{"start":{"line":27,"column":15},"end":{"line":27,"column":50}},"type":"binary-expr","locations":[{"start":{"line":27,"column":15},"end":{"line":27,"column":29}},{"start":{"line":27,"column":33},"end":{"line":27,"column":50}}],"line":27},"10":{"loc":{"start":{"line":28,"column":22},"end":{"line":28,"column":43}},"type":"binary-expr","locations":[{"start":{"line":28,"column":22},"end":{"line":28,"column":32}},{"start":{"line":28,"column":36},"end":{"line":28,"column":43}}],"line":28},"11":{"loc":{"start":{"line":29,"column":20},"end":{"line":29,"column":77}},"type":"cond-expr","locations":[{"start":{"line":29,"column":55},"end":{"line":29,"column":73}},{"start":{"line":29,"column":76},"end":{"line":29,"column":77}}],"line":29},"12":{"loc":{"start":{"line":32,"column":2},"end":{"line":33,"column":86}},"type":"if","locations":[{"start":{"line":32,"column":2},"end":{"line":33,"column":86}},{"start":{"line":33,"column":7},"end":{"line":33,"column":86}}],"line":32},"13":{"loc":{"start":{"line":64,"column":4},"end":{"line":78,"column":5}},"type":"if","locations":[{"start":{"line":64,"column":4},"end":{"line":78,"column":5}},{"start":{},"end":{}}],"line":64},"14":{"loc":{"start":{"line":65,"column":6},"end":{"line":75,"column":44}},"type":"binary-expr","locations":[{"start":{"line":65,"column":6},"end":{"line":65,"column":36}},{"start":{"line":66,"column":6},"end":{"line":66,"column":40}},{"start":{"line":67,"column":6},"end":{"line":67,"column":40}},{"start":{"line":68,"column":6},"end":{"line":68,"column":35}},{"start":{"line":69,"column":6},"end":{"line":69,"column":52}},{"start":{"line":70,"column":6},"end":{"line":70,"column":52}},{"start":{"line":71,"column":6},"end":{"line":71,"column":47}},{"start":{"line":72,"column":6},"end":{"line":72,"column":53}},{"start":{"line":73,"column":6},"end":{"line":73,"column":56}},{"start":{"line":74,"column":6},"end":{"line":74,"column":52}},{"start":{"line":75,"column":6},"end":{"line":75,"column":44}}],"line":65},"15":{"loc":{"start":{"line":82,"column":4},"end":{"line":104,"column":5}},"type":"if","locations":[{"start":{"line":82,"column":4},"end":{"line":104,"column":5}},{"start":{},"end":{}}],"line":82},"16":{"loc":{"start":{"line":82,"column":8},"end":{"line":82,"column":46}},"type":"binary-expr","locations":[{"start":{"line":82,"column":8},"end":{"line":82,"column":14}},{"start":{"line":82,"column":18},"end":{"line":82,"column":46}}],"line":82},"17":{"loc":{"start":{"line":84,"column":6},"end":{"line":102,"column":7}},"type":"if","locations":[{"start":{"line":84,"column":6},"end":{"line":102,"column":7}},{"start":{},"end":{}}],"line":84},"18":{"loc":{"start":{"line":84,"column":10},"end":{"line":84,"column":33}},"type":"binary-expr","locations":[{"start":{"line":84,"column":10},"end":{"line":84,"column":16}},{"start":{"line":84,"column":20},"end":{"line":84,"column":33}}],"line":84},"19":{"loc":{"start":{"line":94,"column":25},"end":{"line":94,"column":93}},"type":"binary-expr","locations":[{"start":{"line":94,"column":25},"end":{"line":94,"column":77}},{"start":{"line":94,"column":81},"end":{"line":94,"column":87}},{"start":{"line":94,"column":91},"end":{"line":94,"column":93}}],"line":94},"20":{"loc":{"start":{"line":95,"column":26},"end":{"line":95,"column":57}},"type":"binary-expr","locations":[{"start":{"line":95,"column":26},"end":{"line":95,"column":51}},{"start":{"line":95,"column":55},"end":{"line":95,"column":57}}],"line":95},"21":{"loc":{"start":{"line":106,"column":4},"end":{"line":106,"column":59}},"type":"if","locations":[{"start":{"line":106,"column":4},"end":{"line":106,"column":59}},{"start":{},"end":{}}],"line":106},"22":{"loc":{"start":{"line":106,"column":8},"end":{"line":106,"column":43}},"type":"binary-expr","locations":[{"start":{"line":106,"column":8},"end":{"line":106,"column":19}},{"start":{"line":106,"column":23},"end":{"line":106,"column":43}}],"line":106},"23":{"loc":{"start":{"line":108,"column":4},"end":{"line":109,"column":61}},"type":"if","locations":[{"start":{"line":108,"column":4},"end":{"line":109,"column":61}},{"start":{},"end":{}}],"line":108}},"s":{"0":3,"1":3,"2":3,"3":0,"4":0,"5":0,"6":0,"7":0,"8":0,"9":0,"10":0,"11":0,"12":0,"13":0,"14":0,"15":0,"16":3,"17":3,"18":142,"19":14,"20":14,"21":14,"22":14,"23":14,"24":10,"25":4,"26":3,"27":16,"28":16,"29":16,"30":1,"31":15,"32":15,"33":0,"34":0,"35":0,"36":0,"37":0,"38":0,"39":0,"40":0,"41":0,"42":0,"43":0,"44":15,"45":0,"46":15,"47":15,"48":0,"49":0,"50":3},"f":{"0":0,"1":0,"2":0,"3":142,"4":14,"5":16,"6":0,"7":0},"b":{"0":[0,0],"1":[0,0],"2":[0,0],"3":[0,0],"4":[0,0],"5":[0,0],"6":[0,0],"7":[0,0,0],"8":[0,0],"9":[14,14],"10":[14,1],"11":[14,0],"12":[10,4],"13":[1,15],"14":[16,15,15,15,15,15,15,15,15,15,15],"15":[0,15],"16":[15,0],"17":[0,0],"18":[0,0],"19":[0,0,0],"20":[0,0],"21":[0,15],"22":[15,15],"23":[15,0]},"_coverageSchema":"1a1c01bbd47fc00a2c39e90264f33305004495a9","hash":"d28b8dbc2f4ce5df263633bd2f0f1a5cc664aa86"}
,"C:\\sviluppo\\~codeRepo\\OSM\\middleware\\correlation-id.js": {"path":"C:\\sviluppo\\~codeRepo\\OSM\\middleware\\correlation-id.js","statementMap":{"0":{"start":{"line":1,"column":15},"end":{"line":1,"column":32}},"1":{"start":{"line":4,"column":13},"end":{"line":4,"column":63}},"2":{"start":{"line":5,"column":2},"end":{"line":5,"column":14}},"3":{"start":{"line":6,"column":2},"end":{"line":6,"column":36}},"4":{"start":{"line":7,"column":2},"end":{"line":7,"column":9}},"5":{"start":{"line":10,"column":0},"end":{"line":10,"column":31}}},"fnMap":{"0":{"name":"correlationId","decl":{"start":{"line":3,"column":9},"end":{"line":3,"column":22}},"loc":{"start":{"line":3,"column":39},"end":{"line":8,"column":1}},"line":3}},"branchMap":{"0":{"loc":{"start":{"line":4,"column":13},"end":{"line":4,"column":63}},"type":"binary-expr","locations":[{"start":{"line":4,"column":13},"end":{"line":4,"column":40}},{"start":{"line":4,"column":44},"end":{"line":4,"column":63}}],"line":4}},"s":{"0":2,"1":20,"2":20,"3":20,"4":20,"5":2},"f":{"0":20},"b":{"0":[20,19]},"_coverageSchema":"1a1c01bbd47fc00a2c39e90264f33305004495a9","hash":"83ea7a9a514b1d9554f55b1d0f09f0dac07c4cc6"}
[...]
,"C:\\sviluppo\\~codeRepo\\OSM\\services\\plugins\\html-scraper.plugin.js": {"path":"C:\\sviluppo\\~codeRepo\\OSM\\services\\plugins\\html-scraper.plugin.js","statementMap":{"0":{"start":{"line":14,"column":14},"end":{"line":14,"column":30}},"1":{"start":{"line":15,"column":16},"end":{"line":15,"column":34}},"2":{"start":{"line":16,"column":14},"end":{"line":16,"column":30}},"3":{"start":{"line":17,"column":11},"end":{"line":17,"column":33}},"4":{"start":{"line":18,"column":28},"end":{"line":18,"column":56}},"5":{"start":{"line":19,"column":20},"end":{"line":19,"column":52}},"6":{"start":{"line":20,"column":28},"end":{"line":20,"column":52}},"7":{"start":{"line":22,"column":16},"end":{"line":22,"column":29}},"8":{"start":{"line":25,"column":14},"end":{"line":25,"column":35}},"9":{"start":{"line":26,"column":14},"end":{"line":26,"column":61}},"10":{"start":{"line":27,"column":14},"end":{"line":27,"column":56}},"11":{"start":{"line":28,"column":4},"end":{"line":28,"column":28}},"12":{"start":{"line":34,"column":29},"end":{"line":52,"column":1}},"13":{"start":{"line":55,"column":4},"end":{"line":55,"column":37}},"14":{"start":{"line":55,"column":20},"end":{"line":55,"column":37}},"15":{"start":{"line":56,"column":4},"end":{"line":58,"column":5}},"16":{"start":{"line":57,"column":8},"end":{"line":57,"column":53}},"17":{"start":{"line":57,"column":37},"end":{"line":57,"column":53}},"18":{"start":{"line":60,"column":20},"end":{"line":60,"column":44}},"19":{"start":{"line":61,"column":4},"end":{"line":61,"column":63}},"20":{"start":{"line":61,"column":21},"end":{"line":61,"column":63}},"21":{"start":{"line":62,"column":4},"end":{"line":62,"column":21}},"22":{"start":{"line":65,"column":15},"end":{"line":206,"column":1}},"23":{"start":{"line":75,"column":23},"end":{"line":75,"column":25}},"24":{"start":{"line":76,"column":8},"end":{"line":79,"column":9}},"25":{"start":{"line":77,"column":12},"end":{"line":77,"column":108}},"26":{"start":{"line":77,"column":47},"end":{"line":77,"column":108}},"27":{"start":{"line":78,"column":12},"end":{"line":78,"column":112}},"28":{"start":{"line":78,"column":49},"end":{"line":78,"column":112}},"29":{"start":{"line":80,"column":8},"end":{"line":82,"column":9}},"30":{"start":{"line":81,"column":12},"end":{"line":81,"column":93}},"31":{"start":{"line":83,"column":8},"end":{"line":83,"column":54}},"32":{"start":{"line":96,"column":36},"end":{"line":96,"column":43}},"33":{"start":{"line":97,"column":24},"end":{"line":98,"column":87}},"34":{"start":{"line":98,"column":12},"end":{"line":98,"column":87}},"35":{"start":{"line":100,"column":27},"end":{"line":100,"column":29}},"36":{"start":{"line":102,"column":8},"end":{"line":139,"column":9}},"37":{"start":{"line":103,"column":12},"end":{"line":103,"column":92}},"38":{"start":{"line":104,"column":12},"end":{"line":104,"column":65}},"39":{"start":{"line":106,"column":15},"end":{"line":139,"column":9}},"40":{"start":{"line":107,"column":12},"end":{"line":107,"column":108}},"41":{"start":{"line":108,"column":12},"end":{"line":110,"column":13}},"42":{"start":{"line":109,"column":16},"end":{"line":109,"column":103}},"43":{"start":{"line":111,"column":27},"end":{"line":111,"column":70}},"44":{"start":{"line":112,"column":25},"end":{"line":112,"column":67}},"45":{"start":{"line":113,"column":31},"end":{"line":113,"column":52}},"46":{"start":{"line":114,"column":12},"end":{"line":114,"column":53}},"47":{"start":{"line":117,"column":12},"end":{"line":117,"column":86}},"48":{"start":{"line":118,"column":32},"end":{"line":125,"column":13}},"49":{"start":{"line":126,"column":12},"end":{"line":136,"column":13}},"50":{"start":{"line":127,"column":16},"end":{"line":133,"column":17}},"51":{"start":{"line":128,"column":20},"end":{"line":128,"column":75}},"52":{"start":{"line":129,"column":20},"end":{"line":129,"column":46}},"53":{"start":{"line":130,"column":20},"end":{"line":130,"column":95}},"54":{"start":{"line":132,"column":20},"end":{"line":132,"column":83}},"55":{"start":{"line":135,"column":16},"end":{"line":135,"column":88}},"56":{"start":{"line":137,"column":29},"end":{"line":137,"column":69}},"57":{"start":{"line":138,"column":12},"end":{"line":138,"column":41}},"58":{"start":{"line":141,"column":8},"end":{"line":144,"column":9}},"59":{"start":{"line":142,"column":12},"end":{"line":142,"column":81}},"60":{"start":{"line":143,"column":12},"end":{"line":143,"column":22}},"61":{"start":{"line":146,"column":18},"end":{"line":146,"column":44}},"62":{"start":{"line":147,"column":31},"end":{"line":147,"column":41}},"63":{"start":{"line":149,"column":8},"end":{"line":152,"column":9}},"64":{"start":{"line":150,"column":12},"end":{"line":150,"column":91}},"65":{"start":{"line":151,"column":12},"end":{"line":151,"column":22}},"66":{"start":{"line":154,"column":22},"end":{"line":154,"column":24}},"67":{"start":{"line":155,"column":8},"end":{"line":174,"column":11}},"68":{"start":{"line":156,"column":25},"end":{"line":156,"column":27}},"69":{"start":{"line":157,"column":12},"end":{"line":157,"column":80}},"70":{"start":{"line":157,"column":47},"end":{"line":157,"column":78}},"71":{"start":{"line":158,"column":12},"end":{"line":173,"column":13}},"72":{"start":{"line":159,"column":32},"end":{"line":159,"column":39}},"73":{"start":{"line":160,"column":33},"end":{"line":160,"column":40}},"74":{"start":{"line":161,"column":54},"end":{"line":161,"column":78}},"75":{"start":{"line":162,"column":16},"end":{"line":172,"column":19}},"76":{"start":{"line":179,"column":8},"end":{"line":201,"column":9}},"77":{"start":{"line":180,"column":31},"end":{"line":180,"column":82}},"78":{"start":{"line":181,"column":12},"end":{"line":200,"column":13}},"79":{"start":{"line":182,"column":38},"end":{"line":182,"column":58}},"80":{"start":{"line":183,"column":16},"end":{"line":197,"column":17}},"81":{"start":{"line":184,"column":20},"end":{"line":184,"column":97}},"82":{"start":{"line":185,"column":34},"end":{"line":185,"column":44}},"83":{"start":{"line":186,"column":20},"end":{"line":186,"column":47}},"84":{"start":{"line":187,"column":20},"end":{"line":187,"column":55}},"85":{"start":{"line":188,"column":20},"end":{"line":193,"column":23}},"86":{"start":{"line":189,"column":37},"end":{"line":189,"column":61}},"87":{"start":{"line":190,"column":24},"end":{"line":190,"column":65}},"88":{"start":{"line":190,"column":51},"end":{"line":190,"column":65}},"89":{"start":{"line":191,"column":37},"end":{"line":191,"column":77}},"90":{"start":{"line":192,"column":24},"end":{"line":192,"column":105}},"91":{"start":{"line":194,"column":20},"end":{"line":194,"column":94}},"92":{"start":{"line":196,"column":20},"end":{"line":196,"column":110}},"93":{"start":{"line":199,"column":16},"end":{"line":199,"column":96}},"94":{"start":{"line":203,"column":8},"end":{"line":203,"column":77}},"95":{"start":{"line":204,"column":8},"end":{"line":204,"column":23}},"96":{"start":{"line":208,"column":0},"end":{"line":208,"column":24}},"97":{"start":{"line":211,"column":0},"end":{"line":211,"column":49}}},"fnMap":{"0":{"name":"formatDateToISO","decl":{"start":{"line":24,"column":9},"end":{"line":24,"column":24}},"loc":{"start":{"line":24,"column":34},"end":{"line":29,"column":1}},"line":24},"1":{"name":"categoriseSkill","decl":{"start":{"line":54,"column":9},"end":{"line":54,"column":24}},"loc":{"start":{"line":54,"column":36},"end":{"line":63,"column":1}},"line":54},"2":{"name":"(anonymous_2)","decl":{"start":{"line":74,"column":4},"end":{"line":74,"column":5}},"loc":{"start":{"line":74,"column":27},"end":{"line":84,"column":5}},"line":74},"3":{"name":"(anonymous_3)","decl":{"start":{"line":95,"column":4},"end":{"line":95,"column":5}},"loc":{"start":{"line":95,"column":45},"end":{"line":205,"column":5}},"line":95},"4":{"name":"(anonymous_4)","decl":{"start":{"line":97,"column":24},"end":{"line":97,"column":25}},"loc":{"start":{"line":98,"column":12},"end":{"line":98,"column":87}},"line":98},"5":{"name":"(anonymous_5)","decl":{"start":{"line":155,"column":39},"end":{"line":155,"column":40}},"loc":{"start":{"line":155,"column":51},"end":{"line":174,"column":9}},"line":155},"6":{"name":"(anonymous_6)","decl":{"start":{"line":157,"column":35},"end":{"line":157,"column":36}},"loc":{"start":{"line":157,"column":47},"end":{"line":157,"column":78}},"line":157},"7":{"name":"(anonymous_7)","decl":{"start":{"line":188,"column":42},"end":{"line":188,"column":43}},"loc":{"start":{"line":188,"column":54},"end":{"line":193,"column":21}},"line":188}},"branchMap":{"0":{"loc":{"start":{"line":55,"column":4},"end":{"line":55,"column":37}},"type":"if","locations":[{"start":{"line":55,"column":4},"end":{"line":55,"column":37}},{"start":{},"end":{}}],"line":55},"1":{"loc":{"start":{"line":57,"column":8},"end":{"line":57,"column":53}},"type":"if","locations":[{"start":{"line":57,"column":8},"end":{"line":57,"column":53}},{"start":{},"end":{}}],"line":57},"2":{"loc":{"start":{"line":61,"column":4},"end":{"line":61,"column":63}},"type":"if","locations":[{"start":{"line":61,"column":4},"end":{"line":61,"column":63}},{"start":{},"end":{}}],"line":61},"3":{"loc":{"start":{"line":76,"column":8},"end":{"line":79,"column":9}},"type":"if","locations":[{"start":{"line":76,"column":8},"end":{"line":79,"column":9}},{"start":{},"end":{}}],"line":76},"4":{"loc":{"start":{"line":77,"column":12},"end":{"line":77,"column":108}},"type":"if","locations":[{"start":{"line":77,"column":12},"end":{"line":77,"column":108}},{"start":{},"end":{}}],"line":77},"5":{"loc":{"start":{"line":78,"column":12},"end":{"line":78,"column":112}},"type":"if","locations":[{"start":{"line":78,"column":12},"end":{"line":78,"column":112}},{"start":{},"end":{}}],"line":78},"6":{"loc":{"start":{"line":80,"column":8},"end":{"line":82,"column":9}},"type":"if","locations":[{"start":{"line":80,"column":8},"end":{"line":82,"column":9}},{"start":{},"end":{}}],"line":80},"7":{"loc":{"start":{"line":80,"column":12},"end":{"line":80,"column":80}},"type":"binary-expr","locations":[{"start":{"line":80,"column":12},"end":{"line":80,"column":37}},{"start":{"line":80,"column":41},"end":{"line":80,"column":65}},{"start":{"line":80,"column":69},"end":{"line":80,"column":80}}],"line":80},"8":{"loc":{"start":{"line":95,"column":31},"end":{"line":95,"column":43}},"type":"default-arg","locations":[{"start":{"line":95,"column":41},"end":{"line":95,"column":43}}],"line":95},"9":{"loc":{"start":{"line":96,"column":16},"end":{"line":96,"column":31}},"type":"default-arg","locations":[{"start":{"line":96,"column":27},"end":{"line":96,"column":31}}],"line":96},"10":{"loc":{"start":{"line":102,"column":8},"end":{"line":139,"column":9}},"type":"if","locations":[{"start":{"line":102,"column":8},"end":{"line":139,"column":9}},{"start":{"line":106,"column":15},"end":{"line":139,"column":9}}],"line":102},"11":{"loc":{"start":{"line":106,"column":15},"end":{"line":139,"column":9}},"type":"if","locations":[{"start":{"line":106,"column":15},"end":{"line":139,"column":9}},{"start":{"line":116,"column":15},"end":{"line":139,"column":9}}],"line":106},"12":{"loc":{"start":{"line":108,"column":12},"end":{"line":110,"column":13}},"type":"if","locations":[{"start":{"line":108,"column":12},"end":{"line":110,"column":13}},{"start":{},"end":{}}],"line":108},"13":{"loc":{"start":{"line":108,"column":16},"end":{"line":108,"column":78}},"type":"binary-expr","locations":[{"start":{"line":108,"column":16},"end":{"line":108,"column":44}},{"start":{"line":108,"column":48},"end":{"line":108,"column":78}}],"line":108},"14":{"loc":{"start":{"line":126,"column":12},"end":{"line":136,"column":13}},"type":"if","locations":[{"start":{"line":126,"column":12},"end":{"line":136,"column":13}},{"start":{"line":134,"column":19},"end":{"line":136,"column":13}}],"line":126},"15":{"loc":{"start":{"line":141,"column":8},"end":{"line":144,"column":9}},"type":"if","locations":[{"start":{"line":141,"column":8},"end":{"line":144,"column":9}},{"start":{},"end":{}}],"line":141},"16":{"loc":{"start":{"line":149,"column":8},"end":{"line":152,"column":9}},"type":"if","locations":[{"start":{"line":149,"column":8},"end":{"line":152,"column":9}},{"start":{},"end":{}}],"line":149},"17":{"loc":{"start":{"line":158,"column":12},"end":{"line":173,"column":13}},"type":"if","locations":[{"start":{"line":158,"column":12},"end":{"line":173,"column":13}},{"start":{},"end":{}}],"line":158},"18":{"loc":{"start":{"line":179,"column":8},"end":{"line":201,"column":9}},"type":"if","locations":[{"start":{"line":179,"column":8},"end":{"line":201,"column":9}},{"start":{},"end":{}}],"line":179},"19":{"loc":{"start":{"line":181,"column":12},"end":{"line":200,"column":13}},"type":"if","locations":[{"start":{"line":181,"column":12},"end":{"line":200,"column":13}},{"start":{"line":198,"column":19},"end":{"line":200,"column":13}}],"line":181},"20":{"loc":{"start":{"line":183,"column":16},"end":{"line":197,"column":17}},"type":"if","locations":[{"start":{"line":183,"column":16},"end":{"line":197,"column":17}},{"start":{"line":195,"column":23},"end":{"line":197,"column":17}}],"line":183},"21":{"loc":{"start":{"line":190,"column":24},"end":{"line":190,"column":65}},"type":"if","locations":[{"start":{"line":190,"column":24},"end":{"line":190,"column":65}},{"start":{},"end":{}}],"line":190}},"s":{"0":3,"1":3,"2":3,"3":3,"4":3,"5":3,"6":3,"7":3,"8":0,"9":0,"10":0,"11":0,"12":3,"13":17,"14":0,"15":17,"16":132,"17":15,"18":2,"19":2,"20":1,"21":1,"22":3,"23":4,"24":4,"25":1,"26":1,"27":1,"28":0,"29":4,"30":0,"31":4,"32":19,"33":19,"34":19,"35":19,"36":19,"37":0,"38":0,"39":19,"40":0,"41":0,"42":0,"43":0,"44":0,"45":0,"46":0,"47":19,"48":19,"49":19,"50":0,"51":0,"52":0,"53":0,"54":0,"55":19,"56":19,"57":18,"58":18,"59":1,"60":1,"61":17,"62":17,"63":17,"64":1,"65":1,"66":16,"67":16,"68":17,"69":17,"70":51,"71":17,"72":17,"73":17,"74":17,"75":17,"76":16,"77":0,"78":0,"79":0,"80":0,"81":0,"82":0,"83":0,"84":0,"85":0,"86":0,"87":0,"88":0,"89":0,"90":0,"91":0,"92":0,"93":0,"94":16,"95":16,"96":3,"97":3},"f":{"0":0,"1":17,"2":4,"3":19,"4":19,"5":17,"6":51,"7":0},"b":{"0":[0,17],"1":[15,117],"2":[1,1],"3":[1,3],"4":[1,0],"5":[0,1],"6":[0,4],"7":[4,4,3],"8":[19],"9":[19],"10":[0,19],"11":[0,19],"12":[0,0],"13":[0,0],"14":[0,19],"15":[1,17],"16":[1,16],"17":[17,0],"18":[0,16],"19":[0,0],"20":[0,0],"21":[0,0]},"_coverageSchema":"1a1c01bbd47fc00a2c39e90264f33305004495a9","hash":"e4962af4d8ad3ea83621f6a62a8001bc8b3eec44"}
,"C:\\sviluppo\\~codeRepo\\OSM\\services\\plugins\\name-parser.js": {"path":"C:\\sviluppo\\~codeRepo\\OSM\\services\\plugins\\name-parser.js","statementMap":{"0":{"start":{"line":17,"column":16},"end":{"line":17,"column":34}},"1":{"start":{"line":26,"column":4},"end":{"line":26,"column":67}},"2":{"start":{"line":26,"column":18},"end":{"line":26,"column":67}},"3":{"start":{"line":28,"column":20},"end":{"line":28,"column":34}},"4":{"start":{"line":30,"column":15},"end":{"line":30,"column":17}},"5":{"start":{"line":31,"column":18},"end":{"line":31,"column":25}},"6":{"start":{"line":34,"column":22},"end":{"line":34,"column":44}},"7":{"start":{"line":35,"column":4},"end":{"line":38,"column":5}},"8":{"start":{"line":36,"column":8},"end":{"line":36,"column":28}},"9":{"start":{"line":37,"column":8},"end":{"line":37,"column":60}},"10":{"start":{"line":41,"column":21},"end":{"line":41,"column":41}},"11":{"start":{"line":42,"column":4},"end":{"line":48,"column":5}},"12":{"start":{"line":43,"column":8},"end":{"line":47,"column":10}},"13":{"start":{"line":51,"column":18},"end":{"line":51,"column":38}},"14":{"start":{"line":52,"column":4},"end":{"line":56,"column":6}},"15":{"start":{"line":59,"column":0},"end":{"line":59,"column":37}}},"fnMap":{"0":{"name":"parseMemberName","decl":{"start":{"line":25,"column":9},"end":{"line":25,"column":24}},"loc":{"start":{"line":25,"column":34},"end":{"line":57,"column":1}},"line":25}},"branchMap":{"0":{"loc":{"start":{"line":26,"column":4},"end":{"line":26,"column":67}},"type":"if","locations":[{"start":{"line":26,"column":4},"end":{"line":26,"column":67}},{"start":{},"end":{}}],"line":26},"1":{"loc":{"start":{"line":35,"column":4},"end":{"line":38,"column":5}},"type":"if","locations":[{"start":{"line":35,"column":4},"end":{"line":38,"column":5}},{"start":{},"end":{}}],"line":35},"2":{"loc":{"start":{"line":42,"column":4},"end":{"line":48,"column":5}},"type":"if","locations":[{"start":{"line":42,"column":4},"end":{"line":48,"column":5}},{"start":{},"end":{}}],"line":42},"3":{"loc":{"start":{"line":54,"column":18},"end":{"line":54,"column":32}},"type":"binary-expr","locations":[{"start":{"line":54,"column":18},"end":{"line":54,"column":26}},{"start":{"line":54,"column":30},"end":{"line":54,"column":32}}],"line":54},"4":{"loc":{"start":{"line":55,"column":19},"end":{"line":55,"column":49}},"type":"binary-expr","locations":[{"start":{"line":55,"column":19},"end":{"line":55,"column":43}},{"start":{"line":55,"column":47},"end":{"line":55,"column":49}}],"line":55}},"s":{"0":3,"1":24,"2":2,"3":22,"4":22,"5":22,"6":22,"7":22,"8":21,"9":21,"10":22,"11":22,"12":21,"13":1,"14":1,"15":3},"f":{"0":24},"b":{"0":[2,22],"1":[21,1],"2":[21,1],"3":[1,0],"4":[1,1]},"_coverageSchema":"1a1c01bbd47fc00a2c39e90264f33305004495a9","hash":"dc4c5efa7a67d5fc9f4d5f67c7ab4d15aaed18ee"}
,"C:\\sviluppo\\~codeRepo\\OSM\\tests\\test-utils.js": {"path":"C:\\sviluppo\\~codeRepo\\OSM\\tests\\test-utils.js","statementMap":{"0":{"start":{"line":2,"column":16},"end":{"line":2,"column":34}},"1":{"start":{"line":13,"column":16},"end":{"line":13,"column":25}},"2":{"start":{"line":14,"column":4},"end":{"line":14,"column":28}},"3":{"start":{"line":17,"column":27},"end":{"line":19,"column":5}},"4":{"start":{"line":22,"column":4},"end":{"line":25,"column":7}},"5":{"start":{"line":23,"column":8},"end":{"line":23,"column":52}},"6":{"start":{"line":24,"column":8},"end":{"line":24,"column":15}},"7":{"start":{"line":28,"column":23},"end":{"line":28,"column":64}},"8":{"start":{"line":31,"column":4},"end":{"line":33,"column":7}},"9":{"start":{"line":32,"column":8},"end":{"line":32,"column":42}},"10":{"start":{"line":35,"column":4},"end":{"line":35,"column":15}},"11":{"start":{"line":38,"column":0},"end":{"line":38,"column":35}}},"fnMap":{"0":{"name":"createTestApp","decl":{"start":{"line":12,"column":9},"end":{"line":12,"column":22}},"loc":{"start":{"line":12,"column":51},"end":{"line":36,"column":1}},"line":12},"1":{"name":"(anonymous_1)","decl":{"start":{"line":22,"column":12},"end":{"line":22,"column":13}},"loc":{"start":{"line":22,"column":32},"end":{"line":25,"column":5}},"line":22},"2":{"name":"(anonymous_2)","decl":{"start":{"line":31,"column":23},"end":{"line":31,"column":24}},"loc":{"start":{"line":31,"column":32},"end":{"line":33,"column":5}},"line":31}},"branchMap":{"0":{"loc":{"start":{"line":12,"column":31},"end":{"line":12,"column":49}},"type":"default-arg","locations":[{"start":{"line":12,"column":45},"end":{"line":12,"column":49}}],"line":12},"1":{"loc":{"start":{"line":23,"column":22},"end":{"line":23,"column":51}},"type":"binary-expr","locations":[{"start":{"line":23,"column":22},"end":{"line":23,"column":33}},{"start":{"line":23,"column":37},"end":{"line":23,"column":51}}],"line":23},"2":{"loc":{"start":{"line":28,"column":23},"end":{"line":28,"column":64}},"type":"cond-expr","locations":[{"start":{"line":28,"column":47},"end":{"line":28,"column":53}},{"start":{"line":28,"column":56},"end":{"line":28,"column":64}}],"line":28}},"s":{"0":14,"1":17,"2":17,"3":17,"4":17,"5":161,"6":161,"7":17,"8":17,"9":19,"10":17,"11":14},"f":{"0":17,"1":161,"2":19},"b":{"0":[13],"1":[161,155],"2":[10,7]},"_coverageSchema":"1a1c01bbd47fc00a2c39e90264f33305004495a9","hash":"9ea4b979434acbdf6aab452117a5a115955def45"}
}
