TN:
SF:config.js
FN:98,getDayIndex
FNF:1
FNH:1
FNDA:7,getDayIndex
DA:1,7
DA:2,7
DA:3,7
DA:4,7
DA:5,7
DA:7,7
DA:8,7
DA:10,7
DA:12,7
DA:23,7
DA:24,0
DA:25,0
DA:27,7
DA:28,7
DA:31,7
DA:44,7
DA:45,0
DA:47,7
DA:48,7
DA:49,7
DA:54,7
DA:58,7
DA:60,7
DA:68,7
DA:69,7
DA:70,7
DA:72,7
DA:75,7
DA:80,7
DA:82,7
DA:99,7
DA:108,7
DA:109,7
DA:113,7
DA:115,7
DA:116,7
DA:117,7
DA:119,7
DA:129,7
DA:133,7
DA:135,7
DA:146,7
DA:147,7
DA:148,7
DA:150,7
LF:45
LH:42
BRDA:7,0,0,7
BRDA:7,0,1,0
BRDA:8,1,0,7
BRDA:8,1,1,0
BRDA:10,2,0,7
BRDA:10,2,1,7
BRDA:17,3,0,7
BRDA:17,3,1,0
BRDA:18,4,0,0
BRDA:18,4,1,0
BRDA:19,5,0,7
BRDA:19,5,1,0
BRDA:23,6,0,0
BRDA:23,6,1,7
BRDA:24,7,0,0
BRDA:24,7,1,0
BRDA:25,8,0,0
BRDA:25,8,1,0
BRDA:32,9,0,7
BRDA:32,9,1,7
BRDA:33,10,0,7
BRDA:33,10,1,7
BRDA:34,11,0,7
BRDA:34,11,1,0
BRDA:38,12,0,7
BRDA:38,12,1,0
BRDA:44,13,0,0
BRDA:44,13,1,7
BRDA:48,14,0,7
BRDA:48,14,1,0
BRDA:50,15,0,7
BRDA:50,15,1,7
BRDA:54,16,0,7
BRDA:54,16,1,0
BRDA:58,17,0,7
BRDA:58,17,1,7
BRDA:61,18,0,7
BRDA:61,18,1,0
BRDA:68,19,0,7
BRDA:68,19,1,0
BRDA:69,20,0,7
BRDA:69,20,1,0
BRDA:70,21,0,7
BRDA:70,21,1,7
BRDA:76,22,0,7
BRDA:76,22,1,7
BRDA:77,23,0,7
BRDA:77,23,1,7
BRDA:80,24,0,7
BRDA:80,24,1,7
BRDA:83,25,0,7
BRDA:83,25,1,7
BRDA:84,26,0,7
BRDA:84,26,1,7
BRDA:86,27,0,7
BRDA:86,27,1,7
BRDA:87,28,0,7
BRDA:87,28,1,7
BRDA:88,29,0,7
BRDA:88,29,1,7
BRDA:89,30,0,7
BRDA:89,30,1,7
BRDA:90,31,0,7
BRDA:90,31,1,7
BRDA:93,32,0,7
BRDA:93,32,1,7
BRDA:94,33,0,7
BRDA:94,33,1,7
BRDA:108,34,0,7
BRDA:108,34,1,0
BRDA:109,35,0,0
BRDA:109,35,1,7
BRDA:113,36,0,7
BRDA:113,36,1,0
BRDA:115,37,0,7
BRDA:115,37,1,0
BRDA:116,38,0,7
BRDA:116,38,1,0
BRDA:117,39,0,7
BRDA:117,39,1,0
BRDA:120,40,0,7
BRDA:120,40,1,7
BRDA:120,41,0,7
BRDA:120,41,1,7
BRDA:121,42,0,7
BRDA:121,42,1,7
BRDA:121,43,0,7
BRDA:121,43,1,7
BRDA:122,44,0,7
BRDA:122,44,1,7
BRDA:122,45,0,7
BRDA:122,45,1,7
BRDA:123,46,0,7
BRDA:123,46,1,7
BRDA:123,47,0,7
BRDA:123,47,1,7
BRDA:124,48,0,7
BRDA:124,48,1,7
BRDA:124,49,0,7
BRDA:124,49,1,7
BRDA:133,50,0,7
BRDA:133,50,1,7
BRDA:137,51,0,7
BRDA:137,51,1,0
BRDA:138,52,0,7
BRDA:138,52,1,0
BRDA:140,53,0,7
BRDA:140,53,1,0
BRDA:146,54,0,7
BRDA:146,54,1,7
BRF:110
BRH:82
end_of_record
TN:
SF:server.js
FN:82,(anonymous_0)
FN:90,(anonymous_1)
FN:162,initializeProxy
FN:198,(anonymous_3)
FN:198,(anonymous_4)
FN:201,(anonymous_5)
FN:206,(anonymous_6)
FN:207,(anonymous_7)
FN:214,(anonymous_8)
FN:220,(anonymous_9)
FN:227,(anonymous_10)
FN:233,(anonymous_11)
FN:241,(anonymous_12)
FN:258,(anonymous_13)
FN:274,(anonymous_14)
FN:278,(anonymous_15)
FN:287,(anonymous_16)
FN:305,(anonymous_17)
FN:311,handleQueueProcessing
FN:325,(anonymous_19)
FN:325,(anonymous_20)
FN:331,(anonymous_21)
FN:332,(anonymous_22)
FN:337,(anonymous_23)
FN:356,(anonymous_24)
FN:394,(anonymous_25)
FN:418,(anonymous_26)
FN:442,getTrainingMap
FN:445,(anonymous_28)
FN:452,shutdown
FN:472,(anonymous_30)
FN:477,(anonymous_31)
FN:482,(anonymous_32)
FN:498,(anonymous_33)
FN:503,(anonymous_34)
FN:504,(anonymous_35)
FNF:36
FNH:1
FNDA:0,(anonymous_0)
FNDA:0,(anonymous_1)
FNDA:0,initializeProxy
FNDA:1,(anonymous_3)
FNDA:0,(anonymous_4)
FNDA:0,(anonymous_5)
FNDA:0,(anonymous_6)
FNDA:0,(anonymous_7)
FNDA:0,(anonymous_8)
FNDA:0,(anonymous_9)
FNDA:0,(anonymous_10)
FNDA:0,(anonymous_11)
FNDA:0,(anonymous_12)
FNDA:0,(anonymous_13)
FNDA:0,(anonymous_14)
FNDA:0,(anonymous_15)
FNDA:0,(anonymous_16)
FNDA:0,(anonymous_17)
FNDA:0,handleQueueProcessing
FNDA:0,(anonymous_19)
FNDA:0,(anonymous_20)
FNDA:0,(anonymous_21)
FNDA:0,(anonymous_22)
FNDA:0,(anonymous_23)
FNDA:0,(anonymous_24)
FNDA:0,(anonymous_25)
FNDA:0,(anonymous_26)
FNDA:0,getTrainingMap
FNDA:0,(anonymous_28)
FNDA:0,shutdown
FNDA:0,(anonymous_30)
FNDA:0,(anonymous_31)
FNDA:0,(anonymous_32)
FNDA:0,(anonymous_33)
FNDA:0,(anonymous_34)
FNDA:0,(anonymous_35)
DA:1,1
DA:2,1
DA:3,1
DA:4,1
DA:5,1
DA:6,1
DA:7,1
DA:8,1
DA:9,1
DA:10,1
DA:11,1
DA:12,1
DA:13,1
DA:14,1
DA:15,1
DA:16,1
DA:17,1
DA:18,1
DA:19,1
DA:20,1
DA:21,1
DA:22,1
DA:23,1
DA:24,1
DA:25,1
DA:27,1
DA:28,1
DA:29,1
DA:30,1
DA:31,1
DA:32,1
DA:33,1
DA:34,1
DA:35,1
DA:36,1
DA:37,1
DA:38,1
DA:39,1
DA:40,1
DA:41,1
DA:42,1
DA:43,1
DA:44,1
DA:46,1
DA:47,1
DA:49,1
DA:55,1
DA:79,1
DA:82,1
DA:83,0
DA:84,0
DA:85,0
DA:86,0
DA:90,1
DA:91,0
DA:92,0
DA:121,0
DA:122,0
DA:123,0
DA:126,1
DA:128,1
DA:137,1
DA:153,1
DA:154,1
DA:155,1
DA:158,1
DA:159,1
DA:160,1
DA:163,0
DA:164,0
DA:165,0
DA:166,0
DA:168,0
DA:170,0
DA:176,1
DA:177,1
DA:179,1
DA:180,1
DA:181,1
DA:182,1
DA:183,1
DA:184,1
DA:185,1
DA:186,1
DA:187,1
DA:188,1
DA:189,1
DA:190,1
DA:191,1
DA:192,1
DA:193,1
DA:194,1
DA:198,1
DA:199,0
DA:200,1
DA:201,1
DA:202,0
DA:203,0
DA:206,1
DA:207,0
DA:208,0
DA:209,0
DA:211,0
DA:212,0
DA:214,0
DA:215,0
DA:216,0
DA:217,0
DA:220,0
DA:221,0
DA:222,0
DA:223,0
DA:224,0
DA:227,0
DA:228,0
DA:229,0
DA:230,0
DA:233,0
DA:234,0
DA:235,0
DA:236,0
DA:237,0
DA:238,0
DA:241,0
DA:242,0
DA:243,0
DA:244,0
DA:245,0
DA:246,0
DA:247,0
DA:250,0
DA:252,0
DA:253,0
DA:254,0
DA:258,0
DA:259,0
DA:260,0
DA:261,0
DA:262,0
DA:263,0
DA:265,0
DA:267,0
DA:268,0
DA:269,0
DA:270,0
DA:271,0
DA:272,0
DA:274,0
DA:276,0
DA:278,0
DA:287,0
DA:298,0
DA:300,0
DA:301,0
DA:305,0
DA:306,0
DA:307,0
DA:312,0
DA:313,0
DA:314,0
DA:315,0
DA:316,0
DA:318,0
DA:320,0
DA:321,0
DA:322,0
DA:323,0
DA:324,0
DA:325,0
DA:326,0
DA:327,0
DA:329,0
DA:331,0
DA:332,0
DA:333,0
DA:336,0
DA:337,0
DA:338,0
DA:339,0
DA:341,0
DA:345,0
DA:353,0
DA:355,0
DA:356,0
DA:357,0
DA:358,0
DA:359,0
DA:360,0
DA:361,0
DA:362,0
DA:363,0
DA:365,0
DA:366,0
DA:367,0
DA:368,0
DA:370,0
DA:374,0
DA:375,0
DA:376,0
DA:377,0
DA:378,0
DA:380,0
DA:381,0
DA:385,0
DA:386,0
DA:387,0
DA:389,0
DA:392,0
DA:394,0
DA:395,0
DA:396,0
DA:397,0
DA:399,0
DA:400,0
DA:402,0
DA:403,0
DA:405,0
DA:408,0
DA:409,0
DA:411,0
DA:412,0
DA:414,0
DA:418,0
DA:422,0
DA:424,0
DA:426,0
DA:434,0
DA:435,0
DA:437,0
DA:438,0
DA:443,0
DA:444,0
DA:445,0
DA:446,0
DA:447,0
DA:449,0
DA:453,0
DA:454,0
DA:455,0
DA:456,0
DA:457,0
DA:458,0
DA:460,0
DA:463,0
DA:464,0
DA:466,0
DA:468,0
DA:471,1
DA:472,0
DA:473,0
DA:474,0
DA:477,0
DA:478,0
DA:479,0
DA:482,0
DA:483,0
DA:484,0
DA:485,0
DA:487,0
DA:488,0
DA:489,0
DA:492,0
DA:493,0
DA:495,0
DA:497,0
DA:498,0
DA:499,0
DA:500,0
DA:503,0
DA:504,0
DA:506,0
DA:511,1
LF:272
LH:83
BRDA:91,0,0,0
BRDA:91,0,1,0
BRDA:131,1,0,0
BRDA:131,1,1,1
BRDA:164,2,0,0
BRDA:164,2,1,0
BRDA:165,3,0,0
BRDA:165,3,1,0
BRDA:172,4,0,0
BRDA:172,4,1,0
BRDA:202,5,0,0
BRDA:202,5,1,0
BRDA:202,6,0,0
BRDA:202,6,1,0
BRDA:211,7,0,0
BRDA:211,7,1,0
BRDA:212,8,0,0
BRDA:212,8,1,0
BRDA:216,9,0,0
BRDA:216,9,1,0
BRDA:221,10,0,0
BRDA:221,10,1,0
BRDA:223,11,0,0
BRDA:223,11,1,0
BRDA:229,12,0,0
BRDA:229,12,1,0
BRDA:234,13,0,0
BRDA:234,13,1,0
BRDA:236,14,0,0
BRDA:236,14,1,0
BRDA:237,15,0,0
BRDA:237,15,1,0
BRDA:242,16,0,0
BRDA:242,16,1,0
BRDA:243,17,0,0
BRDA:243,17,1,0
BRDA:259,18,0,0
BRDA:259,18,1,0
BRDA:259,19,0,0
BRDA:259,19,1,0
BRDA:263,20,0,0
BRDA:263,20,1,0
BRDA:265,21,0,0
BRDA:265,21,1,0
BRDA:281,22,0,0
BRDA:281,22,1,0
BRDA:282,23,0,0
BRDA:282,23,1,0
BRDA:283,24,0,0
BRDA:283,24,1,0
BRDA:306,25,0,0
BRDA:306,25,1,0
BRDA:307,26,0,0
BRDA:307,26,1,0
BRDA:312,27,0,0
BRDA:312,27,1,0
BRDA:312,28,0,0
BRDA:312,28,1,0
BRDA:316,29,0,0
BRDA:316,29,1,0
BRDA:325,30,0,0
BRDA:325,30,1,0
BRDA:333,31,0,0
BRDA:333,31,1,0
BRDA:333,31,2,0
BRDA:333,31,3,0
BRDA:333,31,4,0
BRDA:338,32,0,0
BRDA:338,32,1,0
BRDA:338,33,0,0
BRDA:338,33,1,0
BRDA:338,33,2,0
BRDA:339,34,0,0
BRDA:339,34,1,0
BRDA:339,35,0,0
BRDA:339,35,1,0
BRDA:345,36,0,0
BRDA:345,36,1,0
BRDA:357,37,0,0
BRDA:357,37,1,0
BRDA:357,38,0,0
BRDA:357,38,1,0
BRDA:357,38,2,0
BRDA:360,39,0,0
BRDA:360,39,1,0
BRDA:366,40,0,0
BRDA:366,40,1,0
BRDA:374,41,0,0
BRDA:374,41,1,0
BRDA:374,42,0,0
BRDA:374,42,1,0
BRDA:377,43,0,0
BRDA:377,43,1,0
BRDA:385,44,0,0
BRDA:385,44,1,0
BRDA:385,45,0,0
BRDA:385,45,1,0
BRDA:385,45,2,0
BRDA:389,46,0,0
BRDA:389,46,1,0
BRDA:395,47,0,0
BRDA:395,47,1,0
BRDA:395,48,0,0
BRDA:395,48,1,0
BRDA:395,48,2,0
BRDA:399,49,0,0
BRDA:399,49,1,0
BRDA:402,50,0,0
BRDA:402,50,1,0
BRDA:402,51,0,0
BRDA:402,51,1,0
BRDA:402,52,0,0
BRDA:402,52,1,0
BRDA:403,53,0,0
BRDA:403,53,1,0
BRDA:403,54,0,0
BRDA:403,54,1,0
BRDA:408,55,0,0
BRDA:408,55,1,0
BRDA:409,56,0,0
BRDA:409,56,1,0
BRDA:414,57,0,0
BRDA:414,57,1,0
BRDA:426,58,0,0
BRDA:426,58,1,0
BRDA:446,59,0,0
BRDA:446,59,1,0
BRDA:456,60,0,0
BRDA:456,60,1,0
BRDA:471,61,0,0
BRDA:471,61,1,1
BRDA:488,62,0,0
BRDA:488,62,1,0
BRDA:497,63,0,0
BRDA:497,63,1,0
BRDA:497,63,2,0
BRDA:500,64,0,0
BRDA:500,64,1,0
BRF:138
BRH:2
end_of_record
TN:
SF:middleware\auth.js
FN:6,maskSensitive
FN:8,(anonymous_1)
FN:16,toLogJson
FN:25,(anonymous_3)
FN:25,(anonymous_4)
FN:35,(anonymous_5)
FN:90,(anonymous_6)
FN:93,(anonymous_7)
FNF:8
FNH:3
FNDA:0,maskSensitive
FNDA:0,(anonymous_1)
FNDA:0,toLogJson
FNDA:133,(anonymous_3)
FNDA:4,(anonymous_4)
FNDA:10,(anonymous_5)
FNDA:0,(anonymous_6)
FNDA:0,(anonymous_7)
DA:1,2
DA:4,2
DA:7,0
DA:8,0
DA:9,0
DA:10,0
DA:11,0
DA:13,0
DA:17,0
DA:18,0
DA:20,0
DA:23,2
DA:25,133
DA:26,4
DA:27,4
DA:28,4
DA:29,4
DA:31,4
DA:32,3
DA:35,2
DA:36,10
DA:37,10
DA:61,10
DA:74,1
DA:78,9
DA:79,9
DA:80,0
DA:81,0
DA:82,0
DA:90,0
DA:91,0
DA:92,0
DA:93,0
DA:94,0
DA:97,0
DA:99,0
DA:102,9
DA:104,9
DA:105,9
DA:107,0
DA:109,0
DA:113,2
LF:42
LH:21
BRDA:7,0,0,0
BRDA:7,0,1,0
BRDA:7,1,0,0
BRDA:7,1,1,0
BRDA:8,2,0,0
BRDA:8,2,1,0
BRDA:11,3,0,0
BRDA:11,3,1,0
BRDA:11,4,0,0
BRDA:11,4,1,0
BRDA:11,5,0,0
BRDA:11,5,1,0
BRDA:17,6,0,0
BRDA:17,6,1,0
BRDA:17,7,0,0
BRDA:17,7,1,0
BRDA:17,7,2,0
BRDA:20,8,0,0
BRDA:20,8,1,0
BRDA:26,9,0,4
BRDA:26,9,1,4
BRDA:27,10,0,4
BRDA:27,10,1,0
BRDA:28,11,0,4
BRDA:28,11,1,0
BRDA:31,12,0,1
BRDA:31,12,1,3
BRDA:61,13,0,1
BRDA:61,13,1,9
BRDA:62,14,0,10
BRDA:62,14,1,9
BRDA:62,14,2,9
BRDA:62,14,3,9
BRDA:62,14,4,9
BRDA:62,14,5,9
BRDA:62,14,6,9
BRDA:62,14,7,9
BRDA:62,14,8,9
BRDA:62,14,9,9
BRDA:62,14,10,9
BRDA:79,15,0,0
BRDA:79,15,1,9
BRDA:79,16,0,9
BRDA:79,16,1,0
BRDA:81,17,0,0
BRDA:81,17,1,0
BRDA:81,18,0,0
BRDA:81,18,1,0
BRDA:91,19,0,0
BRDA:91,19,1,0
BRDA:91,19,2,0
BRDA:92,20,0,0
BRDA:92,20,1,0
BRDA:102,21,0,0
BRDA:102,21,1,9
BRDA:102,22,0,9
BRDA:102,22,1,9
BRDA:104,23,0,9
BRDA:104,23,1,0
BRF:59
BRH:25
end_of_record
TN:
SF:middleware\correlation-id.js
FN:3,correlationId
FNF:1
FNH:1
FNDA:14,correlationId
DA:1,2
DA:4,14
DA:5,14
DA:6,14
DA:7,14
DA:10,2
LF:6
LH:6
BRDA:4,0,0,14
BRDA:4,0,1,13
BRF:2
BRH:2
end_of_record
TN:
SF:middleware\csrf.js
FN:3,generateCsrfToken
FN:13,csrfProtection
FNF:2
FNH:2
FNDA:4,generateCsrfToken
FNDA:10,csrfProtection
DA:1,5
DA:4,4
DA:5,3
DA:7,4
DA:14,10
DA:15,9
DA:16,7
DA:18,6
DA:19,6
DA:21,6
DA:22,3
DA:24,3
DA:27,5
LF:13
LH:13
BRDA:4,0,0,3
BRDA:4,0,1,1
BRDA:14,1,0,1
BRDA:14,1,1,9
BRDA:15,2,0,2
BRDA:15,2,1,7
BRDA:16,3,0,1
BRDA:16,3,1,6
BRDA:21,4,0,3
BRDA:21,4,1,3
BRDA:21,5,0,6
BRDA:21,5,1,6
BRDA:21,5,2,4
BRF:13
BRH:13
end_of_record
TN:
SF:middleware\rate-limiter.js
FN:35,(anonymous_0)
FNF:1
FNH:0
FNDA:0,(anonymous_0)
DA:1,5
DA:2,5
DA:4,5
DA:13,5
DA:21,5
DA:30,5
DA:36,0
DA:43,5
DA:52,5
DA:62,5
DA:70,5
DA:78,5
DA:86,5
LF:13
LH:12
BRDA:36,0,0,0
BRDA:36,0,1,0
BRDA:36,0,2,0
BRF:3
BRH:0
end_of_record
TN:
SF:middleware\validation.js
FN:41,(anonymous_0)
FN:44,(anonymous_1)
FN:48,(anonymous_2)
FN:52,(anonymous_3)
FN:75,(anonymous_4)
FN:77,(anonymous_5)
FN:80,(anonymous_6)
FN:98,(anonymous_7)
FN:100,(anonymous_8)
FN:103,(anonymous_9)
FNF:10
FNH:5
FNDA:0,(anonymous_0)
FNDA:0,(anonymous_1)
FNDA:0,(anonymous_2)
FNDA:0,(anonymous_3)
FNDA:2,(anonymous_4)
FNDA:0,(anonymous_5)
FNDA:1,(anonymous_6)
FNDA:3,(anonymous_7)
FNDA:2,(anonymous_8)
FNDA:1,(anonymous_9)
DA:1,4
DA:3,4
DA:39,4
DA:41,4
DA:43,0
DA:44,0
DA:47,0
DA:48,0
DA:49,0
DA:50,0
DA:52,4
DA:53,0
DA:61,4
DA:75,4
DA:76,2
DA:77,0
DA:79,2
DA:80,2
DA:81,1
DA:82,1
DA:87,4
DA:98,4
DA:99,3
DA:100,2
DA:102,3
DA:103,3
DA:104,2
DA:105,2
DA:108,4
LF:29
LH:21
BRDA:43,0,0,0
BRDA:43,0,1,0
BRDA:48,1,0,0
BRDA:48,1,1,0
BRDA:76,2,0,0
BRDA:76,2,1,2
BRDA:80,3,0,1
BRDA:80,3,1,1
BRDA:99,4,0,1
BRDA:99,4,1,2
BRDA:103,5,0,1
BRDA:103,5,1,2
BRF:12
BRH:7
end_of_record
TN:
SF:routes\auth.js
FN:15,finalizeLogin
FN:37,(anonymous_1)
FN:80,(anonymous_2)
FN:104,(anonymous_3)
FN:132,(anonymous_4)
FN:147,(anonymous_5)
FNF:6
FNH:3
FNDA:2,finalizeLogin
FNDA:4,(anonymous_1)
FNDA:3,(anonymous_2)
FNDA:0,(anonymous_3)
FNDA:0,(anonymous_4)
FNDA:0,(anonymous_5)
DA:2,2
DA:3,2
DA:4,2
DA:5,2
DA:7,2
DA:8,2
DA:9,2
DA:10,2
DA:11,2
DA:12,2
DA:16,2
DA:17,2
DA:18,2
DA:26,2
DA:27,2
DA:34,2
DA:37,2
DA:38,4
DA:39,4
DA:41,4
DA:42,1
DA:43,1
DA:46,1
DA:47,1
DA:50,3
DA:51,3
DA:52,3
DA:53,2
DA:54,2
DA:57,3
DA:59,3
DA:60,2
DA:63,2
DA:64,1
DA:65,1
DA:67,1
DA:68,1
DA:69,0
DA:70,0
DA:72,1
DA:75,0
DA:76,0
DA:80,2
DA:81,3
DA:82,1
DA:85,2
DA:86,2
DA:88,2
DA:89,2
DA:96,2
DA:97,1
DA:98,1
DA:100,1
DA:104,2
DA:105,0
DA:106,0
DA:107,0
DA:109,0
DA:110,0
DA:111,0
DA:113,0
DA:114,0
DA:116,0
DA:117,0
DA:119,0
DA:121,0
DA:126,0
DA:128,0
DA:132,2
DA:133,0
DA:134,0
DA:135,0
DA:136,0
DA:137,0
DA:141,0
DA:143,0
DA:144,0
DA:147,2
DA:148,0
DA:149,0
DA:152,2
LF:81
LH:53
BRDA:23,0,0,2
BRDA:23,0,1,0
BRDA:26,1,0,2
BRDA:26,1,1,2
BRDA:39,2,0,4
BRDA:39,2,1,4
BRDA:41,3,0,1
BRDA:41,3,1,3
BRDA:41,4,0,4
BRDA:41,4,1,1
BRDA:52,5,0,2
BRDA:52,5,1,1
BRDA:53,6,0,0
BRDA:53,6,1,2
BRDA:54,7,0,0
BRDA:54,7,1,2
BRDA:59,8,0,2
BRDA:59,8,1,1
BRDA:63,9,0,1
BRDA:63,9,1,1
BRDA:63,10,0,2
BRDA:63,10,1,2
BRDA:63,10,2,1
BRDA:68,11,0,0
BRDA:68,11,1,1
BRDA:81,12,0,1
BRDA:81,12,1,2
BRDA:96,13,0,1
BRDA:96,13,1,1
BRDA:106,14,0,0
BRDA:106,14,1,0
BRDA:111,15,0,0
BRDA:111,15,1,0
BRDA:117,16,0,0
BRDA:117,16,1,0
BRDA:134,17,0,0
BRDA:134,17,1,0
BRDA:134,18,0,0
BRDA:134,18,1,0
BRDA:134,18,2,0
BRDA:136,19,0,0
BRDA:136,19,1,0
BRDA:148,20,0,0
BRDA:148,20,1,0
BRDA:148,21,0,0
BRDA:148,21,1,0
BRF:46
BRH:25
end_of_record
TN:
SF:routes\views.js
FN:11,(anonymous_0)
FN:12,(anonymous_1)
FN:26,(anonymous_2)
FN:55,(anonymous_3)
FNF:4
FNH:2
FNDA:10,(anonymous_0)
FNDA:0,(anonymous_1)
FNDA:1,(anonymous_2)
FNDA:0,(anonymous_3)
DA:2,1
DA:3,1
DA:4,1
DA:5,1
DA:6,1
DA:11,1
DA:12,10
DA:13,0
DA:14,0
DA:15,0
DA:17,0
DA:22,1
DA:23,1
DA:26,1
DA:27,1
DA:43,1
DA:44,1
DA:45,1
DA:46,1
DA:47,1
DA:48,1
DA:49,1
DA:50,1
DA:51,1
DA:52,1
DA:55,1
DA:56,0
DA:61,1
LF:28
LH:23
BRDA:14,0,0,0
BRDA:14,0,1,0
BRDA:36,1,0,1
BRDA:36,1,1,0
BRF:4
BRH:1
end_of_record
TN:
SF:routes\api\api-keys.js
FN:8,(anonymous_0)
FN:12,(anonymous_1)
FN:25,(anonymous_2)
FN:45,(anonymous_3)
FN:64,(anonymous_4)
FN:83,(anonymous_5)
FN:96,(anonymous_6)
FNF:7
FNH:7
FNDA:1,(anonymous_0)
FNDA:8,(anonymous_1)
FNDA:2,(anonymous_2)
FNDA:5,(anonymous_3)
FNDA:3,(anonymous_4)
FNDA:3,(anonymous_5)
FNDA:2,(anonymous_6)
DA:2,2
DA:3,2
DA:4,2
DA:5,2
DA:6,2
DA:8,2
DA:9,1
DA:12,2
DA:13,8
DA:14,8
DA:15,8
DA:16,6
DA:18,4
DA:19,4
DA:21,4
DA:22,4
DA:25,2
DA:26,2
DA:27,2
DA:28,2
DA:29,2
DA:30,1
DA:31,1
DA:37,1
DA:39,1
DA:45,2
DA:46,5
DA:47,5
DA:48,5
DA:49,5
DA:50,5
DA:51,5
DA:52,5
DA:53,5
DA:54,5
DA:55,5
DA:57,5
DA:58,4
DA:60,1
DA:64,2
DA:65,3
DA:66,3
DA:67,3
DA:68,3
DA:69,3
DA:70,3
DA:71,3
DA:72,3
DA:74,3
DA:75,2
DA:76,2
DA:77,2
DA:79,1
DA:83,2
DA:84,3
DA:85,3
DA:86,3
DA:87,3
DA:88,2
DA:89,2
DA:90,2
DA:92,1
DA:96,2
DA:97,2
DA:98,2
DA:99,2
DA:100,2
DA:101,1
DA:102,1
DA:108,1
DA:110,1
DA:114,2
LF:72
LH:72
BRDA:13,0,0,0
BRDA:13,0,1,8
BRDA:15,1,0,2
BRDA:15,1,1,6
BRDA:15,2,0,8
BRDA:15,2,1,7
BRDA:16,3,0,2
BRDA:16,3,1,4
BRDA:18,4,0,4
BRDA:18,4,1,0
BRDA:18,5,0,4
BRDA:18,5,1,4
BRDA:26,6,0,0
BRDA:26,6,1,2
BRDA:30,7,0,1
BRDA:30,7,1,0
BRDA:30,8,0,1
BRDA:30,8,1,1
BRDA:35,9,0,1
BRDA:35,9,1,0
BRDA:47,10,0,5
BRDA:47,10,1,4
BRDA:48,11,0,5
BRDA:48,11,1,4
BRDA:49,12,0,1
BRDA:49,12,1,4
BRDA:50,13,0,5
BRDA:50,13,1,4
BRDA:51,14,0,5
BRDA:51,14,1,4
BRDA:52,15,0,5
BRDA:52,15,1,5
BRDA:53,16,0,5
BRDA:53,16,1,5
BRDA:54,17,0,5
BRDA:54,17,1,4
BRDA:55,18,0,5
BRDA:55,18,1,4
BRDA:66,19,0,0
BRDA:66,19,1,3
BRDA:67,20,0,3
BRDA:67,20,1,2
BRDA:68,21,0,3
BRDA:68,21,1,3
BRDA:69,22,0,3
BRDA:69,22,1,3
BRDA:70,23,0,3
BRDA:70,23,1,3
BRDA:71,24,0,3
BRDA:71,24,1,2
BRDA:72,25,0,3
BRDA:72,25,1,2
BRDA:84,26,0,0
BRDA:84,26,1,3
BRDA:86,27,0,3
BRDA:86,27,1,1
BRDA:88,28,0,2
BRDA:88,28,1,0
BRDA:88,29,0,2
BRDA:88,29,1,2
BRDA:97,30,0,0
BRDA:97,30,1,2
BRDA:101,31,0,1
BRDA:101,31,1,0
BRDA:101,32,0,1
BRDA:101,32,1,1
BRF:66
BRH:56
end_of_record
TN:
SF:routes\api\docs.js
FN:1996,(anonymous_0)
FNF:1
FNH:0
FNDA:0,(anonymous_0)
DA:2,1
DA:3,1
DA:4,1
DA:5,1
DA:7,1
DA:9,1
DA:1989,1
DA:1990,1
DA:1996,1
DA:1997,0
DA:2000,1
LF:11
LH:10
BRF:0
BRH:0
end_of_record
TN:
SF:routes\api\forms.js
FN:16,(anonymous_0)
FN:24,(anonymous_1)
FN:36,(anonymous_2)
FN:47,(anonymous_3)
FN:65,(anonymous_4)
FN:77,(anonymous_5)
FN:96,(anonymous_6)
FN:113,(anonymous_7)
FN:131,(anonymous_8)
FN:151,(anonymous_9)
FN:175,(anonymous_10)
FN:182,(anonymous_11)
FN:198,(anonymous_12)
FNF:13
FNH:0
FNDA:0,(anonymous_0)
FNDA:0,(anonymous_1)
FNDA:0,(anonymous_2)
FNDA:0,(anonymous_3)
FNDA:0,(anonymous_4)
FNDA:0,(anonymous_5)
FNDA:0,(anonymous_6)
FNDA:0,(anonymous_7)
FNDA:0,(anonymous_8)
FNDA:0,(anonymous_9)
FNDA:0,(anonymous_10)
FNDA:0,(anonymous_11)
FNDA:0,(anonymous_12)
DA:2,1
DA:3,1
DA:4,1
DA:5,1
DA:6,1
DA:8,1
DA:9,1
DA:10,1
DA:11,1
DA:12,1
DA:14,1
DA:16,1
DA:17,0
DA:18,0
DA:20,0
DA:24,1
DA:25,0
DA:26,0
DA:27,0
DA:28,0
DA:29,0
DA:30,0
DA:32,0
DA:36,1
DA:37,0
DA:38,0
DA:39,0
DA:40,0
DA:41,0
DA:43,0
DA:44,0
DA:45,0
DA:47,0
DA:51,0
DA:52,0
DA:53,0
DA:57,0
DA:58,0
DA:60,0
DA:61,0
DA:65,1
DA:67,0
DA:68,0
DA:69,0
DA:70,0
DA:71,0
DA:73,0
DA:77,1
DA:78,0
DA:79,0
DA:80,0
DA:81,0
DA:82,0
DA:83,0
DA:84,0
DA:90,0
DA:92,0
DA:96,1
DA:97,0
DA:98,0
DA:99,0
DA:100,0
DA:101,0
DA:107,0
DA:109,0
DA:113,1
DA:114,0
DA:115,0
DA:116,0
DA:117,0
DA:118,0
DA:119,0
DA:120,0
DA:125,0
DA:127,0
DA:131,1
DA:132,0
DA:133,0
DA:134,0
DA:135,0
DA:136,0
DA:137,0
DA:139,0
DA:145,0
DA:147,0
DA:151,1
DA:152,0
DA:153,0
DA:154,0
DA:155,0
DA:156,0
DA:157,0
DA:158,0
DA:160,0
DA:161,0
DA:162,0
DA:167,0
DA:168,0
DA:170,0
DA:171,0
DA:175,1
DA:176,0
DA:177,0
DA:178,0
DA:180,0
DA:182,0
DA:183,0
DA:184,0
DA:187,0
DA:194,0
DA:198,1
DA:199,0
DA:200,0
DA:201,0
DA:203,0
DA:207,1
LF:116
LH:23
BRDA:37,0,0,0
BRDA:37,0,1,0
BRDA:38,1,0,0
BRDA:38,1,1,0
BRDA:44,2,0,0
BRDA:44,2,1,0
BRDA:52,3,0,0
BRDA:52,3,1,0
BRDA:52,4,0,0
BRDA:52,4,1,0
BRDA:60,5,0,0
BRDA:60,5,1,0
BRDA:60,6,0,0
BRDA:60,6,1,0
BRDA:67,7,0,0
BRDA:67,7,1,0
BRDA:70,8,0,0
BRDA:70,8,1,0
BRDA:78,9,0,0
BRDA:78,9,1,0
BRDA:83,10,0,0
BRDA:83,10,1,0
BRDA:83,11,0,0
BRDA:83,11,1,0
BRDA:88,12,0,0
BRDA:88,12,1,0
BRDA:97,13,0,0
BRDA:97,13,1,0
BRDA:100,14,0,0
BRDA:100,14,1,0
BRDA:100,15,0,0
BRDA:100,15,1,0
BRDA:103,16,0,0
BRDA:103,16,1,0
BRDA:104,17,0,0
BRDA:104,17,1,0
BRDA:105,18,0,0
BRDA:105,18,1,0
BRDA:105,19,0,0
BRDA:105,19,1,0
BRDA:114,20,0,0
BRDA:114,20,1,0
BRDA:117,21,0,0
BRDA:117,21,1,0
BRDA:119,22,0,0
BRDA:119,22,1,0
BRDA:119,23,0,0
BRDA:119,23,1,0
BRDA:134,24,0,0
BRDA:134,24,1,0
BRDA:152,25,0,0
BRDA:152,25,1,0
BRDA:153,26,0,0
BRDA:153,26,1,0
BRDA:157,27,0,0
BRDA:157,27,1,0
BRDA:157,28,0,0
BRDA:157,28,1,0
BRDA:161,29,0,0
BRDA:161,29,1,0
BRDA:161,30,0,0
BRDA:161,30,1,0
BRDA:170,31,0,0
BRDA:170,31,1,0
BRDA:170,32,0,0
BRDA:170,32,1,0
BRDA:178,33,0,0
BRDA:178,33,1,0
BRDA:180,34,0,0
BRDA:180,34,1,0
BRDA:182,35,0,0
BRDA:182,35,1,0
BRDA:184,36,0,0
BRDA:184,36,1,0
BRF:74
BRH:0
end_of_record
TN:
SF:routes\api\knowledgebase.js
FN:17,assertLocalDiskSpace
FN:49,(anonymous_1)
FN:57,(anonymous_2)
FN:81,(anonymous_3)
FN:93,(anonymous_4)
FN:113,(anonymous_5)
FN:132,(anonymous_6)
FN:140,(anonymous_7)
FN:154,(anonymous_8)
FN:168,(anonymous_9)
FN:183,(anonymous_10)
FN:196,(anonymous_11)
FN:222,(anonymous_12)
FN:232,(anonymous_13)
FN:243,(anonymous_14)
FN:287,(anonymous_15)
FN:307,(anonymous_16)
FN:339,(anonymous_17)
FN:359,(anonymous_18)
FN:377,(anonymous_19)
FNF:20
FNH:19
FNDA:6,assertLocalDiskSpace
FNDA:4,(anonymous_1)
FNDA:0,(anonymous_2)
FNDA:3,(anonymous_3)
FNDA:3,(anonymous_4)
FNDA:3,(anonymous_5)
FNDA:2,(anonymous_6)
FNDA:2,(anonymous_7)
FNDA:2,(anonymous_8)
FNDA:2,(anonymous_9)
FNDA:2,(anonymous_10)
FNDA:5,(anonymous_11)
FNDA:2,(anonymous_12)
FNDA:3,(anonymous_13)
FNDA:3,(anonymous_14)
FNDA:2,(anonymous_15)
FNDA:3,(anonymous_16)
FNDA:2,(anonymous_17)
FNDA:2,(anonymous_18)
FNDA:2,(anonymous_19)
DA:1,3
DA:2,3
DA:3,3
DA:4,3
DA:5,3
DA:6,3
DA:7,3
DA:8,3
DA:9,3
DA:10,3
DA:11,3
DA:12,3
DA:15,3
DA:18,6
DA:19,6
DA:20,6
DA:21,6
DA:22,6
DA:23,0
DA:24,0
DA:25,0
DA:26,0
DA:27,0
DA:30,6
DA:32,6
DA:36,3
DA:46,3
DA:50,4
DA:51,0
DA:57,3
DA:58,0
DA:59,0
DA:60,0
DA:62,0
DA:63,0
DA:64,0
DA:65,0
DA:68,0
DA:69,0
DA:70,0
DA:71,0
DA:72,0
DA:74,0
DA:75,0
DA:81,3
DA:82,3
DA:83,3
DA:84,3
DA:85,1
DA:87,0
DA:93,3
DA:94,3
DA:95,3
DA:96,3
DA:97,1
DA:106,0
DA:113,3
DA:114,3
DA:115,2
DA:116,2
DA:117,1
DA:118,1
DA:122,1
DA:123,1
DA:125,1
DA:126,1
DA:132,3
DA:133,2
DA:134,2
DA:136,1
DA:140,3
DA:141,2
DA:142,2
DA:143,2
DA:144,2
DA:145,1
DA:146,1
DA:147,1
DA:148,1
DA:150,0
DA:154,3
DA:155,2
DA:156,2
DA:157,2
DA:158,2
DA:159,1
DA:160,1
DA:161,1
DA:162,1
DA:164,0
DA:168,3
DA:169,2
DA:170,2
DA:171,2
DA:172,1
DA:173,1
DA:174,1
DA:175,1
DA:177,1
DA:183,3
DA:184,2
DA:185,2
DA:186,2
DA:189,2
DA:191,0
DA:196,3
DA:197,5
DA:198,5
DA:199,4
DA:200,4
DA:201,6
DA:202,6
DA:203,3
DA:214,4
DA:215,4
DA:217,1
DA:218,1
DA:222,3
DA:223,2
DA:224,2
DA:225,2
DA:226,1
DA:228,0
DA:232,3
DA:233,3
DA:234,3
DA:235,3
DA:236,2
DA:237,2
DA:239,0
DA:243,3
DA:244,3
DA:245,3
DA:246,3
DA:247,3
DA:248,2
DA:249,2
DA:251,1
DA:252,1
DA:253,1
DA:257,1
DA:258,1
DA:272,1
DA:280,1
DA:282,0
DA:283,0
DA:287,3
DA:288,2
DA:289,2
DA:290,2
DA:291,2
DA:292,1
DA:298,1
DA:299,1
DA:300,1
DA:302,0
DA:307,3
DA:308,3
DA:309,3
DA:310,3
DA:311,3
DA:312,2
DA:313,2
DA:315,1
DA:316,1
DA:322,1
DA:323,1
DA:329,1
DA:331,0
DA:332,0
DA:339,3
DA:340,2
DA:341,2
DA:342,2
DA:343,2
DA:345,1
DA:346,1
DA:347,1
DA:353,1
DA:355,0
DA:359,3
DA:360,2
DA:361,2
DA:362,2
DA:363,2
DA:364,1
DA:365,1
DA:366,1
DA:371,1
DA:373,0
DA:377,3
DA:378,2
DA:379,2
DA:380,2
DA:381,2
DA:382,1
DA:383,1
DA:384,1
DA:385,1
DA:391,1
DA:393,0
DA:394,0
DA:398,3
LF:203
LH:167
BRDA:18,0,0,0
BRDA:18,0,1,6
BRDA:20,1,0,6
BRDA:20,1,1,0
BRDA:21,2,0,0
BRDA:21,2,1,6
BRDA:24,3,0,0
BRDA:24,3,1,0
BRDA:30,4,0,0
BRDA:30,4,1,6
BRDA:50,5,0,4
BRDA:50,5,1,0
BRDA:60,6,0,0
BRDA:60,6,1,0
BRDA:60,7,0,0
BRDA:60,7,1,0
BRDA:63,8,0,0
BRDA:63,8,1,0
BRDA:69,9,0,0
BRDA:69,9,1,0
BRDA:84,10,0,2
BRDA:84,10,1,1
BRDA:84,11,0,3
BRDA:84,11,1,2
BRDA:96,12,0,2
BRDA:96,12,1,1
BRDA:96,13,0,3
BRDA:96,13,1,2
BRDA:114,14,0,1
BRDA:114,14,1,2
BRDA:117,15,0,1
BRDA:117,15,1,0
BRDA:117,16,0,1
BRDA:117,16,1,1
BRDA:141,17,0,0
BRDA:141,17,1,2
BRDA:144,18,0,1
BRDA:144,18,1,1
BRDA:144,19,0,2
BRDA:144,19,1,1
BRDA:145,20,0,1
BRDA:145,20,1,1
BRDA:145,21,0,1
BRDA:145,21,1,1
BRDA:146,22,0,1
BRDA:146,22,1,0
BRDA:146,23,0,1
BRDA:146,23,1,1
BRDA:155,24,0,0
BRDA:155,24,1,2
BRDA:158,25,0,1
BRDA:158,25,1,1
BRDA:158,26,0,2
BRDA:158,26,1,2
BRDA:159,27,0,1
BRDA:159,27,1,1
BRDA:159,28,0,1
BRDA:159,28,1,1
BRDA:160,29,0,1
BRDA:160,29,1,0
BRDA:160,30,0,1
BRDA:160,30,1,1
BRDA:169,31,0,0
BRDA:169,31,1,2
BRDA:173,32,0,1
BRDA:173,32,1,0
BRDA:173,33,0,1
BRDA:173,33,1,1
BRDA:186,34,0,1
BRDA:186,34,1,1
BRDA:187,35,0,0
BRDA:187,35,1,1
BRDA:202,36,0,3
BRDA:202,36,1,3
BRDA:208,37,0,3
BRDA:208,37,1,2
BRDA:225,38,0,1
BRDA:225,38,1,1
BRDA:235,39,0,1
BRDA:235,39,1,2
BRDA:244,40,0,0
BRDA:244,40,1,3
BRDA:247,41,0,1
BRDA:247,41,1,2
BRDA:249,42,0,1
BRDA:249,42,1,1
BRDA:249,43,0,2
BRDA:249,43,1,1
BRDA:257,44,0,1
BRDA:257,44,1,0
BRDA:257,45,0,1
BRDA:257,45,1,1
BRDA:261,46,0,1
BRDA:261,46,1,1
BRDA:262,47,0,0
BRDA:262,47,1,1
BRDA:269,48,0,1
BRDA:269,48,1,1
BRDA:283,49,0,0
BRDA:283,49,1,0
BRDA:288,50,0,0
BRDA:288,50,1,2
BRDA:291,51,0,1
BRDA:291,51,1,1
BRDA:291,52,0,2
BRDA:291,52,1,1
BRDA:294,53,0,1
BRDA:294,53,1,0
BRDA:295,54,0,1
BRDA:295,54,1,0
BRDA:296,55,0,1
BRDA:296,55,1,1
BRDA:298,56,0,1
BRDA:298,56,1,0
BRDA:298,57,0,1
BRDA:298,57,1,1
BRDA:308,58,0,0
BRDA:308,58,1,3
BRDA:311,59,0,1
BRDA:311,59,1,2
BRDA:313,60,0,1
BRDA:313,60,1,1
BRDA:322,61,0,1
BRDA:322,61,1,0
BRDA:322,62,0,1
BRDA:322,62,1,1
BRDA:332,63,0,0
BRDA:332,63,1,0
BRDA:340,64,0,0
BRDA:340,64,1,2
BRDA:343,65,0,1
BRDA:343,65,1,1
BRDA:346,66,0,1
BRDA:346,66,1,0
BRDA:346,67,0,1
BRDA:346,67,1,1
BRDA:360,68,0,0
BRDA:360,68,1,2
BRDA:363,69,0,1
BRDA:363,69,1,1
BRDA:365,70,0,1
BRDA:365,70,1,0
BRDA:365,71,0,1
BRDA:365,71,1,1
BRDA:369,72,0,1
BRDA:369,72,1,0
BRDA:378,73,0,0
BRDA:378,73,1,2
BRDA:381,74,0,1
BRDA:381,74,1,1
BRDA:384,75,0,1
BRDA:384,75,1,0
BRDA:384,76,0,1
BRDA:384,76,1,1
BRF:154
BRH:111
end_of_record
TN:
SF:routes\api\live-forms.js
FN:13,convertHtmlToText
FN:23,escapeHtml
FN:33,(anonymous_2)
FN:57,(anonymous_3)
FN:80,(anonymous_4)
FN:107,(anonymous_5)
FN:128,(anonymous_6)
FN:140,(anonymous_7)
FN:174,(anonymous_8)
FN:225,(anonymous_9)
FN:259,(anonymous_10)
FN:291,(anonymous_11)
FN:301,(anonymous_12)
FN:343,(anonymous_13)
FN:387,(anonymous_14)
FN:397,(anonymous_15)
FNF:16
FNH:7
FNDA:0,convertHtmlToText
FNDA:0,escapeHtml
FNDA:1,(anonymous_2)
FNDA:0,(anonymous_3)
FNDA:0,(anonymous_4)
FNDA:1,(anonymous_5)
FNDA:0,(anonymous_6)
FNDA:3,(anonymous_7)
FNDA:2,(anonymous_8)
FNDA:2,(anonymous_9)
FNDA:1,(anonymous_10)
FNDA:0,(anonymous_11)
FNDA:0,(anonymous_12)
FNDA:2,(anonymous_13)
FNDA:0,(anonymous_14)
FNDA:0,(anonymous_15)
DA:2,2
DA:3,2
DA:4,2
DA:5,2
DA:6,2
DA:7,2
DA:8,2
DA:9,2
DA:10,2
DA:11,2
DA:14,0
DA:15,0
DA:24,0
DA:25,0
DA:33,2
DA:34,1
DA:35,1
DA:46,1
DA:47,1
DA:48,1
DA:50,1
DA:51,1
DA:53,0
DA:57,2
DA:58,0
DA:59,0
DA:70,0
DA:71,0
DA:72,0
DA:73,0
DA:74,0
DA:76,0
DA:80,2
DA:81,0
DA:82,0
DA:83,0
DA:94,0
DA:95,0
DA:96,0
DA:101,0
DA:103,0
DA:107,2
DA:108,1
DA:109,1
DA:110,1
DA:111,1
DA:113,1
DA:114,1
DA:115,1
DA:116,1
DA:118,1
DA:119,0
DA:120,0
DA:122,1
DA:124,0
DA:128,2
DA:129,0
DA:130,0
DA:131,0
DA:132,0
DA:133,0
DA:134,0
DA:136,0
DA:140,2
DA:141,3
DA:142,3
DA:143,3
DA:145,2
DA:152,2
DA:153,1
DA:155,1
DA:156,0
DA:159,1
DA:170,0
DA:174,2
DA:175,2
DA:176,2
DA:177,2
DA:178,0
DA:181,2
DA:182,2
DA:184,2
DA:185,2
DA:186,2
DA:187,2
DA:189,0
DA:192,2
DA:193,2
DA:195,2
DA:205,2
DA:206,1
DA:207,1
DA:208,1
DA:209,1
DA:210,1
DA:211,1
DA:215,1
DA:217,0
DA:218,0
DA:221,0
DA:225,2
DA:226,2
DA:227,2
DA:228,2
DA:230,1
DA:232,1
DA:255,0
DA:259,2
DA:260,1
DA:261,1
DA:262,1
DA:263,1
DA:265,1
DA:266,1
DA:267,1
DA:273,1
DA:274,1
DA:275,1
DA:277,1
DA:278,0
DA:279,0
DA:280,0
DA:281,0
DA:282,0
DA:283,0
DA:285,0
DA:286,0
DA:288,0
DA:291,1
DA:292,0
DA:293,0
DA:301,1
DA:302,0
DA:303,0
DA:312,1
DA:313,0
DA:314,0
DA:315,0
DA:316,0
DA:318,0
DA:319,0
DA:323,1
DA:324,0
DA:325,0
DA:326,0
DA:330,1
DA:331,1
DA:337,1
DA:339,0
DA:343,2
DA:344,2
DA:345,2
DA:346,2
DA:347,2
DA:349,2
DA:350,2
DA:351,1
DA:353,2
DA:354,2
DA:360,2
DA:361,2
DA:362,1
DA:363,1
DA:364,1
DA:367,2
DA:368,2
DA:369,2
DA:371,2
DA:372,0
DA:373,0
DA:374,0
DA:375,0
DA:376,0
DA:377,0
DA:378,0
DA:380,0
DA:381,0
DA:382,0
DA:384,0
DA:387,2
DA:388,0
DA:389,0
DA:397,2
DA:398,0
DA:399,0
DA:408,2
DA:409,0
DA:410,0
DA:411,0
DA:412,0
DA:413,0
DA:415,0
DA:416,0
DA:420,2
DA:421,0
DA:422,0
DA:423,0
DA:424,0
DA:428,2
DA:429,2
DA:436,2
DA:438,0
DA:442,2
LF:203
LH:114
BRDA:14,0,0,0
BRDA:14,0,1,0
BRDA:24,1,0,0
BRDA:24,1,1,0
BRDA:24,2,0,0
BRDA:24,2,1,0
BRDA:46,3,0,1
BRDA:46,3,1,0
BRDA:47,4,0,1
BRDA:47,4,1,0
BRDA:81,5,0,0
BRDA:81,5,1,0
BRDA:84,6,0,0
BRDA:84,6,1,0
BRDA:86,7,0,0
BRDA:86,7,1,0
BRDA:87,8,0,0
BRDA:87,8,1,0
BRDA:88,9,0,0
BRDA:88,9,1,0
BRDA:89,10,0,0
BRDA:89,10,1,0
BRDA:90,11,0,0
BRDA:90,11,1,0
BRDA:91,12,0,0
BRDA:91,12,1,0
BRDA:92,13,0,0
BRDA:92,13,1,0
BRDA:95,14,0,0
BRDA:95,14,1,0
BRDA:95,15,0,0
BRDA:95,15,1,0
BRDA:98,16,0,0
BRDA:98,16,1,0
BRDA:108,17,0,0
BRDA:108,17,1,1
BRDA:113,18,0,1
BRDA:113,18,1,0
BRDA:113,19,0,1
BRDA:113,19,1,1
BRDA:114,20,0,1
BRDA:114,20,1,0
BRDA:116,21,0,1
BRDA:116,21,1,0
BRDA:118,22,0,0
BRDA:118,22,1,1
BRDA:129,23,0,0
BRDA:129,23,1,0
BRDA:132,24,0,0
BRDA:132,24,1,0
BRDA:132,25,0,0
BRDA:132,25,1,0
BRDA:143,26,0,1
BRDA:143,26,1,2
BRDA:148,27,0,2
BRDA:148,27,1,2
BRDA:152,28,0,1
BRDA:152,28,1,1
BRDA:155,29,0,0
BRDA:155,29,1,1
BRDA:166,30,0,1
BRDA:166,30,1,1
BRDA:177,31,0,0
BRDA:177,31,1,2
BRDA:177,32,0,2
BRDA:177,32,1,2
BRDA:186,33,0,2
BRDA:186,33,1,0
BRDA:187,34,0,2
BRDA:187,34,1,0
BRDA:192,35,0,2
BRDA:192,35,1,0
BRDA:193,36,0,2
BRDA:193,36,1,0
BRDA:201,37,0,1
BRDA:201,37,1,1
BRDA:201,38,0,1
BRDA:201,38,1,0
BRDA:205,39,0,1
BRDA:205,39,1,1
BRDA:208,40,0,1
BRDA:208,40,1,0
BRDA:213,41,0,1
BRDA:213,41,1,0
BRDA:228,42,0,1
BRDA:228,42,1,1
BRDA:230,43,0,1
BRDA:230,43,1,0
BRDA:277,44,0,0
BRDA:277,44,1,1
BRDA:280,45,0,0
BRDA:280,45,1,0
BRDA:281,46,0,0
BRDA:281,46,1,0
BRDA:282,47,0,0
BRDA:282,47,1,0
BRDA:283,48,0,0
BRDA:283,48,1,0
BRDA:285,49,0,0
BRDA:285,49,1,0
BRDA:285,50,0,0
BRDA:285,50,1,0
BRDA:292,51,0,0
BRDA:292,51,1,0
BRDA:299,52,0,0
BRDA:299,52,1,0
BRDA:302,53,0,0
BRDA:302,53,1,0
BRDA:309,54,0,0
BRDA:309,54,1,0
BRDA:312,55,0,0
BRDA:312,55,1,1
BRDA:312,56,0,1
BRDA:312,56,1,0
BRDA:313,57,0,0
BRDA:313,57,1,0
BRDA:315,58,0,0
BRDA:315,58,1,0
BRDA:318,59,0,0
BRDA:318,59,1,0
BRDA:323,60,0,0
BRDA:323,60,1,1
BRDA:323,61,0,1
BRDA:323,61,1,0
BRDA:323,61,2,0
BRDA:324,62,0,0
BRDA:324,62,1,0
BRDA:325,63,0,0
BRDA:325,63,1,0
BRDA:330,64,0,1
BRDA:330,64,1,0
BRDA:330,65,0,1
BRDA:330,65,1,1
BRDA:335,66,0,1
BRDA:335,66,1,1
BRDA:350,67,0,1
BRDA:350,67,1,1
BRDA:361,68,0,1
BRDA:361,68,1,1
BRDA:371,69,0,0
BRDA:371,69,1,2
BRDA:374,70,0,0
BRDA:374,70,1,0
BRDA:375,71,0,0
BRDA:375,71,1,0
BRDA:376,72,0,0
BRDA:376,72,1,0
BRDA:377,73,0,0
BRDA:377,73,1,0
BRDA:378,74,0,0
BRDA:378,74,1,0
BRDA:380,75,0,0
BRDA:380,75,1,0
BRDA:381,76,0,0
BRDA:381,76,1,0
BRDA:382,77,0,0
BRDA:382,77,1,0
BRDA:388,78,0,0
BRDA:388,78,1,0
BRDA:394,79,0,0
BRDA:394,79,1,0
BRDA:395,80,0,0
BRDA:395,80,1,0
BRDA:398,81,0,0
BRDA:398,81,1,0
BRDA:404,82,0,0
BRDA:404,82,1,0
BRDA:405,83,0,0
BRDA:405,83,1,0
BRDA:408,84,0,0
BRDA:408,84,1,2
BRDA:408,85,0,2
BRDA:408,85,1,0
BRDA:409,86,0,0
BRDA:409,86,1,0
BRDA:411,87,0,0
BRDA:411,87,1,0
BRDA:412,88,0,0
BRDA:412,88,1,0
BRDA:415,89,0,0
BRDA:415,89,1,0
BRDA:420,90,0,0
BRDA:420,90,1,2
BRDA:420,91,0,2
BRDA:420,91,1,0
BRDA:420,91,2,0
BRDA:421,92,0,0
BRDA:421,92,1,0
BRDA:422,93,0,0
BRDA:422,93,1,0
BRDA:423,94,0,0
BRDA:423,94,1,0
BRDA:428,95,0,2
BRDA:428,95,1,0
BRDA:428,96,0,2
BRDA:428,96,1,2
BRDA:434,97,0,2
BRDA:434,97,1,2
BRF:198
BRH:59
end_of_record
TN:
SF:routes\api\live-surveys.js
FN:9,(anonymous_0)
FN:36,(anonymous_1)
FN:82,(anonymous_2)
FNF:3
FNH:0
FNDA:0,(anonymous_0)
FNDA:0,(anonymous_1)
FNDA:0,(anonymous_2)
DA:1,1
DA:2,1
DA:3,1
DA:4,1
DA:5,1
DA:6,1
DA:7,1
DA:9,1
DA:10,0
DA:11,0
DA:12,0
DA:14,0
DA:15,0
DA:20,0
DA:31,0
DA:32,0
DA:36,1
DA:37,0
DA:38,0
DA:40,0
DA:42,0
DA:43,0
DA:48,0
DA:49,0
DA:52,0
DA:56,0
DA:57,0
DA:60,0
DA:61,0
DA:66,0
DA:77,0
DA:78,0
DA:82,1
DA:83,0
DA:84,0
DA:85,0
DA:87,0
DA:88,0
DA:91,0
DA:93,0
DA:94,0
DA:95,0
DA:96,0
DA:99,0
DA:102,0
DA:106,0
DA:113,0
DA:114,0
DA:120,0
DA:123,0
DA:125,0
DA:126,0
DA:130,1
LF:53
LH:11
BRDA:14,0,0,0
BRDA:14,0,1,0
BRDA:42,1,0,0
BRDA:42,1,1,0
BRDA:48,2,0,0
BRDA:48,2,1,0
BRDA:56,3,0,0
BRDA:56,3,1,0
BRDA:60,4,0,0
BRDA:60,4,1,0
BRDA:60,5,0,0
BRDA:60,5,1,0
BRDA:87,6,0,0
BRDA:87,6,1,0
BRDA:87,7,0,0
BRDA:87,7,1,0
BRDA:93,8,0,0
BRDA:93,8,1,0
BRDA:95,9,0,0
BRDA:95,9,1,0
BRDA:102,10,0,0
BRDA:102,10,1,0
BRDA:103,11,0,0
BRDA:103,11,1,0
BRDA:103,11,2,0
BRDA:113,12,0,0
BRDA:113,12,1,0
BRF:27
BRH:0
end_of_record
TN:
SF:routes\api\members.js
FN:14,isForeignKeyError
FN:18,(anonymous_1)
FN:37,(anonymous_2)
FN:54,(anonymous_3)
FN:72,(anonymous_4)
FN:94,(anonymous_5)
FN:114,(anonymous_6)
FN:120,(anonymous_7)
FN:120,(anonymous_8)
FN:121,(anonymous_9)
FN:162,(anonymous_10)
FN:179,(anonymous_11)
FNF:12
FNH:8
FNDA:0,isForeignKeyError
FNDA:4,(anonymous_1)
FNDA:1,(anonymous_2)
FNDA:0,(anonymous_3)
FNDA:1,(anonymous_4)
FNDA:0,(anonymous_5)
FNDA:2,(anonymous_6)
FNDA:2,(anonymous_7)
FNDA:2,(anonymous_8)
FNDA:2,(anonymous_9)
FNDA:1,(anonymous_10)
FNDA:0,(anonymous_11)
DA:2,3
DA:3,3
DA:4,3
DA:5,3
DA:6,3
DA:7,3
DA:8,3
DA:9,3
DA:10,3
DA:11,3
DA:15,0
DA:18,3
DA:19,4
DA:20,4
DA:21,4
DA:22,2
DA:30,2
DA:33,0
DA:37,3
DA:38,1
DA:39,1
DA:40,1
DA:41,1
DA:42,1
DA:48,1
DA:50,0
DA:54,3
DA:55,0
DA:56,0
DA:57,0
DA:58,0
DA:59,0
DA:66,0
DA:68,0
DA:72,3
DA:73,1
DA:74,1
DA:75,1
DA:76,1
DA:77,1
DA:78,1
DA:82,1
DA:84,0
DA:85,0
DA:86,0
DA:90,0
DA:94,3
DA:95,0
DA:96,0
DA:97,0
DA:98,0
DA:99,0
DA:102,0
DA:104,0
DA:105,0
DA:106,0
DA:110,0
DA:114,3
DA:115,2
DA:116,2
DA:117,2
DA:120,2
DA:121,2
DA:124,2
DA:125,2
DA:126,2
DA:127,3
DA:128,3
DA:129,3
DA:130,3
DA:133,2
DA:134,2
DA:136,2
DA:137,3
DA:139,3
DA:140,1
DA:142,2
DA:143,2
DA:144,2
DA:145,2
DA:146,2
DA:147,1
DA:156,2
DA:158,0
DA:162,3
DA:163,1
DA:164,1
DA:165,1
DA:166,1
DA:167,1
DA:168,1
DA:170,1
DA:171,1
DA:172,1
DA:173,1
DA:175,0
DA:179,3
DA:180,0
DA:181,0
DA:182,0
DA:183,0
DA:184,0
DA:187,0
DA:189,0
DA:193,3
LF:105
LH:72
BRDA:15,0,0,0
BRDA:15,0,1,0
BRDA:15,0,2,0
BRDA:21,1,0,2
BRDA:21,1,1,2
BRDA:24,2,0,2
BRDA:24,2,1,2
BRDA:38,3,0,0
BRDA:38,3,1,1
BRDA:41,4,0,1
BRDA:41,4,1,0
BRDA:41,5,0,1
BRDA:41,5,1,1
BRDA:46,6,0,1
BRDA:46,6,1,0
BRDA:55,7,0,0
BRDA:55,7,1,0
BRDA:58,8,0,0
BRDA:58,8,1,0
BRDA:58,9,0,0
BRDA:58,9,1,0
BRDA:73,10,0,0
BRDA:73,10,1,1
BRDA:77,11,0,1
BRDA:77,11,1,0
BRDA:77,12,0,1
BRDA:77,12,1,1
BRDA:80,13,0,1
BRDA:80,13,1,0
BRDA:85,14,0,0
BRDA:85,14,1,0
BRDA:95,15,0,0
BRDA:95,15,1,0
BRDA:98,16,0,0
BRDA:98,16,1,0
BRDA:98,17,0,0
BRDA:98,17,1,0
BRDA:100,18,0,0
BRDA:100,18,1,0
BRDA:105,19,0,0
BRDA:105,19,1,0
BRDA:127,20,0,0
BRDA:127,20,1,3
BRDA:127,21,0,3
BRDA:127,21,1,3
BRDA:128,22,0,0
BRDA:128,22,1,3
BRDA:137,23,0,3
BRDA:137,23,1,1
BRDA:139,24,0,1
BRDA:139,24,1,2
BRDA:140,25,0,1
BRDA:140,25,1,0
BRDA:140,26,0,1
BRDA:140,26,1,0
BRDA:140,27,0,1
BRDA:140,27,1,0
BRDA:142,28,0,2
BRDA:142,28,1,0
BRDA:142,29,0,2
BRDA:142,29,1,1
BRDA:143,30,0,2
BRDA:143,30,1,0
BRDA:143,31,0,2
BRDA:143,31,1,1
BRDA:144,32,0,2
BRDA:144,32,1,0
BRDA:144,33,0,2
BRDA:144,33,1,1
BRDA:145,34,0,2
BRDA:145,34,1,0
BRDA:146,35,0,1
BRDA:146,35,1,1
BRDA:146,36,0,2
BRDA:146,36,1,1
BRDA:146,36,2,1
BRDA:146,36,3,1
BRDA:149,37,0,1
BRDA:149,37,1,0
BRDA:149,38,0,1
BRDA:149,38,1,0
BRDA:149,39,0,1
BRDA:149,39,1,0
BRDA:150,40,0,1
BRDA:150,40,1,1
BRDA:150,41,0,1
BRDA:150,41,1,1
BRDA:150,42,0,1
BRDA:150,42,1,1
BRDA:163,43,0,0
BRDA:163,43,1,1
BRDA:165,44,0,0
BRDA:165,45,0,0
BRDA:166,46,0,1
BRDA:166,46,1,0
BRDA:170,47,0,1
BRDA:170,47,1,0
BRDA:170,48,0,1
BRDA:170,48,1,1
BRDA:180,49,0,0
BRDA:180,49,1,0
BRDA:183,50,0,0
BRDA:183,50,1,0
BRDA:183,51,0,0
BRDA:183,51,1,0
BRDA:185,52,0,0
BRDA:185,52,1,0
BRF:107
BRH:55
end_of_record
TN:
SF:routes\api\profile.js
FN:10,(anonymous_0)
FN:32,(anonymous_1)
FN:41,(anonymous_2)
FN:47,(anonymous_3)
FN:75,(anonymous_4)
FN:85,(anonymous_5)
FNF:6
FNH:0
FNDA:0,(anonymous_0)
FNDA:0,(anonymous_1)
FNDA:0,(anonymous_2)
FNDA:0,(anonymous_3)
FNDA:0,(anonymous_4)
FNDA:0,(anonymous_5)
DA:2,1
DA:3,1
DA:4,1
DA:5,1
DA:7,1
DA:8,1
DA:10,1
DA:11,0
DA:12,0
DA:13,0
DA:14,0
DA:15,0
DA:16,0
DA:17,0
DA:19,0
DA:20,0
DA:22,0
DA:26,0
DA:28,0
DA:32,1
DA:33,0
DA:34,0
DA:36,0
DA:39,0
DA:41,0
DA:42,0
DA:43,0
DA:47,1
DA:48,0
DA:49,0
DA:50,0
DA:53,0
DA:54,0
DA:55,0
DA:56,0
DA:59,0
DA:60,0
DA:66,0
DA:67,0
DA:68,0
DA:69,0
DA:71,0
DA:75,1
DA:76,0
DA:77,0
DA:78,0
DA:79,0
DA:80,0
DA:81,0
DA:82,0
DA:85,1
DA:86,0
DA:87,0
DA:88,0
DA:91,1
LF:55
LH:12
BRDA:11,0,0,0
BRDA:11,0,1,0
BRDA:16,1,0,0
BRDA:16,1,1,0
BRDA:16,2,0,0
BRDA:16,2,1,0
BRDA:17,3,0,0
BRDA:17,3,1,0
BRDA:33,4,0,0
BRDA:33,4,1,0
BRDA:34,5,0,0
BRDA:34,5,1,0
BRDA:34,6,0,0
BRDA:34,6,1,0
BRDA:42,7,0,0
BRDA:42,7,1,0
BRDA:53,8,0,0
BRDA:53,8,1,0
BRDA:66,9,0,0
BRDA:66,9,1,0
BRDA:76,10,0,0
BRDA:76,10,1,0
BRDA:88,11,0,0
BRDA:88,11,1,0
BRF:24
BRH:0
end_of_record
TN:
SF:routes\api\remote-backup.js
FN:14,(anonymous_0)
FN:18,(anonymous_1)
FN:25,(anonymous_2)
FN:49,(anonymous_3)
FN:64,(anonymous_4)
FN:79,(anonymous_5)
FN:91,(anonymous_6)
FN:103,(anonymous_7)
FN:127,(anonymous_8)
FN:144,(anonymous_9)
FN:147,(anonymous_10)
FN:158,(anonymous_11)
FN:178,(anonymous_12)
FN:186,(anonymous_13)
FNF:14
FNH:0
FNDA:0,(anonymous_0)
FNDA:0,(anonymous_1)
FNDA:0,(anonymous_2)
FNDA:0,(anonymous_3)
FNDA:0,(anonymous_4)
FNDA:0,(anonymous_5)
FNDA:0,(anonymous_6)
FNDA:0,(anonymous_7)
FNDA:0,(anonymous_8)
FNDA:0,(anonymous_9)
FNDA:0,(anonymous_10)
FNDA:0,(anonymous_11)
FNDA:0,(anonymous_12)
FNDA:0,(anonymous_13)
DA:2,1
DA:3,1
DA:5,1
DA:6,1
DA:7,1
DA:8,1
DA:9,1
DA:11,1
DA:14,1
DA:15,0
DA:16,0
DA:18,0
DA:20,0
DA:25,1
DA:26,0
DA:27,0
DA:28,0
DA:29,0
DA:30,0
DA:32,0
DA:33,0
DA:34,0
DA:36,0
DA:37,0
DA:38,0
DA:39,0
DA:40,0
DA:42,0
DA:43,0
DA:44,0
DA:49,1
DA:50,0
DA:51,0
DA:52,0
DA:53,0
DA:54,0
DA:55,0
DA:56,0
DA:57,0
DA:59,0
DA:64,1
DA:65,0
DA:66,0
DA:67,0
DA:68,0
DA:69,0
DA:70,0
DA:71,0
DA:72,0
DA:74,0
DA:79,1
DA:80,0
DA:81,0
DA:82,0
DA:83,0
DA:84,0
DA:86,0
DA:91,1
DA:92,0
DA:93,0
DA:94,0
DA:95,0
DA:96,0
DA:98,0
DA:103,1
DA:104,0
DA:105,0
DA:106,0
DA:107,0
DA:108,0
DA:109,0
DA:111,0
DA:114,0
DA:115,0
DA:116,0
DA:117,0
DA:119,0
DA:120,0
DA:127,1
DA:128,0
DA:129,0
DA:130,0
DA:132,0
DA:133,0
DA:136,0
DA:137,0
DA:138,0
DA:139,0
DA:141,0
DA:142,0
DA:146,0
DA:147,0
DA:148,0
DA:149,0
DA:152,0
DA:153,0
DA:158,1
DA:159,0
DA:160,0
DA:161,0
DA:162,0
DA:163,0
DA:164,0
DA:165,0
DA:166,0
DA:167,0
DA:171,0
DA:173,0
DA:178,1
DA:179,0
DA:180,0
DA:182,0
DA:186,1
DA:187,0
DA:188,0
DA:189,0
DA:190,0
DA:191,0
DA:192,0
DA:193,0
DA:195,0
DA:199,1
LF:122
LH:20
BRDA:26,0,0,0
BRDA:26,0,1,0
BRDA:29,1,0,0
BRDA:29,1,1,0
BRDA:33,2,0,0
BRDA:33,2,1,0
BRDA:33,3,0,0
BRDA:33,3,1,0
BRDA:33,3,2,0
BRDA:37,4,0,0
BRDA:37,4,1,0
BRDA:37,5,0,0
BRDA:37,5,1,0
BRDA:42,6,0,0
BRDA:42,6,1,0
BRDA:50,7,0,0
BRDA:50,7,1,0
BRDA:53,8,0,0
BRDA:53,8,1,0
BRDA:53,9,0,0
BRDA:53,9,1,0
BRDA:55,10,0,0
BRDA:55,10,1,0
BRDA:55,11,0,0
BRDA:55,11,1,0
BRDA:65,12,0,0
BRDA:65,12,1,0
BRDA:70,13,0,0
BRDA:70,13,1,0
BRDA:70,14,0,0
BRDA:70,14,1,0
BRDA:82,15,0,0
BRDA:82,15,1,0
BRDA:94,16,0,0
BRDA:94,16,1,0
BRDA:94,17,0,0
BRDA:94,17,1,0
BRDA:104,18,0,0
BRDA:104,18,1,0
BRDA:105,19,0,0
BRDA:105,19,1,0
BRDA:109,20,0,0
BRDA:109,20,1,0
BRDA:111,21,0,0
BRDA:111,21,1,0
BRDA:115,22,0,0
BRDA:115,22,1,0
BRDA:115,23,0,0
BRDA:115,23,1,0
BRDA:130,24,0,0
BRDA:130,24,1,0
BRDA:132,25,0,0
BRDA:132,25,1,0
BRDA:138,26,0,0
BRDA:138,26,1,0
BRDA:139,27,0,0
BRDA:139,27,1,0
BRDA:141,28,0,0
BRDA:141,28,1,0
BRDA:141,29,0,0
BRDA:141,29,1,0
BRDA:149,30,0,0
BRDA:149,30,1,0
BRDA:153,31,0,0
BRDA:153,31,1,0
BRDA:159,32,0,0
BRDA:159,32,1,0
BRDA:160,33,0,0
BRDA:160,33,1,0
BRDA:166,34,0,0
BRDA:166,34,1,0
BRDA:166,35,0,0
BRDA:166,35,1,0
BRDA:168,36,0,0
BRDA:168,36,1,0
BRDA:187,37,0,0
BRDA:187,37,1,0
BRDA:191,38,0,0
BRDA:191,38,1,0
BRDA:191,39,0,0
BRDA:191,39,1,0
BRF:81
BRH:0
end_of_record
TN:
SF:routes\api\reports.js
FN:10,(anonymous_0)
FN:44,(anonymous_1)
FNF:2
FNH:1
FNDA:10,(anonymous_0)
FNDA:0,(anonymous_1)
DA:2,2
DA:3,2
DA:4,2
DA:5,2
DA:7,2
DA:8,2
DA:10,2
DA:11,10
DA:12,10
DA:13,10
DA:14,10
DA:16,10
DA:18,10
DA:19,3
DA:20,7
DA:21,1
DA:22,6
DA:23,0
DA:24,6
DA:25,0
DA:26,6
DA:27,0
DA:28,6
DA:29,1
DA:30,5
DA:31,0
DA:32,5
DA:33,2
DA:34,3
DA:35,2
DA:37,1
DA:39,1
DA:40,1
DA:44,2
DA:45,0
DA:46,0
DA:56,0
DA:58,0
DA:60,0
DA:67,0
DA:69,0
DA:70,0
DA:72,0
DA:73,0
DA:77,2
LF:45
LH:31
BRDA:14,0,0,10
BRDA:14,0,1,10
BRDA:16,1,0,4
BRDA:16,1,1,6
BRDA:18,2,0,3
BRDA:18,2,1,7
BRDA:20,3,0,1
BRDA:20,3,1,6
BRDA:22,4,0,0
BRDA:22,4,1,6
BRDA:24,5,0,0
BRDA:24,5,1,6
BRDA:26,6,0,0
BRDA:26,6,1,6
BRDA:28,7,0,1
BRDA:28,7,1,5
BRDA:30,8,0,0
BRDA:30,8,1,5
BRDA:32,9,0,2
BRDA:32,9,1,3
BRDA:34,10,0,2
BRDA:34,10,1,1
BRDA:48,11,0,0
BRDA:48,11,1,0
BRF:24
BRH:18
end_of_record
TN:
SF:routes\api\skills.js
FN:13,isForeignKeyError
FN:17,(anonymous_1)
FN:36,(anonymous_2)
FN:53,(anonymous_3)
FN:71,(anonymous_4)
FN:93,(anonymous_5)
FN:113,(anonymous_6)
FN:119,(anonymous_7)
FN:119,(anonymous_8)
FN:120,(anonymous_9)
FN:159,(anonymous_10)
FN:176,(anonymous_11)
FNF:12
FNH:9
FNDA:0,isForeignKeyError
FNDA:3,(anonymous_1)
FNDA:1,(anonymous_2)
FNDA:1,(anonymous_3)
FNDA:1,(anonymous_4)
FNDA:0,(anonymous_5)
FNDA:1,(anonymous_6)
FNDA:1,(anonymous_7)
FNDA:1,(anonymous_8)
FNDA:1,(anonymous_9)
FNDA:1,(anonymous_10)
FNDA:0,(anonymous_11)
DA:2,2
DA:3,2
DA:4,2
DA:5,2
DA:6,2
DA:7,2
DA:8,2
DA:9,2
DA:10,2
DA:14,0
DA:17,2
DA:18,3
DA:19,3
DA:20,3
DA:21,2
DA:29,1
DA:32,0
DA:36,2
DA:37,1
DA:38,1
DA:39,1
DA:40,1
DA:41,1
DA:47,1
DA:49,0
DA:53,2
DA:54,1
DA:55,1
DA:56,1
DA:57,1
DA:58,1
DA:65,1
DA:67,0
DA:71,2
DA:72,1
DA:73,1
DA:74,1
DA:75,1
DA:76,1
DA:77,1
DA:81,1
DA:83,0
DA:84,0
DA:85,0
DA:89,0
DA:93,2
DA:94,0
DA:95,0
DA:96,0
DA:97,0
DA:98,0
DA:101,0
DA:103,0
DA:104,0
DA:105,0
DA:109,0
DA:113,2
DA:114,1
DA:115,1
DA:116,1
DA:119,1
DA:120,1
DA:123,1
DA:124,1
DA:125,1
DA:126,2
DA:127,2
DA:128,2
DA:129,2
DA:132,1
DA:133,1
DA:135,1
DA:136,2
DA:138,2
DA:139,1
DA:141,1
DA:142,1
DA:143,1
DA:144,1
DA:153,1
DA:155,0
DA:159,2
DA:160,1
DA:161,1
DA:162,1
DA:163,1
DA:164,1
DA:165,1
DA:167,1
DA:168,1
DA:169,1
DA:170,1
DA:172,0
DA:176,2
DA:177,0
DA:178,0
DA:179,0
DA:180,0
DA:181,0
DA:184,0
DA:186,0
DA:190,2
LF:102
LH:75
BRDA:14,0,0,0
BRDA:14,0,1,0
BRDA:14,0,2,0
BRDA:20,1,0,2
BRDA:20,1,1,1
BRDA:23,2,0,2
BRDA:23,2,1,2
BRDA:37,3,0,0
BRDA:37,3,1,1
BRDA:40,4,0,1
BRDA:40,4,1,0
BRDA:40,5,0,1
BRDA:40,5,1,1
BRDA:45,6,0,1
BRDA:45,6,1,0
BRDA:54,7,0,0
BRDA:54,7,1,1
BRDA:57,8,0,1
BRDA:57,8,1,0
BRDA:57,9,0,1
BRDA:57,9,1,1
BRDA:72,10,0,0
BRDA:72,10,1,1
BRDA:76,11,0,1
BRDA:76,11,1,0
BRDA:76,12,0,1
BRDA:76,12,1,1
BRDA:84,13,0,0
BRDA:84,13,1,0
BRDA:94,14,0,0
BRDA:94,14,1,0
BRDA:97,15,0,0
BRDA:97,15,1,0
BRDA:97,16,0,0
BRDA:97,16,1,0
BRDA:99,17,0,0
BRDA:99,17,1,0
BRDA:104,18,0,0
BRDA:104,18,1,0
BRDA:126,19,0,0
BRDA:126,19,1,2
BRDA:126,20,0,2
BRDA:126,20,1,2
BRDA:127,21,0,0
BRDA:127,21,1,2
BRDA:136,22,0,2
BRDA:136,22,1,1
BRDA:138,23,0,1
BRDA:138,23,1,1
BRDA:139,24,0,1
BRDA:139,24,1,0
BRDA:141,25,0,1
BRDA:141,25,1,0
BRDA:141,26,0,1
BRDA:141,26,1,0
BRDA:142,27,0,1
BRDA:142,27,1,0
BRDA:143,28,0,1
BRDA:143,28,1,0
BRDA:143,29,0,1
BRDA:143,29,1,0
BRDA:146,30,0,1
BRDA:146,30,1,0
BRDA:147,31,0,1
BRDA:147,31,1,0
BRDA:160,32,0,0
BRDA:160,32,1,1
BRDA:162,33,0,0
BRDA:162,34,0,0
BRDA:163,35,0,1
BRDA:163,35,1,0
BRDA:167,36,0,1
BRDA:167,36,1,0
BRDA:167,37,0,1
BRDA:167,37,1,1
BRDA:177,38,0,0
BRDA:177,38,1,0
BRDA:180,39,0,0
BRDA:180,39,1,0
BRDA:180,40,0,0
BRDA:180,40,1,0
BRDA:182,41,0,0
BRDA:182,41,1,0
BRF:83
BRH:38
end_of_record
TN:
SF:routes\api\statistics.js
FN:8,(anonymous_0)
FNF:1
FNH:0
FNDA:0,(anonymous_0)
DA:2,1
DA:3,1
DA:5,1
DA:6,1
DA:8,1
DA:9,0
DA:10,0
DA:11,0
DA:14,0
DA:16,0
DA:19,0
DA:23,1
LF:12
LH:6
BRDA:10,0,0,0
BRDA:10,0,1,0
BRF:2
BRH:0
end_of_record
TN:
SF:routes\api\surveys.js
FN:15,(anonymous_0)
FN:37,(anonymous_1)
FN:46,(anonymous_2)
FN:89,(anonymous_3)
FN:94,(anonymous_4)
FN:117,(anonymous_5)
FN:147,(anonymous_6)
FN:176,(anonymous_7)
FN:186,(anonymous_8)
FN:218,(anonymous_9)
FN:228,(anonymous_10)
FN:245,(anonymous_11)
FN:261,(anonymous_12)
FN:284,(anonymous_13)
FN:299,(anonymous_14)
FN:350,(anonymous_15)
FN:368,(anonymous_16)
FN:389,(anonymous_17)
FN:399,(anonymous_18)
FN:399,(anonymous_19)
FN:412,(anonymous_20)
FN:417,(anonymous_21)
FN:468,(anonymous_22)
FN:473,(anonymous_23)
FNF:24
FNH:10
FNDA:0,(anonymous_0)
FNDA:1,(anonymous_1)
FNDA:1,(anonymous_2)
FNDA:0,(anonymous_3)
FNDA:0,(anonymous_4)
FNDA:0,(anonymous_5)
FNDA:0,(anonymous_6)
FNDA:1,(anonymous_7)
FNDA:2,(anonymous_8)
FNDA:0,(anonymous_9)
FNDA:0,(anonymous_10)
FNDA:0,(anonymous_11)
FNDA:0,(anonymous_12)
FNDA:0,(anonymous_13)
FNDA:0,(anonymous_14)
FNDA:0,(anonymous_15)
FNDA:2,(anonymous_16)
FNDA:2,(anonymous_17)
FNDA:2,(anonymous_18)
FNDA:2,(anonymous_19)
FNDA:1,(anonymous_20)
FNDA:2,(anonymous_21)
FNDA:0,(anonymous_22)
FNDA:0,(anonymous_23)
DA:2,2
DA:3,2
DA:4,2
DA:5,2
DA:6,2
DA:7,2
DA:8,2
DA:9,2
DA:10,2
DA:11,2
DA:12,2
DA:15,2
DA:16,0
DA:17,0
DA:18,0
DA:20,0
DA:33,0
DA:37,2
DA:38,1
DA:39,1
DA:41,1
DA:42,1
DA:43,0
DA:45,1
DA:46,1
DA:66,1
DA:68,1
DA:84,0
DA:85,0
DA:89,2
DA:90,0
DA:91,0
DA:94,0
DA:95,0
DA:96,0
DA:97,0
DA:98,0
DA:99,0
DA:100,0
DA:103,0
DA:104,0
DA:105,0
DA:106,0
DA:108,0
DA:109,0
DA:113,2
DA:118,0
DA:119,0
DA:120,0
DA:121,0
DA:123,0
DA:124,0
DA:125,0
DA:130,0
DA:132,0
DA:133,0
DA:134,0
DA:137,0
DA:139,0
DA:140,0
DA:144,2
DA:148,0
DA:149,0
DA:150,0
DA:152,0
DA:153,0
DA:155,0
DA:158,0
DA:159,0
DA:160,0
DA:161,0
DA:164,0
DA:170,0
DA:171,0
DA:176,2
DA:177,1
DA:178,1
DA:179,1
DA:181,0
DA:182,0
DA:186,2
DA:187,2
DA:188,2
DA:189,2
DA:191,2
DA:192,1
DA:197,1
DA:199,1
DA:207,1
DA:208,1
DA:211,1
DA:213,0
DA:214,0
DA:218,2
DA:219,0
DA:220,0
DA:221,0
DA:223,0
DA:224,0
DA:228,2
DA:229,0
DA:230,0
DA:231,0
DA:232,0
DA:233,0
DA:234,0
DA:235,0
DA:239,0
DA:241,0
DA:245,2
DA:246,0
DA:247,0
DA:248,0
DA:249,0
DA:250,0
DA:251,0
DA:255,0
DA:257,0
DA:261,2
DA:262,0
DA:263,0
DA:264,0
DA:266,0
DA:267,0
DA:270,0
DA:271,0
DA:272,0
DA:273,0
DA:275,0
DA:276,0
DA:277,0
DA:278,0
DA:280,0
DA:281,0
DA:284,2
DA:285,0
DA:286,0
DA:287,0
DA:289,0
DA:290,0
DA:292,0
DA:294,0
DA:295,0
DA:299,2
DA:300,0
DA:301,0
DA:302,0
DA:303,0
DA:305,0
DA:306,0
DA:307,0
DA:308,0
DA:316,0
DA:317,0
DA:322,0
DA:325,0
DA:326,0
DA:330,0
DA:338,0
DA:339,0
DA:343,0
DA:345,0
DA:346,0
DA:350,2
DA:351,0
DA:352,0
DA:353,0
DA:354,0
DA:355,0
DA:356,0
DA:357,0
DA:361,0
DA:363,0
DA:364,0
DA:368,2
DA:369,2
DA:370,2
DA:371,2
DA:372,2
DA:374,2
DA:375,1
DA:380,1
DA:382,1
DA:388,1
DA:389,2
DA:390,1
DA:392,1
DA:393,1
DA:398,1
DA:399,2
DA:404,0
DA:405,0
DA:409,2
DA:413,1
DA:414,1
DA:415,1
DA:416,1
DA:417,2
DA:419,1
DA:420,0
DA:423,1
DA:424,1
DA:425,1
DA:426,1
DA:427,1
DA:428,1
DA:429,1
DA:430,1
DA:431,1
DA:432,1
DA:433,1
DA:443,1
DA:445,0
DA:449,1
DA:451,1
DA:455,1
DA:459,0
DA:460,0
DA:465,2
DA:469,0
DA:470,0
DA:471,0
DA:472,0
DA:473,0
DA:475,0
DA:476,0
DA:477,0
DA:478,0
DA:482,0
DA:483,0
DA:484,0
DA:485,0
DA:490,0
DA:491,0
DA:492,0
DA:493,0
DA:494,0
DA:505,0
DA:509,0
DA:510,0
DA:515,2
LF:241
LH:86
BRDA:18,0,0,0
BRDA:18,0,1,0
BRDA:28,1,0,0
BRDA:28,1,1,0
BRDA:29,2,0,0
BRDA:29,2,1,0
BRDA:30,3,0,0
BRDA:30,3,1,0
BRDA:42,4,0,0
BRDA:42,4,1,1
BRDA:52,5,0,0
BRDA:52,5,1,1
BRDA:55,6,0,0
BRDA:55,6,1,0
BRDA:56,7,0,0
BRDA:56,7,1,0
BRDA:57,8,0,0
BRDA:57,8,1,0
BRDA:62,9,0,1
BRDA:62,9,1,1
BRDA:63,10,0,1
BRDA:63,10,1,1
BRDA:64,11,0,1
BRDA:64,11,1,1
BRDA:72,12,0,1
BRDA:72,12,1,0
BRDA:95,13,0,0
BRDA:95,13,1,0
BRDA:118,14,0,0
BRDA:118,14,1,0
BRDA:120,15,0,0
BRDA:120,15,1,0
BRDA:124,16,0,0
BRDA:124,16,1,0
BRDA:130,17,0,0
BRDA:130,17,1,0
BRDA:130,18,0,0
BRDA:130,18,1,0
BRDA:133,19,0,0
BRDA:133,19,1,0
BRDA:133,20,0,0
BRDA:133,20,1,0
BRDA:152,21,0,0
BRDA:152,21,1,0
BRDA:158,22,0,0
BRDA:158,22,1,0
BRDA:159,23,0,0
BRDA:159,23,1,0
BRDA:159,24,0,0
BRDA:159,24,1,0
BRDA:159,24,2,0
BRDA:161,25,0,0
BRDA:161,25,1,0
BRDA:165,26,0,0
BRDA:165,26,1,0
BRDA:166,27,0,0
BRDA:166,27,1,0
BRDA:187,28,0,0
BRDA:187,28,1,2
BRDA:191,29,0,1
BRDA:191,29,1,1
BRDA:191,30,0,2
BRDA:191,30,1,2
BRDA:197,31,0,1
BRDA:197,31,1,1
BRDA:197,32,0,1
BRDA:197,32,1,0
BRDA:202,33,0,1
BRDA:202,33,1,1
BRDA:205,34,0,1
BRDA:205,34,1,1
BRDA:207,35,0,1
BRDA:207,35,1,0
BRDA:207,36,0,1
BRDA:207,36,1,1
BRDA:221,37,0,0
BRDA:221,37,1,0
BRDA:229,38,0,0
BRDA:229,38,1,0
BRDA:233,39,0,0
BRDA:233,39,1,0
BRDA:233,40,0,0
BRDA:233,40,1,0
BRDA:234,41,0,0
BRDA:234,41,1,0
BRDA:246,42,0,0
BRDA:246,42,1,0
BRDA:250,43,0,0
BRDA:250,43,1,0
BRDA:250,44,0,0
BRDA:250,44,1,0
BRDA:264,45,0,0
BRDA:264,45,1,0
BRDA:266,46,0,0
BRDA:266,46,1,0
BRDA:287,47,0,0
BRDA:287,47,1,0
BRDA:289,48,0,0
BRDA:289,48,1,0
BRDA:300,49,0,0
BRDA:300,49,1,0
BRDA:305,50,0,0
BRDA:305,50,1,0
BRDA:305,51,0,0
BRDA:305,51,1,0
BRDA:305,51,2,0
BRDA:307,52,0,0
BRDA:307,52,1,0
BRDA:314,53,0,0
BRDA:314,53,1,0
BRDA:316,54,0,0
BRDA:316,54,1,0
BRDA:316,55,0,0
BRDA:316,55,1,0
BRDA:325,56,0,0
BRDA:325,56,1,0
BRDA:325,57,0,0
BRDA:325,57,1,0
BRDA:334,58,0,0
BRDA:334,58,1,0
BRDA:336,59,0,0
BRDA:336,59,1,0
BRDA:338,60,0,0
BRDA:338,60,1,0
BRDA:338,61,0,0
BRDA:338,61,1,0
BRDA:351,62,0,0
BRDA:351,62,1,0
BRDA:356,63,0,0
BRDA:356,63,1,0
BRDA:356,64,0,0
BRDA:356,64,1,0
BRDA:369,65,0,0
BRDA:369,65,1,2
BRDA:374,66,0,1
BRDA:374,66,1,1
BRDA:374,67,0,2
BRDA:374,67,1,2
BRDA:374,67,2,2
BRDA:380,68,0,1
BRDA:380,68,1,1
BRDA:380,69,0,1
BRDA:380,69,1,0
BRDA:392,70,0,1
BRDA:392,70,1,0
BRDA:392,71,0,1
BRDA:392,71,1,1
BRDA:399,72,0,1
BRDA:399,72,1,0
BRDA:413,73,0,0
BRDA:413,73,1,1
BRDA:419,74,0,0
BRDA:419,74,1,1
BRDA:426,75,0,0
BRDA:426,75,1,1
BRDA:430,76,0,1
BRDA:430,76,1,0
BRDA:449,77,0,1
BRDA:449,77,1,0
BRDA:449,78,0,1
BRDA:449,78,1,1
BRDA:469,79,0,0
BRDA:469,79,1,0
BRDA:475,80,0,0
BRDA:475,80,1,0
BRDA:477,81,0,0
BRDA:477,81,1,0
BRDA:484,82,0,0
BRDA:484,82,1,0
BRDA:493,83,0,0
BRDA:493,83,1,0
BRF:171
BRH:44
end_of_record
TN:
SF:routes\api\system.js
FN:26,(anonymous_0)
FN:30,(anonymous_1)
FN:40,(anonymous_2)
FN:58,(anonymous_3)
FN:62,(anonymous_4)
FN:68,(anonymous_5)
FN:72,(anonymous_6)
FN:78,(anonymous_7)
FN:87,(anonymous_8)
FN:91,(anonymous_9)
FN:95,(anonymous_10)
FN:107,(anonymous_11)
FN:118,(anonymous_12)
FN:132,(anonymous_13)
FN:141,(anonymous_14)
FN:151,(anonymous_15)
FN:183,(anonymous_16)
FN:210,(anonymous_17)
FN:230,(anonymous_18)
FN:262,(anonymous_19)
FN:277,(anonymous_20)
FN:283,(anonymous_21)
FN:284,(anonymous_22)
FN:306,(anonymous_23)
FN:311,(anonymous_24)
FN:328,(anonymous_25)
FN:347,(anonymous_26)
FN:354,(anonymous_27)
FN:355,(anonymous_28)
FN:356,(anonymous_29)
FN:369,(anonymous_30)
FN:377,(anonymous_31)
FN:387,(anonymous_32)
FN:421,(anonymous_33)
FN:435,(anonymous_34)
FNF:35
FNH:5
FNDA:1,(anonymous_0)
FNDA:2,(anonymous_1)
FNDA:4,(anonymous_2)
FNDA:0,(anonymous_3)
FNDA:0,(anonymous_4)
FNDA:0,(anonymous_5)
FNDA:0,(anonymous_6)
FNDA:0,(anonymous_7)
FNDA:0,(anonymous_8)
FNDA:0,(anonymous_9)
FNDA:0,(anonymous_10)
FNDA:0,(anonymous_11)
FNDA:0,(anonymous_12)
FNDA:0,(anonymous_13)
FNDA:0,(anonymous_14)
FNDA:0,(anonymous_15)
FNDA:2,(anonymous_16)
FNDA:0,(anonymous_17)
FNDA:0,(anonymous_18)
FNDA:2,(anonymous_19)
FNDA:0,(anonymous_20)
FNDA:0,(anonymous_21)
FNDA:0,(anonymous_22)
FNDA:0,(anonymous_23)
FNDA:0,(anonymous_24)
FNDA:0,(anonymous_25)
FNDA:0,(anonymous_26)
FNDA:0,(anonymous_27)
FNDA:0,(anonymous_28)
FNDA:0,(anonymous_29)
FNDA:0,(anonymous_30)
FNDA:0,(anonymous_31)
FNDA:0,(anonymous_32)
FNDA:0,(anonymous_33)
FNDA:0,(anonymous_34)
DA:2,4
DA:3,4
DA:4,4
DA:5,4
DA:6,4
DA:7,4
DA:8,4
DA:9,4
DA:11,4
DA:12,4
DA:13,4
DA:14,4
DA:15,4
DA:16,4
DA:17,4
DA:18,4
DA:19,4
DA:20,4
DA:22,4
DA:26,4
DA:27,1
DA:30,4
DA:31,2
DA:32,2
DA:33,1
DA:34,1
DA:36,1
DA:40,4
DA:41,4
DA:42,4
DA:43,3
DA:44,3
DA:45,3
DA:46,3
DA:54,1
DA:58,4
DA:59,0
DA:62,4
DA:63,0
DA:64,0
DA:65,0
DA:68,4
DA:69,0
DA:72,4
DA:73,0
DA:78,4
DA:79,0
DA:84,0
DA:87,4
DA:88,0
DA:91,4
DA:92,0
DA:95,4
DA:96,0
DA:97,0
DA:98,0
DA:99,0
DA:100,0
DA:102,0
DA:103,0
DA:107,4
DA:108,0
DA:109,0
DA:110,0
DA:111,0
DA:115,0
DA:118,4
DA:119,0
DA:120,0
DA:121,0
DA:122,0
DA:126,0
DA:130,4
DA:132,4
DA:133,0
DA:134,0
DA:136,0
DA:137,0
DA:138,0
DA:141,4
DA:142,0
DA:143,0
DA:144,0
DA:145,0
DA:147,0
DA:151,4
DA:152,0
DA:154,0
DA:155,0
DA:158,0
DA:159,0
DA:160,0
DA:167,0
DA:169,0
DA:175,0
DA:176,0
DA:183,4
DA:184,2
DA:185,2
DA:186,2
DA:188,2
DA:189,2
DA:191,2
DA:192,1
DA:193,1
DA:194,1
DA:195,1
DA:196,1
DA:200,0
DA:201,0
DA:202,0
DA:204,0
DA:207,0
DA:208,0
DA:209,0
DA:210,0
DA:211,0
DA:213,0
DA:214,0
DA:215,0
DA:218,0
DA:226,0
DA:227,0
DA:229,0
DA:230,0
DA:231,0
DA:233,0
DA:234,0
DA:236,0
DA:237,0
DA:238,0
DA:239,0
DA:240,0
DA:241,0
DA:242,0
DA:243,0
DA:244,0
DA:246,0
DA:251,0
DA:252,0
DA:255,1
DA:256,1
DA:262,4
DA:263,2
DA:264,2
DA:266,1
DA:267,1
DA:268,1
DA:270,1
DA:271,1
DA:273,1
DA:274,1
DA:275,1
DA:276,1
DA:277,1
DA:278,1
DA:282,0
DA:283,0
DA:284,0
DA:286,0
DA:289,0
DA:290,0
DA:291,0
DA:296,0
DA:297,0
DA:300,0
DA:301,0
DA:302,0
DA:304,0
DA:305,0
DA:306,0
DA:307,0
DA:309,0
DA:310,0
DA:311,0
DA:312,0
DA:317,0
DA:321,0
DA:328,0
DA:330,0
DA:336,0
DA:339,0
DA:340,0
DA:342,1
DA:347,4
DA:348,0
DA:349,0
DA:351,0
DA:352,0
DA:353,0
DA:354,0
DA:355,0
DA:356,0
DA:358,0
DA:359,0
DA:365,0
DA:369,4
DA:370,0
DA:371,0
DA:372,0
DA:377,4
DA:378,0
DA:379,0
DA:380,0
DA:381,0
DA:383,0
DA:387,4
DA:388,0
DA:389,0
DA:390,0
DA:391,0
DA:392,0
DA:393,0
DA:394,0
DA:395,0
DA:401,0
DA:403,0
DA:404,0
DA:414,0
DA:416,0
DA:417,0
DA:421,4
DA:422,0
DA:423,0
DA:424,0
DA:425,0
DA:426,0
DA:427,0
DA:428,0
DA:429,0
DA:431,0
DA:435,4
DA:436,0
DA:437,0
DA:438,0
DA:439,0
DA:440,0
DA:441,0
DA:443,0
DA:447,4
LF:240
LH:85
BRDA:44,0,0,2
BRDA:44,0,1,1
BRDA:45,1,0,3
BRDA:45,1,1,2
BRDA:46,2,0,2
BRDA:46,2,1,1
BRDA:47,3,0,2
BRDA:47,3,1,1
BRDA:49,4,0,2
BRDA:49,4,1,1
BRDA:63,5,0,0
BRDA:63,5,1,0
BRDA:69,6,0,0
BRDA:69,6,1,0
BRDA:74,7,0,0
BRDA:74,7,1,0
BRDA:80,8,0,0
BRDA:80,8,1,0
BRDA:108,9,0,0
BRDA:108,9,1,0
BRDA:110,10,0,0
BRDA:110,10,1,0
BRDA:110,11,0,0
BRDA:110,11,1,0
BRDA:119,12,0,0
BRDA:119,12,1,0
BRDA:120,13,0,0
BRDA:120,13,1,0
BRDA:121,14,0,0
BRDA:121,14,1,0
BRDA:121,15,0,0
BRDA:121,15,1,0
BRDA:123,16,0,0
BRDA:123,16,1,0
BRDA:133,17,0,0
BRDA:133,17,1,0
BRDA:136,18,0,0
BRDA:136,18,1,0
BRDA:142,19,0,0
BRDA:142,19,1,0
BRDA:145,20,0,0
BRDA:145,20,1,0
BRDA:154,21,0,0
BRDA:154,21,1,0
BRDA:154,22,0,0
BRDA:154,22,1,0
BRDA:184,23,0,2
BRDA:184,23,1,0
BRDA:184,24,0,2
BRDA:184,24,1,2
BRDA:185,25,0,0
BRDA:185,25,1,2
BRDA:189,26,0,2
BRDA:189,26,1,0
BRDA:200,27,0,0
BRDA:200,27,1,0
BRDA:209,28,0,0
BRDA:209,28,1,0
BRDA:209,29,0,0
BRDA:209,29,1,0
BRDA:209,29,2,0
BRDA:213,30,0,0
BRDA:213,30,1,0
BRDA:213,31,0,0
BRDA:213,31,1,0
BRDA:236,32,0,0
BRDA:236,32,1,0
BRDA:236,33,0,0
BRDA:236,33,1,0
BRDA:236,33,2,0
BRDA:238,34,0,0
BRDA:238,34,1,0
BRDA:238,35,0,0
BRDA:238,35,1,0
BRDA:243,36,0,0
BRDA:243,36,1,0
BRDA:256,37,0,1
BRDA:256,37,1,0
BRDA:263,38,0,0
BRDA:263,38,1,2
BRDA:264,39,0,1
BRDA:264,39,1,1
BRDA:266,40,0,1
BRDA:266,40,1,0
BRDA:266,41,0,1
BRDA:266,41,1,1
BRDA:268,42,0,1
BRDA:268,42,1,1
BRDA:271,43,0,1
BRDA:271,43,1,0
BRDA:273,44,0,0
BRDA:273,44,1,1
BRDA:286,45,0,0
BRDA:286,45,1,0
BRDA:290,46,0,0
BRDA:290,46,1,0
BRDA:300,47,0,0
BRDA:300,47,1,0
BRDA:304,48,0,0
BRDA:304,48,1,0
BRDA:304,49,0,0
BRDA:304,49,1,0
BRDA:307,50,0,0
BRDA:307,50,1,0
BRDA:330,51,0,0
BRDA:330,51,1,0
BRDA:330,52,0,0
BRDA:330,52,1,0
BRDA:332,53,0,0
BRDA:332,53,1,0
BRDA:333,54,0,0
BRDA:333,54,1,0
BRDA:342,55,0,1
BRDA:342,55,1,0
BRDA:342,56,0,1
BRDA:342,56,1,1
BRDA:348,57,0,0
BRDA:348,57,1,0
BRDA:361,58,0,0
BRDA:361,58,1,0
BRDA:370,59,0,0
BRDA:370,59,1,0
BRDA:388,60,0,0
BRDA:388,60,1,0
BRDA:389,61,0,0
BRDA:389,61,1,0
BRDA:394,62,0,0
BRDA:394,62,1,0
BRDA:403,63,0,0
BRDA:403,63,1,0
BRDA:403,64,0,0
BRDA:403,64,1,0
BRDA:405,65,0,0
BRDA:405,65,1,0
BRDA:422,66,0,0
BRDA:422,66,1,0
BRDA:423,67,0,0
BRDA:423,67,1,0
BRDA:427,68,0,0
BRDA:427,68,1,0
BRDA:427,69,0,0
BRDA:427,69,1,0
BRDA:436,70,0,0
BRDA:436,70,1,0
BRDA:439,71,0,0
BRDA:439,71,1,0
BRDA:439,72,0,0
BRDA:439,72,1,0
BRF:148
BRH:29
end_of_record
TN:
SF:routes\api\training.js
FN:9,(anonymous_0)
FN:21,(anonymous_1)
FN:37,(anonymous_2)
FNF:3
FNH:0
FNDA:0,(anonymous_0)
FNDA:0,(anonymous_1)
FNDA:0,(anonymous_2)
DA:2,1
DA:3,1
DA:5,1
DA:6,1
DA:7,1
DA:9,1
DA:10,0
DA:11,0
DA:12,0
DA:14,0
DA:17,0
DA:21,1
DA:22,0
DA:23,0
DA:24,0
DA:25,0
DA:26,0
DA:31,0
DA:33,0
DA:37,1
DA:38,0
DA:39,0
DA:40,0
DA:41,0
DA:42,0
DA:43,0
DA:48,0
DA:50,0
DA:54,1
LF:29
LH:9
BRDA:11,0,0,0
BRDA:11,0,1,0
BRDA:22,1,0,0
BRDA:22,1,1,0
BRDA:25,2,0,0
BRDA:25,2,1,0
BRDA:25,3,0,0
BRDA:25,3,1,0
BRDA:38,4,0,0
BRDA:38,4,1,0
BRDA:42,5,0,0
BRDA:42,5,1,0
BRDA:42,6,0,0
BRDA:42,6,1,0
BRF:14
BRH:0
end_of_record
TN:
SF:routes\api\users.js
FN:16,(anonymous_0)
FN:20,(anonymous_1)
FN:56,(anonymous_2)
FN:97,(anonymous_3)
FN:127,(anonymous_4)
FNF:5
FNH:0
FNDA:0,(anonymous_0)
FNDA:0,(anonymous_1)
FNDA:0,(anonymous_2)
FNDA:0,(anonymous_3)
FNDA:0,(anonymous_4)
DA:2,1
DA:3,1
DA:4,1
DA:6,1
DA:7,1
DA:8,1
DA:9,1
DA:14,1
DA:16,1
DA:17,0
DA:20,1
DA:21,0
DA:22,0
DA:23,0
DA:24,0
DA:30,0
DA:31,0
DA:33,0
DA:34,0
DA:44,0
DA:45,0
DA:50,0
DA:52,0
DA:56,1
DA:57,0
DA:58,0
DA:59,0
DA:61,0
DA:62,0
DA:63,0
DA:66,0
DA:67,0
DA:68,0
DA:69,0
DA:71,0
DA:72,0
DA:75,0
DA:77,0
DA:78,0
DA:79,0
DA:84,0
DA:91,0
DA:93,0
DA:97,1
DA:98,0
DA:99,0
DA:100,0
DA:101,0
DA:102,0
DA:103,0
DA:104,0
DA:106,0
DA:114,0
DA:115,0
DA:121,0
DA:123,0
DA:127,1
DA:128,0
DA:129,0
DA:130,0
DA:131,0
DA:133,0
DA:134,0
DA:136,0
DA:137,0
DA:139,0
DA:147,0
DA:148,0
DA:152,0
DA:154,0
DA:158,1
LF:71
LH:14
BRDA:21,0,0,0
BRDA:21,0,1,0
BRDA:31,1,0,0
BRDA:31,1,1,0
BRDA:44,2,0,0
BRDA:44,2,1,0
BRDA:44,3,0,0
BRDA:44,3,1,0
BRDA:57,4,0,0
BRDA:57,4,1,0
BRDA:62,5,0,0
BRDA:62,5,1,0
BRDA:66,6,0,0
BRDA:66,6,1,0
BRDA:66,7,0,0
BRDA:66,7,1,0
BRDA:67,8,0,0
BRDA:67,8,1,0
BRDA:68,9,0,0
BRDA:68,9,1,0
BRDA:68,10,0,0
BRDA:68,10,1,0
BRDA:71,11,0,0
BRDA:71,11,1,0
BRDA:71,12,0,0
BRDA:71,12,1,0
BRDA:71,13,0,0
BRDA:71,13,1,0
BRDA:77,14,0,0
BRDA:77,14,1,0
BRDA:77,15,0,0
BRDA:77,15,1,0
BRDA:78,16,0,0
BRDA:78,16,1,0
BRDA:78,17,0,0
BRDA:78,17,1,0
BRDA:81,18,0,0
BRDA:81,18,1,0
BRDA:81,19,0,0
BRDA:81,19,1,0
BRDA:98,20,0,0
BRDA:98,20,1,0
BRDA:101,21,0,0
BRDA:101,21,1,0
BRDA:104,22,0,0
BRDA:104,22,1,0
BRDA:114,23,0,0
BRDA:114,23,1,0
BRDA:114,24,0,0
BRDA:114,24,1,0
BRDA:128,25,0,0
BRDA:128,25,1,0
BRDA:131,26,0,0
BRDA:131,26,1,0
BRDA:137,27,0,0
BRDA:137,27,1,0
BRDA:147,28,0,0
BRDA:147,28,1,0
BRDA:147,29,0,0
BRDA:147,29,1,0
BRF:60
BRH:0
end_of_record
TN:
SF:services\ai-service.js
FN:6,evaluateTextAnswer
FNF:1
FNH:0
FNDA:0,evaluateTextAnswer
DA:2,3
DA:3,3
DA:4,3
DA:8,0
DA:10,0
DA:12,0
DA:28,0
DA:30,0
DA:31,0
DA:37,0
DA:39,0
DA:40,0
DA:41,0
DA:42,0
DA:46,0
DA:47,0
DA:52,0
DA:55,3
LF:18
LH:4
BRDA:6,0,0,0
BRDA:8,1,0,0
BRDA:8,1,1,0
BRDA:10,2,0,0
BRDA:10,2,1,0
BRDA:10,3,0,0
BRDA:10,3,1,0
BRDA:30,4,0,0
BRDA:30,4,1,0
BRF:9
BRH:0
end_of_record
TN:
SF:services\db.js
FNF:0
FNH:0
DA:2,1
DA:3,1
DA:4,1
DA:5,1
DA:6,1
DA:7,1
DA:8,1
DA:9,1
DA:10,1
DA:11,1
DA:12,1
DA:13,1
DA:14,1
DA:16,1
LF:14
LH:14
BRF:0
BRH:0
end_of_record
TN:
SF:services\env-validator.js
FN:5,validateEnv
FN:74,runValidation
FN:77,(anonymous_2)
FN:78,(anonymous_3)
FNF:4
FNH:0
FNDA:0,validateEnv
FNDA:0,runValidation
FNDA:0,(anonymous_2)
FNDA:0,(anonymous_3)
DA:1,1
DA:3,1
DA:6,0
DA:7,0
DA:9,0
DA:12,0
DA:13,0
DA:14,0
DA:15,0
DA:16,0
DA:20,0
DA:21,0
DA:24,0
DA:29,0
DA:34,0
DA:35,0
DA:36,0
DA:40,0
DA:43,0
DA:44,0
DA:50,0
DA:51,0
DA:56,0
DA:57,0
DA:62,0
DA:67,0
DA:71,0
DA:75,0
DA:77,0
DA:78,0
DA:80,0
DA:81,0
DA:84,0
DA:87,0
DA:88,0
DA:91,1
LF:36
LH:3
BRDA:12,0,0,0
BRDA:12,0,1,0
BRDA:13,1,0,0
BRDA:13,1,1,0
BRDA:15,2,0,0
BRDA:15,2,1,0
BRDA:20,3,0,0
BRDA:20,3,1,0
BRDA:20,4,0,0
BRDA:20,4,1,0
BRDA:24,5,0,0
BRDA:24,5,1,0
BRDA:25,6,0,0
BRDA:25,6,1,0
BRDA:25,6,2,0
BRDA:34,7,0,0
BRDA:34,7,1,0
BRDA:35,8,0,0
BRDA:35,8,1,0
BRDA:43,9,0,0
BRDA:43,9,1,0
BRDA:50,10,0,0
BRDA:50,10,1,0
BRDA:50,11,0,0
BRDA:50,11,1,0
BRDA:56,12,0,0
BRDA:56,12,1,0
BRDA:56,13,0,0
BRDA:56,13,1,0
BRDA:62,14,0,0
BRDA:62,14,1,0
BRDA:63,15,0,0
BRDA:63,15,1,0
BRDA:63,15,2,0
BRDA:63,15,3,0
BRDA:80,16,0,0
BRDA:80,16,1,0
BRDA:87,17,0,0
BRDA:87,17,1,0
BRDA:87,18,0,0
BRDA:87,18,1,0
BRF:41
BRH:0
end_of_record
TN:
SF:services\extraction-engine.js
FN:27,loadPlugin
FN:47,(anonymous_1)
FN:62,extractData
FN:63,(anonymous_3)
FN:92,clearCache
FN:101,getActivePlugin
FNF:6
FNH:1
FNDA:2,loadPlugin
FNDA:0,(anonymous_1)
FNDA:0,extractData
FNDA:0,(anonymous_3)
FNDA:0,clearCache
FNDA:0,getActivePlugin
DA:15,2
DA:16,2
DA:17,2
DA:19,2
DA:22,2
DA:23,2
DA:28,2
DA:29,2
DA:30,2
DA:32,0
DA:38,2
DA:39,2
DA:41,2
DA:45,2
DA:46,2
DA:47,0
DA:63,0
DA:64,0
DA:66,0
DA:67,0
DA:68,0
DA:69,0
DA:70,0
DA:74,0
DA:78,0
DA:79,0
DA:81,0
DA:82,0
DA:83,0
DA:86,0
DA:93,0
DA:94,0
DA:102,0
DA:105,2
LF:34
LH:15
BRDA:38,0,0,2
BRDA:38,0,1,0
BRDA:46,1,0,0
BRDA:46,1,1,2
BRDA:62,2,0,0
BRDA:62,3,0,0
BRDA:62,4,0,0
BRDA:63,5,0,0
BRDA:63,5,1,0
BRDA:64,6,0,0
BRDA:64,6,1,0
BRDA:66,7,0,0
BRDA:66,7,1,0
BRDA:66,8,0,0
BRDA:66,8,1,0
BRDA:66,8,2,0
BRDA:66,8,3,0
BRDA:69,9,0,0
BRDA:69,9,1,0
BRDA:81,10,0,0
BRDA:81,10,1,0
BRF:21
BRH:2
end_of_record
TN:
SF:services\forms-service.js
FN:8,getAllForms
FN:15,getAllFormsFull
FN:18,(anonymous_2)
FN:28,importBulkForms
FN:62,getFormByPublicId
FN:78,getFormById
FN:91,createForm
FN:106,updateForm
FN:156,getFormUsage
FN:168,(anonymous_9)
FN:171,deleteForm
FN:193,ensureLiveForm
FN:240,createRetryLiveForm
FN:266,buildLiveFormsWhere
FN:324,setArchiveStatus
FN:332,getLiveForms
FN:366,purgeLiveForms
FN:382,deleteLiveForm
FN:387,getLiveFormByCode
FN:431,submitLiveForm
FN:445,getLiveFormSubmission
FN:497,checkSubmittedStatus
FN:506,getAllActiveStatuses
FN:520,calculateFormScore
FN:548,(anonymous_24)
FN:593,updateLiveFormStatus
FN:623,incrementTries
FNF:27
FNH:2
FNDA:0,getAllForms
FNDA:0,getAllFormsFull
FNDA:0,(anonymous_2)
FNDA:0,importBulkForms
FNDA:0,getFormByPublicId
FNDA:0,getFormById
FNDA:0,createForm
FNDA:0,updateForm
FNDA:0,getFormUsage
FNDA:0,(anonymous_9)
FNDA:0,deleteForm
FNDA:0,ensureLiveForm
FNDA:0,createRetryLiveForm
FNDA:0,buildLiveFormsWhere
FNDA:0,setArchiveStatus
FNDA:0,getLiveForms
FNDA:0,purgeLiveForms
FNDA:0,deleteLiveForm
FNDA:0,getLiveFormByCode
FNDA:0,submitLiveForm
FNDA:0,getLiveFormSubmission
FNDA:0,checkSubmittedStatus
FNDA:0,getAllActiveStatuses
FNDA:10,calculateFormScore
FNDA:9,(anonymous_24)
FNDA:0,updateLiveFormStatus
FNDA:0,incrementTries
DA:2,2
DA:3,2
DA:4,2
DA:5,2
DA:6,2
DA:9,0
DA:10,0
DA:16,0
DA:17,0
DA:18,0
DA:19,0
DA:20,0
DA:22,0
DA:24,0
DA:29,0
DA:30,0
DA:31,0
DA:32,0
DA:33,0
DA:36,0
DA:38,0
DA:41,0
DA:42,0
DA:43,0
DA:44,0
DA:53,0
DA:54,0
DA:55,0
DA:57,0
DA:58,0
DA:63,0
DA:64,0
DA:68,0
DA:69,0
DA:70,0
DA:72,0
DA:75,0
DA:79,0
DA:80,0
DA:81,0
DA:82,0
DA:83,0
DA:85,0
DA:88,0
DA:92,0
DA:93,0
DA:94,0
DA:95,0
DA:103,0
DA:107,0
DA:116,0
DA:117,0
DA:118,0
DA:119,0
DA:120,0
DA:121,0
DA:123,0
DA:124,0
DA:125,0
DA:127,0
DA:128,0
DA:129,0
DA:131,0
DA:132,0
DA:133,0
DA:135,0
DA:136,0
DA:137,0
DA:139,0
DA:140,0
DA:141,0
DA:143,0
DA:144,0
DA:145,0
DA:148,0
DA:149,0
DA:150,0
DA:157,0
DA:158,0
DA:162,0
DA:164,0
DA:168,0
DA:172,0
DA:173,0
DA:177,0
DA:179,0
DA:180,0
DA:181,0
DA:185,0
DA:187,0
DA:189,0
DA:190,0
DA:199,0
DA:200,0
DA:205,0
DA:206,0
DA:210,0
DA:211,0
DA:222,0
DA:223,0
DA:225,0
DA:236,0
DA:241,0
DA:242,0
DA:246,0
DA:248,0
DA:249,0
DA:251,0
DA:263,0
DA:267,0
DA:268,0
DA:272,0
DA:278,0
DA:279,0
DA:281,0
DA:282,0
DA:283,0
DA:285,0
DA:286,0
DA:287,0
DA:289,0
DA:290,0
DA:292,0
DA:295,0
DA:296,0
DA:300,0
DA:301,0
DA:302,0
DA:304,0
DA:305,0
DA:306,0
DA:309,0
DA:310,0
DA:311,0
DA:313,0
DA:314,0
DA:315,0
DA:317,0
DA:318,0
DA:319,0
DA:321,0
DA:325,0
DA:326,0
DA:333,0
DA:334,0
DA:336,0
DA:340,0
DA:342,0
DA:353,0
DA:355,0
DA:356,0
DA:357,0
DA:360,0
DA:362,0
DA:367,0
DA:368,0
DA:376,0
DA:377,0
DA:378,0
DA:383,0
DA:384,0
DA:388,0
DA:389,0
DA:406,0
DA:407,0
DA:408,0
DA:409,0
DA:410,0
DA:411,0
DA:412,0
DA:413,0
DA:414,0
DA:415,0
DA:417,0
DA:420,0
DA:423,0
DA:424,0
DA:425,0
DA:429,0
DA:432,0
DA:433,0
DA:434,0
DA:446,0
DA:447,0
DA:463,0
DA:464,0
DA:465,0
DA:466,0
DA:467,0
DA:468,0
DA:469,0
DA:470,0
DA:471,0
DA:472,0
DA:474,0
DA:477,0
DA:480,0
DA:481,0
DA:482,0
DA:486,0
DA:487,0
DA:488,0
DA:490,0
DA:495,0
DA:498,0
DA:499,0
DA:504,0
DA:507,0
DA:508,0
DA:521,10
DA:522,10
DA:523,10
DA:525,10
DA:526,13
DA:527,13
DA:529,13
DA:531,13
DA:533,12
DA:534,8
DA:535,4
DA:537,4
DA:538,3
DA:541,3
DA:543,3
DA:545,3
DA:546,3
DA:548,3
DA:549,9
DA:550,5
DA:552,4
DA:555,3
DA:556,1
DA:557,1
DA:558,0
DA:559,0
DA:566,0
DA:571,0
DA:572,0
DA:577,0
DA:578,0
DA:582,1
DA:586,10
DA:599,0
DA:601,0
DA:605,0
DA:606,0
DA:608,0
DA:609,0
DA:610,0
DA:613,0
DA:614,0
DA:615,0
DA:618,0
DA:619,0
DA:621,0
DA:624,0
DA:625,0
DA:631,2
LF:258
LH:32
BRDA:38,0,0,0
BRDA:38,0,1,0
BRDA:40,1,0,0
BRDA:40,1,1,0
BRDA:41,2,0,0
BRDA:41,2,1,0
BRDA:42,3,0,0
BRDA:42,3,1,0
BRDA:43,4,0,0
BRDA:43,4,1,0
BRDA:48,5,0,0
BRDA:48,5,1,0
BRDA:68,6,0,0
BRDA:68,6,1,0
BRDA:81,7,0,0
BRDA:81,7,1,0
BRDA:91,8,0,0
BRDA:91,9,0,0
BRDA:91,10,0,0
BRDA:99,11,0,0
BRDA:99,11,1,0
BRDA:119,12,0,0
BRDA:119,12,1,0
BRDA:123,13,0,0
BRDA:123,13,1,0
BRDA:125,14,0,0
BRDA:125,14,1,0
BRDA:127,15,0,0
BRDA:127,15,1,0
BRDA:131,16,0,0
BRDA:131,16,1,0
BRDA:135,17,0,0
BRDA:135,17,1,0
BRDA:139,18,0,0
BRDA:139,18,1,0
BRDA:143,19,0,0
BRDA:143,19,1,0
BRDA:148,20,0,0
BRDA:148,20,1,0
BRDA:162,21,0,0
BRDA:162,21,1,0
BRDA:177,22,0,0
BRDA:177,22,1,0
BRDA:205,23,0,0
BRDA:205,23,1,0
BRDA:211,24,0,0
BRDA:211,24,1,0
BRDA:246,25,0,0
BRDA:246,25,1,0
BRDA:272,26,0,0
BRDA:272,26,1,0
BRDA:272,27,0,0
BRDA:272,27,1,0
BRDA:272,27,2,0
BRDA:281,28,0,0
BRDA:281,28,1,0
BRDA:285,29,0,0
BRDA:285,29,1,0
BRDA:289,30,0,0
BRDA:289,30,1,0
BRDA:290,31,0,0
BRDA:290,31,1,0
BRDA:300,32,0,0
BRDA:300,32,1,0
BRDA:304,33,0,0
BRDA:304,33,1,0
BRDA:309,34,0,0
BRDA:309,34,1,0
BRDA:313,35,0,0
BRDA:313,35,1,0
BRDA:317,36,0,0
BRDA:317,36,1,0
BRDA:328,37,0,0
BRDA:328,37,1,0
BRDA:332,38,0,0
BRDA:332,39,0,0
BRDA:355,40,0,0
BRDA:355,40,1,0
BRDA:355,41,0,0
BRDA:355,41,1,0
BRDA:357,42,0,0
BRDA:357,42,1,0
BRDA:406,43,0,0
BRDA:406,43,1,0
BRDA:407,44,0,0
BRDA:407,44,1,0
BRDA:423,45,0,0
BRDA:423,45,1,0
BRDA:463,46,0,0
BRDA:463,46,1,0
BRDA:464,47,0,0
BRDA:464,47,1,0
BRDA:480,48,0,0
BRDA:480,48,1,0
BRDA:486,49,0,0
BRDA:486,49,1,0
BRDA:520,50,0,0
BRDA:526,51,0,13
BRDA:526,51,1,0
BRDA:529,52,0,13
BRDA:529,52,1,4
BRDA:531,53,0,1
BRDA:531,53,1,12
BRDA:533,54,0,8
BRDA:533,54,1,4
BRDA:533,55,0,12
BRDA:533,55,1,6
BRDA:534,56,0,4
BRDA:534,56,1,4
BRDA:537,57,0,3
BRDA:537,57,1,1
BRDA:538,58,0,3
BRDA:538,58,1,0
BRDA:541,59,0,3
BRDA:541,59,1,0
BRDA:543,60,0,0
BRDA:543,60,1,3
BRDA:549,61,0,5
BRDA:549,61,1,4
BRDA:556,62,0,1
BRDA:556,62,1,0
BRDA:557,63,0,0
BRDA:557,63,1,1
BRDA:557,64,0,1
BRDA:557,64,1,0
BRDA:557,64,2,0
BRDA:566,65,0,0
BRDA:566,65,1,0
BRDA:571,66,0,0
BRDA:571,66,1,0
BRDA:573,67,0,0
BRDA:573,67,1,0
BRDA:596,68,0,0
BRDA:597,69,0,0
BRDA:601,70,0,0
BRDA:601,70,1,0
BRDA:601,71,0,0
BRDA:601,71,1,0
BRDA:608,72,0,0
BRDA:608,72,1,0
BRDA:613,73,0,0
BRDA:613,73,1,0
BRF:142
BRH:21
end_of_record
TN:
SF:services\knowledgebase-storage.js
FN:11,getLocalDir
FN:17,ensureLocalDir
FN:23,uploadLocal
FN:31,streamLocal
FN:35,deleteLocal
FN:40,fileExistsLocal
FN:50,parseBucketConfig
FN:56,buildKey
FN:62,s3Client
FN:73,uploadS3
FN:86,streamS3
FN:96,deleteS3
FN:105,fileExistsS3
FN:118,gcsBucket
FN:126,uploadGCS
FN:133,streamGCS
FN:137,deleteGCS
FN:141,fileExistsGCS
FN:152,upload
FN:169,getFileStream
FN:175,deleteFile
FN:181,fileExists
FN:189,replaceFile
FNF:23
FNH:0
FNDA:0,getLocalDir
FNDA:0,ensureLocalDir
FNDA:0,uploadLocal
FNDA:0,streamLocal
FNDA:0,deleteLocal
FNDA:0,fileExistsLocal
FNDA:0,parseBucketConfig
FNDA:0,buildKey
FNDA:0,s3Client
FNDA:0,uploadS3
FNDA:0,streamS3
FNDA:0,deleteS3
FNDA:0,fileExistsS3
FNDA:0,gcsBucket
FNDA:0,uploadGCS
FNDA:0,streamGCS
FNDA:0,deleteGCS
FNDA:0,fileExistsGCS
FNDA:0,upload
FNDA:0,getFileStream
FNDA:0,deleteFile
FNDA:0,fileExists
FNDA:0,replaceFile
DA:6,4
DA:7,4
DA:8,4
DA:9,4
DA:12,0
DA:18,0
DA:24,0
DA:25,0
DA:26,0
DA:27,0
DA:28,0
DA:32,0
DA:36,0
DA:37,0
DA:41,0
DA:51,0
DA:52,0
DA:53,0
DA:57,0
DA:63,0
DA:64,0
DA:65,0
DA:69,0
DA:70,0
DA:74,0
DA:75,0
DA:76,0
DA:77,0
DA:83,0
DA:87,0
DA:88,0
DA:89,0
DA:93,0
DA:97,0
DA:98,0
DA:99,0
DA:106,0
DA:107,0
DA:108,0
DA:109,0
DA:110,0
DA:112,0
DA:119,0
DA:120,0
DA:121,0
DA:122,0
DA:123,0
DA:127,0
DA:128,0
DA:129,0
DA:130,0
DA:134,0
DA:138,0
DA:142,0
DA:143,0
DA:144,0
DA:146,0
DA:153,0
DA:154,0
DA:157,0
DA:158,0
DA:159,0
DA:160,0
DA:162,0
DA:165,0
DA:166,0
DA:170,0
DA:171,0
DA:172,0
DA:176,0
DA:177,0
DA:178,0
DA:182,0
DA:183,0
DA:184,0
DA:190,0
DA:191,0
DA:192,0
DA:193,0
DA:198,0
DA:199,0
DA:200,0
DA:201,0
DA:202,0
DA:203,0
DA:205,0
DA:206,0
DA:208,0
DA:211,4
LF:89
LH:5
BRDA:12,0,0,0
BRDA:12,0,1,0
BRDA:12,1,0,0
BRDA:12,1,1,0
BRDA:18,2,0,0
BRDA:18,2,1,0
BRDA:37,3,0,0
BRDA:37,3,1,0
BRDA:51,4,0,0
BRDA:51,4,1,0
BRDA:52,5,0,0
BRDA:52,5,1,0
BRDA:52,6,0,0
BRDA:52,6,1,0
BRDA:57,7,0,0
BRDA:57,7,1,0
BRDA:69,8,0,0
BRDA:69,8,1,0
BRDA:122,9,0,0
BRDA:122,9,1,0
BRDA:153,10,0,0
BRDA:153,10,1,0
BRDA:154,11,0,0
BRDA:154,11,1,0
BRDA:154,11,2,0
BRDA:157,12,0,0
BRDA:157,12,1,0
BRDA:159,13,0,0
BRDA:159,13,1,0
BRDA:170,14,0,0
BRDA:170,14,1,0
BRDA:171,15,0,0
BRDA:171,15,1,0
BRDA:176,16,0,0
BRDA:176,16,1,0
BRDA:177,17,0,0
BRDA:177,17,1,0
BRDA:182,18,0,0
BRDA:182,18,1,0
BRDA:183,19,0,0
BRDA:183,19,1,0
BRDA:190,20,0,0
BRDA:190,20,1,0
BRDA:196,21,0,0
BRDA:196,21,1,0
BRDA:199,22,0,0
BRDA:199,22,1,0
BRDA:202,23,0,0
BRDA:202,23,1,0
BRF:49
BRH:0
end_of_record
TN:
SF:services\logger.js
FN:10,(anonymous_0)
FNF:1
FNH:1
FNDA:18,(anonymous_0)
DA:2,12
DA:4,12
DA:6,12
DA:11,18
DA:16,12
DA:22,12
DA:28,12
LF:7
LH:7
BRDA:11,0,0,0
BRDA:11,0,1,18
BRDA:23,1,0,12
BRDA:23,1,1,12
BRDA:24,2,0,0
BRDA:24,2,1,12
BRF:6
BRH:4
end_of_record
TN:
SF:services\mailer.js
FN:5,(anonymous_0)
FN:8,stripHtml
FN:13,escapeHtml
FN:23,escapeHtmlVars
FN:31,replaceVariables
FN:42,getTemplate
FN:54,sendNotification
FN:70,(anonymous_7)
FN:105,(anonymous_8)
FN:169,sendPasswordReset
FN:201,sendNewAccountNotification
FN:242,sendAccountDeletionNotification
FN:276,sendSurveyInvitation
FN:332,sendSecurityAlert
FNF:14
FNH:0
FNDA:0,(anonymous_0)
FNDA:0,stripHtml
FNDA:0,escapeHtml
FNDA:0,escapeHtmlVars
FNDA:0,replaceVariables
FNDA:0,getTemplate
FNDA:0,sendNotification
FNDA:0,(anonymous_7)
FNDA:0,(anonymous_8)
FNDA:0,sendPasswordReset
FNDA:0,sendNewAccountNotification
FNDA:0,sendAccountDeletionNotification
FNDA:0,sendSurveyInvitation
FNDA:0,sendSecurityAlert
DA:2,2
DA:3,2
DA:4,2
DA:5,2
DA:6,0
DA:9,0
DA:10,0
DA:14,0
DA:15,0
DA:24,0
DA:25,0
DA:26,0
DA:28,0
DA:32,0
DA:33,0
DA:34,0
DA:36,0
DA:37,0
DA:39,0
DA:43,0
DA:44,0
DA:45,0
DA:46,0
DA:48,0
DA:51,0
DA:62,0
DA:64,0
DA:66,0
DA:69,0
DA:70,0
DA:73,0
DA:75,0
DA:82,0
DA:98,0
DA:99,0
DA:100,0
DA:102,0
DA:103,0
DA:105,0
DA:106,0
DA:107,0
DA:108,0
DA:109,0
DA:110,0
DA:112,0
DA:113,0
DA:115,0
DA:116,0
DA:121,0
DA:122,0
DA:129,0
DA:130,0
DA:133,0
DA:141,0
DA:143,0
DA:144,0
DA:145,0
DA:148,0
DA:149,0
DA:150,0
DA:157,0
DA:160,0
DA:162,0
DA:165,0
DA:176,0
DA:181,0
DA:186,0
DA:187,0
DA:188,0
DA:189,0
DA:191,0
DA:198,0
DA:210,0
DA:217,0
DA:222,0
DA:223,0
DA:224,0
DA:225,0
DA:226,0
DA:227,0
DA:228,0
DA:230,0
DA:232,0
DA:239,0
DA:249,0
DA:254,0
DA:259,0
DA:260,0
DA:261,0
DA:262,0
DA:264,0
DA:271,0
DA:286,0
DA:287,0
DA:288,0
DA:289,0
DA:290,0
DA:292,0
DA:299,0
DA:309,0
DA:310,0
DA:311,0
DA:317,0
DA:318,0
DA:319,0
DA:321,0
DA:323,0
DA:333,0
DA:334,0
DA:345,0
DA:354,2
LF:111
LH:5
BRDA:9,0,0,0
BRDA:9,0,1,0
BRDA:14,1,0,0
BRDA:14,1,1,0
BRDA:14,2,0,0
BRDA:14,2,1,0
BRDA:26,3,0,0
BRDA:26,3,1,0
BRDA:32,4,0,0
BRDA:32,4,1,0
BRDA:44,5,0,0
BRDA:44,5,1,0
BRDA:59,6,0,0
BRDA:62,7,0,0
BRDA:62,7,1,0
BRDA:62,8,0,0
BRDA:62,8,1,0
BRDA:66,9,0,0
BRDA:66,9,1,0
BRDA:69,10,0,0
BRDA:69,10,1,0
BRDA:73,11,0,0
BRDA:73,11,1,0
BRDA:76,12,0,0
BRDA:76,12,1,0
BRDA:83,13,0,0
BRDA:83,13,1,0
BRDA:85,14,0,0
BRDA:85,14,1,0
BRDA:88,15,0,0
BRDA:88,15,1,0
BRDA:91,16,0,0
BRDA:91,16,1,0
BRDA:94,17,0,0
BRDA:94,17,1,0
BRDA:106,18,0,0
BRDA:106,18,1,0
BRDA:107,19,0,0
BRDA:107,19,1,0
BRDA:112,20,0,0
BRDA:112,20,1,0
BRDA:113,21,0,0
BRDA:113,21,1,0
BRDA:115,22,0,0
BRDA:115,22,1,0
BRDA:121,23,0,0
BRDA:121,23,1,0
BRDA:127,24,0,0
BRDA:127,24,1,0
BRDA:143,25,0,0
BRDA:143,25,1,0
BRDA:177,26,0,0
BRDA:177,26,1,0
BRDA:186,27,0,0
BRDA:186,27,1,0
BRDA:187,28,0,0
BRDA:187,28,1,0
BRDA:188,29,0,0
BRDA:188,29,1,0
BRDA:189,30,0,0
BRDA:189,30,1,0
BRDA:211,31,0,0
BRDA:211,31,1,0
BRDA:215,32,0,0
BRDA:215,32,1,0
BRDA:222,33,0,0
BRDA:222,33,1,0
BRDA:223,34,0,0
BRDA:223,34,1,0
BRDA:224,35,0,0
BRDA:224,35,1,0
BRDA:226,36,0,0
BRDA:226,36,1,0
BRDA:230,37,0,0
BRDA:230,37,1,0
BRDA:250,38,0,0
BRDA:250,38,1,0
BRDA:259,39,0,0
BRDA:259,39,1,0
BRDA:260,40,0,0
BRDA:260,40,1,0
BRDA:261,41,0,0
BRDA:261,41,1,0
BRDA:262,42,0,0
BRDA:262,42,1,0
BRDA:284,43,0,0
BRDA:286,44,0,0
BRDA:286,44,1,0
BRDA:286,45,0,0
BRDA:286,45,1,0
BRDA:286,46,0,0
BRDA:286,46,1,0
BRDA:286,47,0,0
BRDA:286,47,1,0
BRDA:287,48,0,0
BRDA:287,48,1,0
BRDA:287,49,0,0
BRDA:287,49,1,0
BRDA:287,50,0,0
BRDA:287,50,1,0
BRDA:288,51,0,0
BRDA:288,51,1,0
BRDA:288,52,0,0
BRDA:288,52,1,0
BRDA:288,53,0,0
BRDA:288,53,1,0
BRDA:289,54,0,0
BRDA:289,54,1,0
BRDA:289,55,0,0
BRDA:289,55,1,0
BRDA:289,56,0,0
BRDA:289,56,1,0
BRDA:293,57,0,0
BRDA:293,57,1,0
BRDA:295,58,0,0
BRDA:295,58,1,0
BRDA:295,58,2,0
BRDA:309,59,0,0
BRDA:309,59,1,0
BRDA:309,60,0,0
BRDA:309,60,1,0
BRDA:310,61,0,0
BRDA:310,61,1,0
BRDA:312,62,0,0
BRDA:312,62,1,0
BRDA:317,63,0,0
BRDA:317,63,1,0
BRDA:318,64,0,0
BRDA:318,64,1,0
BRDA:318,65,0,0
BRDA:318,65,1,0
BRF:131
BRH:0
end_of_record
TN:
SF:services\member-manager.js
FN:4,parseDate
FN:28,getTodayInTimezone
FN:40,isExpired
FN:49,isExpiring
FN:66,processMemberSkills
FN:75,(anonymous_5)
FN:77,(anonymous_6)
FN:79,(anonymous_7)
FN:82,(anonymous_8)
FN:87,(anonymous_9)
FNF:10
FNH:10
FNDA:2,parseDate
FNDA:3,getTodayInTimezone
FNDA:1,isExpired
FNDA:2,isExpiring
FNDA:3,processMemberSkills
FNDA:3,(anonymous_5)
FNDA:2,(anonymous_6)
FNDA:2,(anonymous_7)
FNDA:2,(anonymous_8)
FNDA:2,(anonymous_9)
DA:2,2
DA:5,2
DA:6,2
DA:7,2
DA:8,0
DA:10,2
DA:11,2
DA:12,2
DA:13,2
DA:14,2
DA:15,2
DA:16,2
DA:17,2
DA:22,2
DA:25,0
DA:26,0
DA:29,3
DA:41,1
DA:42,1
DA:43,1
DA:45,1
DA:47,1
DA:50,2
DA:51,2
DA:53,2
DA:55,2
DA:57,2
DA:58,2
DA:61,2
DA:64,2
DA:75,3
DA:77,3
DA:78,2
DA:79,2
DA:82,2
DA:83,2
DA:87,2
DA:88,2
DA:89,1
DA:90,1
DA:91,1
DA:94,1
DA:95,1
DA:97,0
DA:100,1
DA:102,1
DA:103,1
DA:106,1
DA:109,1
DA:112,2
DA:118,3
DA:120,2
LF:52
LH:48
BRDA:5,0,0,0
BRDA:5,0,1,2
BRDA:7,1,0,0
BRDA:7,1,1,2
BRDA:11,2,0,2
BRDA:11,2,1,0
BRDA:15,3,0,0
BRDA:15,3,1,2
BRDA:17,4,0,2
BRDA:17,4,1,0
BRDA:18,5,0,2
BRDA:18,5,1,2
BRDA:18,5,2,2
BRDA:26,6,0,0
BRDA:26,6,1,0
BRDA:41,7,0,0
BRDA:41,7,1,1
BRDA:43,8,0,0
BRDA:43,8,1,1
BRDA:51,9,0,0
BRDA:51,9,1,2
BRDA:64,10,0,2
BRDA:64,10,1,1
BRDA:71,11,0,0
BRDA:72,12,0,0
BRDA:83,13,0,2
BRDA:83,13,1,0
BRDA:84,14,0,2
BRDA:84,14,1,1
BRDA:88,15,0,1
BRDA:88,15,1,1
BRDA:88,16,0,2
BRDA:88,16,1,2
BRDA:90,17,0,1
BRDA:90,17,1,0
BRDA:95,18,0,1
BRDA:95,18,1,0
BRDA:102,19,0,1
BRDA:102,19,1,1
BRDA:104,20,0,0
BRDA:104,20,1,1
BRF:41
BRH:25
end_of_record
TN:
SF:services\migration-runner.js
FN:5,runMigrations
FN:24,(anonymous_1)
FN:36,(anonymous_2)
FN:36,(anonymous_3)
FNF:4
FNH:0
FNDA:0,runMigrations
FNDA:0,(anonymous_1)
FNDA:0,(anonymous_2)
FNDA:0,(anonymous_3)
DA:1,2
DA:2,2
DA:3,2
DA:6,0
DA:8,0
DA:16,0
DA:18,0
DA:19,0
DA:20,0
DA:23,0
DA:24,0
DA:27,0
DA:28,0
DA:30,0
DA:31,0
DA:32,0
DA:34,0
DA:36,0
DA:38,0
DA:40,0
DA:41,0
DA:43,0
DA:44,0
DA:49,0
DA:50,0
DA:52,0
DA:53,0
DA:57,0
DA:60,2
LF:29
LH:4
BRDA:18,0,0,0
BRDA:18,0,1,0
BRDA:30,1,0,0
BRDA:30,1,1,0
BRDA:43,2,0,0
BRDA:43,2,1,0
BRF:6
BRH:0
end_of_record
TN:
SF:services\proxy-manager.js
FN:7,getActiveProxy
FN:11,setActiveProxy
FN:14,findWorkingNZProxy
FN:24,(anonymous_3)
FN:25,(anonymous_4)
FN:57,verifyProxy
FNF:6
FNH:0
FNDA:0,getActiveProxy
FNDA:0,setActiveProxy
FNDA:0,findWorkingNZProxy
FNDA:0,(anonymous_3)
FNDA:0,(anonymous_4)
FNDA:0,verifyProxy
DA:1,2
DA:2,2
DA:3,2
DA:5,2
DA:8,0
DA:12,0
DA:16,0
DA:17,0
DA:19,0
DA:20,0
DA:21,0
DA:23,0
DA:24,0
DA:25,0
DA:27,0
DA:28,0
DA:29,0
DA:32,0
DA:34,0
DA:35,0
DA:36,0
DA:38,0
DA:40,0
DA:42,0
DA:43,0
DA:44,0
DA:48,0
DA:49,0
DA:52,0
DA:53,0
DA:58,0
DA:59,0
DA:61,0
DA:62,0
DA:67,0
DA:69,0
DA:73,2
LF:37
LH:5
BRDA:14,0,0,0
BRDA:14,1,0,0
BRDA:16,2,0,0
BRDA:16,2,1,0
BRDA:25,3,0,0
BRDA:25,3,1,0
BRDA:27,4,0,0
BRDA:27,4,1,0
BRDA:42,5,0,0
BRDA:42,5,1,0
BRF:10
BRH:0
end_of_record
TN:
SF:services\rank-config.js
FN:20,(anonymous_0)
FN:30,getRankPriority
FN:52,formatMemberName
FNF:3
FNH:2
FNDA:48,(anonymous_0)
FNDA:0,getRankPriority
FNDA:14,formatMemberName
DA:8,6
DA:20,48
DA:31,0
DA:32,0
DA:34,0
DA:36,0
DA:37,0
DA:39,0
DA:53,14
DA:54,0
DA:55,0
DA:56,0
DA:58,14
DA:61,6
LF:14
LH:5
BRDA:31,0,0,0
BRDA:31,0,1,0
BRDA:34,1,0,0
BRDA:34,1,1,0
BRDA:37,2,0,0
BRDA:37,2,1,0
BRDA:37,3,0,0
BRDA:37,3,1,0
BRDA:53,4,0,0
BRDA:53,4,1,14
BRDA:54,5,0,0
BRDA:54,5,1,0
BRDA:55,6,0,0
BRDA:55,6,1,0
BRDA:58,7,0,14
BRDA:58,7,1,2
BRF:16
BRH:3
end_of_record
TN:
SF:services\remote-backup-service.js
FN:17,buildCronExpression
FN:31,computeNextRun
FN:70,applyRetention
FN:74,(anonymous_3)
FN:75,(anonymous_4)
FN:76,(anonymous_5)
FN:99,getBackupStream
FN:110,testConnection
FN:121,pullBackup
FN:143,(anonymous_9)
FN:167,executeRemoteBackup
FN:185,(anonymous_11)
FN:189,startServerSchedule
FN:196,(anonymous_13)
FN:200,stopServerSchedule
FN:207,restartServerSchedule
FN:220,init
FNF:17
FNH:0
FNDA:0,buildCronExpression
FNDA:0,computeNextRun
FNDA:0,applyRetention
FNDA:0,(anonymous_3)
FNDA:0,(anonymous_4)
FNDA:0,(anonymous_5)
FNDA:0,getBackupStream
FNDA:0,testConnection
FNDA:0,pullBackup
FNDA:0,(anonymous_9)
FNDA:0,executeRemoteBackup
FNDA:0,(anonymous_11)
FNDA:0,startServerSchedule
FNDA:0,(anonymous_13)
FNDA:0,stopServerSchedule
FNDA:0,restartServerSchedule
FNDA:0,init
DA:3,1
DA:4,1
DA:5,1
DA:6,1
DA:8,1
DA:9,1
DA:10,1
DA:13,1
DA:18,0
DA:19,0
DA:22,0
DA:23,0
DA:25,0
DA:26,0
DA:27,0
DA:32,0
DA:33,0
DA:34,0
DA:35,0
DA:36,0
DA:37,0
DA:38,0
DA:39,0
DA:41,0
DA:43,0
DA:44,0
DA:45,0
DA:46,0
DA:47,0
DA:48,0
DA:50,0
DA:52,0
DA:53,0
DA:54,0
DA:55,0
DA:56,0
DA:58,0
DA:59,0
DA:60,0
DA:61,0
DA:62,0
DA:63,0
DA:65,0
DA:71,0
DA:72,0
DA:73,0
DA:74,0
DA:75,0
DA:76,0
DA:77,0
DA:78,0
DA:79,0
DA:80,0
DA:81,0
DA:83,0
DA:84,0
DA:85,0
DA:86,0
DA:89,0
DA:91,0
DA:92,0
DA:100,0
DA:101,0
DA:111,0
DA:112,0
DA:116,0
DA:122,0
DA:123,0
DA:124,0
DA:125,0
DA:126,0
DA:127,0
DA:129,0
DA:131,0
DA:132,0
DA:134,0
DA:135,0
DA:137,0
DA:143,0
DA:144,0
DA:145,0
DA:146,0
DA:147,0
DA:148,0
DA:151,0
DA:152,0
DA:153,0
DA:155,0
DA:156,0
DA:157,0
DA:161,0
DA:162,0
DA:168,0
DA:170,0
DA:171,0
DA:172,0
DA:173,0
DA:175,0
DA:176,0
DA:177,0
DA:181,0
DA:183,0
DA:190,0
DA:191,0
DA:192,0
DA:193,0
DA:194,0
DA:196,0
DA:197,0
DA:201,0
DA:202,0
DA:203,0
DA:208,0
DA:209,0
DA:210,0
DA:211,0
DA:212,0
DA:214,0
DA:221,0
DA:222,0
DA:223,0
DA:225,0
DA:226,0
DA:227,0
DA:228,0
DA:229,0
DA:230,0
DA:231,0
DA:232,0
DA:235,0
DA:237,0
DA:241,1
LF:132
LH:9
BRDA:18,0,0,0
BRDA:18,0,1,0
BRDA:19,1,0,0
BRDA:19,1,1,0
BRDA:19,1,2,0
BRDA:19,1,3,0
BRDA:22,2,0,0
BRDA:22,2,1,0
BRDA:25,3,0,0
BRDA:25,3,1,0
BRDA:26,4,0,0
BRDA:26,4,1,0
BRDA:33,5,0,0
BRDA:33,5,1,0
BRDA:34,6,0,0
BRDA:34,6,1,0
BRDA:38,7,0,0
BRDA:38,7,1,0
BRDA:41,8,0,0
BRDA:41,8,1,0
BRDA:43,9,0,0
BRDA:43,9,1,0
BRDA:48,10,0,0
BRDA:48,10,1,0
BRDA:48,11,0,0
BRDA:48,11,1,0
BRDA:52,12,0,0
BRDA:52,12,1,0
BRDA:53,13,0,0
BRDA:53,13,1,0
BRDA:58,14,0,0
BRDA:58,14,1,0
BRDA:59,15,0,0
BRDA:59,15,1,0
BRDA:71,16,0,0
BRDA:71,16,1,0
BRDA:78,17,0,0
BRDA:78,17,1,0
BRDA:83,18,0,0
BRDA:83,18,1,0
BRDA:86,19,0,0
BRDA:86,19,1,0
BRDA:100,20,0,0
BRDA:100,20,1,0
BRDA:111,21,0,0
BRDA:111,21,1,0
BRDA:121,22,0,0
BRDA:123,23,0,0
BRDA:123,23,1,0
BRDA:125,24,0,0
BRDA:125,24,1,0
BRDA:126,25,0,0
BRDA:126,25,1,0
BRDA:129,26,0,0
BRDA:129,26,1,0
BRDA:129,27,0,0
BRDA:129,27,1,0
BRDA:134,28,0,0
BRDA:134,28,1,0
BRDA:172,29,0,0
BRDA:172,29,1,0
BRDA:172,30,0,0
BRDA:172,30,1,0
BRDA:179,31,0,0
BRDA:179,31,1,0
BRDA:192,32,0,0
BRDA:192,32,1,0
BRDA:201,33,0,0
BRDA:201,33,1,0
BRDA:209,34,0,0
BRDA:209,34,1,0
BRDA:210,35,0,0
BRDA:210,35,1,0
BRDA:210,36,0,0
BRDA:210,36,1,0
BRDA:221,37,0,0
BRDA:221,37,1,0
BRDA:229,38,0,0
BRDA:229,38,1,0
BRF:79
BRH:0
end_of_record
TN:
SF:services\report-service.js
FN:8,getGeneratedDate
FN:16,getMemberDisplayName
FN:21,getSortName
FN:27,getFreshData
FN:43,(anonymous_4)
FN:44,(anonymous_5)
FN:48,(anonymous_6)
FN:49,(anonymous_7)
FN:51,(anonymous_8)
FN:52,(anonymous_9)
FN:72,getGroupedByMember
FN:76,(anonymous_11)
FN:83,(anonymous_12)
FN:90,(anonymous_13)
FN:91,(anonymous_14)
FN:100,getGroupedBySkill
FN:104,(anonymous_16)
FN:111,(anonymous_17)
FN:112,(anonymous_18)
FN:113,(anonymous_19)
FN:127,getPlannedSessions
FN:132,(anonymous_21)
FN:134,(anonymous_22)
FN:138,(anonymous_23)
FN:139,(anonymous_24)
FN:144,(anonymous_25)
FN:153,(anonymous_26)
FN:158,getCriticalOverdue
FN:162,(anonymous_28)
FN:165,(anonymous_29)
FN:171,(anonymous_30)
FN:176,getComplianceMatrix
FN:189,(anonymous_32)
FN:189,(anonymous_33)
FN:196,(anonymous_34)
FN:196,(anonymous_35)
FN:198,(anonymous_36)
FN:199,(anonymous_37)
FN:200,(anonymous_38)
FN:201,(anonymous_39)
FN:216,(anonymous_40)
FN:222,getVerificationHistory
FN:240,getTrainingAttendance
FN:244,getSurveyParticipation
FN:263,getSurveyResponseLog
FNF:45
FNH:0
FNDA:0,getGeneratedDate
FNDA:0,getMemberDisplayName
FNDA:0,getSortName
FNDA:0,getFreshData
FNDA:0,(anonymous_4)
FNDA:0,(anonymous_5)
FNDA:0,(anonymous_6)
FNDA:0,(anonymous_7)
FNDA:0,(anonymous_8)
FNDA:0,(anonymous_9)
FNDA:0,getGroupedByMember
FNDA:0,(anonymous_11)
FNDA:0,(anonymous_12)
FNDA:0,(anonymous_13)
FNDA:0,(anonymous_14)
FNDA:0,getGroupedBySkill
FNDA:0,(anonymous_16)
FNDA:0,(anonymous_17)
FNDA:0,(anonymous_18)
FNDA:0,(anonymous_19)
FNDA:0,getPlannedSessions
FNDA:0,(anonymous_21)
FNDA:0,(anonymous_22)
FNDA:0,(anonymous_23)
FNDA:0,(anonymous_24)
FNDA:0,(anonymous_25)
FNDA:0,(anonymous_26)
FNDA:0,getCriticalOverdue
FNDA:0,(anonymous_28)
FNDA:0,(anonymous_29)
FNDA:0,(anonymous_30)
FNDA:0,getComplianceMatrix
FNDA:0,(anonymous_32)
FNDA:0,(anonymous_33)
FNDA:0,(anonymous_34)
FNDA:0,(anonymous_35)
FNDA:0,(anonymous_36)
FNDA:0,(anonymous_37)
FNDA:0,(anonymous_38)
FNDA:0,(anonymous_39)
FNDA:0,(anonymous_40)
FNDA:0,getVerificationHistory
FNDA:0,getTrainingAttendance
FNDA:0,getSurveyParticipation
FNDA:0,getSurveyResponseLog
DA:2,1
DA:3,1
DA:4,1
DA:5,1
DA:6,1
DA:9,0
DA:17,0
DA:22,0
DA:23,0
DA:24,0
DA:28,0
DA:29,0
DA:32,0
DA:33,0
DA:34,0
DA:36,0
DA:37,0
DA:38,0
DA:42,0
DA:43,0
DA:44,0
DA:46,0
DA:48,0
DA:49,0
DA:51,0
DA:52,0
DA:53,0
DA:55,0
DA:57,0
DA:58,0
DA:69,0
DA:73,0
DA:75,0
DA:76,0
DA:77,0
DA:78,0
DA:80,0
DA:83,0
DA:84,0
DA:85,0
DA:86,0
DA:87,0
DA:90,0
DA:91,0
DA:94,0
DA:101,0
DA:103,0
DA:104,0
DA:105,0
DA:106,0
DA:108,0
DA:111,0
DA:112,0
DA:113,0
DA:114,0
DA:115,0
DA:116,0
[...]
FNDA:0,(anonymous_6)
FNDA:0,(anonymous_7)
FNDA:0,(anonymous_8)
FNDA:0,(anonymous_9)
FNDA:0,(anonymous_10)
FNDA:0,(anonymous_11)
DA:1,1
DA:2,1
DA:3,1
DA:4,1
DA:5,1
DA:6,1
DA:9,0
DA:10,0
DA:13,0
DA:15,0
DA:16,0
DA:17,0
DA:19,0
DA:20,0
DA:21,0
DA:22,0
DA:23,0
DA:24,0
DA:25,0
DA:27,0
DA:31,0
DA:32,0
DA:36,0
DA:38,0
DA:39,0
DA:40,0
DA:41,0
DA:44,0
DA:46,0
DA:51,0
DA:52,0
DA:53,0
DA:54,0
DA:55,0
DA:56,0
DA:58,0
DA:59,0
DA:64,0
DA:65,0
DA:66,0
DA:71,0
DA:73,0
DA:78,0
DA:79,0
DA:80,0
DA:81,0
DA:82,0
DA:83,0
DA:84,0
DA:85,0
DA:86,0
DA:88,0
DA:89,0
DA:92,0
DA:94,0
DA:95,0
DA:96,0
DA:98,0
DA:99,0
DA:100,0
DA:101,0
DA:102,0
DA:104,0
DA:105,0
DA:107,0
DA:108,0
DA:109,0
DA:110,0
DA:111,0
DA:115,0
DA:116,0
DA:117,0
DA:120,0
DA:121,0
DA:122,0
DA:124,0
DA:125,0
DA:126,0
DA:130,1
LF:79
LH:7
BRDA:23,0,0,0
BRDA:23,0,1,0
BRDA:24,1,0,0
BRDA:24,1,1,0
BRDA:46,2,0,0
BRDA:46,2,1,0
BRDA:85,3,0,0
BRDA:85,3,1,0
BRDA:88,4,0,0
BRDA:88,4,1,0
BRDA:100,5,0,0
BRDA:100,5,1,0
BRDA:101,6,0,0
BRDA:101,6,1,0
BRDA:102,7,0,0
BRDA:102,7,1,0
BRDA:110,8,0,0
BRDA:110,8,1,0
BRDA:115,9,0,0
BRDA:115,9,1,0
BRF:20
BRH:0
end_of_record
TN:
SF:services\db\connection.js
FN:11,initDB
FN:36,closeDB
FN:44,getDbPath
FNF:3
FNH:1
FNDA:0,initDB
FNDA:0,closeDB
FNDA:1,getDbPath
DA:1,2
DA:2,2
DA:3,2
DA:4,2
DA:5,2
DA:6,2
DA:7,2
DA:12,0
DA:13,0
DA:14,0
DA:15,0
DA:19,0
DA:20,0
DA:21,0
DA:22,0
DA:25,0
DA:27,0
DA:28,0
DA:33,0
DA:37,0
DA:38,0
DA:39,0
DA:40,0
DA:45,1
DA:46,1
DA:47,1
DA:50,2
LF:27
LH:11
BRDA:12,0,0,0
BRDA:12,0,1,0
BRDA:21,1,0,0
BRDA:21,1,1,0
BRDA:21,2,0,0
BRDA:21,2,1,0
BRDA:37,3,0,0
BRDA:37,3,1,0
BRDA:45,4,0,0
BRDA:45,4,1,1
BRDA:46,5,0,0
BRDA:46,5,1,1
BRF:12
BRH:2
end_of_record
TN:
SF:services\db\events.js
FN:4,logEvent
FN:20,getEventLogs
FN:32,(anonymous_2)
FN:51,(anonymous_3)
FN:58,getEventLogMetadata
FN:62,(anonymous_5)
FN:62,(anonymous_6)
FN:65,getEventLogsExport
FN:74,(anonymous_8)
FN:84,(anonymous_9)
FN:90,purgeEventLog
FN:95,pruneEventLog
FNF:12
FNH:0
FNDA:0,logEvent
FNDA:0,getEventLogs
FNDA:0,(anonymous_2)
FNDA:0,(anonymous_3)
FNDA:0,getEventLogMetadata
FNDA:0,(anonymous_5)
FNDA:0,(anonymous_6)
FNDA:0,getEventLogsExport
FNDA:0,(anonymous_8)
FNDA:0,(anonymous_9)
FNDA:0,purgeEventLog
FNDA:0,pruneEventLog
DA:1,1
DA:2,1
DA:5,0
DA:6,0
DA:7,0
DA:16,0
DA:21,0
DA:22,0
DA:23,0
DA:25,0
DA:26,0
DA:27,0
DA:29,0
DA:30,0
DA:31,0
DA:32,0
DA:33,0
DA:34,0
DA:37,0
DA:38,0
DA:40,0
DA:41,0
DA:43,0
DA:44,0
DA:45,0
DA:47,0
DA:48,0
DA:49,0
DA:50,0
DA:51,0
DA:52,0
DA:53,0
DA:55,0
DA:59,0
DA:60,0
DA:61,0
DA:62,0
DA:66,0
DA:67,0
DA:68,0
DA:70,0
DA:71,0
DA:72,0
DA:73,0
DA:74,0
DA:75,0
DA:76,0
DA:79,0
DA:80,0
DA:81,0
DA:83,0
DA:84,0
DA:85,0
DA:86,0
DA:91,0
DA:92,0
DA:96,0
DA:97,0
DA:98,0
DA:99,0
DA:102,1
LF:61
LH:3
BRDA:9,0,0,0
BRDA:9,0,1,0
BRDA:20,1,0,0
BRDA:25,2,0,0
BRDA:25,2,1,0
BRDA:29,3,0,0
BRDA:29,3,1,0
BRDA:29,4,0,0
BRDA:29,4,1,0
BRDA:30,5,0,0
BRDA:30,5,1,0
BRDA:31,6,0,0
BRDA:31,6,1,0
BRDA:31,7,0,0
BRDA:31,7,1,0
BRDA:37,8,0,0
BRDA:37,8,1,0
BRDA:38,9,0,0
BRDA:38,9,1,0
BRDA:43,10,0,0
BRDA:43,10,1,0
BRDA:43,11,0,0
BRDA:43,11,1,0
BRDA:44,12,0,0
BRDA:44,12,1,0
BRDA:44,13,0,0
BRDA:44,13,1,0
BRDA:48,14,0,0
BRDA:48,14,1,0
BRDA:49,15,0,0
BRDA:49,15,1,0
BRDA:65,16,0,0
BRDA:70,17,0,0
BRDA:70,17,1,0
BRDA:71,18,0,0
BRDA:71,18,1,0
BRDA:71,19,0,0
BRDA:71,19,1,0
BRDA:72,20,0,0
BRDA:72,20,1,0
BRDA:73,21,0,0
BRDA:73,21,1,0
BRDA:73,22,0,0
BRDA:73,22,1,0
BRDA:79,23,0,0
BRDA:79,23,1,0
BRDA:80,24,0,0
BRDA:80,24,1,0
BRF:48
BRH:0
end_of_record
TN:
SF:services\db\knowledgebase.js
FN:6,getKbCategories
FN:11,createKbCategory
FN:20,updateKbCategory
FN:28,getKbCategoryById
FN:33,deleteKbCategory
FN:45,getKbDocuments
FN:65,getKbDocumentById
FN:76,getKbDocumentBySlug
FN:87,createKbDocument
FN:108,updateKbDocument
FN:122,updateKbDocumentFile
FN:135,rotateKbDocumentSlug
FN:145,toggleKbDocument
FN:153,deleteKbDocument
FN:158,rotateAllKbSlugs
FNF:15
FNH:0
FNDA:0,getKbCategories
FNDA:0,createKbCategory
FNDA:0,updateKbCategory
FNDA:0,getKbCategoryById
FNDA:0,deleteKbCategory
FNDA:0,getKbDocuments
FNDA:0,getKbDocumentById
FNDA:0,getKbDocumentBySlug
FNDA:0,createKbDocument
FNDA:0,updateKbDocument
FNDA:0,updateKbDocumentFile
FNDA:0,rotateKbDocumentSlug
FNDA:0,toggleKbDocument
FNDA:0,deleteKbDocument
FNDA:0,rotateAllKbSlugs
DA:1,1
DA:2,1
DA:7,0
DA:8,0
DA:12,0
DA:13,0
DA:17,0
DA:21,0
DA:22,0
DA:29,0
DA:30,0
DA:34,0
DA:36,0
DA:37,0
DA:38,0
DA:40,0
DA:46,0
DA:47,0
DA:48,0
DA:57,0
DA:66,0
DA:67,0
DA:77,0
DA:78,0
DA:88,0
DA:89,0
DA:105,0
DA:109,0
DA:110,0
DA:123,0
DA:124,0
DA:136,0
DA:137,0
DA:138,0
DA:142,0
DA:146,0
DA:147,0
DA:154,0
DA:155,0
DA:159,0
DA:160,0
DA:161,0
DA:162,0
DA:163,0
DA:164,0
DA:165,0
DA:170,0
DA:171,0
DA:173,0
DA:174,0
DA:178,1
LF:51
LH:3
BRDA:15,0,0,0
BRDA:15,0,1,0
BRDA:15,1,0,0
BRDA:15,1,1,0
BRDA:24,2,0,0
BRDA:24,2,1,0
BRDA:24,3,0,0
BRDA:24,3,1,0
BRDA:37,4,0,0
BRDA:37,4,1,0
BRDA:47,5,0,0
BRDA:47,5,1,0
BRDA:47,6,0,0
BRDA:47,6,1,0
BRDA:95,7,0,0
BRDA:95,7,1,0
BRDA:96,8,0,0
BRDA:96,8,1,0
BRDA:98,9,0,0
BRDA:98,9,1,0
BRDA:99,10,0,0
BRDA:99,10,1,0
BRDA:102,11,0,0
BRDA:102,11,1,0
BRDA:103,12,0,0
BRDA:103,12,1,0
BRDA:115,13,0,0
BRDA:115,13,1,0
BRDA:116,14,0,0
BRDA:116,14,1,0
BRDA:117,15,0,0
BRDA:117,15,1,0
BRF:32
BRH:0
end_of_record
TN:
SF:services\db\members.js
FN:3,getMembers
FN:6,(anonymous_1)
FN:9,addMember
FN:28,bulkAddMembers
FN:50,updateMember
FN:73,getMemberById
FN:78,deleteMember
FN:83,bulkDeleteMembers
FN:102,getMembersPage
FN:115,(anonymous_9)
FN:122,updateMemberEtlFields
FN:131,bulkAddMembersWithEtl
FNF:12
FNH:0
FNDA:0,getMembers
FNDA:0,(anonymous_1)
FNDA:0,addMember
FNDA:0,bulkAddMembers
FNDA:0,updateMember
FNDA:0,getMemberById
FNDA:0,deleteMember
FNDA:0,bulkDeleteMembers
FNDA:0,getMembersPage
FNDA:0,(anonymous_9)
FNDA:0,updateMemberEtlFields
FNDA:0,bulkAddMembersWithEtl
DA:1,1
DA:4,0
DA:5,0
DA:6,0
DA:10,0
DA:11,0
DA:29,0
DA:30,0
DA:31,0
DA:32,0
DA:35,0
DA:36,0
DA:42,0
DA:43,0
DA:45,0
DA:46,0
DA:51,0
DA:55,0
DA:56,0
DA:57,0
DA:58,0
DA:59,0
DA:60,0
DA:61,0
DA:63,0
DA:74,0
DA:75,0
DA:79,0
DA:80,0
DA:84,0
DA:85,0
DA:86,0
DA:87,0
DA:88,0
DA:89,0
DA:90,0
DA:92,0
DA:93,0
DA:95,0
DA:96,0
DA:100,1
DA:103,0
DA:104,0
DA:105,0
DA:106,0
DA:107,0
DA:109,0
DA:110,0
DA:114,0
DA:115,0
DA:123,0
DA:124,0
DA:132,0
DA:133,0
DA:134,0
DA:135,0
DA:141,0
DA:142,0
DA:147,0
DA:148,0
DA:150,0
DA:151,0
DA:155,1
LF:63
LH:3
BRDA:17,0,0,0
BRDA:17,0,1,0
BRDA:17,1,0,0
BRDA:17,1,1,0
BRDA:17,2,0,0
BRDA:17,2,1,0
BRDA:18,3,0,0
BRDA:18,3,1,0
BRDA:19,4,0,0
BRDA:19,4,1,0
BRDA:20,5,0,0
BRDA:20,5,1,0
BRDA:21,6,0,0
BRDA:21,6,1,0
BRDA:22,7,0,0
BRDA:22,7,1,0
BRDA:23,8,0,0
BRDA:23,8,1,0
BRDA:38,9,0,0
BRDA:38,9,1,0
BRDA:39,10,0,0
BRDA:39,10,1,0
BRDA:57,11,0,0
BRDA:57,11,1,0
BRDA:57,12,0,0
BRDA:57,12,1,0
BRDA:58,13,0,0
BRDA:58,13,1,0
BRDA:58,14,0,0
BRDA:58,14,1,0
BRDA:59,15,0,0
BRDA:59,15,1,0
BRDA:59,16,0,0
BRDA:59,16,1,0
BRDA:60,17,0,0
BRDA:60,17,1,0
BRDA:60,18,0,0
BRDA:60,18,1,0
BRDA:61,19,0,0
BRDA:61,19,1,0
BRDA:66,20,0,0
BRDA:66,20,1,0
BRDA:67,21,0,0
BRDA:67,21,1,0
BRDA:85,22,0,0
BRDA:85,22,1,0
BRDA:85,23,0,0
BRDA:85,23,1,0
BRDA:102,24,0,0
BRDA:102,25,0,0
BRDA:102,26,0,0
BRDA:104,27,0,0
BRDA:104,27,1,0
BRDA:105,28,0,0
BRDA:105,28,1,0
BRDA:106,29,0,0
BRDA:106,29,1,0
BRDA:107,30,0,0
BRDA:107,30,1,0
BRDA:126,31,0,0
BRDA:126,31,1,0
BRDA:126,32,0,0
BRDA:126,32,1,0
BRDA:126,33,0,0
BRDA:126,33,1,0
BRDA:126,34,0,0
BRDA:126,34,1,0
BRDA:144,35,0,0
BRDA:144,35,1,0
BRDA:144,36,0,0
BRDA:144,36,1,0
BRDA:144,37,0,0
BRDA:144,37,1,0
BRDA:144,38,0,0
BRDA:144,38,1,0
BRF:75
BRH:0
end_of_record
TN:
SF:services\db\preferences.js
FN:3,getPreferences
FN:7,(anonymous_1)
FN:14,savePreference
FN:22,getAllUserPreferences
FN:26,(anonymous_4)
FN:33,getUserPreference
FN:43,saveUserPreference
FNF:7
FNH:0
FNDA:0,getPreferences
FNDA:0,(anonymous_1)
FNDA:0,savePreference
FNDA:0,getAllUserPreferences
FNDA:0,(anonymous_4)
FNDA:0,getUserPreference
FNDA:0,saveUserPreference
DA:1,1
DA:4,0
DA:5,0
DA:6,0
DA:7,0
DA:8,0
DA:9,0
DA:11,0
DA:15,0
DA:16,0
DA:23,0
DA:24,0
DA:25,0
DA:26,0
DA:27,0
DA:28,0
DA:30,0
DA:34,0
DA:35,0
DA:39,0
DA:40,0
DA:44,0
DA:45,0
DA:51,1
LF:24
LH:2
BRDA:39,0,0,0
BRDA:39,0,1,0
BRDA:40,1,0,0
BRDA:40,1,1,0
BRF:4
BRH:0
end_of_record
TN:
SF:services\db\remote-backup-servers.js
FN:3,listRemoteBackupServers
FN:8,getRemoteBackupServer
FN:13,countRemoteBackupServers
FN:19,createRemoteBackupServer
FN:29,updateRemoteBackupServer
FN:48,updateRemoteBackupSchedule
FN:71,updateRemoteBackupRunTimes
FN:79,updateRemoteBackupNextRun
FN:84,deleteRemoteBackupServer
FN:90,logRemoteBackupRun
FN:109,getRemoteBackupHistory
FN:117,clearRemoteBackupHistory
FNF:12
FNH:0
FNDA:0,listRemoteBackupServers
FNDA:0,getRemoteBackupServer
FNDA:0,countRemoteBackupServers
FNDA:0,createRemoteBackupServer
FNDA:0,updateRemoteBackupServer
FNDA:0,updateRemoteBackupSchedule
FNDA:0,updateRemoteBackupRunTimes
FNDA:0,updateRemoteBackupNextRun
FNDA:0,deleteRemoteBackupServer
FNDA:0,logRemoteBackupRun
FNDA:0,getRemoteBackupHistory
FNDA:0,clearRemoteBackupHistory
DA:1,1
DA:4,0
DA:5,0
DA:9,0
DA:10,0
DA:14,0
DA:15,0
DA:16,0
DA:20,0
DA:21,0
DA:26,0
DA:30,0
DA:31,0
DA:32,0
DA:39,0
DA:49,0
DA:50,0
DA:72,0
DA:73,0
DA:80,0
DA:81,0
DA:85,0
DA:86,0
DA:87,0
DA:91,0
DA:92,0
DA:110,0
DA:111,0
DA:118,0
DA:119,0
DA:122,1
LF:31
LH:2
BRDA:16,0,0,0
BRDA:16,0,1,0
BRDA:24,1,0,0
BRDA:24,1,1,0
BRDA:24,2,0,0
BRDA:24,2,1,0
BRDA:31,3,0,0
BRDA:31,3,1,0
BRDA:36,4,0,0
BRDA:36,4,1,0
BRDA:43,5,0,0
BRDA:43,5,1,0
BRDA:57,6,0,0
BRDA:57,6,1,0
BRDA:58,7,0,0
BRDA:58,7,1,0
BRDA:59,8,0,0
BRDA:59,8,1,0
BRDA:60,9,0,0
BRDA:60,9,1,0
BRDA:61,10,0,0
BRDA:61,10,1,0
BRDA:62,11,0,0
BRDA:62,11,1,0
BRDA:63,12,0,0
BRDA:63,12,1,0
BRDA:64,13,0,0
BRDA:64,13,1,0
BRDA:65,14,0,0
BRDA:65,14,1,0
BRDA:99,15,0,0
BRDA:99,15,1,0
BRDA:102,16,0,0
BRDA:102,16,1,0
BRDA:103,17,0,0
BRDA:103,17,1,0
BRDA:104,18,0,0
BRDA:104,18,1,0
BRDA:109,19,0,0
BRF:39
BRH:0
end_of_record
TN:
SF:services\db\scheduled-backup.js
FN:3,getScheduledBackupConfig
FN:8,saveScheduledBackupConfig
FN:37,updateScheduledBackupRunTimes
FN:45,updateScheduledBackupNextRun
FN:53,logScheduledBackupRun
FN:71,getScheduledBackupHistory
FN:79,clearScheduledBackupHistory
FNF:7
FNH:0
FNDA:0,getScheduledBackupConfig
FNDA:0,saveScheduledBackupConfig
FNDA:0,updateScheduledBackupRunTimes
FNDA:0,updateScheduledBackupNextRun
FNDA:0,logScheduledBackupRun
FNDA:0,getScheduledBackupHistory
FNDA:0,clearScheduledBackupHistory
DA:1,1
DA:4,0
DA:5,0
DA:9,0
DA:10,0
DA:38,0
DA:39,0
DA:46,0
DA:47,0
DA:54,0
DA:55,0
DA:72,0
DA:73,0
DA:80,0
DA:81,0
DA:84,1
LF:16
LH:2
BRDA:24,0,0,0
BRDA:24,0,1,0
BRDA:25,1,0,0
BRDA:25,1,1,0
BRDA:26,2,0,0
BRDA:26,2,1,0
BRDA:27,3,0,0
BRDA:27,3,1,0
BRDA:28,4,0,0
BRDA:28,4,1,0
BRDA:29,5,0,0
BRDA:29,5,1,0
BRDA:30,6,0,0
BRDA:30,6,1,0
BRDA:31,7,0,0
BRDA:31,7,1,0
BRDA:32,8,0,0
BRDA:32,8,1,0
BRDA:63,9,0,0
BRDA:63,9,1,0
BRDA:64,10,0,0
BRDA:64,10,1,0
BRDA:65,11,0,0
BRDA:65,11,1,0
BRDA:66,12,0,0
BRDA:66,12,1,0
BRDA:71,13,0,0
BRF:27
BRH:0
end_of_record
TN:
SF:services\db\skills.js
FN:3,getSkills
FN:6,(anonymous_1)
FN:14,addSkill
FN:30,bulkAddSkills
FN:53,updateSkill
FN:73,getSkillById
FN:78,deleteSkill
FN:83,bulkDeleteSkills
FN:102,getSkillsPage
FN:115,(anonymous_9)
FN:127,updateSkillEtlFields
FN:136,bulkAddSkillsWithEtl
FNF:12
FNH:0
FNDA:0,getSkills
FNDA:0,(anonymous_1)
FNDA:0,addSkill
FNDA:0,bulkAddSkills
FNDA:0,updateSkill
FNDA:0,getSkillById
FNDA:0,deleteSkill
FNDA:0,bulkDeleteSkills
FNDA:0,getSkillsPage
FNDA:0,(anonymous_9)
FNDA:0,updateSkillEtlFields
FNDA:0,bulkAddSkillsWithEtl
DA:1,1
DA:4,0
DA:5,0
DA:6,0
DA:15,0
DA:16,0
DA:31,0
DA:32,0
DA:33,0
DA:34,0
DA:37,0
DA:38,0
DA:45,0
DA:46,0
DA:48,0
DA:49,0
DA:54,0
DA:56,0
DA:57,0
DA:58,0
DA:59,0
DA:60,0
DA:62,0
DA:74,0
DA:75,0
DA:79,0
DA:80,0
DA:84,0
DA:85,0
DA:86,0
DA:87,0
DA:88,0
DA:89,0
DA:90,0
DA:92,0
DA:93,0
DA:95,0
DA:96,0
DA:100,1
DA:103,0
DA:104,0
DA:105,0
DA:106,0
DA:107,0
DA:109,0
DA:110,0
DA:114,0
DA:115,0
DA:128,0
DA:129,0
DA:137,0
DA:138,0
DA:139,0
DA:140,0
DA:145,0
DA:146,0
DA:151,0
DA:152,0
DA:154,0
DA:155,0
DA:159,1
LF:61
LH:3
BRDA:10,0,0,0
BRDA:10,0,1,0
BRDA:20,1,0,0
BRDA:20,1,1,0
BRDA:21,2,0,0
BRDA:21,2,1,0
BRDA:22,3,0,0
BRDA:22,3,1,0
BRDA:23,4,0,0
BRDA:23,4,1,0
BRDA:24,5,0,0
BRDA:24,5,1,0
BRDA:25,6,0,0
BRDA:25,6,1,0
BRDA:40,7,0,0
BRDA:40,7,1,0
BRDA:41,8,0,0
BRDA:41,8,1,0
BRDA:42,9,0,0
BRDA:42,9,1,0
BRDA:58,10,0,0
BRDA:58,10,1,0
BRDA:58,11,0,0
BRDA:58,11,1,0
BRDA:59,12,0,0
BRDA:59,12,1,0
BRDA:59,13,0,0
BRDA:59,13,1,0
BRDA:60,14,0,0
BRDA:60,14,1,0
BRDA:64,15,0,0
BRDA:64,15,1,0
BRDA:65,16,0,0
BRDA:65,16,1,0
BRDA:66,17,0,0
BRDA:66,17,1,0
BRDA:67,18,0,0
BRDA:67,18,1,0
BRDA:85,19,0,0
BRDA:85,19,1,0
BRDA:85,20,0,0
BRDA:85,20,1,0
BRDA:102,21,0,0
BRDA:102,22,0,0
BRDA:102,23,0,0
BRDA:104,24,0,0
BRDA:104,24,1,0
BRDA:105,25,0,0
BRDA:105,25,1,0
BRDA:106,26,0,0
BRDA:106,26,1,0
BRDA:107,27,0,0
BRDA:107,27,1,0
BRDA:119,28,0,0
BRDA:119,28,1,0
BRDA:131,29,0,0
BRDA:131,29,1,0
BRDA:131,30,0,0
BRDA:131,30,1,0
BRDA:147,31,0,0
BRDA:147,31,1,0
BRDA:148,32,0,0
BRDA:148,32,1,0
BRDA:148,33,0,0
BRDA:148,33,1,0
BRF:65
BRH:0
end_of_record
TN:
SF:services\db\surveys.js
FN:4,createSurvey
FN:15,updateSurvey
FN:24,getAllSurveys
FN:31,deleteSurvey
FN:36,getSurveyById
FN:44,getSurveyByPublicId
FN:52,publishSurvey
FN:85,submitSurveyResponse
FN:114,getSurveyInstanceResults
FN:132,getLiveSurveyInstances
FN:146,updateSurveyArchiveStatus
FN:152,deleteSurveyInstance
FN:167,getSurveyTracking
FN:182,getLiveSurveyInstanceById
FN:187,getTrackingRecordByAccessCode
FN:195,getTrackingRecordWithMember
FN:208,importAllSurveys
FN:229,getSurveyResponses
FN:243,getSurveyResponseById
FNF:19
FNH:0
FNDA:0,createSurvey
FNDA:0,updateSurvey
FNDA:0,getAllSurveys
FNDA:0,deleteSurvey
FNDA:0,getSurveyById
FNDA:0,getSurveyByPublicId
FNDA:0,publishSurvey
FNDA:0,submitSurveyResponse
FNDA:0,getSurveyInstanceResults
FNDA:0,getLiveSurveyInstances
FNDA:0,updateSurveyArchiveStatus
FNDA:0,deleteSurveyInstance
FNDA:0,getSurveyTracking
FNDA:0,getLiveSurveyInstanceById
FNDA:0,getTrackingRecordByAccessCode
FNDA:0,getTrackingRecordWithMember
FNDA:0,importAllSurveys
FNDA:0,getSurveyResponses
FNDA:0,getSurveyResponseById
DA:1,1
DA:2,1
DA:5,0
DA:6,0
DA:7,0
DA:12,0
DA:16,0
DA:17,0
DA:21,0
DA:25,0
DA:26,0
DA:32,0
DA:33,0
DA:37,0
DA:38,0
DA:45,0
DA:46,0
DA:53,0
DA:54,0
DA:55,0
DA:56,0
DA:57,0
DA:59,0
DA:60,0
DA:65,0
DA:67,0
DA:68,0
DA:71,0
DA:72,0
DA:73,0
DA:74,0
DA:76,0
DA:77,0
DA:78,0
DA:80,0
DA:81,0
DA:86,0
DA:87,0
DA:88,0
DA:89,0
DA:93,0
DA:94,0
DA:96,0
DA:97,0
DA:99,0
DA:103,0
DA:107,0
DA:109,0
DA:110,0
DA:115,0
DA:116,0
DA:117,0
DA:119,0
DA:125,0
DA:129,0
DA:133,0
DA:134,0
DA:147,0
DA:148,0
DA:149,0
DA:153,0
DA:154,0
DA:155,0
DA:156,0
DA:157,0
DA:158,0
DA:159,0
DA:160,0
DA:162,0
DA:163,0
DA:168,0
DA:169,0
DA:183,0
DA:184,0
DA:188,0
DA:189,0
DA:196,0
DA:197,0
DA:209,0
DA:210,0
DA:211,0
DA:212,0
DA:215,0
DA:216,0
DA:217,0
DA:218,0
DA:219,0
DA:221,0
DA:222,0
DA:224,0
DA:225,0
DA:230,0
DA:231,0
DA:244,0
DA:245,0
DA:259,1
LF:96
LH:3
BRDA:4,0,0,0
BRDA:10,1,0,0
BRDA:10,1,1,0
BRDA:15,2,0,0
BRDA:19,3,0,0
BRDA:19,3,1,0
BRDA:57,4,0,0
BRDA:57,4,1,0
BRDA:93,5,0,0
BRDA:93,5,1,0
BRDA:94,6,0,0
BRDA:94,6,1,0
BRDA:97,7,0,0
BRDA:97,7,1,0
BRDA:117,8,0,0
BRDA:117,8,1,0
BRDA:148,9,0,0
BRDA:148,9,1,0
BRDA:216,10,0,0
BRDA:216,10,1,0
BRDA:218,11,0,0
BRDA:218,11,1,0
BRDA:219,12,0,0
BRDA:219,12,1,0
BRDA:219,12,2,0
BRDA:219,13,0,0
BRDA:219,13,1,0
BRF:27
BRH:0
end_of_record
TN:
SF:services\db\training.js
FN:4,getTrainingSessions
FN:12,addTrainingSession
FN:17,getTrainingSessionById
FN:22,deleteTrainingSession
FN:27,logEmailAction
FN:35,getAllFutureTrainingSessions
FNF:6
FNH:0
FNDA:0,getTrainingSessions
FNDA:0,addTrainingSession
FNDA:0,getTrainingSessionById
FNDA:0,deleteTrainingSession
FNDA:0,logEmailAction
FNDA:0,getAllFutureTrainingSessions
DA:1,1
DA:2,1
DA:5,0
DA:6,0
DA:13,0
DA:14,0
DA:18,0
DA:19,0
DA:23,0
DA:24,0
DA:28,0
DA:29,0
DA:36,0
DA:37,0
DA:38,0
DA:39,0
DA:40,0
DA:41,0
DA:42,0
DA:48,1
LF:20
LH:3
BRDA:27,0,0,0
BRF:1
BRH:0
end_of_record
TN:
SF:services\db\users.js
FN:4,hashPassword
FN:10,verifyPassword
FN:15,authenticateUser
FN:25,resetLoginAttempts
FN:30,incrementLoginAttempts
FN:36,blockUser
FN:41,getUsers
FN:48,getUserById
FN:56,getUserByEmail
FN:64,addUser
FN:79,updateUser
FN:94,updateUserProfile
FN:104,adminResetPassword
FN:110,deleteUser
FN:115,setMfaSecret
FN:120,setMfaStatus
FN:125,getMfaData
FNF:17
FNH:0
FNDA:0,hashPassword
FNDA:0,verifyPassword
FNDA:0,authenticateUser
FNDA:0,resetLoginAttempts
FNDA:0,incrementLoginAttempts
FNDA:0,blockUser
FNDA:0,getUsers
FNDA:0,getUserById
FNDA:0,getUserByEmail
FNDA:0,addUser
FNDA:0,updateUser
FNDA:0,updateUserProfile
FNDA:0,adminResetPassword
FNDA:0,deleteUser
FNDA:0,setMfaSecret
FNDA:0,setMfaStatus
FNDA:0,getMfaData
DA:1,1
DA:2,1
DA:5,0
DA:6,0
DA:7,0
DA:11,0
DA:12,0
DA:16,0
DA:17,0
DA:18,0
DA:19,0
DA:20,0
DA:22,0
DA:26,0
DA:27,0
DA:31,0
DA:32,0
DA:33,0
DA:37,0
DA:38,0
DA:42,0
DA:43,0
DA:49,0
DA:50,0
DA:57,0
DA:58,0
DA:65,0
DA:66,0
DA:67,0
DA:68,0
DA:72,0
DA:74,0
DA:75,0
DA:80,0
DA:81,0
DA:82,0
DA:86,0
DA:87,0
DA:89,0
DA:90,0
DA:95,0
DA:96,0
DA:97,0
DA:98,0
DA:100,0
DA:105,0
DA:106,0
DA:107,0
DA:111,0
DA:112,0
DA:116,0
DA:117,0
DA:121,0
DA:122,0
DA:126,0
DA:127,0
DA:130,1
LF:57
LH:3
BRDA:18,0,0,0
BRDA:18,0,1,0
BRDA:19,1,0,0
BRDA:19,1,1,0
BRDA:20,2,0,0
BRDA:20,2,1,0
BRDA:64,3,0,0
BRDA:74,4,0,0
BRDA:74,4,1,0
BRDA:84,5,0,0
BRDA:84,5,1,0
BRDA:84,6,0,0
BRDA:84,6,1,0
BRDA:86,7,0,0
BRDA:86,7,1,0
BRDA:89,8,0,0
BRDA:89,8,1,0
BRDA:94,9,0,0
BRDA:96,10,0,0
BRDA:96,10,1,0
BRDA:122,11,0,0
BRDA:122,11,1,0
BRF:22
BRH:0
end_of_record
TN:
SF:services\plugins\html-scraper.plugin.js
FN:24,formatDateToISO
FN:54,categoriseSkill
FN:74,(anonymous_2)
FN:95,(anonymous_3)
FN:97,(anonymous_4)
FN:155,(anonymous_5)
FN:157,(anonymous_6)
FN:188,(anonymous_7)
FNF:8
FNH:6
FNDA:0,formatDateToISO
FNDA:17,categoriseSkill
FNDA:4,(anonymous_2)
FNDA:19,(anonymous_3)
FNDA:19,(anonymous_4)
FNDA:17,(anonymous_5)
FNDA:51,(anonymous_6)
FNDA:0,(anonymous_7)
DA:14,3
DA:15,3
DA:16,3
DA:17,3
DA:18,3
DA:19,3
DA:20,3
DA:22,3
DA:25,0
DA:26,0
DA:27,0
DA:28,0
DA:34,3
DA:55,17
DA:56,17
DA:57,132
DA:60,2
DA:61,2
DA:62,1
DA:65,3
DA:75,4
DA:76,4
DA:77,1
DA:78,1
DA:80,4
DA:81,0
DA:83,4
DA:96,19
DA:97,19
DA:98,19
DA:100,19
DA:102,19
DA:103,0
DA:104,0
DA:106,19
DA:107,0
DA:108,0
DA:109,0
DA:111,0
DA:112,0
DA:113,0
DA:114,0
DA:117,19
DA:118,19
DA:126,19
DA:127,0
DA:128,0
DA:129,0
DA:130,0
DA:132,0
DA:135,19
DA:137,19
DA:138,18
DA:141,18
DA:142,1
DA:143,1
DA:146,17
DA:147,17
DA:149,17
DA:150,1
DA:151,1
DA:154,16
DA:155,16
DA:156,17
DA:157,51
DA:158,17
DA:159,17
DA:160,17
DA:161,17
DA:162,17
DA:179,16
DA:180,0
DA:181,0
DA:182,0
DA:183,0
DA:184,0
DA:185,0
DA:186,0
DA:187,0
DA:188,0
DA:189,0
DA:190,0
DA:191,0
DA:192,0
DA:194,0
DA:196,0
DA:199,0
DA:203,16
DA:204,16
DA:208,3
DA:211,3
LF:91
LH:56
BRDA:55,0,0,0
BRDA:55,0,1,17
BRDA:57,1,0,15
BRDA:57,1,1,117
BRDA:61,2,0,1
BRDA:61,2,1,1
BRDA:76,3,0,1
BRDA:76,3,1,3
BRDA:77,4,0,1
BRDA:77,4,1,0
BRDA:78,5,0,0
BRDA:78,5,1,1
BRDA:80,6,0,0
BRDA:80,6,1,4
BRDA:80,7,0,4
BRDA:80,7,1,4
BRDA:80,7,2,3
BRDA:95,8,0,19
BRDA:96,9,0,19
BRDA:102,10,0,0
BRDA:102,10,1,19
BRDA:106,11,0,0
BRDA:106,11,1,19
BRDA:108,12,0,0
BRDA:108,12,1,0
BRDA:108,13,0,0
BRDA:108,13,1,0
BRDA:126,14,0,0
BRDA:126,14,1,19
BRDA:141,15,0,1
BRDA:141,15,1,17
BRDA:149,16,0,1
BRDA:149,16,1,16
BRDA:158,17,0,17
BRDA:158,17,1,0
BRDA:179,18,0,0
BRDA:179,18,1,16
BRDA:181,19,0,0
BRDA:181,19,1,0
BRDA:183,20,0,0
BRDA:183,20,1,0
BRDA:190,21,0,0
BRDA:190,21,1,0
BRF:43
BRH:24
end_of_record
TN:
SF:services\plugins\name-parser.js
FN:25,parseMemberName
FNF:1
FNH:1
FNDA:24,parseMemberName
DA:17,3
DA:26,24
DA:28,22
DA:30,22
DA:31,22
DA:34,22
DA:35,22
DA:36,21
DA:37,21
DA:41,22
DA:42,22
DA:43,21
DA:51,1
DA:52,1
DA:59,3
LF:15
LH:15
BRDA:26,0,0,2
BRDA:26,0,1,22
BRDA:35,1,0,21
BRDA:35,1,1,1
BRDA:42,2,0,21
BRDA:42,2,1,1
BRDA:54,3,0,1
BRDA:54,3,1,0
BRDA:55,4,0,1
BRDA:55,4,1,1
BRF:10
BRH:9
end_of_record
TN:
SF:tests\test-utils.js
FN:12,createTestApp
FN:22,(anonymous_1)
FN:31,(anonymous_2)
FNF:3
FNH:3
FNDA:13,createTestApp
FNDA:129,(anonymous_1)
FNDA:15,(anonymous_2)
DA:2,11
DA:13,13
DA:14,13
DA:17,13
DA:22,13
DA:23,129
DA:24,129
DA:28,13
DA:31,13
DA:32,15
DA:35,13
DA:38,11
LF:12
LH:12
BRDA:12,0,0,10
BRDA:23,1,0,129
BRDA:23,1,1,124
BRDA:28,2,0,6
BRDA:28,2,1,7
BRF:5
BRH:5
end_of_record
